{"/home/benjamin/Code/ts/cwal2/src/warnHolder.ts": {"path":"/home/benjamin/Code/ts/cwal2/src/warnHolder.ts","all":false,"statementMap":{"0":{"start":{"line":1,"column":0},"end":{"line":1,"column":45}},"1":{"start":{"line":2,"column":0},"end":{"line":2,"column":21}},"2":{"start":{"line":3,"column":0},"end":{"line":3,"column":10}},"3":{"start":{"line":4,"column":0},"end":{"line":4,"column":2}},"4":{"start":{"line":5,"column":0},"end":{"line":5,"column":44}},"5":{"start":{"line":6,"column":0},"end":{"line":6,"column":21}},"6":{"start":{"line":7,"column":0},"end":{"line":7,"column":10}},"7":{"start":{"line":8,"column":0},"end":{"line":8,"column":2}}},"s":{"0":1,"1":55,"2":55,"3":55,"4":1,"5":2212,"6":2212,"7":2212},"branchMap":{"0":{"type":"branch","line":1,"loc":{"start":{"line":1,"column":27},"end":{"line":4,"column":2}},"locations":[{"start":{"line":1,"column":27},"end":{"line":4,"column":2}}]},"1":{"type":"branch","line":5,"loc":{"start":{"line":5,"column":26},"end":{"line":8,"column":2}},"locations":[{"start":{"line":5,"column":26},"end":{"line":8,"column":2}}]}},"b":{"0":[55],"1":[2212]},"fnMap":{"0":{"name":"debugHolder","decl":{"start":{"line":1,"column":27},"end":{"line":4,"column":2}},"loc":{"start":{"line":1,"column":27},"end":{"line":4,"column":2}},"line":1},"1":{"name":"warnHolder","decl":{"start":{"line":5,"column":26},"end":{"line":8,"column":2}},"loc":{"start":{"line":5,"column":26},"end":{"line":8,"column":2}},"line":5}},"f":{"0":55,"1":2212}}
,"/home/benjamin/Code/ts/cwal2/src/interpret/interpretk.ts": {"path":"/home/benjamin/Code/ts/cwal2/src/interpret/interpretk.ts","all":false,"statementMap":{"0":{"start":{"line":1,"column":0},"end":{"line":1,"column":26}},"1":{"start":{"line":2,"column":0},"end":{"line":2,"column":149}},"2":{"start":{"line":3,"column":0},"end":{"line":3,"column":38}},"3":{"start":{"line":4,"column":0},"end":{"line":4,"column":47}},"4":{"start":{"line":5,"column":0},"end":{"line":5,"column":59}},"5":{"start":{"line":6,"column":0},"end":{"line":6,"column":63}},"6":{"start":{"line":7,"column":0},"end":{"line":7,"column":31}},"7":{"start":{"line":8,"column":0},"end":{"line":8,"column":43}},"8":{"start":{"line":9,"column":0},"end":{"line":9,"column":57}},"9":{"start":{"line":10,"column":0},"end":{"line":10,"column":51}},"10":{"start":{"line":11,"column":0},"end":{"line":11,"column":72}},"11":{"start":{"line":12,"column":0},"end":{"line":12,"column":0}},"12":{"start":{"line":13,"column":0},"end":{"line":13,"column":19}},"13":{"start":{"line":14,"column":0},"end":{"line":14,"column":30}},"14":{"start":{"line":15,"column":0},"end":{"line":15,"column":64}},"15":{"start":{"line":16,"column":0},"end":{"line":16,"column":1}},"16":{"start":{"line":17,"column":0},"end":{"line":17,"column":0}},"17":{"start":{"line":18,"column":0},"end":{"line":18,"column":78}},"18":{"start":{"line":19,"column":0},"end":{"line":19,"column":48}},"19":{"start":{"line":20,"column":0},"end":{"line":20,"column":30}},"20":{"start":{"line":21,"column":0},"end":{"line":21,"column":43}},"21":{"start":{"line":22,"column":0},"end":{"line":22,"column":8}},"22":{"start":{"line":23,"column":0},"end":{"line":23,"column":21}},"23":{"start":{"line":24,"column":0},"end":{"line":24,"column":4}},"24":{"start":{"line":25,"column":0},"end":{"line":25,"column":0}},"25":{"start":{"line":26,"column":0},"end":{"line":26,"column":95}},"26":{"start":{"line":27,"column":0},"end":{"line":27,"column":53}},"27":{"start":{"line":28,"column":0},"end":{"line":28,"column":72}},"28":{"start":{"line":29,"column":0},"end":{"line":29,"column":33}},"29":{"start":{"line":30,"column":0},"end":{"line":30,"column":40}},"30":{"start":{"line":31,"column":0},"end":{"line":31,"column":38}},"31":{"start":{"line":32,"column":0},"end":{"line":32,"column":76}},"32":{"start":{"line":33,"column":0},"end":{"line":33,"column":17}},"33":{"start":{"line":34,"column":0},"end":{"line":34,"column":98}},"34":{"start":{"line":35,"column":0},"end":{"line":35,"column":52}},"35":{"start":{"line":36,"column":0},"end":{"line":36,"column":14}},"36":{"start":{"line":37,"column":0},"end":{"line":37,"column":24}},"37":{"start":{"line":38,"column":0},"end":{"line":38,"column":24}},"38":{"start":{"line":39,"column":0},"end":{"line":39,"column":6}},"39":{"start":{"line":40,"column":0},"end":{"line":40,"column":64}},"40":{"start":{"line":41,"column":0},"end":{"line":41,"column":60}},"41":{"start":{"line":42,"column":0},"end":{"line":42,"column":16}},"42":{"start":{"line":43,"column":0},"end":{"line":43,"column":1}},"43":{"start":{"line":44,"column":0},"end":{"line":44,"column":0}},"44":{"start":{"line":45,"column":0},"end":{"line":45,"column":72}},"45":{"start":{"line":46,"column":0},"end":{"line":46,"column":50}},"46":{"start":{"line":47,"column":0},"end":{"line":47,"column":76}},"47":{"start":{"line":48,"column":0},"end":{"line":48,"column":28}},"48":{"start":{"line":49,"column":0},"end":{"line":49,"column":18}},"49":{"start":{"line":50,"column":0},"end":{"line":50,"column":14}},"50":{"start":{"line":51,"column":0},"end":{"line":51,"column":93}},"51":{"start":{"line":52,"column":0},"end":{"line":52,"column":44}},"52":{"start":{"line":53,"column":0},"end":{"line":53,"column":83}},"53":{"start":{"line":54,"column":0},"end":{"line":54,"column":51}},"54":{"start":{"line":55,"column":0},"end":{"line":55,"column":32}},"55":{"start":{"line":56,"column":0},"end":{"line":56,"column":42}},"56":{"start":{"line":57,"column":0},"end":{"line":57,"column":80}},"57":{"start":{"line":58,"column":0},"end":{"line":58,"column":21}},"58":{"start":{"line":59,"column":0},"end":{"line":59,"column":6}},"59":{"start":{"line":60,"column":0},"end":{"line":60,"column":59}},"60":{"start":{"line":61,"column":0},"end":{"line":61,"column":16}},"61":{"start":{"line":62,"column":0},"end":{"line":62,"column":1}},"62":{"start":{"line":63,"column":0},"end":{"line":63,"column":0}},"63":{"start":{"line":64,"column":0},"end":{"line":64,"column":76}},"64":{"start":{"line":65,"column":0},"end":{"line":65,"column":45}},"65":{"start":{"line":66,"column":0},"end":{"line":66,"column":21}},"66":{"start":{"line":67,"column":0},"end":{"line":67,"column":40}},"67":{"start":{"line":68,"column":0},"end":{"line":68,"column":72}},"68":{"start":{"line":69,"column":0},"end":{"line":69,"column":47}},"69":{"start":{"line":70,"column":0},"end":{"line":70,"column":55}},"70":{"start":{"line":71,"column":0},"end":{"line":71,"column":52}},"71":{"start":{"line":72,"column":0},"end":{"line":72,"column":34}},"72":{"start":{"line":73,"column":0},"end":{"line":73,"column":62}},"73":{"start":{"line":74,"column":0},"end":{"line":74,"column":66}},"74":{"start":{"line":75,"column":0},"end":{"line":75,"column":62}},"75":{"start":{"line":76,"column":0},"end":{"line":76,"column":34}},"76":{"start":{"line":77,"column":0},"end":{"line":77,"column":73}},"77":{"start":{"line":78,"column":0},"end":{"line":78,"column":45}},"78":{"start":{"line":79,"column":0},"end":{"line":79,"column":63}},"79":{"start":{"line":80,"column":0},"end":{"line":80,"column":52}},"80":{"start":{"line":81,"column":0},"end":{"line":81,"column":47}},"81":{"start":{"line":82,"column":0},"end":{"line":82,"column":75}},"82":{"start":{"line":83,"column":0},"end":{"line":83,"column":41}},"83":{"start":{"line":84,"column":0},"end":{"line":84,"column":38}},"84":{"start":{"line":85,"column":0},"end":{"line":85,"column":60}},"85":{"start":{"line":86,"column":0},"end":{"line":86,"column":38}},"86":{"start":{"line":87,"column":0},"end":{"line":87,"column":0}},"87":{"start":{"line":88,"column":0},"end":{"line":88,"column":28}},"88":{"start":{"line":89,"column":0},"end":{"line":89,"column":25}},"89":{"start":{"line":90,"column":0},"end":{"line":90,"column":16}},"90":{"start":{"line":91,"column":0},"end":{"line":91,"column":50}},"91":{"start":{"line":92,"column":0},"end":{"line":92,"column":54}},"92":{"start":{"line":93,"column":0},"end":{"line":93,"column":50}},"93":{"start":{"line":94,"column":0},"end":{"line":94,"column":22}},"94":{"start":{"line":95,"column":0},"end":{"line":95,"column":37}},"95":{"start":{"line":96,"column":0},"end":{"line":96,"column":58}},"96":{"start":{"line":97,"column":0},"end":{"line":97,"column":33}},"97":{"start":{"line":98,"column":0},"end":{"line":98,"column":51}},"98":{"start":{"line":99,"column":0},"end":{"line":99,"column":40}},"99":{"start":{"line":100,"column":0},"end":{"line":100,"column":35}},"100":{"start":{"line":101,"column":0},"end":{"line":101,"column":63}},"101":{"start":{"line":102,"column":0},"end":{"line":102,"column":29}},"102":{"start":{"line":103,"column":0},"end":{"line":103,"column":26}},"103":{"start":{"line":104,"column":0},"end":{"line":104,"column":48}},"104":{"start":{"line":105,"column":0},"end":{"line":105,"column":26}},"105":{"start":{"line":106,"column":0},"end":{"line":106,"column":52}},"106":{"start":{"line":107,"column":0},"end":{"line":107,"column":34}},"107":{"start":{"line":108,"column":0},"end":{"line":108,"column":52}},"108":{"start":{"line":109,"column":0},"end":{"line":109,"column":41}},"109":{"start":{"line":110,"column":0},"end":{"line":110,"column":36}},"110":{"start":{"line":111,"column":0},"end":{"line":111,"column":64}},"111":{"start":{"line":112,"column":0},"end":{"line":112,"column":30}},"112":{"start":{"line":113,"column":0},"end":{"line":113,"column":27}},"113":{"start":{"line":114,"column":0},"end":{"line":114,"column":49}},"114":{"start":{"line":115,"column":0},"end":{"line":115,"column":26}},"115":{"start":{"line":116,"column":0},"end":{"line":116,"column":19}},"116":{"start":{"line":117,"column":0},"end":{"line":117,"column":13}},"117":{"start":{"line":118,"column":0},"end":{"line":118,"column":14}},"118":{"start":{"line":119,"column":0},"end":{"line":119,"column":17}},"119":{"start":{"line":120,"column":0},"end":{"line":120,"column":8}},"120":{"start":{"line":121,"column":0},"end":{"line":121,"column":1}},"121":{"start":{"line":122,"column":0},"end":{"line":122,"column":0}},"122":{"start":{"line":123,"column":0},"end":{"line":123,"column":30}},"123":{"start":{"line":124,"column":0},"end":{"line":124,"column":46}},"124":{"start":{"line":125,"column":0},"end":{"line":125,"column":12}},"125":{"start":{"line":126,"column":0},"end":{"line":126,"column":26}},"126":{"start":{"line":127,"column":0},"end":{"line":127,"column":43}},"127":{"start":{"line":128,"column":0},"end":{"line":128,"column":2}},"128":{"start":{"line":129,"column":0},"end":{"line":129,"column":20}},"129":{"start":{"line":130,"column":0},"end":{"line":130,"column":21}},"130":{"start":{"line":131,"column":0},"end":{"line":131,"column":50}},"131":{"start":{"line":132,"column":0},"end":{"line":132,"column":21}},"132":{"start":{"line":133,"column":0},"end":{"line":133,"column":20}},"133":{"start":{"line":134,"column":0},"end":{"line":134,"column":36}},"134":{"start":{"line":135,"column":0},"end":{"line":135,"column":5}},"135":{"start":{"line":136,"column":0},"end":{"line":136,"column":21}},"136":{"start":{"line":137,"column":0},"end":{"line":137,"column":46}},"137":{"start":{"line":138,"column":0},"end":{"line":138,"column":43}},"138":{"start":{"line":139,"column":0},"end":{"line":139,"column":26}},"139":{"start":{"line":140,"column":0},"end":{"line":140,"column":41}},"140":{"start":{"line":141,"column":0},"end":{"line":141,"column":13}},"141":{"start":{"line":142,"column":0},"end":{"line":142,"column":19}},"142":{"start":{"line":143,"column":0},"end":{"line":143,"column":17}},"143":{"start":{"line":144,"column":0},"end":{"line":144,"column":5}},"144":{"start":{"line":145,"column":0},"end":{"line":145,"column":33}},"145":{"start":{"line":146,"column":0},"end":{"line":146,"column":46}},"146":{"start":{"line":147,"column":0},"end":{"line":147,"column":26}},"147":{"start":{"line":148,"column":0},"end":{"line":148,"column":14}},"148":{"start":{"line":149,"column":0},"end":{"line":149,"column":3}},"149":{"start":{"line":150,"column":0},"end":{"line":150,"column":91}},"150":{"start":{"line":151,"column":0},"end":{"line":151,"column":30}},"151":{"start":{"line":152,"column":0},"end":{"line":152,"column":30}},"152":{"start":{"line":153,"column":0},"end":{"line":153,"column":10}},"153":{"start":{"line":154,"column":0},"end":{"line":154,"column":36}},"154":{"start":{"line":155,"column":0},"end":{"line":155,"column":2}},"155":{"start":{"line":156,"column":0},"end":{"line":156,"column":1}},"156":{"start":{"line":157,"column":0},"end":{"line":157,"column":31}},"157":{"start":{"line":158,"column":0},"end":{"line":158,"column":32}},"158":{"start":{"line":159,"column":0},"end":{"line":159,"column":56}},"159":{"start":{"line":160,"column":0},"end":{"line":160,"column":48}},"160":{"start":{"line":161,"column":0},"end":{"line":161,"column":15}},"161":{"start":{"line":162,"column":0},"end":{"line":162,"column":23}},"162":{"start":{"line":163,"column":0},"end":{"line":163,"column":38}},"163":{"start":{"line":164,"column":0},"end":{"line":164,"column":3}},"164":{"start":{"line":165,"column":0},"end":{"line":165,"column":1}},"165":{"start":{"line":166,"column":0},"end":{"line":166,"column":23}},"166":{"start":{"line":167,"column":0},"end":{"line":167,"column":30}},"167":{"start":{"line":168,"column":0},"end":{"line":168,"column":56}},"168":{"start":{"line":169,"column":0},"end":{"line":169,"column":48}},"169":{"start":{"line":170,"column":0},"end":{"line":170,"column":13}},"170":{"start":{"line":171,"column":0},"end":{"line":171,"column":20}},"171":{"start":{"line":172,"column":0},"end":{"line":172,"column":20}},"172":{"start":{"line":173,"column":0},"end":{"line":173,"column":33}},"173":{"start":{"line":174,"column":0},"end":{"line":174,"column":17}},"174":{"start":{"line":175,"column":0},"end":{"line":175,"column":36}},"175":{"start":{"line":176,"column":0},"end":{"line":176,"column":2}},"176":{"start":{"line":177,"column":0},"end":{"line":177,"column":1}},"177":{"start":{"line":178,"column":0},"end":{"line":178,"column":22}},"178":{"start":{"line":179,"column":0},"end":{"line":179,"column":18}},"179":{"start":{"line":180,"column":0},"end":{"line":180,"column":15}},"180":{"start":{"line":181,"column":0},"end":{"line":181,"column":54}},"181":{"start":{"line":182,"column":0},"end":{"line":182,"column":4}},"182":{"start":{"line":183,"column":0},"end":{"line":183,"column":0}},"183":{"start":{"line":184,"column":0},"end":{"line":184,"column":88}},"184":{"start":{"line":185,"column":0},"end":{"line":185,"column":38}},"185":{"start":{"line":186,"column":0},"end":{"line":186,"column":21}},"186":{"start":{"line":187,"column":0},"end":{"line":187,"column":12}},"187":{"start":{"line":188,"column":0},"end":{"line":188,"column":7}},"188":{"start":{"line":189,"column":0},"end":{"line":189,"column":30}},"189":{"start":{"line":190,"column":0},"end":{"line":190,"column":51}},"190":{"start":{"line":191,"column":0},"end":{"line":191,"column":7}},"191":{"start":{"line":192,"column":0},"end":{"line":192,"column":1}},"192":{"start":{"line":193,"column":0},"end":{"line":193,"column":0}},"193":{"start":{"line":194,"column":0},"end":{"line":194,"column":34}},"194":{"start":{"line":195,"column":0},"end":{"line":195,"column":14}},"195":{"start":{"line":196,"column":0},"end":{"line":196,"column":6}},"196":{"start":{"line":197,"column":0},"end":{"line":197,"column":51}},"197":{"start":{"line":198,"column":0},"end":{"line":198,"column":13}},"198":{"start":{"line":199,"column":0},"end":{"line":199,"column":22}},"199":{"start":{"line":200,"column":0},"end":{"line":200,"column":27}},"200":{"start":{"line":201,"column":0},"end":{"line":201,"column":3}},"201":{"start":{"line":202,"column":0},"end":{"line":202,"column":41}},"202":{"start":{"line":203,"column":0},"end":{"line":203,"column":43}},"203":{"start":{"line":204,"column":0},"end":{"line":204,"column":33}},"204":{"start":{"line":205,"column":0},"end":{"line":205,"column":30}},"205":{"start":{"line":206,"column":0},"end":{"line":206,"column":27}},"206":{"start":{"line":207,"column":0},"end":{"line":207,"column":7}},"207":{"start":{"line":208,"column":0},"end":{"line":208,"column":2}}},"s":{"0":1,"1":1,"2":1,"3":1,"4":1,"5":1,"6":1,"7":1,"8":1,"9":1,"10":1,"11":1,"12":1,"13":103,"14":103,"15":103,"16":1,"17":1,"18":1,"19":1,"20":1,"21":1,"22":1,"23":1,"24":1,"25":22,"26":22,"27":22,"28":22,"29":22,"30":22,"31":22,"32":22,"33":22,"34":22,"35":22,"36":22,"37":22,"38":22,"39":22,"40":22,"41":22,"42":22,"43":1,"44":28,"45":28,"46":28,"47":28,"48":28,"49":28,"50":28,"51":28,"52":28,"53":28,"54":28,"55":28,"56":28,"57":28,"58":28,"59":28,"60":28,"61":28,"62":1,"63":1,"64":7,"65":7,"66":7,"67":7,"68":22,"69":22,"70":22,"71":22,"72":22,"73":22,"74":22,"75":22,"76":22,"77":22,"78":22,"79":22,"80":22,"81":22,"82":22,"83":22,"84":22,"85":22,"86":22,"87":22,"88":22,"89":22,"90":22,"91":22,"92":22,"93":22,"94":22,"95":22,"96":22,"97":22,"98":22,"99":22,"100":22,"101":22,"102":22,"103":22,"104":22,"105":22,"106":22,"107":22,"108":52,"109":52,"110":52,"111":52,"112":22,"113":22,"114":22,"115":22,"116":22,"117":7,"118":7,"119":7,"120":7,"121":1,"122":250,"123":250,"124":250,"125":250,"126":8,"127":8,"128":242,"129":250,"130":72,"131":250,"132":23,"133":23,"134":23,"135":250,"136":28,"137":28,"138":250,"139":112,"140":112,"141":112,"142":112,"143":112,"144":112,"145":112,"146":112,"147":112,"148":112,"149":250,"150":250,"151":7,"152":250,"153":0,"154":250,"155":0,"156":112,"157":112,"158":112,"159":112,"160":112,"161":112,"162":112,"163":112,"164":112,"165":244,"166":244,"167":244,"168":244,"169":244,"170":244,"171":244,"172":203,"173":244,"174":41,"175":244,"176":244,"177":1,"178":1,"179":1,"180":1,"181":1,"182":1,"183":8,"184":8,"185":8,"186":8,"187":8,"188":8,"189":18,"190":8,"191":8,"192":1,"193":1,"194":0,"195":0,"196":0,"197":0,"198":0,"199":0,"200":0,"201":0,"202":0,"203":0,"204":0,"205":0,"206":0,"207":0},"branchMap":{"0":{"type":"branch","line":14,"loc":{"start":{"line":14,"column":0},"end":{"line":16,"column":1}},"locations":[{"start":{"line":14,"column":0},"end":{"line":16,"column":1}}]},"1":{"type":"branch","line":26,"loc":{"start":{"line":26,"column":0},"end":{"line":43,"column":1}},"locations":[{"start":{"line":26,"column":0},"end":{"line":43,"column":1}}]},"2":{"type":"branch","line":28,"loc":{"start":{"line":28,"column":32},"end":{"line":28,"column":70}},"locations":[{"start":{"line":28,"column":32},"end":{"line":28,"column":70}}]},"3":{"type":"branch","line":32,"loc":{"start":{"line":32,"column":8},"end":{"line":32,"column":76}},"locations":[{"start":{"line":32,"column":8},"end":{"line":32,"column":76}}]},"4":{"type":"branch","line":34,"loc":{"start":{"line":34,"column":34},"end":{"line":34,"column":96}},"locations":[{"start":{"line":34,"column":34},"end":{"line":34,"column":96}}]},"5":{"type":"branch","line":45,"loc":{"start":{"line":45,"column":0},"end":{"line":62,"column":1}},"locations":[{"start":{"line":45,"column":0},"end":{"line":62,"column":1}}]},"6":{"type":"branch","line":47,"loc":{"start":{"line":47,"column":35},"end":{"line":47,"column":74}},"locations":[{"start":{"line":47,"column":35},"end":{"line":47,"column":74}}]},"7":{"type":"branch","line":51,"loc":{"start":{"line":51,"column":29},"end":{"line":51,"column":91}},"locations":[{"start":{"line":51,"column":29},"end":{"line":51,"column":91}}]},"8":{"type":"branch","line":57,"loc":{"start":{"line":57,"column":12},"end":{"line":57,"column":80}},"locations":[{"start":{"line":57,"column":12},"end":{"line":57,"column":80}}]},"9":{"type":"branch","line":64,"loc":{"start":{"line":64,"column":23},"end":{"line":121,"column":1}},"locations":[{"start":{"line":64,"column":23},"end":{"line":121,"column":1}}]},"10":{"type":"branch","line":68,"loc":{"start":{"line":68,"column":46},"end":{"line":118,"column":13}},"locations":[{"start":{"line":68,"column":46},"end":{"line":118,"column":13}}]},"11":{"type":"branch","line":70,"loc":{"start":{"line":70,"column":23},"end":{"line":117,"column":13}},"locations":[{"start":{"line":70,"column":23},"end":{"line":117,"column":13}}]},"12":{"type":"branch","line":106,"loc":{"start":{"line":106,"column":45},"end":{"line":116,"column":17}},"locations":[{"start":{"line":106,"column":45},"end":{"line":116,"column":17}}]},"13":{"type":"branch","line":108,"loc":{"start":{"line":108,"column":39},"end":{"line":113,"column":25}},"locations":[{"start":{"line":108,"column":39},"end":{"line":113,"column":25}}]},"14":{"type":"branch","line":123,"loc":{"start":{"line":123,"column":0},"end":{"line":156,"column":1}},"locations":[{"start":{"line":123,"column":0},"end":{"line":156,"column":1}}]},"15":{"type":"branch","line":126,"loc":{"start":{"line":126,"column":25},"end":{"line":128,"column":2}},"locations":[{"start":{"line":126,"column":25},"end":{"line":128,"column":2}}]},"16":{"type":"branch","line":129,"loc":{"start":{"line":129,"column":-1},"end":{"line":130,"column":7}},"locations":[{"start":{"line":129,"column":-1},"end":{"line":130,"column":7}}]},"17":{"type":"branch","line":130,"loc":{"start":{"line":130,"column":2},"end":{"line":131,"column":50}},"locations":[{"start":{"line":130,"column":2},"end":{"line":131,"column":50}}]},"18":{"type":"branch","line":132,"loc":{"start":{"line":132,"column":2},"end":{"line":135,"column":5}},"locations":[{"start":{"line":132,"column":2},"end":{"line":135,"column":5}}]},"19":{"type":"branch","line":136,"loc":{"start":{"line":136,"column":8},"end":{"line":138,"column":43}},"locations":[{"start":{"line":136,"column":8},"end":{"line":138,"column":43}}]},"20":{"type":"branch","line":139,"loc":{"start":{"line":139,"column":2},"end":{"line":149,"column":3}},"locations":[{"start":{"line":139,"column":2},"end":{"line":149,"column":3}}]},"21":{"type":"branch","line":151,"loc":{"start":{"line":151,"column":2},"end":{"line":152,"column":30}},"locations":[{"start":{"line":151,"column":2},"end":{"line":152,"column":30}}]},"22":{"type":"branch","line":153,"loc":{"start":{"line":153,"column":2},"end":{"line":154,"column":36}},"locations":[{"start":{"line":153,"column":2},"end":{"line":154,"column":36}}]},"23":{"type":"branch","line":156,"loc":{"start":{"line":156,"column":-1},"end":{"line":156,"column":1}},"locations":[{"start":{"line":156,"column":-1},"end":{"line":156,"column":1}}]},"24":{"type":"branch","line":157,"loc":{"start":{"line":157,"column":0},"end":{"line":165,"column":1}},"locations":[{"start":{"line":157,"column":0},"end":{"line":165,"column":1}}]},"25":{"type":"branch","line":162,"loc":{"start":{"line":162,"column":16},"end":{"line":163,"column":37}},"locations":[{"start":{"line":162,"column":16},"end":{"line":163,"column":37}}]},"26":{"type":"branch","line":166,"loc":{"start":{"line":166,"column":0},"end":{"line":177,"column":1}},"locations":[{"start":{"line":166,"column":0},"end":{"line":177,"column":1}}]},"27":{"type":"branch","line":172,"loc":{"start":{"line":172,"column":2},"end":{"line":173,"column":33}},"locations":[{"start":{"line":172,"column":2},"end":{"line":173,"column":33}}]},"28":{"type":"branch","line":174,"loc":{"start":{"line":174,"column":2},"end":{"line":175,"column":36}},"locations":[{"start":{"line":174,"column":2},"end":{"line":175,"column":36}}]},"29":{"type":"branch","line":184,"loc":{"start":{"line":184,"column":0},"end":{"line":192,"column":1}},"locations":[{"start":{"line":184,"column":0},"end":{"line":192,"column":1}}]},"30":{"type":"branch","line":189,"loc":{"start":{"line":189,"column":20},"end":{"line":191,"column":5}},"locations":[{"start":{"line":189,"column":20},"end":{"line":191,"column":5}}]}},"b":{"0":[103],"1":[22],"2":[52],"3":[52],"4":[52],"5":[28],"6":[51],"7":[51],"8":[51],"9":[7],"10":[22],"11":[22],"12":[22],"13":[52],"14":[250],"15":[8],"16":[242],"17":[72],"18":[23],"19":[28],"20":[112],"21":[7],"22":[0],"23":[0],"24":[112],"25":[244],"26":[244],"27":[203],"28":[41],"29":[8],"30":[18]},"fnMap":{"0":{"name":"newVar","decl":{"start":{"line":14,"column":0},"end":{"line":16,"column":1}},"loc":{"start":{"line":14,"column":0},"end":{"line":16,"column":1}},"line":14},"1":{"name":"alphaConvert","decl":{"start":{"line":26,"column":0},"end":{"line":43,"column":1}},"loc":{"start":{"line":26,"column":0},"end":{"line":43,"column":1}},"line":26},"2":{"name":"alphaConvertFresh","decl":{"start":{"line":45,"column":0},"end":{"line":62,"column":1}},"loc":{"start":{"line":45,"column":0},"end":{"line":62,"column":1}},"line":45},"3":{"name":"defToPredicate","decl":{"start":{"line":64,"column":23},"end":{"line":121,"column":1}},"loc":{"start":{"line":64,"column":23},"end":{"line":121,"column":1}},"line":64},"4":{"name":"interpretPlus","decl":{"start":{"line":123,"column":0},"end":{"line":156,"column":1}},"loc":{"start":{"line":123,"column":0},"end":{"line":156,"column":1}},"line":123},"5":{"name":"interpretExprListPlus","decl":{"start":{"line":157,"column":0},"end":{"line":165,"column":1}},"loc":{"start":{"line":157,"column":0},"end":{"line":165,"column":1}},"line":157},"6":{"name":"interpretExpr","decl":{"start":{"line":166,"column":0},"end":{"line":177,"column":1}},"loc":{"start":{"line":166,"column":0},"end":{"line":177,"column":1}},"line":166},"7":{"name":"runFor","decl":{"start":{"line":184,"column":0},"end":{"line":192,"column":1}},"loc":{"start":{"line":184,"column":0},"end":{"line":192,"column":1}},"line":184},"8":{"name":"interpretFromCode","decl":{"start":{"line":194,"column":33},"end":{"line":208,"column":2}},"loc":{"start":{"line":194,"column":33},"end":{"line":208,"column":2}},"line":194}},"f":{"0":103,"1":22,"2":28,"3":7,"4":250,"5":112,"6":244,"7":8,"8":0}}
,"/home/benjamin/Code/ts/cwal2/src/interpret/kanren.ts": {"path":"/home/benjamin/Code/ts/cwal2/src/interpret/kanren.ts","all":false,"statementMap":{"0":{"start":{"line":1,"column":0},"end":{"line":1,"column":80}},"1":{"start":{"line":2,"column":0},"end":{"line":2,"column":3}},"2":{"start":{"line":3,"column":0},"end":{"line":3,"column":27}},"3":{"start":{"line":4,"column":0},"end":{"line":4,"column":43}},"4":{"start":{"line":5,"column":0},"end":{"line":5,"column":3}},"5":{"start":{"line":6,"column":0},"end":{"line":6,"column":17}},"6":{"start":{"line":7,"column":0},"end":{"line":7,"column":20}},"7":{"start":{"line":8,"column":0},"end":{"line":8,"column":19}},"8":{"start":{"line":9,"column":0},"end":{"line":9,"column":5}},"9":{"start":{"line":10,"column":0},"end":{"line":10,"column":31}},"10":{"start":{"line":11,"column":0},"end":{"line":11,"column":19}},"11":{"start":{"line":12,"column":0},"end":{"line":12,"column":22}},"12":{"start":{"line":13,"column":0},"end":{"line":13,"column":20}},"13":{"start":{"line":14,"column":0},"end":{"line":14,"column":5}},"14":{"start":{"line":15,"column":0},"end":{"line":15,"column":64}},"15":{"start":{"line":16,"column":0},"end":{"line":16,"column":0}},"16":{"start":{"line":17,"column":0},"end":{"line":17,"column":24}},"17":{"start":{"line":18,"column":0},"end":{"line":18,"column":32}},"18":{"start":{"line":19,"column":0},"end":{"line":19,"column":38}},"19":{"start":{"line":20,"column":0},"end":{"line":20,"column":48}},"20":{"start":{"line":21,"column":0},"end":{"line":21,"column":45}},"21":{"start":{"line":22,"column":0},"end":{"line":22,"column":52}},"22":{"start":{"line":23,"column":0},"end":{"line":23,"column":39}},"23":{"start":{"line":24,"column":0},"end":{"line":24,"column":0}},"24":{"start":{"line":25,"column":0},"end":{"line":25,"column":0}},"25":{"start":{"line":26,"column":0},"end":{"line":26,"column":0}},"26":{"start":{"line":27,"column":0},"end":{"line":27,"column":14}},"27":{"start":{"line":28,"column":0},"end":{"line":28,"column":29}},"28":{"start":{"line":29,"column":0},"end":{"line":29,"column":47}},"29":{"start":{"line":30,"column":0},"end":{"line":30,"column":33}},"30":{"start":{"line":31,"column":0},"end":{"line":31,"column":82}},"31":{"start":{"line":32,"column":0},"end":{"line":32,"column":37}},"32":{"start":{"line":33,"column":0},"end":{"line":33,"column":44}},"33":{"start":{"line":34,"column":0},"end":{"line":34,"column":39}},"34":{"start":{"line":35,"column":0},"end":{"line":35,"column":41}},"35":{"start":{"line":36,"column":0},"end":{"line":36,"column":59}},"36":{"start":{"line":37,"column":0},"end":{"line":37,"column":61}},"37":{"start":{"line":38,"column":0},"end":{"line":38,"column":5}},"38":{"start":{"line":39,"column":0},"end":{"line":39,"column":77}},"39":{"start":{"line":40,"column":0},"end":{"line":40,"column":73}},"40":{"start":{"line":41,"column":0},"end":{"line":41,"column":52}},"41":{"start":{"line":42,"column":0},"end":{"line":42,"column":41}},"42":{"start":{"line":43,"column":0},"end":{"line":43,"column":49}},"43":{"start":{"line":44,"column":0},"end":{"line":44,"column":9}},"44":{"start":{"line":45,"column":0},"end":{"line":45,"column":45}},"45":{"start":{"line":46,"column":0},"end":{"line":46,"column":5}},"46":{"start":{"line":47,"column":0},"end":{"line":47,"column":35}},"47":{"start":{"line":48,"column":0},"end":{"line":48,"column":20}},"48":{"start":{"line":49,"column":0},"end":{"line":49,"column":5}},"49":{"start":{"line":50,"column":0},"end":{"line":50,"column":1}},"50":{"start":{"line":51,"column":0},"end":{"line":51,"column":34}},"51":{"start":{"line":52,"column":0},"end":{"line":52,"column":18}},"52":{"start":{"line":53,"column":0},"end":{"line":53,"column":17}},"53":{"start":{"line":54,"column":0},"end":{"line":54,"column":38}},"54":{"start":{"line":55,"column":0},"end":{"line":55,"column":16}},"55":{"start":{"line":56,"column":0},"end":{"line":56,"column":5}},"56":{"start":{"line":57,"column":0},"end":{"line":57,"column":0}},"57":{"start":{"line":58,"column":0},"end":{"line":58,"column":24}},"58":{"start":{"line":59,"column":0},"end":{"line":59,"column":25}},"59":{"start":{"line":60,"column":0},"end":{"line":60,"column":5}},"60":{"start":{"line":61,"column":0},"end":{"line":61,"column":0}},"61":{"start":{"line":62,"column":0},"end":{"line":62,"column":36}},"62":{"start":{"line":63,"column":0},"end":{"line":63,"column":36}},"63":{"start":{"line":64,"column":0},"end":{"line":64,"column":5}},"64":{"start":{"line":65,"column":0},"end":{"line":65,"column":69}},"65":{"start":{"line":66,"column":0},"end":{"line":66,"column":31}},"66":{"start":{"line":67,"column":0},"end":{"line":67,"column":5}},"67":{"start":{"line":68,"column":0},"end":{"line":68,"column":65}},"68":{"start":{"line":69,"column":0},"end":{"line":69,"column":48}},"69":{"start":{"line":70,"column":0},"end":{"line":70,"column":5}},"70":{"start":{"line":71,"column":0},"end":{"line":71,"column":37}},"71":{"start":{"line":72,"column":0},"end":{"line":72,"column":32}},"72":{"start":{"line":73,"column":0},"end":{"line":73,"column":43}},"73":{"start":{"line":74,"column":0},"end":{"line":74,"column":27}},"74":{"start":{"line":75,"column":0},"end":{"line":75,"column":5}},"75":{"start":{"line":76,"column":0},"end":{"line":76,"column":1}},"76":{"start":{"line":77,"column":0},"end":{"line":77,"column":0}},"77":{"start":{"line":78,"column":0},"end":{"line":78,"column":37}},"78":{"start":{"line":79,"column":0},"end":{"line":79,"column":18}},"79":{"start":{"line":80,"column":0},"end":{"line":80,"column":32}},"80":{"start":{"line":81,"column":0},"end":{"line":81,"column":58}},"81":{"start":{"line":82,"column":0},"end":{"line":82,"column":16}},"82":{"start":{"line":83,"column":0},"end":{"line":83,"column":5}},"83":{"start":{"line":84,"column":0},"end":{"line":84,"column":24}},"84":{"start":{"line":85,"column":0},"end":{"line":85,"column":31}},"85":{"start":{"line":86,"column":0},"end":{"line":86,"column":5}},"86":{"start":{"line":87,"column":0},"end":{"line":87,"column":0}},"87":{"start":{"line":88,"column":0},"end":{"line":88,"column":40}},"88":{"start":{"line":89,"column":0},"end":{"line":89,"column":38}},"89":{"start":{"line":90,"column":0},"end":{"line":90,"column":5}},"90":{"start":{"line":91,"column":0},"end":{"line":91,"column":69}},"91":{"start":{"line":92,"column":0},"end":{"line":92,"column":21}},"92":{"start":{"line":93,"column":0},"end":{"line":93,"column":5}},"93":{"start":{"line":94,"column":0},"end":{"line":94,"column":65}},"94":{"start":{"line":95,"column":0},"end":{"line":95,"column":70}},"95":{"start":{"line":96,"column":0},"end":{"line":96,"column":20}},"96":{"start":{"line":97,"column":0},"end":{"line":97,"column":5}},"97":{"start":{"line":98,"column":0},"end":{"line":98,"column":1}},"98":{"start":{"line":99,"column":0},"end":{"line":99,"column":0}},"99":{"start":{"line":100,"column":0},"end":{"line":100,"column":35}},"100":{"start":{"line":101,"column":0},"end":{"line":101,"column":28}},"101":{"start":{"line":102,"column":0},"end":{"line":102,"column":19}},"102":{"start":{"line":103,"column":0},"end":{"line":103,"column":19}},"103":{"start":{"line":104,"column":0},"end":{"line":104,"column":16}},"104":{"start":{"line":105,"column":0},"end":{"line":105,"column":5}},"105":{"start":{"line":106,"column":0},"end":{"line":106,"column":0}},"106":{"start":{"line":107,"column":0},"end":{"line":107,"column":24}},"107":{"start":{"line":108,"column":0},"end":{"line":108,"column":20}},"108":{"start":{"line":109,"column":0},"end":{"line":109,"column":5}},"109":{"start":{"line":110,"column":0},"end":{"line":110,"column":0}},"110":{"start":{"line":111,"column":0},"end":{"line":111,"column":38}},"111":{"start":{"line":112,"column":0},"end":{"line":112,"column":20}},"112":{"start":{"line":113,"column":0},"end":{"line":113,"column":5}},"113":{"start":{"line":114,"column":0},"end":{"line":114,"column":0}},"114":{"start":{"line":115,"column":0},"end":{"line":115,"column":69}},"115":{"start":{"line":116,"column":0},"end":{"line":116,"column":21}},"116":{"start":{"line":117,"column":0},"end":{"line":117,"column":5}},"117":{"start":{"line":118,"column":0},"end":{"line":118,"column":0}},"118":{"start":{"line":119,"column":0},"end":{"line":119,"column":65}},"119":{"start":{"line":120,"column":0},"end":{"line":120,"column":17}},"120":{"start":{"line":121,"column":0},"end":{"line":121,"column":5}},"121":{"start":{"line":122,"column":0},"end":{"line":122,"column":1}},"122":{"start":{"line":123,"column":0},"end":{"line":123,"column":0}},"123":{"start":{"line":124,"column":0},"end":{"line":124,"column":34}},"124":{"start":{"line":125,"column":0},"end":{"line":125,"column":26}},"125":{"start":{"line":126,"column":0},"end":{"line":126,"column":24}},"126":{"start":{"line":127,"column":0},"end":{"line":127,"column":60}},"127":{"start":{"line":128,"column":0},"end":{"line":128,"column":16}},"128":{"start":{"line":129,"column":0},"end":{"line":129,"column":5}},"129":{"start":{"line":130,"column":0},"end":{"line":130,"column":0}},"130":{"start":{"line":131,"column":0},"end":{"line":131,"column":24}},"131":{"start":{"line":132,"column":0},"end":{"line":132,"column":71}},"132":{"start":{"line":133,"column":0},"end":{"line":133,"column":5}},"133":{"start":{"line":134,"column":0},"end":{"line":134,"column":0}},"134":{"start":{"line":135,"column":0},"end":{"line":135,"column":37}},"135":{"start":{"line":136,"column":0},"end":{"line":136,"column":80}},"136":{"start":{"line":137,"column":0},"end":{"line":137,"column":5}},"137":{"start":{"line":138,"column":0},"end":{"line":138,"column":69}},"138":{"start":{"line":139,"column":0},"end":{"line":139,"column":91}},"139":{"start":{"line":140,"column":0},"end":{"line":140,"column":5}},"140":{"start":{"line":141,"column":0},"end":{"line":141,"column":65}},"141":{"start":{"line":142,"column":0},"end":{"line":142,"column":47}},"142":{"start":{"line":143,"column":0},"end":{"line":143,"column":64}},"143":{"start":{"line":144,"column":0},"end":{"line":144,"column":17}},"144":{"start":{"line":145,"column":0},"end":{"line":145,"column":67}},"145":{"start":{"line":146,"column":0},"end":{"line":146,"column":16}},"146":{"start":{"line":147,"column":0},"end":{"line":147,"column":24}},"147":{"start":{"line":148,"column":0},"end":{"line":148,"column":9}},"148":{"start":{"line":149,"column":0},"end":{"line":149,"column":5}},"149":{"start":{"line":150,"column":0},"end":{"line":150,"column":37}},"150":{"start":{"line":151,"column":0},"end":{"line":151,"column":72}},"151":{"start":{"line":152,"column":0},"end":{"line":152,"column":5}},"152":{"start":{"line":153,"column":0},"end":{"line":153,"column":1}},"153":{"start":{"line":154,"column":0},"end":{"line":154,"column":0}},"154":{"start":{"line":155,"column":0},"end":{"line":155,"column":37}},"155":{"start":{"line":156,"column":0},"end":{"line":156,"column":59}},"156":{"start":{"line":157,"column":0},"end":{"line":157,"column":32}},"157":{"start":{"line":158,"column":0},"end":{"line":158,"column":24}},"158":{"start":{"line":159,"column":0},"end":{"line":159,"column":85}},"159":{"start":{"line":160,"column":0},"end":{"line":160,"column":16}},"160":{"start":{"line":161,"column":0},"end":{"line":161,"column":5}},"161":{"start":{"line":162,"column":0},"end":{"line":162,"column":24}},"162":{"start":{"line":163,"column":0},"end":{"line":163,"column":113}},"163":{"start":{"line":164,"column":0},"end":{"line":164,"column":5}},"164":{"start":{"line":165,"column":0},"end":{"line":165,"column":40}},"165":{"start":{"line":166,"column":0},"end":{"line":166,"column":39}},"166":{"start":{"line":167,"column":0},"end":{"line":167,"column":65}},"167":{"start":{"line":168,"column":0},"end":{"line":168,"column":63}},"168":{"start":{"line":169,"column":0},"end":{"line":169,"column":5}},"169":{"start":{"line":170,"column":0},"end":{"line":170,"column":69}},"170":{"start":{"line":171,"column":0},"end":{"line":171,"column":68}},"171":{"start":{"line":172,"column":0},"end":{"line":172,"column":5}},"172":{"start":{"line":173,"column":0},"end":{"line":173,"column":65}},"173":{"start":{"line":174,"column":0},"end":{"line":174,"column":50}},"174":{"start":{"line":175,"column":0},"end":{"line":175,"column":46}},"175":{"start":{"line":176,"column":0},"end":{"line":176,"column":60}},"176":{"start":{"line":177,"column":0},"end":{"line":177,"column":68}},"177":{"start":{"line":178,"column":0},"end":{"line":178,"column":42}},"178":{"start":{"line":179,"column":0},"end":{"line":179,"column":65}},"179":{"start":{"line":180,"column":0},"end":{"line":180,"column":14}},"180":{"start":{"line":181,"column":0},"end":{"line":181,"column":26}},"181":{"start":{"line":182,"column":0},"end":{"line":182,"column":20}},"182":{"start":{"line":183,"column":0},"end":{"line":183,"column":5}},"183":{"start":{"line":184,"column":0},"end":{"line":184,"column":37}},"184":{"start":{"line":185,"column":0},"end":{"line":185,"column":90}},"185":{"start":{"line":186,"column":0},"end":{"line":186,"column":5}},"186":{"start":{"line":187,"column":0},"end":{"line":187,"column":1}},"187":{"start":{"line":188,"column":0},"end":{"line":188,"column":33}},"188":{"start":{"line":189,"column":0},"end":{"line":189,"column":24}},"189":{"start":{"line":190,"column":0},"end":{"line":190,"column":17}},"190":{"start":{"line":191,"column":0},"end":{"line":191,"column":38}},"191":{"start":{"line":192,"column":0},"end":{"line":192,"column":16}},"192":{"start":{"line":193,"column":0},"end":{"line":193,"column":5}},"193":{"start":{"line":194,"column":0},"end":{"line":194,"column":29}},"194":{"start":{"line":195,"column":0},"end":{"line":195,"column":39}},"195":{"start":{"line":196,"column":0},"end":{"line":196,"column":36}},"196":{"start":{"line":197,"column":0},"end":{"line":197,"column":5}},"197":{"start":{"line":198,"column":0},"end":{"line":198,"column":69}},"198":{"start":{"line":199,"column":0},"end":{"line":199,"column":21}},"199":{"start":{"line":200,"column":0},"end":{"line":200,"column":5}},"200":{"start":{"line":201,"column":0},"end":{"line":201,"column":24}},"201":{"start":{"line":202,"column":0},"end":{"line":202,"column":25}},"202":{"start":{"line":203,"column":0},"end":{"line":203,"column":5}},"203":{"start":{"line":204,"column":0},"end":{"line":204,"column":65}},"204":{"start":{"line":205,"column":0},"end":{"line":205,"column":64}},"205":{"start":{"line":206,"column":0},"end":{"line":206,"column":20}},"206":{"start":{"line":207,"column":0},"end":{"line":207,"column":5}},"207":{"start":{"line":208,"column":0},"end":{"line":208,"column":1}},"208":{"start":{"line":209,"column":0},"end":{"line":209,"column":33}},"209":{"start":{"line":210,"column":0},"end":{"line":210,"column":24}},"210":{"start":{"line":211,"column":0},"end":{"line":211,"column":32}},"211":{"start":{"line":212,"column":0},"end":{"line":212,"column":56}},"212":{"start":{"line":213,"column":0},"end":{"line":213,"column":16}},"213":{"start":{"line":214,"column":0},"end":{"line":214,"column":5}},"214":{"start":{"line":215,"column":0},"end":{"line":215,"column":29}},"215":{"start":{"line":216,"column":0},"end":{"line":216,"column":74}},"216":{"start":{"line":217,"column":0},"end":{"line":217,"column":5}},"217":{"start":{"line":218,"column":0},"end":{"line":218,"column":69}},"218":{"start":{"line":219,"column":0},"end":{"line":219,"column":44}},"219":{"start":{"line":220,"column":0},"end":{"line":220,"column":5}},"220":{"start":{"line":221,"column":0},"end":{"line":221,"column":24}},"221":{"start":{"line":222,"column":0},"end":{"line":222,"column":45}},"222":{"start":{"line":223,"column":0},"end":{"line":223,"column":5}},"223":{"start":{"line":224,"column":0},"end":{"line":224,"column":65}},"224":{"start":{"line":225,"column":0},"end":{"line":225,"column":46}},"225":{"start":{"line":226,"column":0},"end":{"line":226,"column":62}},"226":{"start":{"line":227,"column":0},"end":{"line":227,"column":26}},"227":{"start":{"line":228,"column":0},"end":{"line":228,"column":20}},"228":{"start":{"line":229,"column":0},"end":{"line":229,"column":5}},"229":{"start":{"line":230,"column":0},"end":{"line":230,"column":1}},"230":{"start":{"line":231,"column":0},"end":{"line":231,"column":0}},"231":{"start":{"line":232,"column":0},"end":{"line":232,"column":54}},"232":{"start":{"line":233,"column":0},"end":{"line":233,"column":0}},"233":{"start":{"line":234,"column":0},"end":{"line":234,"column":39}},"234":{"start":{"line":235,"column":0},"end":{"line":235,"column":36}},"235":{"start":{"line":236,"column":0},"end":{"line":236,"column":24}},"236":{"start":{"line":237,"column":0},"end":{"line":237,"column":63}},"237":{"start":{"line":238,"column":0},"end":{"line":238,"column":16}},"238":{"start":{"line":239,"column":0},"end":{"line":239,"column":5}},"239":{"start":{"line":240,"column":0},"end":{"line":240,"column":35}},"240":{"start":{"line":241,"column":0},"end":{"line":241,"column":36}},"241":{"start":{"line":242,"column":0},"end":{"line":242,"column":5}},"242":{"start":{"line":243,"column":0},"end":{"line":243,"column":69}},"243":{"start":{"line":244,"column":0},"end":{"line":244,"column":21}},"244":{"start":{"line":245,"column":0},"end":{"line":245,"column":5}},"245":{"start":{"line":246,"column":0},"end":{"line":246,"column":24}},"246":{"start":{"line":247,"column":0},"end":{"line":247,"column":25}},"247":{"start":{"line":248,"column":0},"end":{"line":248,"column":5}},"248":{"start":{"line":249,"column":0},"end":{"line":249,"column":65}},"249":{"start":{"line":250,"column":0},"end":{"line":250,"column":73}},"250":{"start":{"line":251,"column":0},"end":{"line":251,"column":20}},"251":{"start":{"line":252,"column":0},"end":{"line":252,"column":5}},"252":{"start":{"line":253,"column":0},"end":{"line":253,"column":1}},"253":{"start":{"line":254,"column":0},"end":{"line":254,"column":0}},"254":{"start":{"line":255,"column":0},"end":{"line":255,"column":59}},"255":{"start":{"line":256,"column":0},"end":{"line":256,"column":46}},"256":{"start":{"line":257,"column":0},"end":{"line":257,"column":33}},"257":{"start":{"line":258,"column":0},"end":{"line":258,"column":73}},"258":{"start":{"line":259,"column":0},"end":{"line":259,"column":33}},"259":{"start":{"line":260,"column":0},"end":{"line":260,"column":39}},"260":{"start":{"line":261,"column":0},"end":{"line":261,"column":24}},"261":{"start":{"line":262,"column":0},"end":{"line":262,"column":75}},"262":{"start":{"line":263,"column":0},"end":{"line":263,"column":8}},"263":{"start":{"line":264,"column":0},"end":{"line":264,"column":20}},"264":{"start":{"line":265,"column":0},"end":{"line":265,"column":4}},"265":{"start":{"line":266,"column":0},"end":{"line":266,"column":63}},"266":{"start":{"line":267,"column":0},"end":{"line":267,"column":43}},"267":{"start":{"line":268,"column":0},"end":{"line":268,"column":30}},"268":{"start":{"line":269,"column":0},"end":{"line":269,"column":70}},"269":{"start":{"line":270,"column":0},"end":{"line":270,"column":30}},"270":{"start":{"line":271,"column":0},"end":{"line":271,"column":36}},"271":{"start":{"line":272,"column":0},"end":{"line":272,"column":21}},"272":{"start":{"line":273,"column":0},"end":{"line":273,"column":72}},"273":{"start":{"line":274,"column":0},"end":{"line":274,"column":5}},"274":{"start":{"line":275,"column":0},"end":{"line":275,"column":17}},"275":{"start":{"line":276,"column":0},"end":{"line":276,"column":1}},"276":{"start":{"line":277,"column":0},"end":{"line":277,"column":0}},"277":{"start":{"line":278,"column":0},"end":{"line":278,"column":24}},"278":{"start":{"line":279,"column":0},"end":{"line":279,"column":26}},"279":{"start":{"line":280,"column":0},"end":{"line":280,"column":1}},"280":{"start":{"line":281,"column":0},"end":{"line":281,"column":0}},"281":{"start":{"line":282,"column":0},"end":{"line":282,"column":37}},"282":{"start":{"line":283,"column":0},"end":{"line":283,"column":21}},"283":{"start":{"line":284,"column":0},"end":{"line":284,"column":1}},"284":{"start":{"line":285,"column":0},"end":{"line":285,"column":0}},"285":{"start":{"line":286,"column":0},"end":{"line":286,"column":53}},"286":{"start":{"line":287,"column":0},"end":{"line":287,"column":39}},"287":{"start":{"line":288,"column":0},"end":{"line":288,"column":22}},"288":{"start":{"line":289,"column":0},"end":{"line":289,"column":5}},"289":{"start":{"line":290,"column":0},"end":{"line":290,"column":0}},"290":{"start":{"line":291,"column":0},"end":{"line":291,"column":46}},"291":{"start":{"line":292,"column":0},"end":{"line":292,"column":49}},"292":{"start":{"line":293,"column":0},"end":{"line":293,"column":49}},"293":{"start":{"line":294,"column":0},"end":{"line":294,"column":66}},"294":{"start":{"line":295,"column":0},"end":{"line":295,"column":42}},"295":{"start":{"line":296,"column":0},"end":{"line":296,"column":5}},"296":{"start":{"line":297,"column":0},"end":{"line":297,"column":0}},"297":{"start":{"line":298,"column":0},"end":{"line":298,"column":56}},"298":{"start":{"line":299,"column":0},"end":{"line":299,"column":62}},"299":{"start":{"line":300,"column":0},"end":{"line":300,"column":67}},"300":{"start":{"line":301,"column":0},"end":{"line":301,"column":5}},"301":{"start":{"line":302,"column":0},"end":{"line":302,"column":0}},"302":{"start":{"line":303,"column":0},"end":{"line":303,"column":34}},"303":{"start":{"line":304,"column":0},"end":{"line":304,"column":40}},"304":{"start":{"line":305,"column":0},"end":{"line":305,"column":61}},"305":{"start":{"line":306,"column":0},"end":{"line":306,"column":17}},"306":{"start":{"line":307,"column":0},"end":{"line":307,"column":35}},"307":{"start":{"line":308,"column":0},"end":{"line":308,"column":24}},"308":{"start":{"line":309,"column":0},"end":{"line":309,"column":25}},"309":{"start":{"line":310,"column":0},"end":{"line":310,"column":13}},"310":{"start":{"line":311,"column":0},"end":{"line":311,"column":35}},"311":{"start":{"line":312,"column":0},"end":{"line":312,"column":16}},"312":{"start":{"line":313,"column":0},"end":{"line":313,"column":21}},"313":{"start":{"line":314,"column":0},"end":{"line":314,"column":9}},"314":{"start":{"line":315,"column":0},"end":{"line":315,"column":5}},"315":{"start":{"line":316,"column":0},"end":{"line":316,"column":0}},"316":{"start":{"line":317,"column":0},"end":{"line":317,"column":52}},"317":{"start":{"line":318,"column":0},"end":{"line":318,"column":40}},"318":{"start":{"line":319,"column":0},"end":{"line":319,"column":57}},"319":{"start":{"line":320,"column":0},"end":{"line":320,"column":56}},"320":{"start":{"line":321,"column":0},"end":{"line":321,"column":32}},"321":{"start":{"line":322,"column":0},"end":{"line":322,"column":5}},"322":{"start":{"line":323,"column":0},"end":{"line":323,"column":1}},"323":{"start":{"line":324,"column":0},"end":{"line":324,"column":0}},"324":{"start":{"line":325,"column":0},"end":{"line":325,"column":0}},"325":{"start":{"line":326,"column":0},"end":{"line":326,"column":0}},"326":{"start":{"line":327,"column":0},"end":{"line":327,"column":20}},"327":{"start":{"line":328,"column":0},"end":{"line":328,"column":62}},"328":{"start":{"line":329,"column":0},"end":{"line":329,"column":0}},"329":{"start":{"line":330,"column":0},"end":{"line":330,"column":94}},"330":{"start":{"line":331,"column":0},"end":{"line":331,"column":49}},"331":{"start":{"line":332,"column":0},"end":{"line":332,"column":45}},"332":{"start":{"line":333,"column":0},"end":{"line":333,"column":32}},"333":{"start":{"line":334,"column":0},"end":{"line":334,"column":44}},"334":{"start":{"line":335,"column":0},"end":{"line":335,"column":11}},"335":{"start":{"line":336,"column":0},"end":{"line":336,"column":46}},"336":{"start":{"line":337,"column":0},"end":{"line":337,"column":56}},"337":{"start":{"line":338,"column":0},"end":{"line":338,"column":34}},"338":{"start":{"line":339,"column":0},"end":{"line":339,"column":55}},"339":{"start":{"line":340,"column":0},"end":{"line":340,"column":37}},"340":{"start":{"line":341,"column":0},"end":{"line":341,"column":63}},"341":{"start":{"line":342,"column":0},"end":{"line":342,"column":31}},"342":{"start":{"line":343,"column":0},"end":{"line":343,"column":17}},"343":{"start":{"line":344,"column":0},"end":{"line":344,"column":77}},"344":{"start":{"line":345,"column":0},"end":{"line":345,"column":49}},"345":{"start":{"line":346,"column":0},"end":{"line":346,"column":31}},"346":{"start":{"line":347,"column":0},"end":{"line":347,"column":85}},"347":{"start":{"line":348,"column":0},"end":{"line":348,"column":31}},"348":{"start":{"line":349,"column":0},"end":{"line":349,"column":24}},"349":{"start":{"line":350,"column":0},"end":{"line":350,"column":49}},"350":{"start":{"line":351,"column":0},"end":{"line":351,"column":31}},"351":{"start":{"line":352,"column":0},"end":{"line":352,"column":17}},"352":{"start":{"line":353,"column":0},"end":{"line":353,"column":13}},"353":{"start":{"line":354,"column":0},"end":{"line":354,"column":41}},"354":{"start":{"line":355,"column":0},"end":{"line":355,"column":40}},"355":{"start":{"line":356,"column":0},"end":{"line":356,"column":5}},"356":{"start":{"line":357,"column":0},"end":{"line":357,"column":0}},"357":{"start":{"line":358,"column":0},"end":{"line":358,"column":24}},"358":{"start":{"line":359,"column":0},"end":{"line":359,"column":48}},"359":{"start":{"line":360,"column":0},"end":{"line":360,"column":34}},"360":{"start":{"line":361,"column":0},"end":{"line":361,"column":55}},"361":{"start":{"line":362,"column":0},"end":{"line":362,"column":37}},"362":{"start":{"line":363,"column":0},"end":{"line":363,"column":84}},"363":{"start":{"line":364,"column":0},"end":{"line":364,"column":13}},"364":{"start":{"line":365,"column":0},"end":{"line":365,"column":35}},"365":{"start":{"line":366,"column":0},"end":{"line":366,"column":22}},"366":{"start":{"line":367,"column":0},"end":{"line":367,"column":5}},"367":{"start":{"line":368,"column":0},"end":{"line":368,"column":1}},"368":{"start":{"line":369,"column":0},"end":{"line":369,"column":0}},"369":{"start":{"line":370,"column":0},"end":{"line":370,"column":31}},"370":{"start":{"line":371,"column":0},"end":{"line":371,"column":33}},"371":{"start":{"line":372,"column":0},"end":{"line":372,"column":48}},"372":{"start":{"line":373,"column":0},"end":{"line":373,"column":45}},"373":{"start":{"line":374,"column":0},"end":{"line":374,"column":1}},"374":{"start":{"line":375,"column":0},"end":{"line":375,"column":0}},"375":{"start":{"line":376,"column":0},"end":{"line":376,"column":43}},"376":{"start":{"line":377,"column":0},"end":{"line":377,"column":20}},"377":{"start":{"line":378,"column":0},"end":{"line":378,"column":62}},"378":{"start":{"line":379,"column":0},"end":{"line":379,"column":16}},"379":{"start":{"line":380,"column":0},"end":{"line":380,"column":5}},"380":{"start":{"line":381,"column":0},"end":{"line":381,"column":26}},"381":{"start":{"line":382,"column":0},"end":{"line":382,"column":27}},"382":{"start":{"line":383,"column":0},"end":{"line":383,"column":5}},"383":{"start":{"line":384,"column":0},"end":{"line":384,"column":25}},"384":{"start":{"line":385,"column":0},"end":{"line":385,"column":26}},"385":{"start":{"line":386,"column":0},"end":{"line":386,"column":5}},"386":{"start":{"line":387,"column":0},"end":{"line":387,"column":1}},"387":{"start":{"line":388,"column":0},"end":{"line":388,"column":0}},"388":{"start":{"line":389,"column":0},"end":{"line":389,"column":45}},"389":{"start":{"line":390,"column":0},"end":{"line":390,"column":22}},"390":{"start":{"line":391,"column":0},"end":{"line":391,"column":46}},"391":{"start":{"line":392,"column":0},"end":{"line":392,"column":16}},"392":{"start":{"line":393,"column":0},"end":{"line":393,"column":5}},"393":{"start":{"line":394,"column":0},"end":{"line":394,"column":26}},"394":{"start":{"line":395,"column":0},"end":{"line":395,"column":28}},"395":{"start":{"line":396,"column":0},"end":{"line":396,"column":5}},"396":{"start":{"line":397,"column":0},"end":{"line":397,"column":25}},"397":{"start":{"line":398,"column":0},"end":{"line":398,"column":20}},"398":{"start":{"line":399,"column":0},"end":{"line":399,"column":5}},"399":{"start":{"line":400,"column":0},"end":{"line":400,"column":1}},"400":{"start":{"line":401,"column":0},"end":{"line":401,"column":0}},"401":{"start":{"line":402,"column":0},"end":{"line":402,"column":42}},"402":{"start":{"line":403,"column":0},"end":{"line":403,"column":19}},"403":{"start":{"line":404,"column":0},"end":{"line":404,"column":19}},"404":{"start":{"line":405,"column":0},"end":{"line":405,"column":16}},"405":{"start":{"line":406,"column":0},"end":{"line":406,"column":5}},"406":{"start":{"line":407,"column":0},"end":{"line":407,"column":26}},"407":{"start":{"line":408,"column":0},"end":{"line":408,"column":20}},"408":{"start":{"line":409,"column":0},"end":{"line":409,"column":5}},"409":{"start":{"line":410,"column":0},"end":{"line":410,"column":25}},"410":{"start":{"line":411,"column":0},"end":{"line":411,"column":20}},"411":{"start":{"line":412,"column":0},"end":{"line":412,"column":5}},"412":{"start":{"line":413,"column":0},"end":{"line":413,"column":1}},"413":{"start":{"line":414,"column":0},"end":{"line":414,"column":0}},"414":{"start":{"line":415,"column":0},"end":{"line":415,"column":42}},"415":{"start":{"line":416,"column":0},"end":{"line":416,"column":48}},"416":{"start":{"line":417,"column":0},"end":{"line":417,"column":45}},"417":{"start":{"line":418,"column":0},"end":{"line":418,"column":52}},"418":{"start":{"line":419,"column":0},"end":{"line":419,"column":39}},"419":{"start":{"line":420,"column":0},"end":{"line":420,"column":0}},"420":{"start":{"line":421,"column":0},"end":{"line":421,"column":65}},"421":{"start":{"line":422,"column":0},"end":{"line":422,"column":95}},"422":{"start":{"line":423,"column":0},"end":{"line":423,"column":52}},"423":{"start":{"line":424,"column":0},"end":{"line":424,"column":65}},"424":{"start":{"line":425,"column":0},"end":{"line":425,"column":44}},"425":{"start":{"line":426,"column":0},"end":{"line":426,"column":46}},"426":{"start":{"line":427,"column":0},"end":{"line":427,"column":36}},"427":{"start":{"line":428,"column":0},"end":{"line":428,"column":1}},"428":{"start":{"line":429,"column":0},"end":{"line":429,"column":59}},"429":{"start":{"line":430,"column":0},"end":{"line":430,"column":46}},"430":{"start":{"line":431,"column":0},"end":{"line":431,"column":45}},"431":{"start":{"line":432,"column":0},"end":{"line":432,"column":73}},"432":{"start":{"line":433,"column":0},"end":{"line":433,"column":63}},"433":{"start":{"line":434,"column":0},"end":{"line":434,"column":1}},"434":{"start":{"line":435,"column":0},"end":{"line":435,"column":0}},"435":{"start":{"line":436,"column":0},"end":{"line":436,"column":0}},"436":{"start":{"line":437,"column":0},"end":{"line":437,"column":46}},"437":{"start":{"line":438,"column":0},"end":{"line":438,"column":29}},"438":{"start":{"line":439,"column":0},"end":{"line":439,"column":27}},"439":{"start":{"line":440,"column":0},"end":{"line":440,"column":66}},"440":{"start":{"line":441,"column":0},"end":{"line":441,"column":49}},"441":{"start":{"line":442,"column":0},"end":{"line":442,"column":17}},"442":{"start":{"line":443,"column":0},"end":{"line":443,"column":81}},"443":{"start":{"line":444,"column":0},"end":{"line":444,"column":16}},"444":{"start":{"line":445,"column":0},"end":{"line":445,"column":37}},"445":{"start":{"line":446,"column":0},"end":{"line":446,"column":9}},"446":{"start":{"line":447,"column":0},"end":{"line":447,"column":5}},"447":{"start":{"line":448,"column":0},"end":{"line":448,"column":1}},"448":{"start":{"line":449,"column":0},"end":{"line":449,"column":0}},"449":{"start":{"line":450,"column":0},"end":{"line":450,"column":45}},"450":{"start":{"line":451,"column":0},"end":{"line":451,"column":35}},"451":{"start":{"line":452,"column":0},"end":{"line":452,"column":20}},"452":{"start":{"line":453,"column":0},"end":{"line":453,"column":40}},"453":{"start":{"line":454,"column":0},"end":{"line":454,"column":20}},"454":{"start":{"line":455,"column":0},"end":{"line":455,"column":24}},"455":{"start":{"line":456,"column":0},"end":{"line":456,"column":9}},"456":{"start":{"line":457,"column":0},"end":{"line":457,"column":36}},"457":{"start":{"line":458,"column":0},"end":{"line":458,"column":5}},"458":{"start":{"line":459,"column":0},"end":{"line":459,"column":1}},"459":{"start":{"line":460,"column":0},"end":{"line":460,"column":0}},"460":{"start":{"line":461,"column":0},"end":{"line":461,"column":54}},"461":{"start":{"line":462,"column":0},"end":{"line":462,"column":20}},"462":{"start":{"line":463,"column":0},"end":{"line":463,"column":31}},"463":{"start":{"line":464,"column":0},"end":{"line":464,"column":22}},"464":{"start":{"line":465,"column":0},"end":{"line":465,"column":42}},"465":{"start":{"line":466,"column":0},"end":{"line":466,"column":5}},"466":{"start":{"line":467,"column":0},"end":{"line":467,"column":16}},"467":{"start":{"line":468,"column":0},"end":{"line":468,"column":1}},"468":{"start":{"line":469,"column":0},"end":{"line":469,"column":0}},"469":{"start":{"line":470,"column":0},"end":{"line":470,"column":57}},"470":{"start":{"line":471,"column":0},"end":{"line":471,"column":67}},"471":{"start":{"line":472,"column":0},"end":{"line":472,"column":1}},"472":{"start":{"line":473,"column":0},"end":{"line":473,"column":0}},"473":{"start":{"line":474,"column":0},"end":{"line":474,"column":57}},"474":{"start":{"line":475,"column":0},"end":{"line":475,"column":48}},"475":{"start":{"line":476,"column":0},"end":{"line":476,"column":41}},"476":{"start":{"line":477,"column":0},"end":{"line":477,"column":45}},"477":{"start":{"line":478,"column":0},"end":{"line":478,"column":1}},"478":{"start":{"line":479,"column":0},"end":{"line":479,"column":0}},"479":{"start":{"line":480,"column":0},"end":{"line":480,"column":64}},"480":{"start":{"line":481,"column":0},"end":{"line":481,"column":59}},"481":{"start":{"line":482,"column":0},"end":{"line":482,"column":1}},"482":{"start":{"line":483,"column":0},"end":{"line":483,"column":0}},"483":{"start":{"line":484,"column":0},"end":{"line":484,"column":75}},"484":{"start":{"line":485,"column":0},"end":{"line":485,"column":63}},"485":{"start":{"line":486,"column":0},"end":{"line":486,"column":1}},"486":{"start":{"line":487,"column":0},"end":{"line":487,"column":0}},"487":{"start":{"line":488,"column":0},"end":{"line":488,"column":86}},"488":{"start":{"line":489,"column":0},"end":{"line":489,"column":71}},"489":{"start":{"line":490,"column":0},"end":{"line":490,"column":1}},"490":{"start":{"line":491,"column":0},"end":{"line":491,"column":0}},"491":{"start":{"line":492,"column":0},"end":{"line":492,"column":48}},"492":{"start":{"line":493,"column":0},"end":{"line":493,"column":20}},"493":{"start":{"line":494,"column":0},"end":{"line":494,"column":38}},"494":{"start":{"line":495,"column":0},"end":{"line":495,"column":5}},"495":{"start":{"line":496,"column":0},"end":{"line":496,"column":1}},"496":{"start":{"line":497,"column":0},"end":{"line":497,"column":0}},"497":{"start":{"line":498,"column":0},"end":{"line":498,"column":48}},"498":{"start":{"line":499,"column":0},"end":{"line":499,"column":20}},"499":{"start":{"line":500,"column":0},"end":{"line":500,"column":40}},"500":{"start":{"line":501,"column":0},"end":{"line":501,"column":5}},"501":{"start":{"line":502,"column":0},"end":{"line":502,"column":1}},"502":{"start":{"line":503,"column":0},"end":{"line":503,"column":0}},"503":{"start":{"line":504,"column":0},"end":{"line":504,"column":54}},"504":{"start":{"line":505,"column":0},"end":{"line":505,"column":39}},"505":{"start":{"line":506,"column":0},"end":{"line":506,"column":39}},"506":{"start":{"line":507,"column":0},"end":{"line":507,"column":33}},"507":{"start":{"line":508,"column":0},"end":{"line":508,"column":36}},"508":{"start":{"line":509,"column":0},"end":{"line":509,"column":5}},"509":{"start":{"line":510,"column":0},"end":{"line":510,"column":33}},"510":{"start":{"line":511,"column":0},"end":{"line":511,"column":27}},"511":{"start":{"line":512,"column":0},"end":{"line":512,"column":34}},"512":{"start":{"line":513,"column":0},"end":{"line":513,"column":27}},"513":{"start":{"line":514,"column":0},"end":{"line":514,"column":58}},"514":{"start":{"line":515,"column":0},"end":{"line":515,"column":1}},"515":{"start":{"line":516,"column":0},"end":{"line":516,"column":0}},"516":{"start":{"line":517,"column":0},"end":{"line":517,"column":52}},"517":{"start":{"line":518,"column":0},"end":{"line":518,"column":53}},"518":{"start":{"line":519,"column":0},"end":{"line":519,"column":32}},"519":{"start":{"line":520,"column":0},"end":{"line":520,"column":34}},"520":{"start":{"line":521,"column":0},"end":{"line":521,"column":43}},"521":{"start":{"line":522,"column":0},"end":{"line":522,"column":64}},"522":{"start":{"line":523,"column":0},"end":{"line":523,"column":35}},"523":{"start":{"line":524,"column":0},"end":{"line":524,"column":5}},"524":{"start":{"line":525,"column":0},"end":{"line":525,"column":32}},"525":{"start":{"line":526,"column":0},"end":{"line":526,"column":42}},"526":{"start":{"line":527,"column":0},"end":{"line":527,"column":33}},"527":{"start":{"line":528,"column":0},"end":{"line":528,"column":42}},"528":{"start":{"line":529,"column":0},"end":{"line":529,"column":56}},"529":{"start":{"line":530,"column":0},"end":{"line":530,"column":1}},"530":{"start":{"line":531,"column":0},"end":{"line":531,"column":0}},"531":{"start":{"line":532,"column":0},"end":{"line":532,"column":0}},"532":{"start":{"line":533,"column":0},"end":{"line":533,"column":41}},"533":{"start":{"line":534,"column":0},"end":{"line":534,"column":58}},"534":{"start":{"line":535,"column":0},"end":{"line":535,"column":36}},"535":{"start":{"line":536,"column":0},"end":{"line":536,"column":48}},"536":{"start":{"line":537,"column":0},"end":{"line":537,"column":2}},"537":{"start":{"line":538,"column":0},"end":{"line":538,"column":0}},"538":{"start":{"line":539,"column":0},"end":{"line":539,"column":44}},"539":{"start":{"line":540,"column":0},"end":{"line":540,"column":58}},"540":{"start":{"line":541,"column":0},"end":{"line":541,"column":36}},"541":{"start":{"line":542,"column":0},"end":{"line":542,"column":51}},"542":{"start":{"line":543,"column":0},"end":{"line":543,"column":20}},"543":{"start":{"line":544,"column":0},"end":{"line":544,"column":76}},"544":{"start":{"line":545,"column":0},"end":{"line":545,"column":5}},"545":{"start":{"line":546,"column":0},"end":{"line":546,"column":2}},"546":{"start":{"line":547,"column":0},"end":{"line":547,"column":0}},"547":{"start":{"line":548,"column":0},"end":{"line":548,"column":27}},"548":{"start":{"line":549,"column":0},"end":{"line":549,"column":14}},"549":{"start":{"line":550,"column":0},"end":{"line":550,"column":4}},"550":{"start":{"line":551,"column":0},"end":{"line":551,"column":20}},"551":{"start":{"line":552,"column":0},"end":{"line":552,"column":9}},"552":{"start":{"line":553,"column":0},"end":{"line":553,"column":20}},"553":{"start":{"line":554,"column":0},"end":{"line":554,"column":38}},"554":{"start":{"line":555,"column":0},"end":{"line":555,"column":77}},"555":{"start":{"line":556,"column":0},"end":{"line":556,"column":40}},"556":{"start":{"line":557,"column":0},"end":{"line":557,"column":38}},"557":{"start":{"line":558,"column":0},"end":{"line":558,"column":42}},"558":{"start":{"line":559,"column":0},"end":{"line":559,"column":85}},"559":{"start":{"line":560,"column":0},"end":{"line":560,"column":29}},"560":{"start":{"line":561,"column":0},"end":{"line":561,"column":16}},"561":{"start":{"line":562,"column":0},"end":{"line":562,"column":48}},"562":{"start":{"line":563,"column":0},"end":{"line":563,"column":9}},"563":{"start":{"line":564,"column":0},"end":{"line":564,"column":81}},"564":{"start":{"line":565,"column":0},"end":{"line":565,"column":37}},"565":{"start":{"line":566,"column":0},"end":{"line":566,"column":22}},"566":{"start":{"line":567,"column":0},"end":{"line":567,"column":49}},"567":{"start":{"line":568,"column":0},"end":{"line":568,"column":88}},"568":{"start":{"line":569,"column":0},"end":{"line":569,"column":51}},"569":{"start":{"line":570,"column":0},"end":{"line":570,"column":46}},"570":{"start":{"line":571,"column":0},"end":{"line":571,"column":16}},"571":{"start":{"line":572,"column":0},"end":{"line":572,"column":12}},"572":{"start":{"line":573,"column":0},"end":{"line":573,"column":5}},"573":{"start":{"line":574,"column":0},"end":{"line":574,"column":1}},"574":{"start":{"line":575,"column":0},"end":{"line":575,"column":0}},"575":{"start":{"line":576,"column":0},"end":{"line":576,"column":0}},"576":{"start":{"line":577,"column":0},"end":{"line":577,"column":0}},"577":{"start":{"line":578,"column":0},"end":{"line":578,"column":0}},"578":{"start":{"line":579,"column":0},"end":{"line":579,"column":0}},"579":{"start":{"line":580,"column":0},"end":{"line":580,"column":0}},"580":{"start":{"line":581,"column":0},"end":{"line":581,"column":0}},"581":{"start":{"line":582,"column":0},"end":{"line":582,"column":0}},"582":{"start":{"line":583,"column":0},"end":{"line":583,"column":0}},"583":{"start":{"line":584,"column":0},"end":{"line":584,"column":0}},"584":{"start":{"line":585,"column":0},"end":{"line":585,"column":10}},"585":{"start":{"line":586,"column":0},"end":{"line":586,"column":11}},"586":{"start":{"line":587,"column":0},"end":{"line":587,"column":52}},"587":{"start":{"line":588,"column":0},"end":{"line":588,"column":0}},"588":{"start":{"line":589,"column":0},"end":{"line":589,"column":11}},"589":{"start":{"line":590,"column":0},"end":{"line":590,"column":0}},"590":{"start":{"line":591,"column":0},"end":{"line":591,"column":25}},"591":{"start":{"line":592,"column":0},"end":{"line":592,"column":25}},"592":{"start":{"line":593,"column":0},"end":{"line":593,"column":9}},"593":{"start":{"line":594,"column":0},"end":{"line":594,"column":20}},"594":{"start":{"line":595,"column":0},"end":{"line":595,"column":81}},"595":{"start":{"line":596,"column":0},"end":{"line":596,"column":5}},"596":{"start":{"line":597,"column":0},"end":{"line":597,"column":1}},"597":{"start":{"line":598,"column":0},"end":{"line":598,"column":0}},"598":{"start":{"line":599,"column":0},"end":{"line":599,"column":24}},"599":{"start":{"line":600,"column":0},"end":{"line":600,"column":1}},"600":{"start":{"line":601,"column":0},"end":{"line":601,"column":0}},"601":{"start":{"line":602,"column":0},"end":{"line":602,"column":43}},"602":{"start":{"line":603,"column":0},"end":{"line":603,"column":44}},"603":{"start":{"line":604,"column":0},"end":{"line":604,"column":17}},"604":{"start":{"line":605,"column":0},"end":{"line":605,"column":38}},"605":{"start":{"line":606,"column":0},"end":{"line":606,"column":30}},"606":{"start":{"line":607,"column":0},"end":{"line":607,"column":27}},"607":{"start":{"line":608,"column":0},"end":{"line":608,"column":29}},"608":{"start":{"line":609,"column":0},"end":{"line":609,"column":7}},"609":{"start":{"line":610,"column":0},"end":{"line":610,"column":16}},"610":{"start":{"line":611,"column":0},"end":{"line":611,"column":5}},"611":{"start":{"line":612,"column":0},"end":{"line":612,"column":7}},"612":{"start":{"line":613,"column":0},"end":{"line":613,"column":7}},"613":{"start":{"line":614,"column":0},"end":{"line":614,"column":56}},"614":{"start":{"line":615,"column":0},"end":{"line":615,"column":93}},"615":{"start":{"line":616,"column":0},"end":{"line":616,"column":67}},"616":{"start":{"line":617,"column":0},"end":{"line":617,"column":98}},"617":{"start":{"line":618,"column":0},"end":{"line":618,"column":40}},"618":{"start":{"line":619,"column":0},"end":{"line":619,"column":80}},"619":{"start":{"line":620,"column":0},"end":{"line":620,"column":7}},"620":{"start":{"line":621,"column":0},"end":{"line":621,"column":39}},"621":{"start":{"line":622,"column":0},"end":{"line":622,"column":42}},"622":{"start":{"line":623,"column":0},"end":{"line":623,"column":5}},"623":{"start":{"line":624,"column":0},"end":{"line":624,"column":62}},"624":{"start":{"line":625,"column":0},"end":{"line":625,"column":21}},"625":{"start":{"line":626,"column":0},"end":{"line":626,"column":5}},"626":{"start":{"line":627,"column":0},"end":{"line":627,"column":58}},"627":{"start":{"line":628,"column":0},"end":{"line":628,"column":80}},"628":{"start":{"line":629,"column":0},"end":{"line":629,"column":20}},"629":{"start":{"line":630,"column":0},"end":{"line":630,"column":5}},"630":{"start":{"line":631,"column":0},"end":{"line":631,"column":24}},"631":{"start":{"line":632,"column":0},"end":{"line":632,"column":42}},"632":{"start":{"line":633,"column":0},"end":{"line":633,"column":5}},"633":{"start":{"line":634,"column":0},"end":{"line":634,"column":1}},"634":{"start":{"line":635,"column":0},"end":{"line":635,"column":54}},"635":{"start":{"line":636,"column":0},"end":{"line":636,"column":20}},"636":{"start":{"line":637,"column":0},"end":{"line":637,"column":11}},"637":{"start":{"line":638,"column":0},"end":{"line":638,"column":6}},"638":{"start":{"line":639,"column":0},"end":{"line":639,"column":0}},"639":{"start":{"line":640,"column":0},"end":{"line":640,"column":47}},"640":{"start":{"line":641,"column":0},"end":{"line":641,"column":49}},"641":{"start":{"line":642,"column":0},"end":{"line":642,"column":5}},"642":{"start":{"line":643,"column":0},"end":{"line":643,"column":59}},"643":{"start":{"line":644,"column":0},"end":{"line":644,"column":38}},"644":{"start":{"line":645,"column":0},"end":{"line":645,"column":5}},"645":{"start":{"line":646,"column":0},"end":{"line":646,"column":50}},"646":{"start":{"line":647,"column":0},"end":{"line":647,"column":49}},"647":{"start":{"line":648,"column":0},"end":{"line":648,"column":5}},"648":{"start":{"line":649,"column":0},"end":{"line":649,"column":38}},"649":{"start":{"line":650,"column":0},"end":{"line":650,"column":54}},"650":{"start":{"line":651,"column":0},"end":{"line":651,"column":0}},"651":{"start":{"line":652,"column":0},"end":{"line":652,"column":5}},"652":{"start":{"line":653,"column":0},"end":{"line":653,"column":49}},"653":{"start":{"line":654,"column":0},"end":{"line":654,"column":32}},"654":{"start":{"line":655,"column":0},"end":{"line":655,"column":27}},"655":{"start":{"line":656,"column":0},"end":{"line":656,"column":55}},"656":{"start":{"line":657,"column":0},"end":{"line":657,"column":20}},"657":{"start":{"line":658,"column":0},"end":{"line":658,"column":40}},"658":{"start":{"line":659,"column":0},"end":{"line":659,"column":19}},"659":{"start":{"line":660,"column":0},"end":{"line":660,"column":25}},"660":{"start":{"line":661,"column":0},"end":{"line":661,"column":12}},"661":{"start":{"line":662,"column":0},"end":{"line":662,"column":8}},"662":{"start":{"line":663,"column":0},"end":{"line":663,"column":4}},"663":{"start":{"line":664,"column":0},"end":{"line":664,"column":0}},"664":{"start":{"line":665,"column":0},"end":{"line":665,"column":48}},"665":{"start":{"line":666,"column":0},"end":{"line":666,"column":55}},"666":{"start":{"line":667,"column":0},"end":{"line":667,"column":23}},"667":{"start":{"line":668,"column":0},"end":{"line":668,"column":39}},"668":{"start":{"line":669,"column":0},"end":{"line":669,"column":20}},"669":{"start":{"line":670,"column":0},"end":{"line":670,"column":4}},"670":{"start":{"line":671,"column":0},"end":{"line":671,"column":0}},"671":{"start":{"line":672,"column":0},"end":{"line":672,"column":63}},"672":{"start":{"line":673,"column":0},"end":{"line":673,"column":33}},"673":{"start":{"line":674,"column":0},"end":{"line":674,"column":43}},"674":{"start":{"line":675,"column":0},"end":{"line":675,"column":43}},"675":{"start":{"line":676,"column":0},"end":{"line":676,"column":36}},"676":{"start":{"line":677,"column":0},"end":{"line":677,"column":61}},"677":{"start":{"line":678,"column":0},"end":{"line":678,"column":20}},"678":{"start":{"line":679,"column":0},"end":{"line":679,"column":64}},"679":{"start":{"line":680,"column":0},"end":{"line":680,"column":19}},"680":{"start":{"line":681,"column":0},"end":{"line":681,"column":27}},"681":{"start":{"line":682,"column":0},"end":{"line":682,"column":12}},"682":{"start":{"line":683,"column":0},"end":{"line":683,"column":8}},"683":{"start":{"line":684,"column":0},"end":{"line":684,"column":19}},"684":{"start":{"line":685,"column":0},"end":{"line":685,"column":4}},"685":{"start":{"line":686,"column":0},"end":{"line":686,"column":0}},"686":{"start":{"line":687,"column":0},"end":{"line":687,"column":0}},"687":{"start":{"line":688,"column":0},"end":{"line":688,"column":38}},"688":{"start":{"line":689,"column":0},"end":{"line":689,"column":34}},"689":{"start":{"line":690,"column":0},"end":{"line":690,"column":44}},"690":{"start":{"line":691,"column":0},"end":{"line":691,"column":8}},"691":{"start":{"line":692,"column":0},"end":{"line":692,"column":20}},"692":{"start":{"line":693,"column":0},"end":{"line":693,"column":4}},"693":{"start":{"line":694,"column":0},"end":{"line":694,"column":0}},"694":{"start":{"line":695,"column":0},"end":{"line":695,"column":45}},"695":{"start":{"line":696,"column":0},"end":{"line":696,"column":41}},"696":{"start":{"line":697,"column":0},"end":{"line":697,"column":16}},"697":{"start":{"line":698,"column":0},"end":{"line":698,"column":30}},"698":{"start":{"line":699,"column":0},"end":{"line":699,"column":23}},"699":{"start":{"line":700,"column":0},"end":{"line":700,"column":24}},"700":{"start":{"line":701,"column":0},"end":{"line":701,"column":12}},"701":{"start":{"line":702,"column":0},"end":{"line":702,"column":32}},"702":{"start":{"line":703,"column":0},"end":{"line":703,"column":15}},"703":{"start":{"line":704,"column":0},"end":{"line":704,"column":20}},"704":{"start":{"line":705,"column":0},"end":{"line":705,"column":8}},"705":{"start":{"line":706,"column":0},"end":{"line":706,"column":4}},"706":{"start":{"line":707,"column":0},"end":{"line":707,"column":0}},"707":{"start":{"line":708,"column":0},"end":{"line":708,"column":60}},"708":{"start":{"line":709,"column":0},"end":{"line":709,"column":23}},"709":{"start":{"line":710,"column":0},"end":{"line":710,"column":27}},"710":{"start":{"line":711,"column":0},"end":{"line":711,"column":55}},"711":{"start":{"line":712,"column":0},"end":{"line":712,"column":8}},"712":{"start":{"line":713,"column":0},"end":{"line":713,"column":4}},"713":{"start":{"line":714,"column":0},"end":{"line":714,"column":0}},"714":{"start":{"line":715,"column":0},"end":{"line":715,"column":72}},"715":{"start":{"line":716,"column":0},"end":{"line":716,"column":62}},"716":{"start":{"line":717,"column":0},"end":{"line":717,"column":4}},"717":{"start":{"line":718,"column":0},"end":{"line":718,"column":0}},"718":{"start":{"line":719,"column":0},"end":{"line":719,"column":83}},"719":{"start":{"line":720,"column":0},"end":{"line":720,"column":71}},"720":{"start":{"line":721,"column":0},"end":{"line":721,"column":4}},"721":{"start":{"line":722,"column":0},"end":{"line":722,"column":0}},"722":{"start":{"line":723,"column":0},"end":{"line":723,"column":94}},"723":{"start":{"line":724,"column":0},"end":{"line":724,"column":79}},"724":{"start":{"line":725,"column":0},"end":{"line":725,"column":4}},"725":{"start":{"line":726,"column":0},"end":{"line":726,"column":0}},"726":{"start":{"line":727,"column":0},"end":{"line":727,"column":44}},"727":{"start":{"line":728,"column":0},"end":{"line":728,"column":45}},"728":{"start":{"line":729,"column":0},"end":{"line":729,"column":4}},"729":{"start":{"line":730,"column":0},"end":{"line":730,"column":0}},"730":{"start":{"line":731,"column":0},"end":{"line":731,"column":44}},"731":{"start":{"line":732,"column":0},"end":{"line":732,"column":45}},"732":{"start":{"line":733,"column":0},"end":{"line":733,"column":4}},"733":{"start":{"line":734,"column":0},"end":{"line":734,"column":0}},"734":{"start":{"line":735,"column":0},"end":{"line":735,"column":57}},"735":{"start":{"line":736,"column":0},"end":{"line":736,"column":39}},"736":{"start":{"line":737,"column":0},"end":{"line":737,"column":39}},"737":{"start":{"line":738,"column":0},"end":{"line":738,"column":27}},"738":{"start":{"line":739,"column":0},"end":{"line":739,"column":43}},"739":{"start":{"line":740,"column":0},"end":{"line":740,"column":8}},"740":{"start":{"line":741,"column":0},"end":{"line":741,"column":43}},"741":{"start":{"line":742,"column":0},"end":{"line":742,"column":0}},"742":{"start":{"line":743,"column":0},"end":{"line":743,"column":4}},"743":{"start":{"line":744,"column":0},"end":{"line":744,"column":0}},"744":{"start":{"line":745,"column":0},"end":{"line":745,"column":55}},"745":{"start":{"line":746,"column":0},"end":{"line":746,"column":38}},"746":{"start":{"line":747,"column":0},"end":{"line":747,"column":26}},"747":{"start":{"line":748,"column":0},"end":{"line":748,"column":44}},"748":{"start":{"line":749,"column":0},"end":{"line":749,"column":8}},"749":{"start":{"line":750,"column":0},"end":{"line":750,"column":55}},"750":{"start":{"line":751,"column":0},"end":{"line":751,"column":4}},"751":{"start":{"line":752,"column":0},"end":{"line":752,"column":0}},"752":{"start":{"line":753,"column":0},"end":{"line":753,"column":30}},"753":{"start":{"line":754,"column":0},"end":{"line":754,"column":0}},"754":{"start":{"line":755,"column":0},"end":{"line":755,"column":4}},"755":{"start":{"line":756,"column":0},"end":{"line":756,"column":0}},"756":{"start":{"line":757,"column":0},"end":{"line":757,"column":73}},"757":{"start":{"line":758,"column":0},"end":{"line":758,"column":40}},"758":{"start":{"line":759,"column":0},"end":{"line":759,"column":4}},"759":{"start":{"line":760,"column":0},"end":{"line":760,"column":0}},"760":{"start":{"line":761,"column":0},"end":{"line":761,"column":55}},"761":{"start":{"line":762,"column":0},"end":{"line":762,"column":38}},"762":{"start":{"line":763,"column":0},"end":{"line":763,"column":26}},"763":{"start":{"line":764,"column":0},"end":{"line":764,"column":43}},"764":{"start":{"line":765,"column":0},"end":{"line":765,"column":12}},"765":{"start":{"line":766,"column":0},"end":{"line":766,"column":34}},"766":{"start":{"line":767,"column":0},"end":{"line":767,"column":21}},"767":{"start":{"line":768,"column":0},"end":{"line":768,"column":4}},"768":{"start":{"line":769,"column":0},"end":{"line":769,"column":0}},"769":{"start":{"line":770,"column":0},"end":{"line":770,"column":73}},"770":{"start":{"line":771,"column":0},"end":{"line":771,"column":35}},"771":{"start":{"line":772,"column":0},"end":{"line":772,"column":47}},"772":{"start":{"line":773,"column":0},"end":{"line":773,"column":30}},"773":{"start":{"line":774,"column":0},"end":{"line":774,"column":53}},"774":{"start":{"line":7
[...]
91,"column":0},"end":{"line":191,"column":26}},"191":{"start":{"line":192,"column":0},"end":{"line":192,"column":3}},"192":{"start":{"line":193,"column":0},"end":{"line":193,"column":22}},"193":{"start":{"line":194,"column":0},"end":{"line":194,"column":24}},"194":{"start":{"line":195,"column":0},"end":{"line":195,"column":26}},"195":{"start":{"line":196,"column":0},"end":{"line":196,"column":29}},"196":{"start":{"line":197,"column":0},"end":{"line":197,"column":34}},"197":{"start":{"line":198,"column":0},"end":{"line":198,"column":31}},"198":{"start":{"line":199,"column":0},"end":{"line":199,"column":7}},"199":{"start":{"line":200,"column":0},"end":{"line":200,"column":7}},"200":{"start":{"line":201,"column":0},"end":{"line":201,"column":17}},"201":{"start":{"line":202,"column":0},"end":{"line":202,"column":4}},"202":{"start":{"line":203,"column":0},"end":{"line":203,"column":27}},"203":{"start":{"line":204,"column":0},"end":{"line":204,"column":39}},"204":{"start":{"line":205,"column":0},"end":{"line":205,"column":20}},"205":{"start":{"line":206,"column":0},"end":{"line":206,"column":20}},"206":{"start":{"line":207,"column":0},"end":{"line":207,"column":14}},"207":{"start":{"line":208,"column":0},"end":{"line":208,"column":21}},"208":{"start":{"line":209,"column":0},"end":{"line":209,"column":25}},"209":{"start":{"line":210,"column":0},"end":{"line":210,"column":17}},"210":{"start":{"line":211,"column":0},"end":{"line":211,"column":22}},"211":{"start":{"line":212,"column":0},"end":{"line":212,"column":18}},"212":{"start":{"line":213,"column":0},"end":{"line":213,"column":22}},"213":{"start":{"line":214,"column":0},"end":{"line":214,"column":19}},"214":{"start":{"line":215,"column":0},"end":{"line":215,"column":24}},"215":{"start":{"line":216,"column":0},"end":{"line":216,"column":19}},"216":{"start":{"line":217,"column":0},"end":{"line":217,"column":1}},"217":{"start":{"line":218,"column":0},"end":{"line":218,"column":0}},"218":{"start":{"line":219,"column":0},"end":{"line":219,"column":29}},"219":{"start":{"line":220,"column":0},"end":{"line":220,"column":20}},"220":{"start":{"line":221,"column":0},"end":{"line":221,"column":16}},"221":{"start":{"line":222,"column":0},"end":{"line":222,"column":31}},"222":{"start":{"line":223,"column":0},"end":{"line":223,"column":29}},"223":{"start":{"line":224,"column":0},"end":{"line":224,"column":36}},"224":{"start":{"line":225,"column":0},"end":{"line":225,"column":12}},"225":{"start":{"line":226,"column":0},"end":{"line":226,"column":3}},"226":{"start":{"line":227,"column":0},"end":{"line":227,"column":1}},"227":{"start":{"line":228,"column":0},"end":{"line":228,"column":0}},"228":{"start":{"line":229,"column":0},"end":{"line":229,"column":29}},"229":{"start":{"line":230,"column":0},"end":{"line":230,"column":20}},"230":{"start":{"line":231,"column":0},"end":{"line":231,"column":16}},"231":{"start":{"line":232,"column":0},"end":{"line":232,"column":31}},"232":{"start":{"line":233,"column":0},"end":{"line":233,"column":29}},"233":{"start":{"line":234,"column":0},"end":{"line":234,"column":36}},"234":{"start":{"line":235,"column":0},"end":{"line":235,"column":12}},"235":{"start":{"line":236,"column":0},"end":{"line":236,"column":3}},"236":{"start":{"line":237,"column":0},"end":{"line":237,"column":1}},"237":{"start":{"line":238,"column":0},"end":{"line":238,"column":0}},"238":{"start":{"line":239,"column":0},"end":{"line":239,"column":29}},"239":{"start":{"line":240,"column":0},"end":{"line":240,"column":22}},"240":{"start":{"line":241,"column":0},"end":{"line":241,"column":21}},"241":{"start":{"line":242,"column":0},"end":{"line":242,"column":56}},"242":{"start":{"line":243,"column":0},"end":{"line":243,"column":64}},"243":{"start":{"line":244,"column":0},"end":{"line":244,"column":12}},"244":{"start":{"line":245,"column":0},"end":{"line":245,"column":63}},"245":{"start":{"line":246,"column":0},"end":{"line":246,"column":5}},"246":{"start":{"line":247,"column":0},"end":{"line":247,"column":1}},"247":{"start":{"line":248,"column":0},"end":{"line":248,"column":0}},"248":{"start":{"line":249,"column":0},"end":{"line":249,"column":29}},"249":{"start":{"line":250,"column":0},"end":{"line":250,"column":22}},"250":{"start":{"line":251,"column":0},"end":{"line":251,"column":21}},"251":{"start":{"line":252,"column":0},"end":{"line":252,"column":56}},"252":{"start":{"line":253,"column":0},"end":{"line":253,"column":64}},"253":{"start":{"line":254,"column":0},"end":{"line":254,"column":24}},"254":{"start":{"line":255,"column":0},"end":{"line":255,"column":12}},"255":{"start":{"line":256,"column":0},"end":{"line":256,"column":63}},"256":{"start":{"line":257,"column":0},"end":{"line":257,"column":5}},"257":{"start":{"line":258,"column":0},"end":{"line":258,"column":1}},"258":{"start":{"line":259,"column":0},"end":{"line":259,"column":0}},"259":{"start":{"line":260,"column":0},"end":{"line":260,"column":24}},"260":{"start":{"line":261,"column":0},"end":{"line":261,"column":21}},"261":{"start":{"line":262,"column":0},"end":{"line":262,"column":26}},"262":{"start":{"line":263,"column":0},"end":{"line":263,"column":27}},"263":{"start":{"line":264,"column":0},"end":{"line":264,"column":27}},"264":{"start":{"line":265,"column":0},"end":{"line":265,"column":26}},"265":{"start":{"line":266,"column":0},"end":{"line":266,"column":56}},"266":{"start":{"line":267,"column":0},"end":{"line":267,"column":19}},"267":{"start":{"line":268,"column":0},"end":{"line":268,"column":24}},"268":{"start":{"line":269,"column":0},"end":{"line":269,"column":24}},"269":{"start":{"line":270,"column":0},"end":{"line":270,"column":22}},"270":{"start":{"line":271,"column":0},"end":{"line":271,"column":22}},"271":{"start":{"line":272,"column":0},"end":{"line":272,"column":6}},"272":{"start":{"line":273,"column":0},"end":{"line":273,"column":51}},"273":{"start":{"line":274,"column":0},"end":{"line":274,"column":20}},"274":{"start":{"line":275,"column":0},"end":{"line":275,"column":65}},"275":{"start":{"line":276,"column":0},"end":{"line":276,"column":5}},"276":{"start":{"line":277,"column":0},"end":{"line":277,"column":75}},"277":{"start":{"line":278,"column":0},"end":{"line":278,"column":0}},"278":{"start":{"line":279,"column":0},"end":{"line":279,"column":2}},"279":{"start":{"line":280,"column":0},"end":{"line":280,"column":0}},"280":{"start":{"line":281,"column":0},"end":{"line":281,"column":30}},"281":{"start":{"line":282,"column":0},"end":{"line":282,"column":21}},"282":{"start":{"line":283,"column":0},"end":{"line":283,"column":29}},"283":{"start":{"line":284,"column":0},"end":{"line":284,"column":27}},"284":{"start":{"line":285,"column":0},"end":{"line":285,"column":26}},"285":{"start":{"line":286,"column":0},"end":{"line":286,"column":56}},"286":{"start":{"line":287,"column":0},"end":{"line":287,"column":22}},"287":{"start":{"line":288,"column":0},"end":{"line":288,"column":32}},"288":{"start":{"line":289,"column":0},"end":{"line":289,"column":36}},"289":{"start":{"line":290,"column":0},"end":{"line":290,"column":6}},"290":{"start":{"line":291,"column":0},"end":{"line":291,"column":51}},"291":{"start":{"line":292,"column":0},"end":{"line":292,"column":20}},"292":{"start":{"line":293,"column":0},"end":{"line":293,"column":65}},"293":{"start":{"line":294,"column":0},"end":{"line":294,"column":5}},"294":{"start":{"line":295,"column":0},"end":{"line":295,"column":71}},"295":{"start":{"line":296,"column":0},"end":{"line":296,"column":2}}},"s":{"0":1,"1":1,"2":1,"3":1,"4":1,"5":1,"6":1,"7":1,"8":1,"9":1,"10":1,"11":1,"12":1,"13":1,"14":1,"15":1,"16":1,"17":1,"18":1,"19":1,"20":1,"21":1,"22":1,"23":1,"24":1,"25":90,"26":90,"27":90,"28":90,"29":1,"30":1,"31":19,"32":19,"33":19,"34":19,"35":1,"36":1,"37":40,"38":40,"39":40,"40":40,"41":40,"42":40,"43":40,"44":40,"45":40,"46":40,"47":40,"48":40,"49":40,"50":40,"51":40,"52":40,"53":40,"54":40,"55":39,"56":40,"57":40,"58":40,"59":40,"60":1,"61":115,"62":115,"63":115,"64":115,"65":115,"66":115,"67":1,"68":1,"69":1,"70":1,"71":1,"72":1,"73":1,"74":1,"75":1,"76":1,"77":315,"78":315,"79":315,"80":315,"81":1,"82":1,"83":1,"84":1,"85":1,"86":1,"87":1,"88":1,"89":1,"90":1,"91":1,"92":1,"93":1,"94":1,"95":1,"96":1,"97":1,"98":1,"99":1,"100":1,"101":1,"102":1,"103":1,"104":1,"105":1,"106":1,"107":1,"108":1,"109":1,"110":1,"111":1,"112":1,"113":1,"114":1,"115":1,"116":1,"117":1,"118":1,"119":1,"120":1,"121":1,"122":1,"123":20,"124":1,"125":1,"126":1,"127":1,"128":1,"129":1,"130":1,"131":1,"132":1,"133":1,"134":1,"135":1,"136":1,"137":1,"138":1,"139":1,"140":1,"141":1,"142":1,"143":1,"144":1,"145":81,"146":81,"147":81,"148":81,"149":58,"150":58,"151":58,"152":58,"153":81,"154":23,"155":23,"156":23,"157":23,"158":23,"159":0,"160":23,"161":23,"162":23,"163":1,"164":7,"165":7,"166":7,"167":7,"168":7,"169":7,"170":7,"171":7,"172":7,"173":1,"174":5,"175":5,"176":5,"177":5,"178":5,"179":5,"180":12,"181":12,"182":12,"183":12,"184":12,"185":12,"186":12,"187":12,"188":5,"189":5,"190":5,"191":5,"192":1,"193":14,"194":14,"195":14,"196":14,"197":14,"198":14,"199":14,"200":14,"201":1,"202":0,"203":0,"204":0,"205":0,"206":0,"207":0,"208":0,"209":0,"210":0,"211":0,"212":0,"213":0,"214":0,"215":0,"216":0,"217":1,"218":61,"219":61,"220":61,"221":61,"222":124,"223":124,"224":61,"225":61,"226":61,"227":1,"228":8,"229":8,"230":8,"231":8,"232":18,"233":18,"234":8,"235":8,"236":8,"237":1,"238":46,"239":46,"240":46,"241":46,"242":46,"243":46,"244":46,"245":46,"246":46,"247":1,"248":8,"249":8,"250":8,"251":8,"252":8,"253":8,"254":8,"255":8,"256":8,"257":8,"258":1,"259":1,"260":3,"261":3,"262":3,"263":3,"264":3,"265":3,"266":3,"267":3,"268":3,"269":3,"270":3,"271":3,"272":3,"273":3,"274":0,"275":0,"276":3,"277":3,"278":3,"279":1,"280":1,"281":1,"282":1,"283":1,"284":1,"285":1,"286":1,"287":1,"288":1,"289":1,"290":1,"291":1,"292":0,"293":0,"294":1,"295":1},"branchMap":{"0":{"type":"branch","line":25,"loc":{"start":{"line":25,"column":32},"end":{"line":30,"column":3}},"locations":[{"start":{"line":25,"column":32},"end":{"line":30,"column":3}}]},"1":{"type":"branch","line":31,"loc":{"start":{"line":31,"column":20},"end":{"line":36,"column":3}},"locations":[{"start":{"line":31,"column":20},"end":{"line":36,"column":3}}]},"2":{"type":"branch","line":37,"loc":{"start":{"line":37,"column":20},"end":{"line":60,"column":3}},"locations":[{"start":{"line":37,"column":20},"end":{"line":60,"column":3}}]},"3":{"type":"branch","line":50,"loc":{"start":{"line":50,"column":5},"end":{"line":50,"column":28}},"locations":[{"start":{"line":50,"column":5},"end":{"line":50,"column":28}}]},"4":{"type":"branch","line":52,"loc":{"start":{"line":52,"column":6},"end":{"line":52,"column":25}},"locations":[{"start":{"line":52,"column":6},"end":{"line":52,"column":25}}]},"5":{"type":"branch","line":54,"loc":{"start":{"line":54,"column":7},"end":{"line":54,"column":25}},"locations":[{"start":{"line":54,"column":7},"end":{"line":54,"column":25}}]},"6":{"type":"branch","line":55,"loc":{"start":{"line":55,"column":7},"end":{"line":57,"column":21}},"locations":[{"start":{"line":55,"column":7},"end":{"line":57,"column":21}}]},"7":{"type":"branch","line":56,"loc":{"start":{"line":56,"column":8},"end":{"line":56,"column":27}},"locations":[{"start":{"line":56,"column":8},"end":{"line":56,"column":27}}]},"8":{"type":"branch","line":61,"loc":{"start":{"line":61,"column":18},"end":{"line":68,"column":3}},"locations":[{"start":{"line":61,"column":18},"end":{"line":68,"column":3}}]},"9":{"type":"branch","line":69,"loc":{"start":{"line":69,"column":14},"end":{"line":76,"column":3}},"locations":[{"start":{"line":69,"column":14},"end":{"line":76,"column":3}}]},"10":{"type":"branch","line":77,"loc":{"start":{"line":77,"column":31},"end":{"line":82,"column":2}},"locations":[{"start":{"line":77,"column":31},"end":{"line":82,"column":2}}]},"11":{"type":"branch","line":123,"loc":{"start":{"line":123,"column":1},"end":{"line":125,"column":27}},"locations":[{"start":{"line":123,"column":1},"end":{"line":125,"column":27}}]},"12":{"type":"branch","line":124,"loc":{"start":{"line":124,"column":2},"end":{"line":125,"column":27}},"locations":[{"start":{"line":124,"column":2},"end":{"line":125,"column":27}}]},"13":{"type":"branch","line":145,"loc":{"start":{"line":145,"column":32},"end":{"line":163,"column":6}},"locations":[{"start":{"line":145,"column":32},"end":{"line":163,"column":6}}]},"14":{"type":"branch","line":149,"loc":{"start":{"line":149,"column":3},"end":{"line":153,"column":5}},"locations":[{"start":{"line":149,"column":3},"end":{"line":153,"column":5}}]},"15":{"type":"branch","line":154,"loc":{"start":{"line":154,"column":3},"end":{"line":163,"column":6}},"locations":[{"start":{"line":154,"column":3},"end":{"line":163,"column":6}}]},"16":{"type":"branch","line":159,"loc":{"start":{"line":159,"column":7},"end":{"line":161,"column":16}},"locations":[{"start":{"line":159,"column":7},"end":{"line":161,"column":16}}]},"17":{"type":"branch","line":164,"loc":{"start":{"line":164,"column":17},"end":{"line":173,"column":3}},"locations":[{"start":{"line":164,"column":17},"end":{"line":173,"column":3}}]},"18":{"type":"branch","line":168,"loc":{"start":{"line":168,"column":33},"end":{"line":168,"column":51}},"locations":[{"start":{"line":168,"column":33},"end":{"line":168,"column":51}}]},"19":{"type":"branch","line":171,"loc":{"start":{"line":171,"column":40},"end":{"line":171,"column":53}},"locations":[{"start":{"line":171,"column":40},"end":{"line":171,"column":53}}]},"20":{"type":"branch","line":174,"loc":{"start":{"line":174,"column":23},"end":{"line":192,"column":3}},"locations":[{"start":{"line":174,"column":23},"end":{"line":192,"column":3}}]},"21":{"type":"branch","line":180,"loc":{"start":{"line":180,"column":3},"end":{"line":189,"column":4}},"locations":[{"start":{"line":180,"column":3},"end":{"line":189,"column":4}}]},"22":{"type":"branch","line":193,"loc":{"start":{"line":193,"column":21},"end":{"line":202,"column":3}},"locations":[{"start":{"line":193,"column":21},"end":{"line":202,"column":3}}]},"23":{"type":"branch","line":219,"loc":{"start":{"line":219,"column":0},"end":{"line":227,"column":1}},"locations":[{"start":{"line":219,"column":0},"end":{"line":227,"column":1}}]},"24":{"type":"branch","line":222,"loc":{"start":{"line":222,"column":22},"end":{"line":225,"column":11}},"locations":[{"start":{"line":222,"column":22},"end":{"line":225,"column":11}}]},"25":{"type":"branch","line":224,"loc":{"start":{"line":224,"column":3},"end":{"line":224,"column":36}},"locations":[{"start":{"line":224,"column":3},"end":{"line":224,"column":36}}]},"26":{"type":"branch","line":225,"loc":{"start":{"line":225,"column":3},"end":{"line":225,"column":11}},"locations":[{"start":{"line":225,"column":3},"end":{"line":225,"column":11}}]},"27":{"type":"branch","line":229,"loc":{"start":{"line":229,"column":0},"end":{"line":237,"column":1}},"locations":[{"start":{"line":229,"column":0},"end":{"line":237,"column":1}}]},"28":{"type":"branch","line":232,"loc":{"start":{"line":232,"column":22},"end":{"line":235,"column":11}},"locations":[{"start":{"line":232,"column":22},"end":{"line":235,"column":11}}]},"29":{"type":"branch","line":234,"loc":{"start":{"line":234,"column":3},"end":{"line":234,"column":36}},"locations":[{"start":{"line":234,"column":3},"end":{"line":234,"column":36}}]},"30":{"type":"branch","line":239,"loc":{"start":{"line":239,"column":0},"end":{"line":247,"column":1}},"locations":[{"start":{"line":239,"column":0},"end":{"line":247,"column":1}}]},"31":{"type":"branch","line":249,"loc":{"start":{"line":249,"column":0},"end":{"line":258,"column":1}},"locations":[{"start":{"line":249,"column":0},"end":{"line":258,"column":1}}]},"32":{"type":"branch","line":260,"loc":{"start":{"line":260,"column":23},"end":{"line":279,"column":2}},"locations":[{"start":{"line":260,"column":23},"end":{"line":279,"column":2}}]},"33":{"type":"branch","line":274,"loc":{"start":{"line":274,"column":19},"end":{"line":276,"column":5}},"locations":[{"start":{"line":274,"column":19},"end":{"line":276,"column":5}}]},"34":{"type":"branch","line":281,"loc":{"start":{"line":281,"column":29},"end":{"line":296,"column":2}},"locations":[{"start":{"line":281,"column":29},"end":{"line":296,"column":2}}]},"35":{"type":"branch","line":292,"loc":{"start":{"line":292,"column":19},"end":{"line":294,"column":5}},"locations":[{"start":{"line":292,"column":19},"end":{"line":294,"column":5}}]}},"b":{"0":[90],"1":[19],"2":[40],"3":[0],"4":[0],"5":[1],"6":[39],"7":[0],"8":[115],"9":[1],"10":[315],"11":[20],"12":[70],"13":[81],"14":[58],"15":[23],"16":[0],"17":[7],"18":[22],"19":[22],"20":[5],"21":[12],"22":[14],"23":[61],"24":[124],"25":[15],"26":[109],"27":[8],"28":[18],"29":[0],"30":[46],"31":[8],"32":[3],"33":[0],"34":[1],"35":[0]},"fnMap":{"0":{"name":"make_conjunction","decl":{"start":{"line":25,"column":32},"end":{"line":30,"column":3}},"loc":{"start":{"line":25,"column":32},"end":{"line":30,"column":3}},"line":25},"1":{"name":"make_disjunction","decl":{"start":{"line":31,"column":20},"end":{"line":36,"column":3}},"loc":{"start":{"line":31,"column":20},"end":{"line":36,"column":3}},"line":31},"2":{"name":"make_unification","decl":{"start":{"line":37,"column":20},"end":{"line":60,"column":3}},"loc":{"start":{"line":37,"column":20},"end":{"line":60,"column":3}},"line":37},"3":{"name":"make_predicate","decl":{"start":{"line":61,"column":18},"end":{"line":68,"column":3}},"loc":{"start":{"line":61,"column":18},"end":{"line":68,"column":3}},"line":61},"4":{"name":"make_fresh","decl":{"start":{"line":69,"column":14},"end":{"line":76,"column":3}},"loc":{"start":{"line":69,"column":14},"end":{"line":76,"column":3}},"line":69},"5":{"name":"make_identifier","decl":{"start":{"line":77,"column":31},"end":{"line":82,"column":2}},"loc":{"start":{"line":77,"column":31},"end":{"line":82,"column":2}},"line":77},"6":{"name":"make_literal_ast","decl":{"start":{"line":145,"column":32},"end":{"line":163,"column":6}},"loc":{"start":{"line":145,"column":32},"end":{"line":163,"column":6}},"line":145},"7":{"name":"make_list_ast","decl":{"start":{"line":164,"column":17},"end":{"line":173,"column":3}},"loc":{"start":{"line":164,"column":17},"end":{"line":173,"column":3}},"line":164},"8":{"name":"make_dictionary_ast","decl":{"start":{"line":174,"column":23},"end":{"line":192,"column":3}},"loc":{"start":{"line":174,"column":23},"end":{"line":192,"column":3}},"line":174},"9":{"name":"make_predicate_fn","decl":{"start":{"line":193,"column":21},"end":{"line":202,"column":3}},"loc":{"start":{"line":193,"column":21},"end":{"line":202,"column":3}},"line":193},"10":{"name":"unify_term","decl":{"start":{"line":203,"column":0},"end":{"line":217,"column":1}},"loc":{"start":{"line":203,"column":0},"end":{"line":217,"column":1}},"line":203},"11":{"name":"flattenConjunctions","decl":{"start":{"line":219,"column":0},"end":{"line":227,"column":1}},"loc":{"start":{"line":219,"column":0},"end":{"line":227,"column":1}},"line":219},"12":{"name":"flattenDisjunctions","decl":{"start":{"line":229,"column":0},"end":{"line":237,"column":1}},"loc":{"start":{"line":229,"column":0},"end":{"line":237,"column":1}},"line":229},"13":{"name":"conjunction1","decl":{"start":{"line":239,"column":0},"end":{"line":247,"column":1}},"loc":{"start":{"line":239,"column":0},"end":{"line":247,"column":1}},"line":239},"14":{"name":"disjunction1","decl":{"start":{"line":249,"column":0},"end":{"line":258,"column":1}},"loc":{"start":{"line":249,"column":0},"end":{"line":258,"column":1}},"line":249},"15":{"name":"operate","decl":{"start":{"line":260,"column":23},"end":{"line":279,"column":2}},"loc":{"start":{"line":260,"column":23},"end":{"line":279,"column":2}},"line":260},"16":{"name":"unary_operate","decl":{"start":{"line":281,"column":29},"end":{"line":296,"column":2}},"loc":{"start":{"line":281,"column":29},"end":{"line":296,"column":2}},"line":281}},"f":{"0":90,"1":19,"2":40,"3":115,"4":1,"5":315,"6":81,"7":7,"8":5,"9":14,"10":0,"11":61,"12":8,"13":46,"14":8,"15":3,"16":1}}
}
