{"/home/benjamin/Code/ts/cwal2/src/interpret/goal.ts": {"path":"/home/benjamin/Code/ts/cwal2/src/interpret/goal.ts","all":false,"statementMap":{"0":{"start":{"line":1,"column":0},"end":{"line":1,"column":0}},"1":{"start":{"line":2,"column":0},"end":{"line":2,"column":3}},"2":{"start":{"line":3,"column":0},"end":{"line":3,"column":27}},"3":{"start":{"line":4,"column":0},"end":{"line":4,"column":3}},"4":{"start":{"line":5,"column":0},"end":{"line":5,"column":14}},"5":{"start":{"line":6,"column":0},"end":{"line":6,"column":17}},"6":{"start":{"line":7,"column":0},"end":{"line":7,"column":16}},"7":{"start":{"line":8,"column":0},"end":{"line":8,"column":2}},"8":{"start":{"line":9,"column":0},"end":{"line":9,"column":28}},"9":{"start":{"line":10,"column":0},"end":{"line":10,"column":16}},"10":{"start":{"line":11,"column":0},"end":{"line":11,"column":19}},"11":{"start":{"line":12,"column":0},"end":{"line":12,"column":17}},"12":{"start":{"line":13,"column":0},"end":{"line":13,"column":2}},"13":{"start":{"line":14,"column":0},"end":{"line":14,"column":61}},"14":{"start":{"line":15,"column":0},"end":{"line":15,"column":0}},"15":{"start":{"line":16,"column":0},"end":{"line":16,"column":21}},"16":{"start":{"line":17,"column":0},"end":{"line":17,"column":29}},"17":{"start":{"line":18,"column":0},"end":{"line":18,"column":35}},"18":{"start":{"line":19,"column":0},"end":{"line":19,"column":45}},"19":{"start":{"line":20,"column":0},"end":{"line":20,"column":42}},"20":{"start":{"line":21,"column":0},"end":{"line":21,"column":49}},"21":{"start":{"line":22,"column":0},"end":{"line":22,"column":36}},"22":{"start":{"line":23,"column":0},"end":{"line":23,"column":0}},"23":{"start":{"line":24,"column":0},"end":{"line":24,"column":51}},"24":{"start":{"line":25,"column":0},"end":{"line":25,"column":17}},"25":{"start":{"line":26,"column":0},"end":{"line":26,"column":8}},"26":{"start":{"line":27,"column":0},"end":{"line":27,"column":3}},"27":{"start":{"line":28,"column":0},"end":{"line":28,"column":0}},"28":{"start":{"line":29,"column":0},"end":{"line":29,"column":44}},"29":{"start":{"line":30,"column":0},"end":{"line":30,"column":46}},"30":{"start":{"line":31,"column":0},"end":{"line":31,"column":2}},"31":{"start":{"line":32,"column":0},"end":{"line":32,"column":56}},"32":{"start":{"line":33,"column":0},"end":{"line":33,"column":35}},"33":{"start":{"line":34,"column":0},"end":{"line":34,"column":2}},"34":{"start":{"line":35,"column":0},"end":{"line":35,"column":47}},"35":{"start":{"line":36,"column":0},"end":{"line":36,"column":46}},"36":{"start":{"line":37,"column":0},"end":{"line":37,"column":2}},"37":{"start":{"line":38,"column":0},"end":{"line":38,"column":35}},"38":{"start":{"line":39,"column":0},"end":{"line":39,"column":51}},"39":{"start":{"line":40,"column":0},"end":{"line":40,"column":0}},"40":{"start":{"line":41,"column":0},"end":{"line":41,"column":2}},"41":{"start":{"line":42,"column":0},"end":{"line":42,"column":46}},"42":{"start":{"line":43,"column":0},"end":{"line":43,"column":29}},"43":{"start":{"line":44,"column":0},"end":{"line":44,"column":24}},"44":{"start":{"line":45,"column":0},"end":{"line":45,"column":52}},"45":{"start":{"line":46,"column":0},"end":{"line":46,"column":17}},"46":{"start":{"line":47,"column":0},"end":{"line":47,"column":37}},"47":{"start":{"line":48,"column":0},"end":{"line":48,"column":16}},"48":{"start":{"line":49,"column":0},"end":{"line":49,"column":22}},"49":{"start":{"line":50,"column":0},"end":{"line":50,"column":9}},"50":{"start":{"line":51,"column":0},"end":{"line":51,"column":5}},"51":{"start":{"line":52,"column":0},"end":{"line":52,"column":1}},"52":{"start":{"line":53,"column":0},"end":{"line":53,"column":0}},"53":{"start":{"line":54,"column":0},"end":{"line":54,"column":45}},"54":{"start":{"line":55,"column":0},"end":{"line":55,"column":52}},"55":{"start":{"line":56,"column":0},"end":{"line":56,"column":20}},"56":{"start":{"line":57,"column":0},"end":{"line":57,"column":36}},"57":{"start":{"line":58,"column":0},"end":{"line":58,"column":17}},"58":{"start":{"line":59,"column":0},"end":{"line":59,"column":1}},"59":{"start":{"line":60,"column":0},"end":{"line":60,"column":0}},"60":{"start":{"line":61,"column":0},"end":{"line":61,"column":60}},"61":{"start":{"line":62,"column":0},"end":{"line":62,"column":30}},"62":{"start":{"line":63,"column":0},"end":{"line":63,"column":40}},"63":{"start":{"line":64,"column":0},"end":{"line":64,"column":40}},"64":{"start":{"line":65,"column":0},"end":{"line":65,"column":33}},"65":{"start":{"line":66,"column":0},"end":{"line":66,"column":58}},"66":{"start":{"line":67,"column":0},"end":{"line":67,"column":17}},"67":{"start":{"line":68,"column":0},"end":{"line":68,"column":61}},"68":{"start":{"line":69,"column":0},"end":{"line":69,"column":16}},"69":{"start":{"line":70,"column":0},"end":{"line":70,"column":24}},"70":{"start":{"line":71,"column":0},"end":{"line":71,"column":9}},"71":{"start":{"line":72,"column":0},"end":{"line":72,"column":5}},"72":{"start":{"line":73,"column":0},"end":{"line":73,"column":16}},"73":{"start":{"line":74,"column":0},"end":{"line":74,"column":1}},"74":{"start":{"line":75,"column":0},"end":{"line":75,"column":0}},"75":{"start":{"line":76,"column":0},"end":{"line":76,"column":0}},"76":{"start":{"line":77,"column":0},"end":{"line":77,"column":35}},"77":{"start":{"line":78,"column":0},"end":{"line":78,"column":31}},"78":{"start":{"line":79,"column":0},"end":{"line":79,"column":41}},"79":{"start":{"line":80,"column":0},"end":{"line":80,"column":5}},"80":{"start":{"line":81,"column":0},"end":{"line":81,"column":17}},"81":{"start":{"line":82,"column":0},"end":{"line":82,"column":1}},"82":{"start":{"line":83,"column":0},"end":{"line":83,"column":0}},"83":{"start":{"line":84,"column":0},"end":{"line":84,"column":42}},"84":{"start":{"line":85,"column":0},"end":{"line":85,"column":38}},"85":{"start":{"line":86,"column":0},"end":{"line":86,"column":13}},"86":{"start":{"line":87,"column":0},"end":{"line":87,"column":27}},"87":{"start":{"line":88,"column":0},"end":{"line":88,"column":20}},"88":{"start":{"line":89,"column":0},"end":{"line":89,"column":21}},"89":{"start":{"line":90,"column":0},"end":{"line":90,"column":9}},"90":{"start":{"line":91,"column":0},"end":{"line":91,"column":29}},"91":{"start":{"line":92,"column":0},"end":{"line":92,"column":12}},"92":{"start":{"line":93,"column":0},"end":{"line":93,"column":17}},"93":{"start":{"line":94,"column":0},"end":{"line":94,"column":5}},"94":{"start":{"line":95,"column":0},"end":{"line":95,"column":1}},"95":{"start":{"line":96,"column":0},"end":{"line":96,"column":0}},"96":{"start":{"line":97,"column":0},"end":{"line":97,"column":57}},"97":{"start":{"line":98,"column":0},"end":{"line":98,"column":20}},"98":{"start":{"line":99,"column":0},"end":{"line":99,"column":24}},"99":{"start":{"line":100,"column":0},"end":{"line":100,"column":52}},"100":{"start":{"line":101,"column":0},"end":{"line":101,"column":5}},"101":{"start":{"line":102,"column":0},"end":{"line":102,"column":1}},"102":{"start":{"line":103,"column":0},"end":{"line":103,"column":0}},"103":{"start":{"line":104,"column":0},"end":{"line":104,"column":69}},"104":{"start":{"line":105,"column":0},"end":{"line":105,"column":59}},"105":{"start":{"line":106,"column":0},"end":{"line":106,"column":1}},"106":{"start":{"line":107,"column":0},"end":{"line":107,"column":0}},"107":{"start":{"line":108,"column":0},"end":{"line":108,"column":80}},"108":{"start":{"line":109,"column":0},"end":{"line":109,"column":68}},"109":{"start":{"line":110,"column":0},"end":{"line":110,"column":1}},"110":{"start":{"line":111,"column":0},"end":{"line":111,"column":0}},"111":{"start":{"line":112,"column":0},"end":{"line":112,"column":91}},"112":{"start":{"line":113,"column":0},"end":{"line":113,"column":76}},"113":{"start":{"line":114,"column":0},"end":{"line":114,"column":1}},"114":{"start":{"line":115,"column":0},"end":{"line":115,"column":0}},"115":{"start":{"line":116,"column":0},"end":{"line":116,"column":41}},"116":{"start":{"line":117,"column":0},"end":{"line":117,"column":42}},"117":{"start":{"line":118,"column":0},"end":{"line":118,"column":1}},"118":{"start":{"line":119,"column":0},"end":{"line":119,"column":0}},"119":{"start":{"line":120,"column":0},"end":{"line":120,"column":41}},"120":{"start":{"line":121,"column":0},"end":{"line":121,"column":42}},"121":{"start":{"line":122,"column":0},"end":{"line":122,"column":1}},"122":{"start":{"line":123,"column":0},"end":{"line":123,"column":0}},"123":{"start":{"line":124,"column":0},"end":{"line":124,"column":54}},"124":{"start":{"line":125,"column":0},"end":{"line":125,"column":36}},"125":{"start":{"line":126,"column":0},"end":{"line":126,"column":36}},"126":{"start":{"line":127,"column":0},"end":{"line":127,"column":24}},"127":{"start":{"line":128,"column":0},"end":{"line":128,"column":40}},"128":{"start":{"line":129,"column":0},"end":{"line":129,"column":5}},"129":{"start":{"line":130,"column":0},"end":{"line":130,"column":40}},"130":{"start":{"line":131,"column":0},"end":{"line":131,"column":0}},"131":{"start":{"line":132,"column":0},"end":{"line":132,"column":1}},"132":{"start":{"line":133,"column":0},"end":{"line":133,"column":0}},"133":{"start":{"line":134,"column":0},"end":{"line":134,"column":52}},"134":{"start":{"line":135,"column":0},"end":{"line":135,"column":35}},"135":{"start":{"line":136,"column":0},"end":{"line":136,"column":23}},"136":{"start":{"line":137,"column":0},"end":{"line":137,"column":41}},"137":{"start":{"line":138,"column":0},"end":{"line":138,"column":5}},"138":{"start":{"line":139,"column":0},"end":{"line":139,"column":52}},"139":{"start":{"line":140,"column":0},"end":{"line":140,"column":1}},"140":{"start":{"line":141,"column":0},"end":{"line":141,"column":0}},"141":{"start":{"line":142,"column":0},"end":{"line":142,"column":27}},"142":{"start":{"line":143,"column":0},"end":{"line":143,"column":0}},"143":{"start":{"line":144,"column":0},"end":{"line":144,"column":1}},"144":{"start":{"line":145,"column":0},"end":{"line":145,"column":0}},"145":{"start":{"line":146,"column":0},"end":{"line":146,"column":70}},"146":{"start":{"line":147,"column":0},"end":{"line":147,"column":37}},"147":{"start":{"line":148,"column":0},"end":{"line":148,"column":1}},"148":{"start":{"line":149,"column":0},"end":{"line":149,"column":0}},"149":{"start":{"line":150,"column":0},"end":{"line":150,"column":52}},"150":{"start":{"line":151,"column":0},"end":{"line":151,"column":35}},"151":{"start":{"line":152,"column":0},"end":{"line":152,"column":23}},"152":{"start":{"line":153,"column":0},"end":{"line":153,"column":40}},"153":{"start":{"line":154,"column":0},"end":{"line":154,"column":9}},"154":{"start":{"line":155,"column":0},"end":{"line":155,"column":31}},"155":{"start":{"line":156,"column":0},"end":{"line":156,"column":18}},"156":{"start":{"line":157,"column":0},"end":{"line":157,"column":1}},"157":{"start":{"line":158,"column":0},"end":{"line":158,"column":0}},"158":{"start":{"line":159,"column":0},"end":{"line":159,"column":70}},"159":{"start":{"line":160,"column":0},"end":{"line":160,"column":32}},"160":{"start":{"line":161,"column":0},"end":{"line":161,"column":44}},"161":{"start":{"line":162,"column":0},"end":{"line":162,"column":27}},"162":{"start":{"line":163,"column":0},"end":{"line":163,"column":50}},"163":{"start":{"line":164,"column":0},"end":{"line":164,"column":44}},"164":{"start":{"line":165,"column":0},"end":{"line":165,"column":27}},"165":{"start":{"line":166,"column":0},"end":{"line":166,"column":13}},"166":{"start":{"line":167,"column":0},"end":{"line":167,"column":40}},"167":{"start":{"line":168,"column":0},"end":{"line":168,"column":23}},"168":{"start":{"line":169,"column":0},"end":{"line":169,"column":46}},"169":{"start":{"line":170,"column":0},"end":{"line":170,"column":40}},"170":{"start":{"line":171,"column":0},"end":{"line":171,"column":7}},"171":{"start":{"line":172,"column":0},"end":{"line":172,"column":1}},"172":{"start":{"line":173,"column":0},"end":{"line":173,"column":0}},"173":{"start":{"line":174,"column":0},"end":{"line":174,"column":0}},"174":{"start":{"line":175,"column":0},"end":{"line":175,"column":68}},"175":{"start":{"line":176,"column":0},"end":{"line":176,"column":35}},"176":{"start":{"line":177,"column":0},"end":{"line":177,"column":42}},"177":{"start":{"line":178,"column":0},"end":{"line":178,"column":47}},"178":{"start":{"line":179,"column":0},"end":{"line":179,"column":2}},"179":{"start":{"line":180,"column":0},"end":{"line":180,"column":45}},"180":{"start":{"line":181,"column":0},"end":{"line":181,"column":35}},"181":{"start":{"line":182,"column":0},"end":{"line":182,"column":23}},"182":{"start":{"line":183,"column":0},"end":{"line":183,"column":25}},"183":{"start":{"line":184,"column":0},"end":{"line":184,"column":5}},"184":{"start":{"line":185,"column":0},"end":{"line":185,"column":30}},"185":{"start":{"line":186,"column":0},"end":{"line":186,"column":2}},"186":{"start":{"line":187,"column":0},"end":{"line":187,"column":0}},"187":{"start":{"line":188,"column":0},"end":{"line":188,"column":0}},"188":{"start":{"line":189,"column":0},"end":{"line":189,"column":40}},"189":{"start":{"line":190,"column":0},"end":{"line":190,"column":72}},"190":{"start":{"line":191,"column":0},"end":{"line":191,"column":1}},"191":{"start":{"line":192,"column":0},"end":{"line":192,"column":0}},"192":{"start":{"line":193,"column":0},"end":{"line":193,"column":63}},"193":{"start":{"line":194,"column":0},"end":{"line":194,"column":40}},"194":{"start":{"line":195,"column":0},"end":{"line":195,"column":26}},"195":{"start":{"line":196,"column":0},"end":{"line":196,"column":1}},"196":{"start":{"line":197,"column":0},"end":{"line":197,"column":62}},"197":{"start":{"line":198,"column":0},"end":{"line":198,"column":19}},"198":{"start":{"line":199,"column":0},"end":{"line":199,"column":33}},"199":{"start":{"line":200,"column":0},"end":{"line":200,"column":27}},"200":{"start":{"line":201,"column":0},"end":{"line":201,"column":80}},"201":{"start":{"line":202,"column":0},"end":{"line":202,"column":12}},"202":{"start":{"line":203,"column":0},"end":{"line":203,"column":21}},"203":{"start":{"line":204,"column":0},"end":{"line":204,"column":5}},"204":{"start":{"line":205,"column":0},"end":{"line":205,"column":1}},"205":{"start":{"line":206,"column":0},"end":{"line":206,"column":0}},"206":{"start":{"line":207,"column":0},"end":{"line":207,"column":0}},"207":{"start":{"line":208,"column":0},"end":{"line":208,"column":9}},"208":{"start":{"line":209,"column":0},"end":{"line":209,"column":9}},"209":{"start":{"line":210,"column":0},"end":{"line":210,"column":7}},"210":{"start":{"line":211,"column":0},"end":{"line":211,"column":8}},"211":{"start":{"line":212,"column":0},"end":{"line":212,"column":21}},"212":{"start":{"line":213,"column":0},"end":{"line":213,"column":0}},"213":{"start":{"line":214,"column":0},"end":{"line":214,"column":44}},"214":{"start":{"line":215,"column":0},"end":{"line":215,"column":58}},"215":{"start":{"line":216,"column":0},"end":{"line":216,"column":36}},"216":{"start":{"line":217,"column":0},"end":{"line":217,"column":48}},"217":{"start":{"line":218,"column":0},"end":{"line":218,"column":1}},"218":{"start":{"line":219,"column":0},"end":{"line":219,"column":0}},"219":{"start":{"line":220,"column":0},"end":{"line":220,"column":47}},"220":{"start":{"line":221,"column":0},"end":{"line":221,"column":58}},"221":{"start":{"line":222,"column":0},"end":{"line":222,"column":36}},"222":{"start":{"line":223,"column":0},"end":{"line":223,"column":48}},"223":{"start":{"line":224,"column":0},"end":{"line":224,"column":1}},"224":{"start":{"line":225,"column":0},"end":{"line":225,"column":0}},"225":{"start":{"line":226,"column":0},"end":{"line":226,"column":39}},"226":{"start":{"line":227,"column":0},"end":{"line":227,"column":39}},"227":{"start":{"line":228,"column":0},"end":{"line":228,"column":5}},"228":{"start":{"line":229,"column":0},"end":{"line":229,"column":55}},"229":{"start":{"line":230,"column":0},"end":{"line":230,"column":29}},"230":{"start":{"line":231,"column":0},"end":{"line":231,"column":22}},"231":{"start":{"line":232,"column":0},"end":{"line":232,"column":20}},"232":{"start":{"line":233,"column":0},"end":{"line":233,"column":30}},"233":{"start":{"line":234,"column":0},"end":{"line":234,"column":61}},"234":{"start":{"line":235,"column":0},"end":{"line":235,"column":15}},"235":{"start":{"line":236,"column":0},"end":{"line":236,"column":20}},"236":{"start":{"line":237,"column":0},"end":{"line":237,"column":8}},"237":{"start":{"line":238,"column":0},"end":{"line":238,"column":5}},"238":{"start":{"line":239,"column":0},"end":{"line":239,"column":61}},"239":{"start":{"line":240,"column":0},"end":{"line":240,"column":56}},"240":{"start":{"line":241,"column":0},"end":{"line":241,"column":5}},"241":{"start":{"line":242,"column":0},"end":{"line":242,"column":0}},"242":{"start":{"line":243,"column":0},"end":{"line":243,"column":0}},"243":{"start":{"line":244,"column":0},"end":{"line":244,"column":0}},"244":{"start":{"line":245,"column":0},"end":{"line":245,"column":0}},"245":{"start":{"line":246,"column":0},"end":{"line":246,"column":51}},"246":{"start":{"line":247,"column":0},"end":{"line":247,"column":41}},"247":{"start":{"line":248,"column":0},"end":{"line":248,"column":20}},"248":{"start":{"line":249,"column":0},"end":{"line":249,"column":27}},"249":{"start":{"line":250,"column":0},"end":{"line":250,"column":22}},"250":{"start":{"line":251,"column":0},"end":{"line":251,"column":5}},"251":{"start":{"line":252,"column":0},"end":{"line":252,"column":16}},"252":{"start":{"line":253,"column":0},"end":{"line":253,"column":2}}},"s":{"0":1,"1":1,"2":1,"3":1,"4":1,"5":1,"6":1,"7":1,"8":1,"9":1,"10":1,"11":1,"12":1,"13":1,"14":1,"15":1,"16":1,"17":1,"18":1,"19":1,"20":1,"21":1,"22":1,"23":1,"24":0,"25":0,"26":1,"27":1,"28":1,"29":0,"30":0,"31":1,"32":0,"33":0,"34":1,"35":0,"36":0,"37":1,"38":0,"39":0,"40":0,"41":0,"42":0,"43":0,"44":0,"45":0,"46":0,"47":0,"48":0,"49":0,"50":0,"51":0,"52":1,"53":0,"54":0,"55":0,"56":0,"57":0,"58":0,"59":1,"60":0,"61":0,"62":0,"63":0,"64":0,"65":0,"66":0,"67":0,"68":0,"69":0,"70":0,"71":0,"72":0,"73":0,"74":1,"75":1,"76":0,"77":0,"78":0,"79":0,"80":0,"81":0,"82":1,"83":0,"84":0,"85":0,"86":0,"87":0,"88":0,"89":0,"90":0,"91":0,"92":0,"93":0,"94":0,"95":1,"96":0,"97":0,"98":0,"99":0,"100":0,"101":0,"102":1,"103":0,"104":0,"105":0,"106":1,"107":0,"108":0,"109":0,"110":1,"111":0,"112":0,"113":0,"114":1,"115":0,"116":0,"117":0,"118":1,"119":0,"120":0,"121":0,"122":1,"123":0,"124":0,"125":0,"126":0,"127":0,"128":0,"129":0,"130":0,"131":0,"132":1,"133":0,"134":0,"135":0,"136":0,"137":0,"138":0,"139":0,"140":1,"141":0,"142":0,"143":0,"144":1,"145":0,"146":0,"147":0,"148":1,"149":1,"150":0,"151":0,"152":0,"153":0,"154":0,"155":0,"156":0,"157":1,"158":1,"159":0,"160":0,"161":0,"162":0,"163":0,"164":0,"165":0,"166":0,"167":0,"168":0,"169":0,"170":0,"171":0,"172":1,"173":1,"174":1,"175":0,"176":0,"177":0,"178":0,"179":1,"180":0,"181":0,"182":0,"183":0,"184":0,"185":0,"186":1,"187":1,"188":0,"189":0,"190":0,"191":1,"192":1,"193":0,"194":0,"195":0,"196":1,"197":0,"198":0,"199":0,"200":0,"201":0,"202":0,"203":0,"204":0,"205":1,"206":1,"207":1,"208":1,"209":1,"210":1,"211":1,"212":1,"213":1,"214":0,"215":0,"216":0,"217":0,"218":1,"219":1,"220":0,"221":0,"222":0,"223":0,"224":1,"225":1,"226":1,"227":1,"228":1,"229":1,"230":1,"231":1,"232":1,"233":1,"234":1,"235":1,"236":1,"237":1,"238":1,"239":1,"240":1,"241":1,"242":1,"243":1,"244":1,"245":1,"246":0,"247":0,"248":0,"249":0,"250":0,"251":0,"252":0},"branchMap":{},"b":{},"fnMap":{"0":{"name":"makelvar","decl":{"start":{"line":24,"column":24},"end":{"line":27,"column":2}},"loc":{"start":{"line":24,"column":24},"end":{"line":27,"column":2}},"line":24},"1":{"name":"isPair","decl":{"start":{"line":29,"column":15},"end":{"line":31,"column":2}},"loc":{"start":{"line":29,"column":15},"end":{"line":31,"column":2}},"line":29},"2":{"name":"isDStream","decl":{"start":{"line":32,"column":18},"end":{"line":34,"column":2}},"loc":{"start":{"line":32,"column":18},"end":{"line":34,"column":2}},"line":32},"3":{"name":"isNullStream","decl":{"start":{"line":35,"column":21},"end":{"line":37,"column":2}},"loc":{"start":{"line":35,"column":21},"end":{"line":37,"column":2}},"line":35},"4":{"name":"assertPair","decl":{"start":{"line":38,"column":19},"end":{"line":41,"column":2}},"loc":{"start":{"line":38,"column":19},"end":{"line":41,"column":2}},"line":38},"5":{"name":"eq","decl":{"start":{"line":42,"column":0},"end":{"line":52,"column":1}},"loc":{"start":{"line":42,"column":0},"end":{"line":52,"column":1}},"line":42},"6":{"name":"equiv","decl":{"start":{"line":54,"column":0},"end":{"line":59,"column":1}},"loc":{"start":{"line":54,"column":0},"end":{"line":59,"column":1}},"line":54},"7":{"name":"unify","decl":{"start":{"line":61,"column":0},"end":{"line":74,"column":1}},"loc":{"start":{"line":61,"column":0},"end":{"line":74,"column":1}},"line":61},"8":{"name":"assv","decl":{"start":{"line":77,"column":0},"end":{"line":82,"column":1}},"loc":{"start":{"line":77,"column":0},"end":{"line":82,"column":1}},"line":77},"9":{"name":"find","decl":{"start":{"line":84,"column":0},"end":{"line":95,"column":1}},"loc":{"start":{"line":84,"column":0},"end":{"line":95,"column":1}},"line":84},"10":{"name":"call_fresh","decl":{"start":{"line":97,"column":0},"end":{"line":102,"column":1}},"loc":{"start":{"line":97,"column":0},"end":{"line":102,"column":1}},"line":97},"11":{"name":"call_fresh2","decl":{"start":{"line":104,"column":0},"end":{"line":106,"column":1}},"loc":{"start":{"line":104,"column":0},"end":{"line":106,"column":1}},"line":104},"12":{"name":"call_fresh3","decl":{"start":{"line":108,"column":0},"end":{"line":110,"column":1}},"loc":{"start":{"line":108,"column":0},"end":{"line":110,"column":1}},"line":108},"13":{"name":"call_fresh4","decl":{"start":{"line":112,"column":0},"end":{"line":114,"column":1}},"loc":{"start":{"line":112,"column":0},"end":{"line":114,"column":1}},"line":112},"14":{"name":"disj","decl":{"start":{"line":116,"column":0},"end":{"line":118,"column":1}},"loc":{"start":{"line":116,"column":0},"end":{"line":118,"column":1}},"line":116},"15":{"name":"conj","decl":{"start":{"line":120,"column":0},"end":{"line":122,"column":1}},"loc":{"start":{"line":120,"column":0},"end":{"line":122,"column":1}},"line":120},"16":{"name":"append_1","decl":{"start":{"line":124,"column":0},"end":{"line":132,"column":1}},"loc":{"start":{"line":124,"column":0},"end":{"line":132,"column":1}},"line":124},"17":{"name":"append_map","decl":{"start":{"line":134,"column":0},"end":{"line":140,"column":1}},"loc":{"start":{"line":134,"column":0},"end":{"line":140,"column":1}},"line":134},"18":{"name":"defineRelation","decl":{"start":{"line":142,"column":0},"end":{"line":144,"column":1}},"loc":{"start":{"line":142,"column":0},"end":{"line":144,"column":1}},"line":142},"19":{"name":"call_initial_state","decl":{"start":{"line":146,"column":0},"end":{"line":148,"column":1}},"loc":{"start":{"line":146,"column":0},"end":{"line":148,"column":1}},"line":146},"20":{"name":"prettifyState","decl":{"start":{"line":150,"column":29},"end":{"line":157,"column":1}},"loc":{"start":{"line":150,"column":29},"end":{"line":157,"column":1}},"line":150},"21":{"name":"mapStateList","decl":{"start":{"line":159,"column":28},"end":{"line":172,"column":1}},"loc":{"start":{"line":159,"column":28},"end":{"line":172,"column":1}},"line":159},"22":{"name":"take","decl":{"start":{"line":175,"column":13},"end":{"line":179,"column":2}},"loc":{"start":{"line":175,"column":13},"end":{"line":179,"column":2}},"line":175},"23":{"name":"pull","decl":{"start":{"line":180,"column":13},"end":{"line":186,"column":2}},"loc":{"start":{"line":180,"column":13},"end":{"line":186,"column":2}},"line":180},"24":{"name":"isVar","decl":{"start":{"line":189,"column":0},"end":{"line":191,"column":1}},"loc":{"start":{"line":189,"column":0},"end":{"line":191,"column":1}},"line":189},"25":{"name":"ext_s","decl":{"start":{"line":193,"column":14},"end":{"line":196,"column":1}},"loc":{"start":{"line":193,"column":14},"end":{"line":196,"column":1}},"line":193},"26":{"name":"doesOccur","decl":{"start":{"line":197,"column":18},"end":{"line":205,"column":1}},"loc":{"start":{"line":197,"column":18},"end":{"line":205,"column":1}},"line":197},"27":{"name":"all","decl":{"start":{"line":214,"column":19},"end":{"line":218,"column":1}},"loc":{"start":{"line":214,"column":19},"end":{"line":218,"column":1}},"line":214},"28":{"name":"either","decl":{"start":{"line":220,"column":22},"end":{"line":224,"column":1}},"loc":{"start":{"line":220,"column":22},"end":{"line":224,"column":1}},"line":220},"29":{"name":"run","decl":{"start":{"line":246,"column":19},"end":{"line":253,"column":2}},"loc":{"start":{"line":246,"column":19},"end":{"line":253,"column":2}},"line":246}},"f":{"0":0,"1":0,"2":0,"3":0,"4":0,"5":0,"6":0,"7":0,"8":0,"9":0,"10":0,"11":0,"12":0,"13":0,"14":0,"15":0,"16":0,"17":0,"18":0,"19":0,"20":0,"21":0,"22":0,"23":0,"24":0,"25":0,"26":0,"27":0,"28":0,"29":0}}
,"/home/benjamin/Code/ts/cwal2/src/interpret/kanren.ts": {"path":"/home/benjamin/Code/ts/cwal2/src/interpret/kanren.ts","all":false,"statementMap":{"0":{"start":{"line":1,"column":0},"end":{"line":1,"column":0}},"1":{"start":{"line":2,"column":0},"end":{"line":2,"column":3}},"2":{"start":{"line":3,"column":0},"end":{"line":3,"column":27}},"3":{"start":{"line":4,"column":0},"end":{"line":4,"column":43}},"4":{"start":{"line":5,"column":0},"end":{"line":5,"column":3}},"5":{"start":{"line":6,"column":0},"end":{"line":6,"column":17}},"6":{"start":{"line":7,"column":0},"end":{"line":7,"column":20}},"7":{"start":{"line":8,"column":0},"end":{"line":8,"column":19}},"8":{"start":{"line":9,"column":0},"end":{"line":9,"column":5}},"9":{"start":{"line":10,"column":0},"end":{"line":10,"column":31}},"10":{"start":{"line":11,"column":0},"end":{"line":11,"column":19}},"11":{"start":{"line":12,"column":0},"end":{"line":12,"column":22}},"12":{"start":{"line":13,"column":0},"end":{"line":13,"column":20}},"13":{"start":{"line":14,"column":0},"end":{"line":14,"column":5}},"14":{"start":{"line":15,"column":0},"end":{"line":15,"column":64}},"15":{"start":{"line":16,"column":0},"end":{"line":16,"column":0}},"16":{"start":{"line":17,"column":0},"end":{"line":17,"column":24}},"17":{"start":{"line":18,"column":0},"end":{"line":18,"column":32}},"18":{"start":{"line":19,"column":0},"end":{"line":19,"column":38}},"19":{"start":{"line":20,"column":0},"end":{"line":20,"column":48}},"20":{"start":{"line":21,"column":0},"end":{"line":21,"column":45}},"21":{"start":{"line":22,"column":0},"end":{"line":22,"column":52}},"22":{"start":{"line":23,"column":0},"end":{"line":23,"column":39}},"23":{"start":{"line":24,"column":0},"end":{"line":24,"column":0}},"24":{"start":{"line":25,"column":0},"end":{"line":25,"column":0}},"25":{"start":{"line":26,"column":0},"end":{"line":26,"column":0}},"26":{"start":{"line":27,"column":0},"end":{"line":27,"column":14}},"27":{"start":{"line":28,"column":0},"end":{"line":28,"column":29}},"28":{"start":{"line":29,"column":0},"end":{"line":29,"column":33}},"29":{"start":{"line":30,"column":0},"end":{"line":30,"column":1}},"30":{"start":{"line":31,"column":0},"end":{"line":31,"column":34}},"31":{"start":{"line":32,"column":0},"end":{"line":32,"column":18}},"32":{"start":{"line":33,"column":0},"end":{"line":33,"column":38}},"33":{"start":{"line":34,"column":0},"end":{"line":34,"column":16}},"34":{"start":{"line":35,"column":0},"end":{"line":35,"column":5}},"35":{"start":{"line":36,"column":0},"end":{"line":36,"column":0}},"36":{"start":{"line":37,"column":0},"end":{"line":37,"column":24}},"37":{"start":{"line":38,"column":0},"end":{"line":38,"column":25}},"38":{"start":{"line":39,"column":0},"end":{"line":39,"column":5}},"39":{"start":{"line":40,"column":0},"end":{"line":40,"column":1}},"40":{"start":{"line":41,"column":0},"end":{"line":41,"column":0}},"41":{"start":{"line":42,"column":0},"end":{"line":42,"column":37}},"42":{"start":{"line":43,"column":0},"end":{"line":43,"column":32}},"43":{"start":{"line":44,"column":0},"end":{"line":44,"column":58}},"44":{"start":{"line":45,"column":0},"end":{"line":45,"column":16}},"45":{"start":{"line":46,"column":0},"end":{"line":46,"column":5}},"46":{"start":{"line":47,"column":0},"end":{"line":47,"column":24}},"47":{"start":{"line":48,"column":0},"end":{"line":48,"column":31}},"48":{"start":{"line":49,"column":0},"end":{"line":49,"column":5}},"49":{"start":{"line":50,"column":0},"end":{"line":50,"column":1}},"50":{"start":{"line":51,"column":0},"end":{"line":51,"column":0}},"51":{"start":{"line":52,"column":0},"end":{"line":52,"column":35}},"52":{"start":{"line":53,"column":0},"end":{"line":53,"column":28}},"53":{"start":{"line":54,"column":0},"end":{"line":54,"column":19}},"54":{"start":{"line":55,"column":0},"end":{"line":55,"column":16}},"55":{"start":{"line":56,"column":0},"end":{"line":56,"column":5}},"56":{"start":{"line":57,"column":0},"end":{"line":57,"column":0}},"57":{"start":{"line":58,"column":0},"end":{"line":58,"column":24}},"58":{"start":{"line":59,"column":0},"end":{"line":59,"column":20}},"59":{"start":{"line":60,"column":0},"end":{"line":60,"column":5}},"60":{"start":{"line":61,"column":0},"end":{"line":61,"column":1}},"61":{"start":{"line":62,"column":0},"end":{"line":62,"column":0}},"62":{"start":{"line":63,"column":0},"end":{"line":63,"column":34}},"63":{"start":{"line":64,"column":0},"end":{"line":64,"column":26}},"64":{"start":{"line":65,"column":0},"end":{"line":65,"column":60}},"65":{"start":{"line":66,"column":0},"end":{"line":66,"column":16}},"66":{"start":{"line":67,"column":0},"end":{"line":67,"column":5}},"67":{"start":{"line":68,"column":0},"end":{"line":68,"column":0}},"68":{"start":{"line":69,"column":0},"end":{"line":69,"column":24}},"69":{"start":{"line":70,"column":0},"end":{"line":70,"column":71}},"70":{"start":{"line":71,"column":0},"end":{"line":71,"column":5}},"71":{"start":{"line":72,"column":0},"end":{"line":72,"column":1}},"72":{"start":{"line":73,"column":0},"end":{"line":73,"column":0}},"73":{"start":{"line":74,"column":0},"end":{"line":74,"column":0}},"74":{"start":{"line":75,"column":0},"end":{"line":75,"column":20}},"75":{"start":{"line":76,"column":0},"end":{"line":76,"column":41}},"76":{"start":{"line":77,"column":0},"end":{"line":77,"column":0}},"77":{"start":{"line":78,"column":0},"end":{"line":78,"column":46}},"78":{"start":{"line":79,"column":0},"end":{"line":79,"column":46}},"79":{"start":{"line":80,"column":0},"end":{"line":80,"column":59}},"80":{"start":{"line":81,"column":0},"end":{"line":81,"column":5}},"81":{"start":{"line":82,"column":0},"end":{"line":82,"column":0}},"82":{"start":{"line":83,"column":0},"end":{"line":83,"column":34}},"83":{"start":{"line":84,"column":0},"end":{"line":84,"column":54}},"84":{"start":{"line":85,"column":0},"end":{"line":85,"column":17}},"85":{"start":{"line":86,"column":0},"end":{"line":86,"column":35}},"86":{"start":{"line":87,"column":0},"end":{"line":87,"column":24}},"87":{"start":{"line":88,"column":0},"end":{"line":88,"column":25}},"88":{"start":{"line":89,"column":0},"end":{"line":89,"column":13}},"89":{"start":{"line":90,"column":0},"end":{"line":90,"column":35}},"90":{"start":{"line":91,"column":0},"end":{"line":91,"column":16}},"91":{"start":{"line":92,"column":0},"end":{"line":92,"column":21}},"92":{"start":{"line":93,"column":0},"end":{"line":93,"column":9}},"93":{"start":{"line":94,"column":0},"end":{"line":94,"column":5}},"94":{"start":{"line":95,"column":0},"end":{"line":95,"column":0}},"95":{"start":{"line":96,"column":0},"end":{"line":96,"column":42}},"96":{"start":{"line":97,"column":0},"end":{"line":97,"column":39}},"97":{"start":{"line":98,"column":0},"end":{"line":98,"column":84}},"98":{"start":{"line":99,"column":0},"end":{"line":99,"column":76}},"99":{"start":{"line":100,"column":0},"end":{"line":100,"column":9}},"100":{"start":{"line":101,"column":0},"end":{"line":101,"column":21}},"101":{"start":{"line":102,"column":0},"end":{"line":102,"column":5}},"102":{"start":{"line":103,"column":0},"end":{"line":103,"column":0}},"103":{"start":{"line":104,"column":0},"end":{"line":104,"column":52}},"104":{"start":{"line":105,"column":0},"end":{"line":105,"column":42}},"105":{"start":{"line":106,"column":0},"end":{"line":106,"column":57}},"106":{"start":{"line":107,"column":0},"end":{"line":107,"column":56}},"107":{"start":{"line":108,"column":0},"end":{"line":108,"column":55}},"108":{"start":{"line":109,"column":0},"end":{"line":109,"column":74}},"109":{"start":{"line":110,"column":0},"end":{"line":110,"column":21}},"110":{"start":{"line":111,"column":0},"end":{"line":111,"column":74}},"111":{"start":{"line":112,"column":0},"end":{"line":112,"column":20}},"112":{"start":{"line":113,"column":0},"end":{"line":113,"column":28}},"113":{"start":{"line":114,"column":0},"end":{"line":114,"column":13}},"114":{"start":{"line":115,"column":0},"end":{"line":115,"column":9}},"115":{"start":{"line":116,"column":0},"end":{"line":116,"column":20}},"116":{"start":{"line":117,"column":0},"end":{"line":117,"column":5}},"117":{"start":{"line":118,"column":0},"end":{"line":118,"column":0}},"118":{"start":{"line":119,"column":0},"end":{"line":119,"column":26}},"119":{"start":{"line":120,"column":0},"end":{"line":120,"column":47}},"120":{"start":{"line":121,"column":0},"end":{"line":121,"column":76}},"121":{"start":{"line":122,"column":0},"end":{"line":122,"column":24}},"122":{"start":{"line":123,"column":0},"end":{"line":123,"column":91}},"123":{"start":{"line":124,"column":0},"end":{"line":124,"column":24}},"124":{"start":{"line":125,"column":0},"end":{"line":125,"column":64}},"125":{"start":{"line":126,"column":0},"end":{"line":126,"column":24}},"126":{"start":{"line":127,"column":0},"end":{"line":127,"column":9}},"127":{"start":{"line":128,"column":0},"end":{"line":128,"column":21}},"128":{"start":{"line":129,"column":0},"end":{"line":129,"column":5}},"129":{"start":{"line":130,"column":0},"end":{"line":130,"column":0}},"130":{"start":{"line":131,"column":0},"end":{"line":131,"column":51}},"131":{"start":{"line":132,"column":0},"end":{"line":132,"column":33}},"132":{"start":{"line":133,"column":0},"end":{"line":133,"column":37}},"133":{"start":{"line":134,"column":0},"end":{"line":134,"column":40}},"134":{"start":{"line":135,"column":0},"end":{"line":135,"column":99}},"135":{"start":{"line":136,"column":0},"end":{"line":136,"column":16}},"136":{"start":{"line":137,"column":0},"end":{"line":137,"column":25}},"137":{"start":{"line":138,"column":0},"end":{"line":138,"column":9}},"138":{"start":{"line":139,"column":0},"end":{"line":139,"column":5}},"139":{"start":{"line":140,"column":0},"end":{"line":140,"column":1}},"140":{"start":{"line":141,"column":0},"end":{"line":141,"column":0}},"141":{"start":{"line":142,"column":0},"end":{"line":142,"column":20}},"142":{"start":{"line":143,"column":0},"end":{"line":143,"column":62}},"143":{"start":{"line":144,"column":0},"end":{"line":144,"column":0}},"144":{"start":{"line":145,"column":0},"end":{"line":145,"column":36}},"145":{"start":{"line":146,"column":0},"end":{"line":146,"column":56}},"146":{"start":{"line":147,"column":0},"end":{"line":147,"column":34}},"147":{"start":{"line":148,"column":0},"end":{"line":148,"column":54}},"148":{"start":{"line":149,"column":0},"end":{"line":149,"column":37}},"149":{"start":{"line":150,"column":0},"end":{"line":150,"column":45}},"150":{"start":{"line":151,"column":0},"end":{"line":151,"column":31}},"151":{"start":{"line":152,"column":0},"end":{"line":152,"column":17}},"152":{"start":{"line":153,"column":0},"end":{"line":153,"column":43}},"153":{"start":{"line":154,"column":0},"end":{"line":154,"column":49}},"154":{"start":{"line":155,"column":0},"end":{"line":155,"column":31}},"155":{"start":{"line":156,"column":0},"end":{"line":156,"column":17}},"156":{"start":{"line":157,"column":0},"end":{"line":157,"column":82}},"157":{"start":{"line":158,"column":0},"end":{"line":158,"column":27}},"158":{"start":{"line":159,"column":0},"end":{"line":159,"column":13}},"159":{"start":{"line":160,"column":0},"end":{"line":160,"column":78}},"160":{"start":{"line":161,"column":0},"end":{"line":161,"column":23}},"161":{"start":{"line":162,"column":0},"end":{"line":162,"column":40}},"162":{"start":{"line":163,"column":0},"end":{"line":163,"column":5}},"163":{"start":{"line":164,"column":0},"end":{"line":164,"column":0}},"164":{"start":{"line":165,"column":0},"end":{"line":165,"column":24}},"165":{"start":{"line":166,"column":0},"end":{"line":166,"column":48}},"166":{"start":{"line":167,"column":0},"end":{"line":167,"column":34}},"167":{"start":{"line":168,"column":0},"end":{"line":168,"column":54}},"168":{"start":{"line":169,"column":0},"end":{"line":169,"column":37}},"169":{"start":{"line":170,"column":0},"end":{"line":170,"column":44}},"170":{"start":{"line":171,"column":0},"end":{"line":171,"column":13}},"171":{"start":{"line":172,"column":0},"end":{"line":172,"column":35}},"172":{"start":{"line":173,"column":0},"end":{"line":173,"column":22}},"173":{"start":{"line":174,"column":0},"end":{"line":174,"column":5}},"174":{"start":{"line":175,"column":0},"end":{"line":175,"column":1}},"175":{"start":{"line":176,"column":0},"end":{"line":176,"column":0}},"176":{"start":{"line":177,"column":0},"end":{"line":177,"column":31}},"177":{"start":{"line":178,"column":0},"end":{"line":178,"column":33}},"178":{"start":{"line":179,"column":0},"end":{"line":179,"column":48}},"179":{"start":{"line":180,"column":0},"end":{"line":180,"column":45}},"180":{"start":{"line":181,"column":0},"end":{"line":181,"column":1}},"181":{"start":{"line":182,"column":0},"end":{"line":182,"column":0}},"182":{"start":{"line":183,"column":0},"end":{"line":183,"column":43}},"183":{"start":{"line":184,"column":0},"end":{"line":184,"column":20}},"184":{"start":{"line":185,"column":0},"end":{"line":185,"column":62}},"185":{"start":{"line":186,"column":0},"end":{"line":186,"column":16}},"186":{"start":{"line":187,"column":0},"end":{"line":187,"column":5}},"187":{"start":{"line":188,"column":0},"end":{"line":188,"column":26}},"188":{"start":{"line":189,"column":0},"end":{"line":189,"column":27}},"189":{"start":{"line":190,"column":0},"end":{"line":190,"column":5}},"190":{"start":{"line":191,"column":0},"end":{"line":191,"column":25}},"191":{"start":{"line":192,"column":0},"end":{"line":192,"column":26}},"192":{"start":{"line":193,"column":0},"end":{"line":193,"column":5}},"193":{"start":{"line":194,"column":0},"end":{"line":194,"column":1}},"194":{"start":{"line":195,"column":0},"end":{"line":195,"column":0}},"195":{"start":{"line":196,"column":0},"end":{"line":196,"column":45}},"196":{"start":{"line":197,"column":0},"end":{"line":197,"column":22}},"197":{"start":{"line":198,"column":0},"end":{"line":198,"column":46}},"198":{"start":{"line":199,"column":0},"end":{"line":199,"column":16}},"199":{"start":{"line":200,"column":0},"end":{"line":200,"column":5}},"200":{"start":{"line":201,"column":0},"end":{"line":201,"column":26}},"201":{"start":{"line":202,"column":0},"end":{"line":202,"column":28}},"202":{"start":{"line":203,"column":0},"end":{"line":203,"column":5}},"203":{"start":{"line":204,"column":0},"end":{"line":204,"column":25}},"204":{"start":{"line":205,"column":0},"end":{"line":205,"column":20}},"205":{"start":{"line":206,"column":0},"end":{"line":206,"column":5}},"206":{"start":{"line":207,"column":0},"end":{"line":207,"column":1}},"207":{"start":{"line":208,"column":0},"end":{"line":208,"column":0}},"208":{"start":{"line":209,"column":0},"end":{"line":209,"column":42}},"209":{"start":{"line":210,"column":0},"end":{"line":210,"column":19}},"210":{"start":{"line":211,"column":0},"end":{"line":211,"column":19}},"211":{"start":{"line":212,"column":0},"end":{"line":212,"column":16}},"212":{"start":{"line":213,"column":0},"end":{"line":213,"column":5}},"213":{"start":{"line":214,"column":0},"end":{"line":214,"column":26}},"214":{"start":{"line":215,"column":0},"end":{"line":215,"column":20}},"215":{"start":{"line":216,"column":0},"end":{"line":216,"column":5}},"216":{"start":{"line":217,"column":0},"end":{"line":217,"column":25}},"217":{"start":{"line":218,"column":0},"end":{"line":218,"column":20}},"218":{"start":{"line":219,"column":0},"end":{"line":219,"column":5}},"219":{"start":{"line":220,"column":0},"end":{"line":220,"column":1}},"220":{"start":{"line":221,"column":0},"end":{"line":221,"column":0}},"221":{"start":{"line":222,"column":0},"end":{"line":222,"column":42}},"222":{"start":{"line":223,"column":0},"end":{"line":223,"column":48}},"223":{"start":{"line":224,"column":0},"end":{"line":224,"column":45}},"224":{"start":{"line":225,"column":0},"end":{"line":225,"column":52}},"225":{"start":{"line":226,"column":0},"end":{"line":226,"column":39}},"226":{"start":{"line":227,"column":0},"end":{"line":227,"column":0}},"227":{"start":{"line":228,"column":0},"end":{"line":228,"column":65}},"228":{"start":{"line":229,"column":0},"end":{"line":229,"column":95}},"229":{"start":{"line":230,"column":0},"end":{"line":230,"column":52}},"230":{"start":{"line":231,"column":0},"end":{"line":231,"column":89}},"231":{"start":{"line":232,"column":0},"end":{"line":232,"column":59}},"232":{"start":{"line":233,"column":0},"end":{"line":233,"column":46}},"233":{"start":{"line":234,"column":0},"end":{"line":234,"column":45}},"234":{"start":{"line":235,"column":0},"end":{"line":235,"column":73}},"235":{"start":{"line":236,"column":0},"end":{"line":236,"column":63}},"236":{"start":{"line":237,"column":0},"end":{"line":237,"column":1}},"237":{"start":{"line":238,"column":0},"end":{"line":238,"column":0}},"238":{"start":{"line":239,"column":0},"end":{"line":239,"column":0}},"239":{"start":{"line":240,"column":0},"end":{"line":240,"column":46}},"240":{"start":{"line":241,"column":0},"end":{"line":241,"column":29}},"241":{"start":{"line":242,"column":0},"end":{"line":242,"column":27}},"242":{"start":{"line":243,"column":0},"end":{"line":243,"column":49}},"243":{"start":{"line":244,"column":0},"end":{"line":244,"column":17}},"244":{"start":{"line":245,"column":0},"end":{"line":245,"column":81}},"245":{"start":{"line":246,"column":0},"end":{"line":246,"column":16}},"246":{"start":{"line":247,"column":0},"end":{"line":247,"column":37}},"247":{"start":{"line":248,"column":0},"end":{"line":248,"column":9}},"248":{"start":{"line":249,"column":0},"end":{"line":249,"column":5}},"249":{"start":{"line":250,"column":0},"end":{"line":250,"column":1}},"250":{"start":{"line":251,"column":0},"end":{"line":251,"column":0}},"251":{"start":{"line":252,"column":0},"end":{"line":252,"column":45}},"252":{"start":{"line":253,"column":0},"end":{"line":253,"column":35}},"253":{"start":{"line":254,"column":0},"end":{"line":254,"column":20}},"254":{"start":{"line":255,"column":0},"end":{"line":255,"column":40}},"255":{"start":{"line":256,"column":0},"end":{"line":256,"column":20}},"256":{"start":{"line":257,"column":0},"end":{"line":257,"column":24}},"257":{"start":{"line":258,"column":0},"end":{"line":258,"column":9}},"258":{"start":{"line":259,"column":0},"end":{"line":259,"column":36}},"259":{"start":{"line":260,"column":0},"end":{"line":260,"column":5}},"260":{"start":{"line":261,"column":0},"end":{"line":261,"column":1}},"261":{"start":{"line":262,"column":0},"end":{"line":262,"column":0}},"262":{"start":{"line":263,"column":0},"end":{"line":263,"column":54}},"263":{"start":{"line":264,"column":0},"end":{"line":264,"column":20}},"264":{"start":{"line":265,"column":0},"end":{"line":265,"column":31}},"265":{"start":{"line":266,"column":0},"end":{"line":266,"column":22}},"266":{"start":{"line":267,"column":0},"end":{"line":267,"column":42}},"267":{"start":{"line":268,"column":0},"end":{"line":268,"column":5}},"268":{"start":{"line":269,"column":0},"end":{"line":269,"column":16}},"269":{"start":{"line":270,"column":0},"end":{"line":270,"column":1}},"270":{"start":{"line":271,"column":0},"end":{"line":271,"column":0}},"271":{"start":{"line":272,"column":0},"end":{"line":272,"column":57}},"272":{"start":{"line":273,"column":0},"end":{"line":273,"column":51}},"273":{"start":{"line":274,"column":0},"end":{"line":274,"column":1}},"274":{"start":{"line":275,"column":0},"end":{"line":275,"column":0}},"275":{"start":{"line":276,"column":0},"end":{"line":276,"column":57}},"276":{"start":{"line":277,"column":0},"end":{"line":277,"column":84}},"277":{"start":{"line":278,"column":0},"end":{"line":278,"column":1}},"278":{"start":{"line":279,"column":0},"end":{"line":279,"column":0}},"279":{"start":{"line":280,"column":0},"end":{"line":280,"column":48}},"280":{"start":{"line":281,"column":0},"end":{"line":281,"column":20}},"281":{"start":{"line":282,"column":0},"end":{"line":282,"column":38}},"282":{"start":{"line":283,"column":0},"end":{"line":283,"column":5}},"283":{"start":{"line":284,"column":0},"end":{"line":284,"column":1}},"284":{"start":{"line":285,"column":0},"end":{"line":285,"column":0}},"285":{"start":{"line":286,"column":0},"end":{"line":286,"column":48}},"286":{"start":{"line":287,"column":0},"end":{"line":287,"column":20}},"287":{"start":{"line":288,"column":0},"end":{"line":288,"column":40}},"288":{"start":{"line":289,"column":0},"end":{"line":289,"column":5}},"289":{"start":{"line":290,"column":0},"end":{"line":290,"column":1}},"290":{"start":{"line":291,"column":0},"end":{"line":291,"column":0}},"291":{"start":{"line":292,"column":0},"end":{"line":292,"column":54}},"292":{"start":{"line":293,"column":0},"end":{"line":293,"column":39}},"293":{"start":{"line":294,"column":0},"end":{"line":294,"column":39}},"294":{"start":{"line":295,"column":0},"end":{"line":295,"column":33}},"295":{"start":{"line":296,"column":0},"end":{"line":296,"column":36}},"296":{"start":{"line":297,"column":0},"end":{"line":297,"column":5}},"297":{"start":{"line":298,"column":0},"end":{"line":298,"column":33}},"298":{"start":{"line":299,"column":0},"end":{"line":299,"column":27}},"299":{"start":{"line":300,"column":0},"end":{"line":300,"column":34}},"300":{"start":{"line":301,"column":0},"end":{"line":301,"column":27}},"301":{"start":{"line":302,"column":0},"end":{"line":302,"column":58}},"302":{"start":{"line":303,"column":0},"end":{"line":303,"column":1}},"303":{"start":{"line":304,"column":0},"end":{"line":304,"column":0}},"304":{"start":{"line":305,"column":0},"end":{"line":305,"column":52}},"305":{"start":{"line":306,"column":0},"end":{"line":306,"column":53}},"306":{"start":{"line":307,"column":0},"end":{"line":307,"column":32}},"307":{"start":{"line":308,"column":0},"end":{"line":308,"column":34}},"308":{"start":{"line":309,"column":0},"end":{"line":309,"column":43}},"309":{"start":{"line":310,"column":0},"end":{"line":310,"column":61}},"310":{"start":{"line":311,"column":0},"end":{"line":311,"column":5}},"311":{"start":{"line":312,"column":0},"end":{"line":312,"column":32}},"312":{"start":{"line":313,"column":0},"end":{"line":313,"column":42}},"313":{"start":{"line":314,"column":0},"end":{"line":314,"column":33}},"314":{"start":{"line":315,"column":0},"end":{"line":315,"column":42}},"315":{"start":{"line":316,"column":0},"end":{"line":316,"column":56}},"316":{"start":{"line":317,"column":0},"end":{"line":317,"column":1}},"317":{"start":{"line":318,"column":0},"end":{"line":318,"column":0}},"318":{"start":{"line":319,"column":0},"end":{"line":319,"column":0}},"319":{"start":{"line":320,"column":0},"end":{"line":320,"column":41}},"320":{"start":{"line":321,"column":0},"end":{"line":321,"column":58}},"321":{"start":{"line":322,"column":0},"end":{"line":322,"column":36}},"322":{"start":{"line":323,"column":0},"end":{"line":323,"column":48}},"323":{"start":{"line":324,"column":0},"end":{"line":324,"column":2}},"324":{"start":{"line":325,"column":0},"end":{"line":325,"column":0}},"325":{"start":{"line":326,"column":0},"end":{"line":326,"column":44}},"326":{"start":{"line":327,"column":0},"end":{"line":327,"column":58}},"327":{"start":{"line":328,"column":0},"end":{"line":328,"column":36}},"328":{"start":{"line":329,"column":0},"end":{"line":329,"column":48}},"329":{"start":{"line":330,"column":0},"end":{"line":330,"column":2}},"330":{"start":{"line":331,"column":0},"end":{"line":331,"column":0}},"331":{"start":{"line":332,"column":0},"end":{"line":332,"column":0}},"332":{"start":{"line":333,"column":0},"end":{"line":333,"column":0}},"333":{"start":{"line":334,"column":0},"end":{"line":334,"column":54}},"334":{"start":{"line":335,"column":0},"end":{"line":335,"column":20}},"335":{"start":{"line":336,"column":0},"end":{"line":336,"column":11}},"336":{"start":{"line":337,"column":0},"end":{"line":337,"column":6}},"337":{"start":{"line":338,"column":0},"end":{"line":338,"column":0}},"338":{"start":{"line":339,"column":0},"end":{"line":339,"column":47}},"339":{"start":{"line":340,"column":0},"end":{"line":340,"column":49}},"340":{"start":{"line":341,"column":0},"end":{"line":341,"column":5}},"341":{"start":{"line":342,"column":0},"end":{"line":342,"column":59}},"342":{"start":{"line":343,"column":0},"end":{"line":343,"column":38}},"343":{"start":{"line":344,"column":0},"end":{"line":344,"column":5}},"344":{"start":{"line":345,"column":0},"end":{"line":345,"column":50}},"345":{"start":{"line":346,"column":0},"end":{"line":346,"column":49}},"346":{"start":{"line":347,"column":0},"end":{"line":347,"column":5}},"347":{"start":{"line":348,"column":0},"end":{"line":348,"column":38}},"348":{"start":{"line":349,"column":0},"end":{"line":349,"column":54}},"349":{"start":{"line":350,"column":0},"end":{"line":350,"column":0}},"350":{"start":{"line":351,"column":0},"end":{"line":351,"column":5}},"351":{"start":{"line":352,"column":0},"end":{"line":352,"column":49}},"352":{"start":{"line":353,"column":0},"end":{"line":353,"column":32}},"353":{"start":{"line":354,"column":0},"end":{"line":354,"column":27}},"354":{"start":{"line":355,"column":0},"end":{"line":355,"column":55}},"355":{"start":{"line":356,"column":0},"end":{"line":356,"column":20}},"356":{"start":{"line":357,"column":0},"end":{"line":357,"column":40}},"357":{"start":{"line":358,"column":0},"end":{"line":358,"column":19}},"358":{"start":{"line":359,"column":0},"end":{"line":359,"column":25}},"359":{"start":{"line":360,"column":0},"end":{"line":360,"column":12}},"360":{"start":{"line":361,"column":0},"end":{"line":361,"column":8}},"361":{"start":{"line":362,"column":0},"end":{"line":362,"column":4}},"362":{"start":{"line":363,"column":0},"end":{"line":363,"column":0}},"363":{"start":{"line":364,"column":0},"end":{"line":364,"column":48}},"364":{"start":{"line":365,"column":0},"end":{"line":365,"column":55}},"365":{"start":{"line":366,"column":0},"end":{"line":366,"column":23}},"366":{"start":{"line":367,"column":0},"end":{"line":367,"column":39}},"367":{"start":{"line":368,"column":0},"end":{"line":368,"column":20}},"368":{"start":{"line":369,"column":0},"end":{"line":369,"column":4}},"369":{"start":{"line":370,"column":0},"end":{"line":370,"column":0}},"370":{"start":{"line":371,"column":0},"end":{"line":371,"column":63}},"371":{"start":{"line":372,"column":0},"end":{"line":372,"column":33}},"372":{"start":{"line":373,"column":0},"end":{"line":373,"column":43}},"373":{"start":{"line":374,"column":0},"end":{"line":374,"column":43}},"374":{"start":{"line":375,"column":0},"end":{"line":375,"column":36}},"375":{"start":{"line":376,"column":0},"end":{"line":376,"column":61}},"376":{"start":{"line":377,"column":0},"end":{"line":377,"column":20}},"377":{"start":{"line":378,"column":0},"end":{"line":378,"column":64}},"378":{"start":{"line":379,"column":0},"end":{"line":379,"column":19}},"379":{"start":{"line":380,"column":0},"end":{"line":380,"column":27}},"380":{"start":{"line":381,"column":0},"end":{"line":381,"column":12}},"381":{"start":{"line":382,"column":0},"end":{"line":382,"column":8}},"382":{"start":{"line":383,"column":0},"end":{"line":383,"column":19}},"383":{"start":{"line":384,"column":0},"end":{"line":384,"column":4}},"384":{"start":{"line":385,"column":0},"end":{"line":385,"column":0}},"385":{"start":{"line":386,"column":0},"end":{"line":386,"column":0}},"386":{"start":{"line":387,"column":0},"end":{"line":387,"column":38}},"387":{"start":{"line":388,"column":0},"end":{"line":388,"column":34}},"388":{"start":{"line":389,"column":0},"end":{"line":389,"column":44}},"389":{"start":{"line":390,"column":0},"end":{"line":390,"column":8}},"390":{"start":{"line":391,"column":0},"end":{"line":391,"column":20}},"391":{"start":{"line":392,"column":0},"end":{"line":392,"column":4}},"392":{"start":{"line":393,"column":0},"end":{"line":393,"column":0}},"393":{"start":{"line":394,"column":0},"end":{"line":394,"column":45}},"394":{"start":{"line":395,"column":0},"end":{"line":395,"column":41}},"395":{"start":{"line":396,"column":0},"end":{"line":396,"column":16}},"396":{"start":{"line":397,"column":0},"end":{"line":397,"column":30}},"397":{"start":{"line":398,"column":0},"end":{"line":398,"column":23}},"398":{"start":{"line":399,"column":0},"end":{"line":399,"column":24}},"399":{"start":{"line":400,"column":0},"end":{"line":400,"column":12}},"400":{"start":{"line":401,"column":0},"end":{"line":401,"column":32}},"401":{"start":{"line":402,"column":0},"end":{"line":402,"column":15}},"402":{"start":{"line":403,"column":0},"end":{"line":403,"column":20}},"403":{"start":{"line":404,"column":0},"end":{"line":404,"column":8}},"404":{"start":{"line":405,"column":0},"end":{"line":405,"column":4}},"405":{"start":{"line":406,"column":0},"end":{"line":406,"column":0}},"406":{"start":{"line":407,"column":0},"end":{"line":407,"column":60}},"407":{"start":{"line":408,"column":0},"end":{"line":408,"column":23}},"408":{"start":{"line":409,"column":0},"end":{"line":409,"column":27}},"409":{"start":{"line":410,"column":0},"end":{"line":410,"column":55}},"410":{"start":{"line":411,"column":0},"end":{"line":411,"column":8}},"411":{"start":{"line":412,"column":0},"end":{"line":412,"column":4}},"412":{"start":{"line":413,"column":0},"end":{"line":413,"column":0}},"413":{"start":{"line":414,"column":0},"end":{"line":414,"column":72}},"414":{"start":{"line":415,"column":0},"end":{"line":415,"column":62}},"415":{"start":{"line":416,"column":0},"end":{"line":416,"column":4}},"416":{"start":{"line":417,"column":0},"end":{"line":417,"column":0}},"417":{"start":{"line":418,"column":0},"end":{"line":418,"column":83}},"418":{"start":{"line":419,"column":0},"end":{"line":419,"column":71}},"419":{"start":{"line":420,"column":0},"end":{"line":420,"column":4}},"420":{"start":{"line":421,"column":0},"end":{"line":421,"column":0}},"421":{"start":{"line":422,"column":0},"end":{"line":422,"column":94}},"422":{"start":{"line":423,"column":0},"end":{"line":423,"column":79}},"423":{"start":{"line":424,"column":0},"end":{"line":424,"column":4}},"424":{"start":{"line":425,"column":0},"end":{"line":425,"column":0}},"425":{"start":{"line":426,"column":0},"end":{"line":426,"column":44}},"426":{"start":{"line":427,"column":0},"end":{"line":427,"column":45}},"427":{"start":{"line":428,"column":0},"end":{"line":428,"column":4}},"428":{"start":{"line":429,"column":0},"end":{"line":429,"column":0}},"429":{"start":{"line":430,"column":0},"end":{"line":430,"column":44}},"430":{"start":{"line":431,"column":0},"end":{"line":431,"column":45}},"431":{"start":{"line":432,"column":0},"end":{"line":432,"column":4}},"432":{"start":{"line":433,"column":0},"end":{"line":433,"column":0}},"433":{"start":{"line":434,"column":0},"end":{"line":434,"column":57}},"434":{"start":{"line":435,"column":0},"end":{"line":435,"column":39}},"435":{"start":{"line":436,"column":0},"end":{"line":436,"column":39}},"436":{"start":{"line":437,"column":0},"end":{"line":437,"column":27}},"437":{"start":{"line":438,"column":0},"end":{"line":438,"column":43}},"438":{"start":{"line":439,"column":0},"end":{"line":439,"column":8}},"439":{"start":{"line":440,"column":0},"end":{"line":440,"column":43}},"440":{"start":{"line":441,"column":0},"end":{"line":441,"column":0}},"441":{"start":{"line":442,"column":0},"end":{"line":442,"column":4}},"442":{"start":{"line":443,"column":0},"end":{"line":443,"column":0}},"443":{"start":{"line":444,"column":0},"end":{"line":444,"column":55}},"444":{"start":{"line":445,"column":0},"end":{"line":445,"column":38}},"445":{"start":{"line":446,"column":0},"end":{"line":446,"column":26}},"446":{"start":{"line":447,"column":0},"end":{"line":447,"column":44}},"447":{"start":{"line":448,"column":0},"end":{"line":448,"column":8}},"448":{"start":{"line":449,"column":0},"end":{"line":449,"column":55}},"449":{"start":{"line":450,"column":0},"end":{"line":450,"column":4}},"450":{"start":{"line":451,"column":0},"end":{"line":451,"column":0}},"451":{"start":{"line":452,"column":0},"end":{"line":452,"column":30}},"452":{"start":{"line":453,"column":0},"end":{"line":453,"column":0}},"453":{"start":{"line":454,"column":0},"end":{"line":454,"column":4}},"454":{"start":{"line":455,"column":0},"end":{"line":455,"column":0}},"455":{"start":{"line":456,"column":0},"end":{"line":456,"column":73}},"456":{"start":{"line":457,"column":0},"end":{"line":457,"column":40}},"457":{"start":{"line":458,"column":0},"end":{"line":458,"column":4}},"458":{"start":{"line":459,"column":0},"end":{"line":459,"column":0}},"459":{"start":{"line":460,"column":0},"end":{"line":460,"column":55}},"460":{"start":{"line":461,"column":0},"end":{"line":461,"column":38}},"461":{"start":{"line":462,"column":0},"end":{"line":462,"column":26}},"462":{"start":{"line":463,"column":0},"end":{"line":463,"column":43}},"463":{"start":{"line":464,"column":0},"end":{"line":464,"column":12}},"464":{"start":{"line":465,"column":0},"end":{"line":465,"column":34}},"465":{"start":{"line":466,"column":0},"end":{"line":466,"column":21}},"466":{"start":{"line":467,"column":0},"end":{"line":467,"column":4}},"467":{"start":{"line":468,"column":0},"end":{"line":468,"column":0}},"468":{"start":{"line":469,"column":0},"end":{"line":469,"column":73}},"469":{"start":{"line":470,"column":0},"end":{"line":470,"column":35}},"470":{"start":{"line":471,"column":0},"end":{"line":471,"column":47}},"471":{"start":{"line":472,"column":0},"end":{"line":472,"column":30}},"472":{"start":{"line":473,"column":0},"end":{"line":473,"column":53}},"473":{"start":{"line":474,"column":0},"end":{"line":474,"column":47}},"474":{"start":{"line":475,"column":0},"end":{"line":475,"column":30}},"475":{"start":{"line":476,"column":0},"end":{"line":476,"column":16}},"476":{"start":{"line":477,"column":0},"end":{"line":477,"column":43}},"477":{"start":{"line":478,"column":0},"end":{"line":478,"column":26}},"478":{"start":{"line":479,"column":0},"end":{"line":479,"column":49}},"479":{"start":{"line":480,"column":0},"end":{"line":480,"column":43}},"480":{"start":{"line":481,"column":0},"end":{"line":481,"column":10}},"481":{"start":{"line":482,"column":0},"end":{"line":482,"column":4}},"482":{"start":{"line":483,"column":0},"end":{"line":483,"column":0}},"483":{"start":{"line":484,"column":0},"end":{"line":484,"column":0}},"484":{"start":{"line":485,"column":0},"end":{"line":485,"column":71}},"485":{"start":{"line":486,"column":0},"end":{"line":486,"column":38}},"486":{"start":{"line":487,"column":0},"end":{"line":487,"column":45}},"487":{"start":{"line":488,"column":0},"end":{"line":488,"column":50}},"488":{"start":{"line":489,"column":0},"end":{"line":489,"column":5}},"489":{"start":{"line":490,"column":0},"end":{"line":490,"column":48}},"490":{"start":{"line":491,"column":0},"end":{"line":491,"column":38}},"491":{"start":{"line":492,"column":0},"end":{"line":492,"column":26}},"492":{"start":{"line":493,"column":0},"end":{"line":493,"column":28}},"493":{"start":{"line":494,"column":0},"end":{"line":494,"column":8}},"494":{"start":{"line":495,"column":0},"end":{"line":495,"column":33}},"495":{"start":{"line":496,"column":0},"end":{"line":496,"column":5}},"496":{"start":{"line":497,"column":0},"end":{"line":497,"column":0}},"497":{"start":{"line":498,"column":0},"end":{"line":498,"column":0}},"498":{"start":{"line":499,"column":0},"end":{"line":499,"column":43}},"499":{"start":{"line":500,"column":0},"end":{"line":500,"column":75}},"500":{"start":{"line":501,"column":0},"end":{"line":501,"column":4}},"501":{"start":{"line":502,"column":0},"end":{"line":502,"column":0}},"502":{"start":{"line":503,"column":0},"end":{"line":503,"column":66}},"503":{"start":{"line":504,"column":0},"end":{"line":504,"column":43}},"504":{"start":{"line":505,"column":0},"end":{"line":505,"column":29}},"505":{"start":{"line":506,"column":0},"end":{"line":506,"column":4}},"506":{"start":{"line":507,"column":0},"end":{"line":507,"column":65}},"507":{"start":{"line":508,"column":0},"end":{"line":508,"column":22}},"508":{"start":{"line":509,"column":0},"end":{"line":509,"column":36}},"509":{"start":{"line":510,"column":0},"end":{"line":510,"column":30}},"510":{"start":{"line":511,"column":0},"end":{"line":511,"column":83}},"511":{"start":{"line":512,"column":0},"end":{"line":512,"column":15}},"512":{"start":{"line":513,"column":0},"end":{"line":513,"column":24}},"513":{"start":{"line":514,"column":0},"end":{"line":514,"column":8}},"514":{"start":{"line":515,"column":0},"end":{"line":515,"column":4}},"515":{"start":{"line":516,"column":0},"end":{"line":516,"column":0}},"516":{"start":{"line":517,"column":0},"end":{"line":517,"column":0}},"517":{"start":{"line":518,"column":0},"end":{"line":518,"column":12}},"518":{"start":{"line":519,"column":0},"end":{"line":519,"column":12}},"519":{"start":{"line":520,"column":0},"end":{"line":520,"column":10}},"520":{"start":{"line":521,"column":0},"end":{"line":521,"column":11}},"521":{"start":{"line":522,"column":0},"end":{"line":522,"column":24}},"522":{"start":{"line":523,"column":0},"end":{"line":523,"column":0}},"523":{"start":{"line":524,"column":0},"end":{"line":524,"column":47}},"524":{"start":{"line":525,"column":0},"end":{"line":525,"column":61}},"525":{"start":{"line":526,"column":0},"end":{"line":526,"column":39}},"526":{"start":{"line":527,"column":0},"end":{"line":527,"column":51}},"527":{"start":{"line":528,"column":0},"end":{"line":528,"column":4}},"528":{"start":{"line":529,"column":0},"end":{"line":529,"column":0}},"529":{"start":{"line":530,"column":0},"end":{"line":530,"column":50}},"530":{"start":{"line":531,"column":0},"end":{"line":531,"column":61}},"531":{"start":{"line":532,"column":0},"end":{"line":532,"column":39}},"532":{"start":{"line":533,"column":0},"end":{"line":533,"column":51}},"533":{"start":{"line":534,"column":0},"end":{"line":534,"column":4}},"534":{"start":{"line":535,"column":0},"end":{"line":535,"column":0}},"535":{"start":{"line":536,"column":0},"end":{"line":536,"column":54}},"536":{"start":{"line":537,"column":0},"end":{"line":537,"column":44}},"537":{"start":{"line":538,"column":0},"end":{"line":538,"column":23}},"538":{"start":{"line":539,"column":0},"end":{"line":539,"column":30}},"539":{"start":{"line":540,"column":0},"end":{"line":540,"column":25}},"540":{"start":{"line":541,"column":0},"end":{"line":541,"column":8}},"541":{"start":{"line":542,"column":0},"end":{"line":542,"column":19}},"542":{"start":{"line":543,"column":0},"end":{"line":543,"column":5}}},"s":{"0":1,"1":1,"2":1,"3":1,"4":1,"5":1,"6":1,"7":1,"8":1,"9":1,"10":1,"11":1,"12":1,"13":1,"14":1,"15":1,"16":1,"17":1,"18":1,"19":1,"20":1,"21":1,"22":1,"23":1,"24":1,"25":1,"26":1,"27":1,"28":1,"29":1,"30":19,"31":19,"32":19,"33":19,"34":19,"35":19,"36":19,"37":16,"38":16,"39":19,"40":1,"41":14,"42":14,"43":14,"44":14,"45":14,"46":14,"47":22,"48":22,"49":14,"50":1,"51":13,"52":13,"53":13,"54":13,"55":13,"56":13,"57":13,"58":9,"59":9,"60":13,"61":1,"62":39,"63":39,"64":39,"65":39,"66":39,"67":39,"68":39,"69":22,"70":22,"71":39,"72":1,"73":1,"74":15,"75":15,"76":15,"77":15,"78":13,"79":13,"80":13,"81":15,"82":15,"83":127,"84":127,"85":16,"86":16,"87":0,"88":0,"89":16,"90":127,"91":111,"92":111,"93":127,"94":15,"95":15,"96":29,"97":88,"98":88,"99":88,"100":13,"101":13,"102":15,"103":15,"104":38,"105":38,"106":38,"107":38,"108":10,"109":10,"110":10,"111":10,"112":0,"113":0,"114":10,"115":6,"116":6,"117":15,"118":15,"119":15,"120":38,"121":0,"122":38,"123":6,"124":38,"125":3,"126":3,"127":29,"128":29,"129":15,"130":15,"131":41,"132":0,"133":41,"134":14,"135":41,"136":27,"137":27,"138":41,"139":15,"140":1,"141":32,"142":32,"143":32,"144":32,"145":1,"146":7,"147":7,"148":7,"149":7,"150":6,"151":6,"152":1,"153":1,"154":1,"155":1,"156":7,"157":7,"158":7,"159":7,"160":7,"161":1,"162":1,"163":32,"164":32,"165":0,"166":0,"167":0,"168":0,"169":0,"170":0,"171":0,"172":0,"173":0,"174":32,"175":1,"176":1,"177":1,"178":1,"179":1,"180":1,"181":1,"182":12,"183":12,"184":12,"185":12,"186":12,"187":12,"188":12,"189":12,"190":12,"191":12,"192":12,"193":12,"194":1,"195":0,"196":0,"197":0,"198":0,"199":0,"200":0,"201":0,"202":0,"203":0,"204":0,"205":0,"206":0,"207":1,"208":36,"209":36,"210":36,"211":36,"212":36,"213":36,"214":2,"215":2,"216":36,"217":2,"218":2,"219":36,"220":1,"221":1,"222":1,"223":1,"224":1,"225":1,"226":1,"227":1,"228":1,"229":1,"230":1,"231":1,"232":5,"233":5,"234":5,"235":5,"236":5,"237":1,"238":1,"239":28,"240":28,"241":18,"242":18,"243":18,"244":12,"245":18,"246":6,"247":6,"248":18,"249":28,"250":1,"251":2,"252":2,"253":2,"254":4,"255":4,"256":2,"257":2,"258":4,"259":4,"260":2,"261":1,"262":2,"263":2,"264":2,"265":2,"266":2,"267":2,"268":2,"269":2,"270":1,"271":2,"272":2,"273":2,"274":1,"275":20,"276":20,"277":20,"278":1,"279":20,"280":20,"281":18,"282":18,"283":20,"284":1,"285":8,"286":8,"287":6,"288":6,"289":8,"290":1,"291":16,"292":16,"293":12,"294":0,"295":0,"296":0,"297":0,"298":0,"299":0,"300":0,"301":0,"302":0,"303":1,"304":28,"305":28,"306":28,"307":0,"308":0,"309":0,"310":0,"311":10,"312":28,"313":10,"314":28,"315":10,"316":10,"317":1,"318":1,"319":16,"320":16,"321":16,"322":14,"323":14,"324":1,"325":8,"326":8,"327":8,"328":8,"329":8,"330":1,"331":1,"332":1,"333":1,"334":1,"335":1,"336":1,"337":1,"338":1,"339":1,"340":1,"341":1,"342":1,"343":1,"344":1,"345":1,"346":1,"347":1,"348":1,"349":1,"350":1,"351":1,"352":1,"353":1,"354":1,"355":1,"356":1,"357":1,"358":1,"359":1,"360":1,"361":1,"362":1,"363":1,"364":1,"365":1,"366":1,"367":1,"368":1,"369":1,"370":1,"371":1,"372":1,"373":1,"374":1,"375":1,"376":1,"377":1,"378":1,"379":1,"380":1,"381":1,"382":1,"383":1,"384":1,"385":1,"386":1,"387":1,"388":1,"389":1,"390":1,"391":1,"392":1,"393":1,"394":1,"395":1,"396":1,"397":1,"398":1,"399":1,"400":1,"401":1,"402":1,"403":1,"404":1,"405":1,"406":1,"407":1,"408":1,"409":1,"410":1,"411":1,"412":1,"413":1,"414":1,"415":1,"416":1,"417":1,"418":1,"419":1,"420":1,"421":1,"422":1,"423":1,"424":1,"425":1,"426":1,"427":1,"428":1,"429":1,"430":1,"431":1,"432":1,"433":1,"434":1,"435":1,"436":1,"437":1,"438":1,"439":1,"440":1,"441":1,"442":1,"443":1,"444":1,"445":1,"446":1,"447":1,"448":1,"449":1,"450":1,"451":1,"452":1,"453":1,"454":1,"455":1,"456":1,"457":1,"458":1,"459":1,"460":1,"461":1,"462":1,"463":1,"464":1,"465":1,"466":1,"467":1,"468":1,"469":1,"470":1,"471":1,"472":1,"473":1,"474":1,"475":1,"476":1,"477":1,"478":1,"479":1,"480":1,"481":1,"482":1,"483":1,"484":1,"485":1,"486":1,"487":1,"488":1,"489":1,"490":1,"491":1,"492":1,"493":1,"494":1,"495":1,"496":1,"497":1,"498":1,"499":1,"500":1,"501":1,"502":1,"503":1,"504":1,"505":1,"506":1,"507":1,"508":1,"509":1,"510":1,"511":1,"512":1,"513":1,"514":1,"515":1,"516":1,"517":1,"518":1,"519":1,"520":1,"521":1,"522":1,"523":1,"524":1,"525":1,"526":1,"527":1,"528":1,"529":1,"530":1,"531":1,"532":1,"533":1,"534":1,"535":1,"536":1,"537":1,"538":1,"539":1,"540":1,"541":1,"542":1},"branchMap":{"0":{"type":"branch","line":31,"loc":{"start":{"line":31,"column":0},"end":{"line":40,"column":1}},"locations":[{"start":{"line":31,"column":0},"end":{"line":40,"column":1}}]},"1":{"type":"branch","line":33,"loc":{"start":{"line":33,"column":4},"end":{"line":35,"column":5}},"locations":[{"start":{"line":33,"column":4},"end":{"line":35,"column":5}}]},"2":{"type":"branch","line":37,"loc":{"start":{"line":37,"column":4},"end":{"line":39,"column":5}},"locations":[{"start":{"line":37,"column":4},"end":{"line":39,"column":5}}]},"3":{"type":"branch","line":42,"loc":{"start":{"line":42,"column":0},"end":{"line":50,"column":1}},"locations":[{"start":{"line":42,"column":0},"end":{"line":50,"column":1}}]},"4":{"type":"branch","line":44,"loc":{"start":{"line":44,"column":4},"end":{"line":46,"column":5}},"locations":[{"start":{"line":44,"column":4},"end":{"line":46,"column":5}}]},"5":{"type":"branch","line":47,"loc":{"start":{"line":47,"column":4},"end":{"line":49,"column":5}},"locations":[{"start":{"line":47,"column":4},"end":{"line":49,"column":5}}]},"6":{"type":"branch","line":52,"loc":{"start":{"line":52,"column":0},"end":{"line":61,"column":1}},"locations":[{"start":{"line":52,"column":0},"end":{"line":61,"column":1}}]},"7":{"type":"branch","line":54,"loc":{"start":{"line":54,"column":4},"end":{"line":56,"column":5}},"locations":[{"start":{"line":54,"column":4},"end":{"line":56,"column":5}}]},"8":{"type":"branch","line":58,"loc":{"start":{"line":58,"column":4},"end":{"line":60,"column":5}},"locations":[{"start":{"line":58,"column":4},"end":{"line":60,"column":5}}]},"9":{"type":"branch","line":63,"loc":{"start":{"line":63,"column":0},"end":{"line":72,"column":1}},"locations":[{"start":{"line":63,"column":0},"end":{"line":72,"column":1}}]},"10":{"type":"branch","line":65,"loc":{"start":{"line":65,"column":4},"end":{"line":67,"column":5}},"locations":[{"start":{"line":65,"column":4},"end":{"line":67,"column":5}}]},"11":{"type":"branch","line":69,"loc":{"start":{"line":69,"column":4},"end":{"line":71,"column":5}},"locations":[{"start":{"line":69,"column":4},"end":{"line":71,"column":5}}]},"12":{"type":"branch","line":75,"loc":{"start":{"line":75,"column":0},"end":{"line":140,"column":1}},"locations":[{"start":{"line":75,"column":0},"end":{"line":140,"column":1}}]},"13":{"type":"branch","line":76,"loc":{"start":{"line":76,"column":4},"end":{"line":76,"column":41}},"locations":[{"start":{"line":76,"column":4},"end":{"line":76,"column":41}}]},"14":{"type":"branch","line":78,"loc":{"start":{"line":78,"column":11},"end":{"line":81,"column":5}},"locations":[{"start":{"line":78,"column":11},"end":{"line":81,"column":5}}]},"15":{"type":"branch","line":79,"loc":{"start":{"line":79,"column":34},"end":{"line":79,"column":46}},"locations":[{"start":{"line":79,"column":34},"end":{"line":79,"column":46}}]},"16":{"type":"branch","line":83,"loc":{"start":{"line":83,"column":11},"end":{"line":94,"column":5}},"locations":[{"start":{"line":83,"column":11},"end":{"line":94,"column":5}}]},"17":{"type":"branch","line":84,"loc":{"start":{"line":84,"column":37},"end":{"line":84,"column":53}},"locations":[{"start":{"line":84,"column":37},"end":{"line":84,"column":53}}]},"18":{"type":"branch","line":85,"loc":{"start":{"line":85,"column":16},"end":{"line":91,"column":9}},"locations":[{"start":{"line":85,"column":16},"end":{"line":91,"column":9}}]},"19":{"type":"branch","line":87,"loc":{"start":{"line":87,"column":23},"end":{"line":89,"column":13}},"locations":[{"start":{"line":87,"column":23},"end":{"line":89,"column":13}}]},"20":{"type":"branch","line":91,"loc":{"start":{"line":91,"column":9},"end":{"line":93,"column":9}},"locations":[{"start":{"line":91,"column":9},"end":{"line":93,"column":9}}]},"21":{"type":"branch","line":96,"loc":{"start":{"line":96,"column":11},"end":{"line":102,"column":5}},"locations":[{"start":{"line":96,"column":11},"end":{"line":102,"column":5}}]},"22":{"type":"branch","line":97,"loc":{"start":{"line":97,"column":38},"end":{"line":100,"column":9}},"locations":[{"start":{"line":97,"column":38},"end":{"line":100,"column":9}}]},"23":{"type":"branch","line":98,"loc":{"start":{"line":98,"column":73},"end":{"line":98,"column":84}},"locations":[{"start":{"line":98,"column":73},"end":{"line":98,"column":84}}]},"24":{"type":"branch","line":101,"loc":{"start":{"line":101,"column":-1},"end":{"line":102,"column":5}},"locations":[{"start":{"line":101,"column":-1},"end":{"line":102,"column":5}}]},"25":{"type":"branch","line":104,"loc":{"start":{"line":104,"column":11},"end":{"line":117,"column":5}},"locations":[{"start":{"line":104,"column":11},"end":{"line":117,"column":5}}]},"26":{"type":"branch","line":105,"loc":{"start":{"line":105,"column":30},"end":{"line":105,"column":42}},"locations":[{"start":{"line":105,"column":30},"end":{"line":105,"column":42}}]},"27":{"type":"branch","line":106,"loc":{"start":{"line":106,"column":-1},"end":{"line":106,"column":39}},"locations":[{"start":{"line":106,"column":-1},"end":{"line":106,"column":39}}]},"28":{"type":"branch","line":106,"loc":{"start":{"line":106,"column":32},"end":{"line":106,"column":57}},"locations":[{"start":{"line":106,"column":32},"end":{"line":106,"column":57}}]},"29":{"type":"branch","line":107,"loc":{"start":{"line":107,"column":-1},"end":{"line":107,"column":39}},"locations":[{"start":{"line":107,"column":-1},"end":{"line":107,"column":39}}]},"30":{"type":"branch","line":107,"loc":{"start":{"line":107,"column":32},"end":{"line":107,"column":56}},"locations":[{"start":{"line":107,"column":32},"end":{"line":107,"column":56}}]},"31":{"type":"branch","line":108,"loc":{"start":{"line":108,"column":-1},"end":{"line":108,"column":34}},"locations":[{"start":{"line":108,"column":-1},"end":{"line":108,"column":34}}]},"32":{"type":"branch","line":108,"loc":{"start":{"line":108,"column":30},"end":{"line":108,"column":52}},"locations":[{"start":{"line":108,"column":30},"end":{"line":108,"column":52}}]},"33":{"type":"branch","line":108,"loc":{"start":{"line":108,"column":54},"end":{"line":115,"column":9}},"locations":[{"start":{"line":108,"column":54},"end":{"line":115,"column":9}}]},"34":{"type":"branch","line":112,"loc":{"start":{"line":112,"column":13},"end":{"line":114,"column":13}},"locations":[{"start":{"line":112,"column":13},"end":{"line":114,"column":13}}]},"35":{"type":"branch","line":116,"loc":{"start":{"line":116,"column":-1},"end":{"line":117,"column":5}},"locations":[{"start":{"line":116,"column":-1},"end":{"line":117,"column":5}}]},"36":{"type":"branch","line":120,"loc":{"start":{"line":120,"column":11},"end":{"line":129,"column":5}},"locations":[{"start":{"line":120,"column":11},"end":{"line":129,"column":5}}]},"37":{"type":"branch","line":121,"loc":{"start":{"line":121,"column":30},"end":{"line":121,"column":52}},"locations":[{"start":{"line":121,"column":30},"end":{"line":121,"column":52}}]},"38":{"type":"branch","line":121,"loc":{"start":{"line":121,"column":52},"end":{"line":121,"column":73}},"locations":[{"start":{"line":121,"column":52},"end":{"line":121,"column":73}}]},"39":{"type":"branch","line":121,"loc":{"start":{"line":121,"column":75},"end":{"line":123,"column":9}},"locations":[{"start":{"line":121,"column":75},"end":{"line":123,"column":9}}]},"40":{"type":"branch","line":123,"loc":{"start":{"line":123,"column":40},"end":{"line":123,"column":65}},"locations":[{"start":{"line":123,"column":40},"end":{"line":123,"column":65}}]},"41":{"type":"branch","line":123,"loc":{"start":{"line":123,"column":65},"end":{"line":123,"column":88}},"locations":[{"start":{"line":123,"column":65},"end":{"line":123,"column":88}}]},"42":{"type":"branch","line":123,"loc":{"start":{"line":123,"column":90},"end":{"line":125,"column":9}},"locations":[{"start":{"line":123,"column":90},"end":{"line":125,"column":9}}]},"43":{"type":"branch","line":125,"loc":{"start":{"line":125,"column":9},"end":{"line":127,"column":9}},"locations":[{"start":{"line":125,"column":9},"end":{"line":127,"column":9}}]},"44":{"type":"branch","line":125,"loc":{"start":{"line":125,"column":38},"end":{"line":125,"column":61}},"locations":[{"start":{"line":125,"column":38},"end":{"line":125,"column":61}}]},"45":{"type":"branch","line":125,"loc":{"start":{"line":125,"column":63},"end":{"line":127,"column":9}},"locations":[{"start":{"line":125,"column":63},"end":{"line":127,"column":9}}]},"46":{"type":"branch","line":128,"loc":{"start":{"line":128,"column":-1},"end":{"line":129,"column":5}},"locations":[{"start":{"line":128,"column":-1},"end":{"line":129,"column":5}}]},"47":{"type":"branch","line":131,"loc":{"start":{"line":131,"column":11},"end":{"line":139,"column":5}},"locations":[{"start":{"line":131,"column":11},"end":{"line":139,"column":5}}]},"48":{"type":"branch","line":132,"loc":{"start":{"line":132,"column":32},"end":{"line":134,"column":9}},"locations":[{"start":{"line":132,"column":32},"end":{"line":134,"column":9}}]},"49":{"type":"branch","line":134,"loc":{"start":{"line":134,"column":39},"end":{"line":136,"column":9}},"locations":[{"start":{"line":134,"column":39},"end":{"line":136,"column":9}}]},"50":{"type":"branch","line":136,"loc":{"start":{"line":136,"column":9},"end":{"line":138,"column":9}},"locations":[{"start":{"line":136,"column":9},"end":{"line":138,"column":9}}]},"51":{"type":"branch","line":142,"loc":{"start":{"line":142,"column":0},"end":{"line":175,"column":1}},"locations":[{"start":{"line":142,"column":0},"end":{"line":175,"column":1}}]},"52":{"type":"branch","line":143,"loc":{"start":{"line":143,"column":4},"end":{"line":143,"column":62}},"locations":[{"start":{"line":143,"column":4},"end":{"line":143,"column":62}}]},"53":{"type":"branch","line":145,"loc":{"start":{"line":145,"column":4},"end":{"line":163,"column":5}},"locations":[{"start":{"line":145,"column":4},"end":{"line":163,"column":5}}]},"54":{"type":"branch","line":146,"loc":{"start":{"line":146,"column":39},"end":{"line":162,"column":9}},"locations":[{"start":{"line":146,"column":39},"end":{"line":162,"column":9}}]},"55":{"type":"branch","line":150,"loc":{"start":{"line":150,"column":44},"end":{"line":152,"column":17}},"locations":[{"start":{"line":150,"column":44},"end":{"line":152,"column":17}}]},"56":{"type":"branch","line":153,"loc":{"start":{"line":153,"column":-1},"end":{"line":156,"column":17}},"locations":[{"start":{"line":153,"column":-1},"end":{"line":156,"column":17}}]},"57":{"type":"branch","line":157,"loc":{"start":{"line":157,"column":-1},"end":{"line":157,"column":70}},"locations":[{"start":{"line":157,"column":-1},"end":{"line":157,"column":70}}]},"58":{"type":"branch","line":157,"loc":{"start":{"line":157,"column":71},"end":{"line":157,"column":81}},"locations":[{"start":{"line":157,"column":71},"end":{"line":157,"column":81}}]},"59":{"type":"branch","line":160,"loc":{"start":{"line":160,"column":-1},"end":{"line":160,"column":66}},"locations":[{"start":{"line":160,"column":-1},"end":{"line":160,"column":66}}]},"60":{"type":"branch","line":160,"loc":{"start":{"line":160,"column":67},"end":{"line":160,"column":77}},"locations":[{"start":{"line":160,"column":67},"end":{"line":160,"column":77}}]},"61":{"type":"branch","line":183,"loc":{"start":{"line":183,"column":0},"end":{"line":194,"column":1}},"locations":[{"start":{"line":183,"column":0},"end":{"line":194,"column":1}}]},"62":{"type":"branch","line":185,"loc":{"start":{"line":185,"column":4},"end":{"line":187,"column":5}},"locations":[{"start":{"line":185,"column":4},"end":{"line":187,"column":5}}]},"63":{"type":"branch","line":188,"loc":{"start":{"line":188,"column":13},"end":{"line":190,"column":5}},"locations":[{"start":{"line":188,"column":13},"end":{"line":190,"column":5}}]},"64":{"type":"branch","line":191,"loc":{"start":{"line":191,"column":13},"end":{"line":193,"column":5}},"locations":[{"start":{"line":191,"column":13},"end":{"line":193,"column":5}}]},"65":{"type":"branch","line":196,"loc":{"start":{"line":196,"column":0},"end":{"line":207,"column":1}},"locations":[{"start":{"line":196,"column":0},"end":{"line":207,"column":1}}]},"66":{"type":"branch","line":209,"loc":{"start":{"line":209,"column":0},"end":{"line":220,"column":1}},"locations":[{"start":{"line":209,"column":0},"end":{"line":220,"column":1}}]},"67":{"type":"branch","line":211,"loc":{"start":{"line":211,"column":4},"end":{"line":213,"column":5}},"locations":[{"start":{"line":211,"column":4},"end":{"line":213,"column":5}}]},"68":{"type":"branch","line":214,"loc":{"start":{"line":214,"column":13},"end":{"line":216,"column":5}},"locations":[{"start":{"line":214,"column":13},"end":{"line":216,"column":5}}]},"69":{"type":"branch","line":217,"loc":{"start":{"line":217,"column":13},"end":{"line":219,"column":5}},"locations":[{"start":{"line":217,"column":13},"end":{"line":219,"column":5}}]},"70":{"type":"branch","line":228,"loc":{"start":{"line":228,"column":24},"end":{"line":228,"column":64}},"locations":[{"start":{"line":228,"column":24},"end":{"line":228,"column":64}}]},"71":{"type":"branch","line":229,"loc":{"start":{"line":229,"column":27},"end":{"line":229,"column":94}},"locations":[{"start":{"line":229,"column":27},"end":{"line":229,"column":94}}]},"72":{"type":"branch","line":230,"loc":{"start":{"line":230,"column":25},"end":{"line":230,"column":51}},"locations":[{"start":{"line":230,"column":25},"end":{"line":230,"column":51}}]},"73":{"type":"branch","line":231,"loc":{"start":{"line":231,"column":24},"end":{"line":231,"column":88}},"locations":[{"start":{"line":231,"column":24},"end":{"line":231,"column":88}}]},"74":{"type":"branch","line":232,"loc":{"start":{"line":232,"column":24},"end":{"line":237,"column":1}},"locations":[{"start":{"line":232,"column":24},"end":{"line":237,"column":1}}]},"75":{"type":"branch","line":233,"loc":{"start":{"line":233,"column":27},"end":{"line":233,"column":46}},"locations":[{"start":{"line":233,"column":27},"end":{"line":233,"column":46}}]},"76":{"type":"branch","line":235,"loc":{"start":{"line":235,"column":28},"end":{"line":235,"column":58}},"locations":[{"start":{"line":235,"column":28},"end":{"line":235,"column":58}}]},"77":{"type":"branch","line":240,"loc":{"start":{"line":240,"column":0},"end":{"line":250,"column":1}},"locations":[{"start":{"line":240,"column":0},"end":{"line":250,"column":1}}]},"78":{"type":"branch","line":241,"loc":{"start":{"line":241,"column":11},"end":{"line":249,"column":5}},"locations":[{"start":{"line":241,"column":11},"end":{"line":249,"column":5}}]},"79":{"type":"branch","line":244,"loc":{"start":{"line":244,"column":16},"end":{"line":246,"column":9}},"locations":[{"start":{"line":244,"column":16},"end":{"line":246,"column":9}}]},"80":{"type":"branch","line":246,"loc":{"start":{"line":246,"column":9},"end":{"line":248,"column":9}},"locations":[{"start":{"line":246,"column":9},"end":{"line":248,"column":9}}]},"81":{"type":"branch","line":252,"loc":{"start":{"line":252,"column":0},"end":{"line":261,"column":1}},"locations":[{"start":{"line":252,"column":0},"end":{"line":261,"column":1}}]},"82":{"type":"branch","line":254,"loc":{"start":{"line":254,"column":19},"end":{"line":260,"column":5}},"locations":[{"start":{"line":254,"column":19},"end":{"line":260,"column":5}}]},"83":{"type":"branch","line":256,"loc":{"start":{"line":256,"column":19},"end":{"line":258,"column":9}},"locations":[{"start":{"line":256,"column":19},"end":{"line":258,"column":9}}]},"84":{"type":"branch","line":263,"loc":{"start":{"line":263,"column":0},"end":{"line":270,"column":1}},"locations":[{"start":{"line":263,"column":0},"end":{"line":270,"column":1}}]},"85":{"type":"branch","line":267,"loc":{"start":{"line":267,"column":36},"end":{"line":267,"column":42}},"locations":[{"start":{"line":267,"column":36},"end":{"line":267,"column":42}}]},"86":{"type":"branch","line":272,"loc":{"start":{"line":272,"column":0},"end":{"line":274,"column":1}},"locations":[{"start":{"line":272,"column":0},"end":{"line":274,"column":1}}]},"87":{"type":"branch","line":276,"loc":{"start":{"line":276,"column":0},"end":{"line":278,"column":1}},"locations":[{"start":{"line":276,"column":0},"end":{"line":278,"column":1}}]},"88":{"type":"branch","line":277,"loc":{"start":{"line":277,"column":11},"end":{"line":277,"column":83}},"locations":[{"start":{"line":277,"column":11},"end":{"line":277,"column":83}}]},"89":{"type":"branch","line":280,"loc":{"start":{"line":280,"column":0},"end":{"line":284,"column":1}},"locations":[{"start":{"line":280,"column":0},"end":{"line":284,"column":1}}]},"90":{"type":"branch","line":281,"loc":{"start":{"line":281,"column":11},"end":{"line":283,"column":5}},"locations":[{"start":{"line":281,"column":11},"end":{"line":283,"column":5}}]},"91":{"type":"branch","line":286,"loc":{"start":{"line":286,"column":0},"end":{"line":290,"column":1}},"locations":[{"start":{"line":286,"column":0},"end":{"line":290,"column":1}}]},"92":{"type":"branch","line":287,"loc":{"start":{"line":287,"column":11},"end":{"line":289,"column":5}},"locations":[{"start":{"line":287,"column":11},"end":{"line":289,"column":5}}]},"93":{"type":"branch","line":292,"loc":{"start":{"line":292,"column":0},"end":{"line":303,"column":1}},"locations":[{"start":{"line":292,"column":0},"end":{"line":303,"column":1}}]},"94":{"type":"branch","line":293,"loc":{"start":{"line":293,"column":29},"end":{"line":293,"column":39}},"locations":[{"start":{"line":293,"column":29},"end":{"line":293,"column":39}}]},"95":{"type":"branch","line":294,"loc":{"start":{"line":294,"column":-1},"end":{"line":294,"column":39}},"locations":[{"start":{"line":294,"column":-1},"end":{"line":294,"column":39}}]},"96":{"type":"branch","line":295,"loc":{"start":{"line":295,"column":-1},"end":{"line":303,"column":1}},"locations":[{"start":{"line":295,"column":-1},"end":{"line":303,"column":1}}]},"97":{"type":"branch","line":305,"loc":{"start":{"line":305,"column":0},"end":{"line":317,"column":1}},"locations":[{"start":{"line":305,"column":0},"end":{"line":317,"column":1}}]},"98":{"type":"branch","line":306,"loc":{"start":{"line":306,"column":28},"end":{"line":306,"column":53}},"locations":[{"start":{"line":306,"column":28},"end":{"line":306,"column":53}}]},"99":{"type":"branch","line":307,"loc":{"start":{"line":307,"column":-1},"end":{"line":307,"column":31}},"locations":[{"start":{"line":307,"column":-1},"end":{"line":307,"column":31}}]},"100":{"type":"branch","line":307,"loc":{"start":{"line":307,"column":31},"end":{"line":311,"column":5}},"locations":[{"start":{"line":307,"column":31},"end":{"line":311,"column":5}}]},"101":{"type":"branch","line":312,"loc":{"start":{"line":312,"column":-1},"end":{"line":313,"column":24}},"locations":[{"start":{"line":312,"column":-1},"end":{"line":313,"column":24}}]},"102":{"type":"branch","line":313,"loc":{"start":{"line":313,"column":17},"end":{"line":313,"column":42}},"locations":[{"start":{"line":313,"column":17},"end":{"line":313,"column":42}}]},"103":{"type":"branch","line":314,"loc":{"start":{"line":314,"column":-1},"end":{"line":315,"column":24}},"locations":[{"start":{"line":314,"column":-1},"end":{"line":315,"column":24}}]},"104":{"type":"branch","line":315,"loc":{"start":{"line":315,"column":17},"end":{"line":315,"column":42}},"locations":[{"start":{"line":315,"column":17},"end":{"line":315,"column":42}}]},"105":{"type":"branch","line":316,"loc":{"start":{"line":316,"column":-1},"end":{"line":317,"column":1}},"locations":[{"start":{"line":316,"column":-1},"end":{"line":317,"column":1}}]},"106":{"type":"branch","line":320,"loc":{"start":{"line":320,"column":0},"end":{"line":324,"column":2}},"locations":[{"start":{"line":320,"column":0},"end":{"line":324,"column":2}}]},"107":{"type":"branch","line":321,"loc":{"start":{"line":321,"column":24},"end":{"line":321,"column":58}},"locations":[{"start":{"line":321,"column":24},"end":{"line":321,"column":58}}]},"108":{"type":"branch","line":322,"loc":{"start":{"line":322,"column":24},"end":{"line":322,"column":36}},"locations":[{"start":{"line":322,"column":24},"end":{"line":322,"column":36}}]},"109":{"type":"branch","line":323,"loc":{"start":{"line":323,"column":-1},"end":{"line":324,"column":2}},"locations":[{"start":{"line":323,"column":-1},"end":{"line":324,"column":2}}]},"110":{"type":"branch","line":323,"loc":{"start":{"line":323,"column":20},"end":{"line":323,"column":46}},"locations":[{"start":{"line":323,"column":20},"end":{"line":323,"column":46}}]},"111":{"type":"branch","line":326,"loc":{"start":{"line":326,"column":0},"end":{"line":330,"column":2}},"locations":[{"start":{"line":326,"column":0},"end":{"line":330,"column":2}}]},"112":{"type":"branch","line":327,"loc":{"start":{"line":327,"column":24},"end":{"line":327,"column":58}},"locations":[{"start":{"line":327,"column":24},"end":{"line":327,"column":58}}]},"113":{"type":"branch","line":328,"loc":{"start":{"line":328,"column":24},"end":{"line":328,"column":36}},"locations":[{"start":{"line":328,"column":24},"end":{"line":328,"column":36}}]},"114":{"type":"branch","line":329,"loc":{"start":{"line":329,"column":20},"end":{"line":329,"column":46}},"locations":[{"start":{"line":329,"column":20},"end":{"line":329,"column":46}}]}},"b":{"0":[19],"1":[19],"2":[16],"3":[14],"4":[14],"5":[22],"6":[13],"7":[13],"8":[9],"9":[39],"10":[39],"11":[22],"12":[15],"13":[15],"14":[13],"15":[0],"16":[127],"17":[29],"18":[16],"19":[0],"20":[111],"21":[29],"22":[88],"23":[16],"24":[13],"25":[38],"26":[9],"27":[29],"28":[13],"29":[16],"30":[0],"31":[16],"32":[12],"33":[10],"34":[0],"35":[6],"36":[38],"37":[13],"38":[0],"39":[0],"40":[6],"41":[6],"42":[6],"43":[32],"44":[7],"45":[3],"46":[29],"47":[41],"48":[0],"49":[14],"50":[27],"51":[32],"52":[32],"53":[1],"54":[7],"55":[6],"56":[1],"57":[0],"58":[0],"59":[0],"60":[0],"61":[12],"62":[12],"63":[12],"64":[12],"65":[0],"66":[36],"67":[36],"68":[2],"69":[2],"70":[19],"71":[14],"72":[13],"73":[26],"74":[5],"75":[0],"76":[14],"77":[28],"78":[18],"79":[12],"80":[6],"81":[2],"82":[4],"83":[2],"84":[2],"85":[0],"86":[2],"87":[20],"88":[18],"89":[20],"90":[18],"91":[8],"92":[6],"93":[16],"94":[4],"95":[12],"96":[0],"97":[28],"98":[18],"99":[10],"100":[0],"101":[10],"102":[0],"103":[10],"104":[0],"105":[10],"106":[16],"107":[0],"108":[2],"109":[14],"110":[20],"111":[8],"112":[0],"113":[0],"114":[8]},"fnMap":{"0":{"name":"<instance_members_initializer>","decl":{"start":{"line":31,"column":0},"end":{"line":40,"column":1}},"loc":{"start":{"line":31,"column":0},"end":{"line":40,"column":1}},"line":31},"1":{"name":"LLVar","decl":{"start":{"line":33,"column":4},"end":{"line":35,"column":5}},"loc":{"start":{"line":33,"column":4},"end":{"line":35,"column":5}},"line":33},"2":{"name":"toString","decl":{"start":{"line":37,"column":4},"end":{"line":39,"column":5}},"loc":{"start":{"line":37,"column":4},"end":{"line":39,"column":5}},"line":37},"3":{"name":"<instance_members_initializer>","decl":{"start":{"line":42,"column":0},"end":{"line":50,"column":1}},"loc":{"start":{"line":42,"column":0},"end":{"line":50,"column":1}},"line":42},"4":{"name":"LLiteral","decl":{"start":{"line":44,"column":4},"end":{"line":46,"column":5}},"loc":{"start":{"line":44,"column":4},"end":{"line":46,"column":5}},"line":44},"5":{"name":"toString","decl":{"start":{"line":47,"column":4},"end":{"line":49,"column":5}},"loc":{"start":{"line":47,"column":4},"end":{"line":49,"column":5}},"line":47},"6":{"name":"<instance_members_initializer>","decl":{"start":{"line":52,"column":0},"end":{"line":61,"column":1}},"loc":{"start":{"line":52,"column":0},"end":{"line":61,"column":1}},"line":52},"7":{"name":"LEmpty","decl":{"start":{"line":54,"column":4},"end":{"line":56,"column":5}},"loc":{"start":{"line":54,"column":4},"end":{"line":56,"column":5}},"line":54},"8":{"name":"toString","decl":{"start":{"line":58,"column":4},"end":{"line":60,"column":5}},"loc":{"start":{"line":58,"column":4},"end":{"line":60,"column":5}},"line":58},"9":{"name":"<instance_members_initializer>","decl":{"start":{"line":63,"column":0},"end":{"line":72,"column":1}},"loc":{"start":{"line":63,"column":0},"end":{"line":72,"column":1}},"line":63},"10":{"name":"LPair","decl":{"start":{"line":65,"column":4},"end":{"line":67,"column":5}},"loc":{"start":{"line":65,"column":4},"end":{"line":67,"column":5}},"line":65},"11":{"name":"toString","decl":{"start":{"line":69,"column":4},"end":{"line":71,"column":5}},"loc":{"start":{"line":69,"column":4},"end":{"line":71,"column":5}},"line":69},"12":{"name":"<instance_members_initializer>","decl":{"start":{"line":75,"column":0},"end":{"line":140,"column":1}},"loc":{"start":{"line":75,"column":0},"end":{"line":140,"column":1}},"line":75},"13":{"name":"Subst","decl":{"start":{"line":76,"column":4},"end":{"line":76,"column":41}},"loc":{"start":{"line":76,"column":4},"end":{"line":76,"column":41}},"line":76},"14":{"name":"extend","decl":{"start":{"line":78,"column":11},"end":{"line":81,"column":5}},"loc":{"start":{"line":78,"column":11},"end":{"line":81,"column":5}},"line":78},"15":{"name":"find","decl":{"start":{"line":83,"column":11},"end":{"line":94,"column":5}},"loc":{"start":{"line":83,"column":11},"end":{"line":94,"column":5}},"line":83},"16":{"name":"assv","decl":{"start":{"line":96,"column":11},"end":{"line":102,"column":5}},"loc":{"start":{"line":96,"column":11},"end":{"line":102,"column":5}},"line":96},"17":{"name":"unify","decl":{"start":{"line":104,"column":11},"end":{"line":117,"column":5}},"loc":{"start":{"line":104,"column":11},"end":{"line":117,"column":5}},"line":104},"18":{"name":"equiv","decl":{"start":{"line":120,"column":11},"end":{"line":129,"column":5}},"loc":{"start":{"line":120,"column":11},"end":{"line":129,"column":5}},"line":120},"19":{"name":"doesOccur","decl":{"start":{"line":131,"column":11},"end":{"line":139,"column":5}},"loc":{"start":{"line":131,"column":11},"end":{"line":139,"column":5}},"line":131},"20":{"name":"<instance_members_initializer>","decl":{"start":{"line":142,"column":0},"end":{"line":175,"column":1}},"loc":{"start":{"line":142,"column":0},"end":{"line":175,"column":1}},"line":142},"21":{"name":"State","decl":{"start":{"line":143,"column":4},"end":{"line":143,"column":62}},"loc":{"start":{"line":143,"column":4},"end":{"line":143,"column":62}},"line":143},"22":{"name":"toMap","decl":{"start":{"line":145,"column":4},"end":{"line":163,"column":5}},"loc":{"start":{"line":145,"column":4},"end":{"line":163,"column":5}},"line":145},"23":{"name":"toString","decl":{"start":{"line":165,"column":4},"end":{"line":174,"column":5}},"loc":{"start":{"line":165,"column":4},"end":{"line":174,"column":5}},"line":165},"24":{"name":"<instance_members_initializer>","decl":{"start":{"line":183,"column":0},"end":{"line":194,"column":1}},"loc":{"start":{"line":183,"column":0},"end":{"line":194,"column":1}},"line":183},"25":{"name":"MatureStream","decl":{"start":{"line":185,"column":4},"end":{"line":187,"column":5}},"loc":{"start":{"line":185,"column":4},"end":{"line":187,"column":5}},"line":185},"26":{"name":"getStream","decl":{"start":{"line":188,"column":13},"end":{"line":190,"column":5}},"loc":{"start":{"line":188,"column":13},"end":{"line":190,"column":5}},"line":188},"27":{"name":"getState","decl":{"start":{"line":191,"column":13},"end":{"line":193,"column":5}},"loc":{"start":{"line":191,"column":13},"end":{"line":193,"column":5}},"line":191},"28":{"name":"<instance_members_initializer>","decl":{"start":{"line":196,"column":0},"end":{"line":207,"column":1}},"loc":{"start":{"line":196,"column":0},"end":{"line":207,"column":1}},"line":196},"29":{"name":"<instance_members_initializer>","decl":{"start":{"line":209,"column":0},"end":{"line":220,"column":1}},"loc":{"start":{"line":209,"column":0},"end":{"line":220,"column":1}},"line":209},"30":{"name":"EmptyStream","decl":{"start":{"line":211,"column":4},"end":{"line":213,"column":5}},"loc":{"start":{"line":211,"column":4},"end":{"line":213,"column":5}},"line":211},"31":{"name":"getStream","decl":{"start":{"line":214,"column":13},"end":{"line":216,"column":5}},"loc":{"start":{"line":214,"column":13},"end":{"line":216,"column":5}},"line":214},"32":{"name":"getState","decl":{"start":{"line":217,"column":13},"end":{"line":219,"column":5}},"loc":{"start":{"line":217,"column":13},"end":{"line":219,"column":5}},"line":217},"33":{"name":"makelvar","decl":{"start":{"line":228,"column":24},"end":{"line":228,"column":64}},"loc":{"start":{"line":228,"column":24},"end":{"line":228,"column":64}},"line":228},"34":{"name":"makeLiteral","decl":{"start":{"line":229,"column":27},"end":{"line":229,"column":94}},"loc":{"start":{"line":229,"column":27},"end":{"line":229,"column":94}},"line":229},"35":{"name":"makeEmpty","decl":{"start":{"line":230,"column":25},"end":{"line":230,"column":51}},"loc":{"start":{"line":230,"column":25},"end":{"line":230,"column":51}},"line":230},"36":{"name":"makePair","decl":{"start":{"line":231,"column":24},"end":{"line":231,"column":88}},"loc":{"start":{"line":231,"column":24},"end":{"line":231,"column":88}},"line":231},"37":{"name":"makeList","decl":{"start":{"line":232,"column":24},"end":{"line":237,"column":1}},"loc":{"start":{"line":232,"column":24},"end":{"line":237,"column":1}},"line":232},"38":{"name":"eq","decl":{"start":{"line":240,"column":0},"end":{"line":250,"column":1}},"loc":{"start":{"line":240,"column":0},"end":{"line":250,"column":1}},"line":240},"39":{"name":"pull","decl":{"start":{"line":252,"column":0},"end":{"line":261,"column":1}},"loc":{"start":{"line":252,"column":0},"end":{"line":261,"column":1}},"line":252},"40":{"name":"take","decl":{"start":{"line":263,"column":0},"end":{"line":270,"column":1}},"loc":{"start":{"line":263,"column":0},"end":{"line":270,"column":1}},"line":263},"41":{"name":"run","decl":{"start":{"line":272,"column":0},"end":{"line":274,"column":1}},"loc":{"start":{"line":272,"column":0},"end":{"line":274,"column":1}},"line":272},"42":{"name":"call_fresh","decl":{"start":{"line":276,"column":0},"end":{"line":278,"column":1}},"loc":{"start":{"line":276,"column":0},"end":{"line":278,"column":1}},"line":276},"43":{"name":"conj","decl":{"start":{"line":280,"column":0},"end":{"line":284,"column":1}},"loc":{"start":{"line":280,"column":0},"end":{"line":284,"column":1}},"line":280},"44":{"name":"disj","decl":{"start":{"line":286,"column":0},"end":{"line":290,"column":1}},"loc":{"start":{"line":286,"column":0},"end":{"line":290,"column":1}},"line":286},"45":{"name":"append_1","decl":{"start":{"line":292,"column":0},"end":{"line":303,"column":1}},"loc":{"start":{"line":292,"column":0},"end":{"line":303,"column":1}},"line":292},"46":{"name":"append_map","decl":{"start":{"line":305,"column":0},"end":{"line":317,"column":1}},"loc":{"start":{"line":305,"column":0},"end":{"line":317,"column":1}},"line":305},"47":{"name":"all","decl":{"start":{"line":320,"column":0},"end":{"line":324,"column":2}},"loc":{"start":{"line":320,"column":0},"end":{"line":324,"column":2}},"line":320},"48":{"name":"either","decl":{"start":{"line":326,"column":0},"end":{"line":330,"column":2}},"loc":{"start":{"line":326,"column":0},"end":{"line":330,"column":2}},"line":326}},"f":{"0":19,"1":19,"2":16,"3":14,"4":14,"5":22,"6":13,"7":13,"8":9,"9":39,"10":39,"11":22,"12":15,"13":15,"14":13,"15":127,"16":29,"17":38,"18":38,"19":41,"20":32,"21":32,"22":1,"23":0,"24":12,"25":12,"26":12,"27":12,"28":0,"29":36,"30":36,"31":2,"32":2,"33":19,"34":14,"35":13,"36":26,"37":5,"38":28,"39":2,"40":2,"41":2,"42":20,"43":20,"44":8,"45":16,"46":28,"47":16,"48":8}}
}
