TN:
SF:src/WorldGoal.ts
FN:28,World
FN:33,addLvar
FN:37,getLvar
FN:47,getFreshLvar
FN:55,walk
FN:99,bindSafe
FN:106,bind
FN:143,toString
FN:152,eq
FN:156,<static_initializer>
FN:159,WorldGoal
FN:161,run
FN:170,runAll
FN:174,conj
FN:186,and
FN:201,disj
FN:214,preWalked
FN:230,pred
FN:254,<static_initializer>
FN:254,Object.<anonymous>.fail
FN:258,<instance_members_initializer>
FN:259,PredicateLogic
FN:264,call
FN:280,<instance_members_initializer>
FN:284,LogicValue
FN:321,getName
FN:328,getNameSafe
FN:335,isLvar
FN:343,isLiteral
FN:350,isMap
FN:357,isList
FN:361,isPredicate
FN:367,walkFor
FN:450,toString
FN:482,eq
FN:818,<instance_members_initializer>
FN:819,LogicLvar
FN:823,unite
FN:830,toString
FN:835,<instance_members_initializer>
FN:836,LogicLiteral
FN:840,unite
FN:852,from
FN:856,toString
FN:861,<instance_members_initializer>
FN:862,LogicMap
FN:870,unite
FN:916,from
FN:920,constrainSize
FN:930,set
FN:942,get
FN:946,entries
FN:950,toString
FN:959,<instance_members_initializer>
FN:960,LogicList
FN:968,unite
FN:988,from
FN:992,toString
FN:1001,<instance_members_initializer>
FN:1002,LogicPredicate
FN:1006,unite
FN:1015,toString
FNF:62
FNH:46
FNDA:50,World
FNDA:99,addLvar
FNDA:82,getLvar
FNDA:0,getFreshLvar
FNDA:346,walk
FNDA:1,bindSafe
FNDA:28,bind
FNDA:0,toString
FNDA:0,eq
FNDA:2,<static_initializer>
FNDA:215,WorldGoal
FNDA:173,run
FNDA:7,runAll
FNDA:0,conj
FNDA:35,and
FNDA:7,disj
FNDA:0,preWalked
FNDA:36,pred
FNDA:2,<static_initializer>
FNDA:2,Object.<anonymous>.fail
FNDA:44,<instance_members_initializer>
FNDA:44,PredicateLogic
FNDA:30,call
FNDA:279,<instance_members_initializer>
FNDA:279,LogicValue
FNDA:144,getName
FNDA:5,getNameSafe
FNDA:0,isLvar
FNDA:3,isLiteral
FNDA:0,isMap
FNDA:0,isList
FNDA:0,isPredicate
FNDA:0,walkFor
FNDA:0,toString
FNDA:88,eq
FNDA:86,<instance_members_initializer>
FNDA:86,LogicLvar
FNDA:1,unite
FNDA:27,toString
FNDA:82,<instance_members_initializer>
FNDA:82,LogicLiteral
FNDA:0,unite
FNDA:57,from
FNDA:229,toString
FNDA:11,<instance_members_initializer>
FNDA:11,LogicMap
FNDA:1,unite
FNDA:1,from
FNDA:0,constrainSize
FNDA:0,set
FNDA:4,get
FNDA:4,entries
FNDA:7,toString
FNDA:56,<instance_members_initializer>
FNDA:56,LogicList
FNDA:0,unite
FNDA:6,from
FNDA:37,toString
FNDA:44,<instance_members_initializer>
FNDA:44,LogicPredicate
FNDA:0,unite
FNDA:4,toString
DA:1,1
DA:2,1
DA:3,1
DA:4,1
DA:5,1
DA:6,1
DA:7,1
DA:8,1
DA:9,1
DA:10,1
DA:11,1
DA:12,1
DA:13,1
DA:14,1
DA:15,1
DA:16,1
DA:17,1
DA:18,1
DA:19,1
DA:20,1
DA:21,1
DA:22,1
DA:23,1
DA:24,1
DA:25,1
DA:26,1
DA:27,1
DA:28,1
DA:29,50
DA:30,50
DA:31,50
DA:32,1
DA:33,1
DA:34,99
DA:35,99
DA:36,1
DA:37,1
DA:38,82
DA:39,0
DA:40,0
DA:41,82
DA:42,0
DA:43,0
DA:44,82
DA:45,82
DA:46,1
DA:47,1
DA:48,0
DA:49,0
DA:50,0
DA:51,0
DA:52,0
DA:53,0
DA:54,1
DA:55,1
DA:56,346
DA:57,0
DA:58,0
DA:59,346
DA:60,127
DA:61,127
DA:62,17
DA:63,17
DA:64,17
DA:65,127
DA:66,127
DA:67,0
DA:68,127
DA:69,90
DA:70,12
DA:71,12
DA:72,12
DA:73,12
DA:74,12
DA:75,78
DA:76,78
DA:77,37
DA:78,37
DA:79,346
DA:80,5
DA:81,5
DA:82,5
DA:83,5
DA:84,5
DA:85,5
DA:86,5
DA:87,5
DA:88,346
DA:89,30
DA:90,30
DA:91,30
DA:92,30
DA:93,30
DA:94,30
DA:95,30
DA:96,184
DA:97,184
DA:98,1
DA:99,1
DA:100,1
DA:101,0
DA:102,0
DA:103,1
DA:104,1
DA:105,1
DA:106,1
DA:107,28
DA:108,28
DA:109,0
DA:110,0
DA:111,28
DA:112,28
DA:113,28
DA:114,0
DA:115,0
DA:116,28
DA:117,28
DA:118,28
DA:119,28
DA:120,27
DA:121,28
DA:122,27
DA:123,27
DA:124,27
DA:125,27
DA:126,1
DA:127,1
DA:128,1
DA:129,1
DA:130,1
DA:131,1
DA:132,28
DA:133,28
DA:134,28
DA:135,0
DA:136,0
DA:137,0
DA:138,0
DA:139,0
DA:140,0
DA:141,0
DA:142,1
DA:143,1
DA:144,0
DA:145,0
DA:146,0
DA:147,0
DA:148,0
DA:149,1
DA:150,1
DA:151,1
DA:152,1
DA:153,0
DA:154,0
DA:155,1
DA:156,1
DA:157,1
DA:158,1
DA:159,1
DA:160,1
DA:161,1
DA:162,173
DA:163,0
DA:164,0
DA:165,173
DA:166,173
DA:167,173
DA:168,173
DA:169,1
DA:170,1
DA:171,7
DA:172,7
DA:173,1
DA:174,1
DA:175,0
DA:176,0
DA:177,0
DA:178,0
DA:179,0
DA:180,0
DA:181,0
DA:182,0
DA:183,0
DA:184,0
DA:185,1
DA:186,1
DA:187,35
DA:188,35
DA:189,35
DA:190,66
DA:191,66
DA:192,66
DA:193,66
DA:194,35
DA:195,35
DA:196,35
DA:197,35
DA:198,35
DA:199,35
DA:200,1
DA:201,1
DA:202,7
DA:203,7
DA:204,7
DA:205,7
DA:206,14
DA:207,14
DA:208,14
DA:209,14
DA:210,7
DA:211,7
DA:212,7
DA:213,1
DA:214,1
DA:215,0
DA:216,0
DA:217,0
DA:218,0
DA:219,0
DA:220,0
DA:221,0
DA:222,0
DA:223,0
DA:224,0
DA:225,0
DA:226,0
DA:227,0
DA:228,0
DA:229,1
DA:230,1
DA:231,36
DA:232,36
DA:233,36
DA:234,36
DA:235,30
DA:236,30
DA:237,30
DA:238,30
DA:239,30
DA:240,30
DA:241,30
DA:242,0
DA:243,0
DA:244,0
DA:245,0
DA:246,0
DA:247,0
DA:248,0
DA:249,0
DA:250,0
DA:251,36
DA:252,36
DA:253,1
DA:254,1
DA:255,2
DA:256,1
DA:257,1
DA:258,44
DA:259,44
DA:260,44
DA:261,44
DA:262,44
DA:263,44
DA:264,44
DA:265,30
DA:266,8
DA:267,8
DA:268,22
DA:269,22
DA:270,22
DA:271,22
DA:272,22
DA:273,22
DA:274,0
DA:275,0
DA:276,22
DA:277,22
DA:278,22
DA:279,44
DA:280,279
DA:281,279
DA:282,279
DA:283,279
DA:284,279
DA:285,279
DA:286,279
DA:287,279
DA:288,279
DA:289,279
DA:290,279
DA:291,279
DA:292,279
DA:293,279
DA:294,279
DA:295,279
DA:296,279
DA:297,86
DA:298,279
DA:299,86
DA:300,279
DA:301,193
DA:302,166
DA:303,279
DA:304,82
DA:305,279
DA:306,111
DA:307,111
DA:308,279
DA:309,11
DA:310,279
DA:311,56
DA:312,279
DA:313,44
DA:314,44
DA:315,279
DA:316,44
DA:317,44
DA:318,0
DA:319,0
DA:320,279
DA:321,279
DA:322,144
DA:323,144
DA:324,144
DA:325,0
DA:326,0
DA:327,279
DA:328,279
DA:329,5
DA:330,2
DA:331,2
DA:332,3
DA:333,3
DA:334,279
DA:335,279
DA:336,0
DA:337,0
DA:338,0
DA:339,0
DA:340,0
DA:341,0
DA:342,279
DA:343,279
DA:344,3
DA:345,3
DA:346,0
DA:347,3
DA:348,3
DA:349,279
DA:350,279
DA:351,0
DA:352,0
DA:353,0
DA:354,0
DA:355,0
DA:356,279
DA:357,279
DA:358,0
DA:359,0
DA:360,279
DA:361,279
DA:362,0
DA:363,0
DA:364,0
DA:365,0
DA:366,279
DA:367,279
DA:368,0
DA:369,0
DA:370,0
DA:371,0
DA:372,0
DA:373,0
DA:374,0
DA:375,0
DA:376,0
DA:377,0
DA:378,0
DA:379,0
DA:380,0
DA:381,0
DA:382,0
DA:383,0
DA:384,0
DA:385,0
DA:386,0
DA:387,0
DA:388,0
DA:389,0
DA:390,0
DA:391,0
DA:392,0
DA:393,0
DA:394,0
DA:395,0
DA:396,0
DA:397,0
DA:398,0
DA:399,0
DA:400,0
DA:401,0
DA:402,0
DA:403,0
DA:404,0
DA:405,0
DA:406,0
DA:407,0
DA:408,0
DA:409,0
DA:410,0
DA:411,0
DA:412,0
DA:413,0
DA:414,0
DA:415,0
DA:416,0
DA:417,0
DA:418,0
DA:419,0
DA:420,0
DA:421,0
DA:422,0
DA:423,0
DA:424,0
DA:425,0
DA:426,0
DA:427,0
DA:428,0
DA:429,0
DA:430,0
DA:431,0
DA:432,0
DA:433,0
DA:434,0
DA:435,0
DA:436,0
DA:437,0
DA:438,0
DA:439,0
DA:440,0
DA:441,0
DA:442,0
DA:443,0
DA:444,0
DA:445,0
DA:446,0
DA:447,0
DA:448,0
DA:449,279
DA:450,279
DA:451,0
DA:452,0
DA:453,0
DA:454,0
DA:455,0
DA:456,0
DA:457,0
DA:458,0
DA:459,0
DA:460,0
DA:461,0
DA:462,0
DA:463,0
DA:464,0
DA:465,0
DA:466,0
DA:467,0
DA:468,0
DA:469,0
DA:470,0
DA:471,0
DA:472,0
DA:473,0
DA:474,0
DA:475,0
DA:476,0
DA:477,279
DA:478,279
DA:479,279
DA:480,279
DA:481,1
DA:482,88
DA:483,88
DA:484,88
DA:485,88
DA:486,88
DA:487,53
DA:488,0
DA:489,0
DA:490,0
DA:491,53
DA:492,53
DA:493,53
DA:494,0
DA:495,0
DA:496,0
DA:497,0
DA:498,0
DA:499,53
DA:500,53
DA:501,12
DA:502,53
DA:503,12
DA:504,7
DA:505,12
DA:506,5
DA:507,5
DA:508,12
DA:509,0
DA:510,0
DA:511,0
DA:512,0
DA:513,0
DA:514,5
DA:515,5
DA:516,5
DA:517,5
DA:518,5
DA:519,41
DA:520,41
DA:521,21
DA:522,53
DA:523,12
DA:524,12
DA:525,29
DA:526,29
DA:527,0
DA:528,53
DA:529,0
DA:530,0
DA:531,29
DA:532,29
DA:533,9
DA:534,53
DA:535,0
DA:536,0
DA:537,29
DA:538,29
DA:539,2
DA:540,53
DA:541,2
DA:542,2
DA:543,2
DA:544,2
DA:545,2
DA:546,0
DA:547,0
DA:548,0
DA:549,0
DA:550,0
DA:551,0
DA:552,0
DA:553,2
DA:554,2
DA:555,2
DA:556,2
DA:557,0
DA:558,2
DA:559,0
DA:560,0
DA:561,0
DA:562,0
DA:563,0
DA:564,2
DA:565,2
DA:566,2
DA:567,2
DA:568,0
DA:569,2
DA:570,0
DA:571,0
DA:572,0
DA:573,0
DA:574,0
DA:575,2
DA:576,2
DA:577,1
DA:578,2
DA:579,2
DA:580,2
DA:581,2
DA:582,2
DA:583,2
DA:584,2
DA:585,2
DA:586,2
DA:587,2
DA:588,0
DA:589,2
DA:590,0
DA:591,0
DA:592,0
DA:593,0
DA:594,2
DA:595,2
DA:596,2
DA:597,2
DA:598,2
DA:599,2
DA:600,2
DA:601,0
DA:602,2
DA:603,0
DA:604,0
DA:605,0
DA:606,0
DA:607,0
DA:608,0
DA:609,0
DA:610,0
DA:611,0
DA:612,0
DA:613,0
DA:614,0
DA:615,0
DA:616,0
DA:617,2
DA:618,2
DA:619,2
DA:620,2
DA:621,2
DA:622,2
DA:623,1
DA:624,2
DA:625,1
DA:626,1
DA:627,0
DA:628,0
DA:629,0
DA:630,0
DA:631,0
DA:632,1
DA:633,2
DA:634,2
DA:635,1
DA:636,2
DA:637,1
DA:638,1
DA:639,1
DA:640,1
DA:641,1
DA:642,1
DA:643,1
DA:644,1
DA:645,1
DA:646,1
DA:647,1
DA:648,1
DA:649,1
DA:650,1
DA:651,1
DA:652,1
DA:653,1
DA:654,0
DA:655,1
DA:656,0
DA:657,0
DA:658,0
DA:659,0
DA:660,0
DA:661,0
DA:662,0
DA:663,0
DA:664,0
DA:665,0
DA:666,0
DA:667,0
DA:668,0
DA:669,0
DA:670,0
DA:671,2
DA:672,2
DA:673,0
DA:674,0
DA:675,0
DA:676,0
DA:677,0
DA:678,0
DA:679,0
DA:680,0
DA:681,0
DA:682,0
DA:683,0
DA:684,0
DA:685,0
DA:686,0
DA:687,0
DA:688,0
DA:689,0
DA:690,0
DA:691,0
DA:692,0
DA:693,0
DA:694,0
DA:695,0
DA:696,0
DA:697,0
DA:698,27
DA:699,27
DA:700,14
DA:701,53
DA:702,9
DA:703,9
DA:704,9
DA:705,0
DA:706,0
DA:707,0
DA:708,0
DA:709,0
DA:710,0
DA:711,0
DA:712,0
DA:713,0
DA:714,0
DA:715,9
DA:716,0
DA:717,0
DA:718,0
DA:719,0
DA:720,0
DA:721,0
DA:722,0
DA:723,0
DA:724,0
DA:725,0
DA:726,0
DA:727,0
DA:728,0
DA:729,0
DA:730,0
DA:731,0
DA:732,0
DA:733,0
DA:734,0
DA:735,0
DA:736,0
DA:737,0
DA:738,0
DA:739,0
DA:740,9
DA:741,0
DA:742,0
DA:743,0
DA:744,0
DA:745,0
DA:746,0
DA:747,0
DA:748,0
DA:749,0
DA:750,0
DA:751,0
DA:752,0
DA:753,0
DA:754,0
DA:755,0
DA:756,0
DA:757,0
DA:758,0
DA:759,0
DA:760,0
DA:761,0
DA:762,0
DA:763,0
DA:764,0
DA:765,9
DA:766,9
DA:767,9
DA:768,9
DA:769,9
DA:770,9
DA:771,9
DA:772,9
DA:773,26
DA:774,26
DA:775,9
DA:776,9
DA:777,0
DA:778,9
DA:779,9
DA:780,9
DA:781,9
DA:782,9
DA:783,9
DA:784,9
DA:785,9
DA:786,9
DA:787,9
DA:788,9
DA:789,53
DA:790,9
DA:791,9
DA:792,9
DA:793,9
DA:794,9
DA:795,9
DA:796,9
DA:797,9
DA:798,53
DA:799,6
DA:800,6
DA:801,6
DA:802,6
DA:803,6
DA:804,6
DA:805,6
DA:806,6
DA:807,6
DA:808,53
DA:809,2
DA:810,2
DA:811,10
DA:812,10
DA:813,10
DA:814,10
DA:815,88
DA:816,88
DA:817,1
DA:818,86
DA:819,86
DA:820,86
DA:821,86
DA:822,86
DA:823,86
DA:824,1
DA:825,0
DA:826,0
DA:827,1
DA:828,1
DA:829,86
DA:830,86
DA:831,27
DA:832,86
DA:833,86
DA:834,1
DA:835,82
DA:836,82
DA:837,82
DA:838,82
DA:839,82
DA:840,82
DA:841,0
DA:842,0
DA:843,0
DA:844,0
DA:845,0
DA:846,0
DA:847,0
DA:848,0
DA:849,0
DA:850,0
DA:851,82
DA:852,82
DA:853,57
DA:854,57
DA:855,82
DA:856,82
DA:857,229
DA:858,82
DA:859,82
DA:860,1
DA:861,11
DA:862,11
DA:863,11
DA:864,11
DA:865,11
DA:866,11
DA:867,11
DA:868,11
DA:869,11
DA:870,11
DA:871,1
DA:872,1
DA:873,1
DA:874,1
DA:875,1
DA:876,1
DA:877,1
DA:878,0
DA:879,0
DA:880,1
DA:881,1
DA:882,1
DA:883,1
DA:884,0
DA:885,0
DA:886,1
DA:887,0
DA:888,0
DA:889,1
DA:890,1
DA:891,1
DA:892,0
DA:893,0
DA:894,1
DA:895,1
DA:896,1
DA:897,1
DA:898,0
DA:899,0
DA:900,0
DA:901,0
DA:902,0
DA:903,1
DA:904,0
DA:905,0
DA:906,1
DA:907,0
DA:908,0
DA:909,1
DA:910,1
DA:911,0
DA:912,0
DA:913,0
DA:914,0
DA:915,11
DA:916,11
DA:917,1
DA:918,1
DA:919,11
DA:920,11
DA:921,0
DA:922,0
DA:923,0
DA:924,0
DA:925,0
DA:926,0
DA:927,0
DA:928,11
DA:929,11
DA:930,11
DA:931,0
DA:932,0
DA:933,0
DA:934,0
DA:935,0
DA:936,0
DA:937,0
DA:938,0
DA:939,0
DA:940,11
DA:941,11
DA:942,11
DA:943,4
DA:944,11
DA:945,11
DA:946,11
DA:947,4
DA:948,11
DA:949,11
DA:950,11
DA:951,7
DA:952,7
DA:953,7
DA:954,7
DA:955,7
DA:956,11
DA:957,11
DA:958,1
DA:959,56
DA:960,56
DA:961,56
DA:962,56
DA:963,56
DA:964,56
DA:965,56
DA:966,56
DA:967,56
DA:968,56
DA:969,0
DA:970,0
DA:971,0
DA:972,0
DA:973,0
DA:974,0
DA:975,0
DA:976,0
DA:977,0
DA:978,0
DA:979,0
DA:980,0
DA:981,0
DA:982,0
DA:983,0
DA:984,0
DA:985,0
DA:986,0
DA:987,56
DA:988,56
DA:989,6
DA:990,6
DA:991,56
DA:992,56
DA:993,37
DA:994,37
DA:995,110
DA:996,110
DA:997,37
DA:998,56
DA:999,56
DA:1000,1
DA:1001,44
DA:1002,44
DA:1003,44
DA:1004,44
DA:1005,44
DA:1006,44
DA:1007,0
DA:1008,0
DA:1009,0
DA:1010,0
DA:1011,0
DA:1012,0
DA:1013,0
DA:1014,44
DA:1015,44
DA:1016,4
DA:1017,44
DA:1018,44
LF:1018
LH:583
BRDA:28,0,0,50
BRDA:33,1,0,99
BRDA:37,2,0,82
BRDA:38,3,0,0
BRDA:41,4,0,0
BRDA:55,5,0,346
BRDA:56,6,0,0
BRDA:59,7,0,127
BRDA:61,8,0,17
BRDA:66,9,0,0
BRDA:68,10,0,90
BRDA:69,11,0,12
BRDA:75,12,0,78
BRDA:77,13,0,37
BRDA:79,14,0,219
BRDA:79,15,0,5
BRDA:84,16,0,0
BRDA:88,17,0,214
BRDA:88,18,0,30
BRDA:96,19,0,184
BRDA:92,20,0,84
BRDA:92,21,0,0
BRDA:99,22,0,1
BRDA:100,23,0,0
BRDA:106,24,0,28
BRDA:108,25,0,0
BRDA:113,26,0,0
BRDA:119,27,0,27
BRDA:121,28,0,27
BRDA:126,29,0,1
BRDA:132,30,0,0
BRDA:135,31,0,0
BRDA:156,32,0,2
BRDA:159,33,0,215
BRDA:161,34,0,173
BRDA:162,35,0,0
BRDA:166,36,0,119
BRDA:170,37,0,7
BRDA:171,38,0,6
BRDA:186,39,0,35
BRDA:187,40,0,35
BRDA:189,41,0,66
BRDA:191,42,0,60
BRDA:192,43,0,60
BRDA:193,44,0,0
BRDA:201,45,0,7
BRDA:203,46,0,7
BRDA:205,47,0,14
BRDA:230,48,0,36
BRDA:234,49,0,30
BRDA:242,50,0,0
BRDA:254,51,0,2
BRDA:254,52,0,2
BRDA:258,53,0,44
BRDA:259,54,0,44
BRDA:264,55,0,30
BRDA:265,56,0,8
BRDA:268,57,0,22
BRDA:268,58,0,22
BRDA:273,59,0,0
BRDA:270,60,0,54
BRDA:273,61,0,54
BRDA:280,62,0,279
BRDA:284,63,0,279
BRDA:295,64,0,197
BRDA:296,65,0,86
BRDA:298,66,0,86
BRDA:300,67,0,193
BRDA:301,68,0,166
BRDA:303,69,0,82
BRDA:305,70,0,111
BRDA:308,71,0,11
BRDA:310,72,0,100
BRDA:310,73,0,56
BRDA:312,74,0,44
BRDA:315,75,0,44
BRDA:318,76,0,0
BRDA:321,77,0,144
BRDA:325,78,0,0
BRDA:328,79,0,5
BRDA:329,80,0,2
BRDA:332,81,0,3
BRDA:343,82,0,3
BRDA:345,83,0,0
BRDA:482,84,0,88
BRDA:486,85,0,53
BRDA:487,86,0,0
BRDA:493,87,0,0
BRDA:500,88,0,12
BRDA:502,89,0,12
BRDA:503,90,0,7
BRDA:505,91,0,5
BRDA:508,92,0,0
BRDA:514,93,0,5
BRDA:519,94,0,41
BRDA:520,95,0,21
BRDA:522,96,0,12
BRDA:525,97,0,29
BRDA:526,98,0,0
BRDA:528,99,0,0
BRDA:531,100,0,29
BRDA:532,101,0,9
BRDA:534,102,0,0
BRDA:537,103,0,29
BRDA:538,104,0,2
BRDA:540,105,0,2
BRDA:545,106,0,0
BRDA:545,107,0,0
BRDA:554,108,0,1
BRDA:555,109,0,1
BRDA:556,110,0,0
BRDA:558,111,0,0
BRDA:565,112,0,1
BRDA:566,113,0,0
BRDA:567,114,0,0
BRDA:569,115,0,0
BRDA:576,116,0,1
BRDA:587,117,0,0
BRDA:589,118,0,0
BRDA:600,119,0,0
BRDA:602,120,0,0
BRDA:622,121,0,1
BRDA:624,122,0,1
BRDA:626,123,0,0
BRDA:634,124,0,1
BRDA:636,125,0,1
BRDA:653,126,0,0
BRDA:655,127,0,0
BRDA:673,128,0,0
BRDA:698,129,0,27
BRDA:699,130,0,14
BRDA:701,131,0,9
BRDA:704,132,0,0
BRDA:704,133,0,0
BRDA:715,134,0,0
BRDA:740,135,0,0
BRDA:772,136,0,26
BRDA:776,137,0,0
BRDA:789,138,0,27
BRDA:789,139,0,9
BRDA:798,140,0,18
BRDA:798,141,0,6
BRDA:808,142,0,12
BRDA:808,143,0,2
BRDA:808,144,0,2
BRDA:811,145,0,10
BRDA:639,146,0,1
BRDA:818,147,0,86
BRDA:819,148,0,86
BRDA:823,149,0,1
BRDA:824,150,0,0
BRDA:830,151,0,27
BRDA:835,152,0,82
BRDA:836,153,0,82
BRDA:852,154,0,57
BRDA:856,155,0,229
BRDA:861,156,0,11
BRDA:862,157,0,11
BRDA:870,158,0,1
BRDA:877,159,0,0
BRDA:883,160,0,0
BRDA:886,161,0,0
BRDA:891,162,0,0
BRDA:897,163,0,0
BRDA:903,164,0,0
BRDA:906,165,0,0
BRDA:906,166,0,0
BRDA:910,167,0,0
BRDA:916,168,0,1
BRDA:942,169,0,4
BRDA:946,170,0,4
BRDA:950,171,0,7
BRDA:959,172,0,56
BRDA:960,173,0,56
BRDA:988,174,0,6
BRDA:989,175,0,0
BRDA:992,176,0,37
BRDA:994,177,0,110
BRDA:1001,178,0,44
BRDA:1002,179,0,44
BRDA:1015,180,0,4
BRF:181
BRH:126
end_of_record
TN:
SF:src/get_domain.ts
FN:11,<instance_members_initializer>
FN:14,Domain
FN:18,toString
FN:22,is_member
FN:25,add
FN:28,sub
FN:31,mul
FN:42,div
FN:81,make_domain
FN:85,intersection
FN:93,get_domain
FNF:11
FNH:3
FNDA:2,<instance_members_initializer>
FNDA:2,Domain
FNDA:0,toString
FNDA:0,is_member
FNDA:0,add
FNDA:0,sub
FNDA:0,mul
FNDA:0,div
FNDA:2,make_domain
FNDA:0,intersection
FNDA:0,get_domain
DA:1,1
DA:2,1
DA:3,1
DA:4,1
DA:5,1
DA:6,1
DA:7,1
DA:8,1
DA:9,1
DA:10,1
DA:11,2
DA:12,2
DA:13,2
DA:14,2
DA:15,2
DA:16,2
DA:17,2
DA:18,2
DA:19,0
DA:20,0
DA:21,2
DA:22,2
DA:23,0
DA:24,0
DA:25,2
DA:26,0
DA:27,0
DA:28,2
DA:29,0
DA:30,0
DA:31,2
DA:32,0
DA:33,0
DA:34,0
DA:35,0
DA:36,0
DA:37,0
DA:38,0
DA:39,0
DA:40,0
DA:41,0
DA:42,2
DA:43,0
DA:44,0
DA:45,0
DA:46,0
DA:47,0
DA:48,0
DA:49,0
DA:50,0
DA:51,0
DA:52,0
DA:53,0
DA:54,0
DA:55,0
DA:56,0
DA:57,0
DA:58,0
DA:59,0
DA:60,0
DA:61,0
DA:62,0
DA:63,0
DA:64,0
DA:65,0
DA:66,0
DA:67,0
DA:68,0
DA:69,0
DA:70,0
DA:71,0
DA:72,0
DA:73,0
DA:74,0
DA:75,0
DA:76,0
DA:77,0
DA:78,0
DA:79,0
DA:80,2
DA:81,2
DA:82,2
DA:83,2
DA:84,1
DA:85,0
DA:86,0
DA:87,0
DA:88,0
DA:89,0
DA:90,0
DA:91,0
DA:92,0
DA:93,0
DA:94,0
DA:95,0
DA:96,0
DA:97,0
DA:98,0
DA:99,0
DA:100,0
DA:101,0
DA:102,0
DA:103,0
DA:104,0
DA:105,0
LF:105
LH:29
BRDA:11,0,0,2
BRDA:14,1,0,2
BRDA:81,2,0,2
BRF:3
BRH:3
end_of_record
TN:
SF:src/logic.ts
FN:13,assert
FN:21,Object.<anonymous>.write
FN:31,<instance_members_initializer>
FN:56,make_constraint
FN:77,run_constraints
FN:101,less_equal_c
FN:125,add_c
FN:154,mul_c
FN:184,dom
FN:200,add
FN:201,sub
FN:204,mul
FN:205,div
FN:208,less_equal
FN:216,goal_construct
FN:230,<instance_members_initializer>
FN:234,SList
FN:239,is_empty
FN:242,append
FN:246,interleave
FN:254,forEach
FN:260,foldr
FN:269,map
FN:275,extend
FN:278,toString
FN:290,write
FN:293,walk
FN:313,<instance_members_initializer>
FN:318,Package
FN:324,lookup_binding_helper
FN:337,lookup_binding
FN:345,lookup_domain_binding
FN:351,is_empty
FN:354,set_frame
FN:357,extend_binding
FN:368,extend_domain
FN:380,extend_constraint
FN:387,extend
FN:394,toString
FN:402,write
FN:405,walk
FN:408,get_value
FN:421,<instance_members_initializer>
FN:425,Stream
FN:430,is_empty
FN:433,iterate
FN:440,forEach
FN:446,foldr
FN:452,map
FN:458,flatten
FN:469,append
FN:474,interleave
FN:479,extend
FN:482,toString
FN:494,write
FN:503,<instance_members_initializer>
FN:533,has_type
FN:541,_between
FN:552,<instance_members_initializer>
FN:569,valueShow
FN:596,<instance_members_initializer>
FN:628,<static_initializer>
FN:630,is_stream
FN:633,is_list
FN:636,is_package
FN:639,is_binding
FN:642,is_lvar
FN:645,is_logic_list
FN:648,is_logic_map
FN:652,is_finite_map
FN:656,is_infinite_map
FN:660,is_array
FN:665,is_object
FN:671,lvar
FN:675,list
FN:683,lmap
FN:694,make_binding
FN:698,make_stream
FN:708,make_list
FN:716,make_package
FN:731,unify
FN:802,eq
FN:822,win
FN:825,fail
FN:832,disj
FN:839,or
FN:849,conj
FN:866,and
FN:876,implies
FN:895,between
FN:907,run
FN:950,unifyMaps
FNF:92
FNH:8
FNDA:0,assert
FNDA:0,Object.<anonymous>.write
FNDA:0,<instance_members_initializer>
FNDA:0,make_constraint
FNDA:0,run_constraints
FNDA:0,less_equal_c
FNDA:0,add_c
FNDA:0,mul_c
FNDA:0,dom
FNDA:0,add
FNDA:0,sub
FNDA:0,mul
FNDA:0,div
FNDA:0,less_equal
FNDA:0,goal_construct
FNDA:2,<instance_members_initializer>
FNDA:2,SList
FNDA:0,is_empty
FNDA:0,append
FNDA:0,interleave
FNDA:0,forEach
FNDA:0,foldr
FNDA:0,map
FNDA:0,extend
FNDA:0,toString
FNDA:0,write
FNDA:0,walk
FNDA:2,<instance_members_initializer>
FNDA:2,Package
FNDA:0,lookup_binding_helper
FNDA:0,lookup_binding
FNDA:0,lookup_domain_binding
FNDA:0,is_empty
FNDA:0,set_frame
FNDA:0,extend_binding
FNDA:0,extend_domain
FNDA:0,extend_constraint
FNDA:0,extend
FNDA:0,toString
FNDA:0,write
FNDA:0,walk
FNDA:0,get_value
FNDA:2,<instance_members_initializer>
FNDA:2,Stream
FNDA:0,is_empty
FNDA:0,iterate
FNDA:0,forEach
FNDA:0,foldr
FNDA:0,map
FNDA:0,flatten
FNDA:0,append
FNDA:0,interleave
FNDA:0,extend
FNDA:0,toString
FNDA:0,write
FNDA:0,<instance_members_initializer>
FNDA:0,has_type
FNDA:0,_between
FNDA:0,<instance_members_initializer>
FNDA:0,valueShow
FNDA:0,<instance_members_initializer>
FNDA:2,<static_initializer>
FNDA:0,is_stream
FNDA:0,is_list
FNDA:0,is_package
FNDA:0,is_binding
FNDA:0,is_lvar
FNDA:0,is_logic_list
FNDA:0,is_logic_map
FNDA:0,is_finite_map
FNDA:0,is_infinite_map
FNDA:0,is_array
FNDA:0,is_object
FNDA:86,lvar
FNDA:0,list
FNDA:0,lmap
FNDA:0,make_binding
FNDA:0,make_stream
FNDA:0,make_list
FNDA:0,make_package
FNDA:0,unify
FNDA:0,eq
FNDA:0,win
FNDA:0,fail
FNDA:0,disj
FNDA:0,or
FNDA:0,conj
FNDA:0,and
FNDA:0,implies
FNDA:0,between
FNDA:0,run
FNDA:0,unifyMaps
DA:1,1
DA:2,1
DA:3,1
DA:4,1
DA:5,1
DA:6,1
DA:7,1
DA:8,1
DA:9,1
DA:10,1
DA:11,1
DA:12,1
DA:13,0
DA:14,0
DA:15,0
DA:16,1
DA:17,1
DA:18,1
DA:19,1
DA:20,1
DA:21,1
DA:22,1
DA:23,1
DA:24,1
DA:25,1
DA:26,1
DA:27,1
DA:28,1
DA:29,1
DA:30,1
DA:31,0
DA:32,0
DA:33,0
DA:34,0
DA:35,0
DA:36,0
DA:37,0
DA:38,0
DA:39,0
DA:40,0
DA:41,0
DA:42,0
DA:43,0
DA:44,0
DA:45,0
DA:46,0
DA:47,0
DA:48,0
DA:49,0
DA:50,0
DA:51,0
DA:52,0
DA:53,0
DA:54,0
DA:55,1
DA:56,0
DA:57,0
DA:58,0
DA:59,0
DA:60,0
DA:61,0
DA:62,0
DA:63,0
DA:64,0
DA:65,0
DA:66,0
DA:67,0
DA:68,0
DA:69,0
DA:70,0
DA:71,0
DA:72,0
DA:73,0
DA:74,0
DA:75,1
DA:76,1
DA:77,0
DA:78,0
DA:79,0
DA:80,0
DA:81,0
DA:82,0
DA:83,0
DA:84,0
DA:85,0
DA:86,0
DA:87,0
DA:88,0
DA:89,0
DA:90,0
DA:91,1
DA:92,1
DA:93,1
DA:94,1
DA:95,1
DA:96,1
DA:97,1
DA:98,1
DA:99,1
DA:100,1
DA:101,0
DA:102,0
DA:103,0
DA:104,0
DA:105,0
DA:106,0
DA:107,0
DA:108,0
DA:109,0
DA:110,0
DA:111,0
DA:112,0
DA:113,0
DA:114,0
DA:115,0
DA:116,0
DA:117,0
DA:118,0
DA:119,0
DA:120,0
DA:121,0
DA:122,0
DA:123,0
DA:124,1
DA:125,0
DA:126,0
DA:127,0
DA:128,0
DA:129,0
DA:130,0
DA:131,0
DA:132,0
DA:133,0
DA:134,0
DA:135,0
DA:136,0
DA:137,0
DA:138,0
DA:139,0
DA:140,0
DA:141,0
DA:142,0
DA:143,0
DA:144,0
DA:145,0
DA:146,0
DA:147,0
DA:148,0
DA:149,0
DA:150,0
DA:151,0
DA:152,0
DA:153,1
DA:154,0
DA:155,0
DA:156,0
DA:157,0
DA:158,0
DA:159,0
DA:160,0
DA:161,0
DA:162,0
DA:163,0
DA:164,0
DA:165,0
DA:166,0
DA:167,0
DA:168,0
DA:169,0
DA:170,0
DA:171,0
DA:172,0
DA:173,0
DA:174,0
DA:175,0
DA:176,0
DA:177,0
DA:178,0
DA:179,0
DA:180,0
DA:181,0
DA:182,1
DA:183,1
DA:184,1
DA:185,0
DA:186,0
DA:187,0
DA:188,0
DA:189,0
DA:190,0
DA:191,0
DA:192,0
DA:193,0
DA:194,0
DA:195,0
DA:196,0
DA:197,0
DA:198,0
DA:199,1
DA:200,1
DA:201,1
DA:202,0
DA:203,1
DA:204,1
DA:205,1
DA:206,0
DA:207,1
DA:208,1
DA:209,1
DA:210,1
DA:211,1
DA:212,1
DA:213,1
DA:214,1
DA:215,1
DA:216,0
DA:217,0
DA:218,0
DA:219,0
DA:220,0
DA:221,0
DA:222,0
DA:223,0
DA:224,0
DA:225,0
DA:226,0
DA:227,0
DA:228,0
DA:229,1
DA:230,2
DA:231,2
DA:232,2
DA:233,2
DA:234,2
DA:235,2
DA:236,2
DA:237,2
DA:238,2
DA:239,2
DA:240,0
DA:241,0
DA:242,2
DA:243,0
DA:244,0
DA:245,0
DA:246,2
DA:247,0
DA:248,0
DA:249,0
DA:250,0
DA:251,0
DA:252,0
DA:253,0
DA:254,2
DA:255,0
DA:256,0
DA:257,0
DA:258,0
DA:259,0
DA:260,2
DA:261,0
DA:262,0
DA:263,0
DA:264,0
DA:265,0
DA:266,0
DA:267,0
DA:268,0
DA:269,2
DA:270,0
DA:271,0
DA:272,0
DA:273,0
DA:274,0
DA:275,2
DA:276,0
DA:277,0
DA:278,2
DA:279,0
DA:280,0
DA:281,0
DA:282,0
DA:283,0
DA:284,0
DA:285,0
DA:286,0
DA:287,0
DA:288,0
DA:289,2
DA:290,2
DA:291,0
DA:292,0
DA:293,2
DA:294,0
DA:295,0
DA:296,0
DA:297,0
DA:298,0
DA:299,0
DA:300,0
DA:301,0
DA:302,0
DA:303,0
DA:304,0
DA:305,0
DA:306,0
DA:307,2
DA:308,1
DA:309,1
DA:310,1
DA:311,1
DA:312,1
DA:313,2
DA:314,2
DA:315,2
DA:316,2
DA:317,2
DA:318,2
DA:319,2
DA:320,2
DA:321,2
DA:322,2
DA:323,2
DA:324,2
DA:325,0
DA:326,0
DA:327,0
DA:328,0
DA:329,0
DA:330,0
DA:331,0
DA:332,0
DA:333,0
DA:334,0
DA:335,0
DA:336,0
DA:337,2
DA:338,0
DA:339,0
DA:340,0
DA:341,0
DA:342,0
DA:343,0
DA:344,0
DA:345,2
DA:346,0
DA:347,0
DA:348,0
DA:349,0
DA:350,0
DA:351,2
DA:352,0
DA:353,0
DA:354,2
DA:355,0
DA:356,0
DA:357,2
DA:358,0
DA:359,0
DA:360,0
DA:361,0
DA:362,0
DA:363,0
DA:364,0
DA:365,0
DA:366,0
DA:367,0
DA:368,2
DA:369,0
DA:370,0
DA:371,0
DA:372,0
DA:373,0
DA:374,0
DA:375,0
DA:376,0
DA:377,0
DA:378,0
DA:379,0
DA:380,2
DA:381,0
DA:382,0
DA:383,0
DA:384,0
DA:385,0
DA:386,0
DA:387,2
DA:388,0
DA:389,0
DA:390,0
DA:391,0
DA:392,0
DA:393,0
DA:394,2
DA:395,0
DA:396,0
DA:397,0
DA:398,0
DA:399,0
DA:400,0
DA:401,2
DA:402,2
DA:403,0
DA:404,0
DA:405,2
DA:406,0
DA:407,0
DA:408,2
DA:409,0
DA:410,0
DA:411,0
DA:412,0
DA:413,0
DA:414,0
DA:415,2
DA:416,1
DA:417,1
DA:418,1
DA:419,1
DA:420,1
DA:421,2
DA:422,2
DA:423,2
DA:424,2
DA:425,2
DA:426,2
DA:427,2
DA:428,2
DA:429,2
DA:430,2
DA:431,0
DA:432,0
DA:433,2
DA:434,0
DA:435,0
DA:436,0
DA:437,0
DA:438,0
DA:439,0
DA:440,2
DA:441,0
DA:442,0
DA:443,0
DA:444,0
DA:445,0
DA:446,2
DA:447,0
DA:448,0
DA:449,0
DA:450,0
DA:451,0
DA:452,2
DA:453,0
DA:454,0
DA:455,0
DA:456,0
DA:457,0
DA:458,2
DA:459,0
DA:460,0
DA:461,0
DA:462,0
DA:463,0
DA:464,0
DA:465,0
DA:466,0
DA:467,0
DA:468,0
DA:469,2
DA:470,0
DA:471,0
DA:472,0
DA:473,0
DA:474,2
DA:475,0
DA:476,0
DA:477,0
DA:478,0
DA:479,2
DA:480,0
DA:481,0
DA:482,2
DA:483,0
DA:484,0
DA:485,0
DA:486,0
DA:487,0
DA:488,0
DA:489,0
DA:490,0
DA:491,0
DA:492,0
DA:493,2
DA:494,2
DA:495,0
DA:496,0
DA:497,2
DA:498,1
DA:499,1
DA:500,1
DA:501,1
DA:502,1
DA:503,0
DA:504,0
DA:505,0
DA:506,0
DA:507,0
DA:508,0
DA:509,0
DA:510,0
DA:511,0
DA:512,0
DA:513,0
DA:514,0
DA:515,0
DA:516,0
DA:517,0
DA:518,0
DA:519,0
DA:520,1
DA:521,1
DA:522,1
DA:523,1
DA:524,1
DA:525,1
DA:526,1
DA:527,1
DA:528,1
DA:529,1
DA:530,1
DA:531,1
DA:532,1
DA:533,0
DA:534,0
DA:535,0
DA:536,0
DA:537,0
DA:538,0
DA:539,0
DA:540,1
DA:541,1
DA:542,0
DA:543,0
DA:544,0
DA:545,0
DA:546,0
DA:547,0
DA:548,0
DA:549,0
DA:550,0
DA:551,1
DA:552,0
DA:553,0
DA:554,0
DA:555,0
DA:556,0
DA:557,0
DA:558,0
DA:559,0
DA:560,0
DA:561,0
DA:562,0
DA:563,0
DA:564,0
DA:565,0
DA:566,0
DA:567,0
DA:568,1
DA:569,1
DA:570,0
DA:571,0
DA:572,0
DA:573,0
DA:574,0
DA:575,0
DA:576,0
DA:577,0
DA:578,0
DA:579,0
DA:580,0
DA:581,0
DA:582,0
DA:583,0
DA:584,0
DA:585,0
DA:586,0
DA:587,0
DA:588,0
DA:589,0
DA:590,0
DA:591,0
DA:592,0
DA:593,0
DA:594,0
DA:595,1
DA:596,0
DA:597,0
DA:598,0
DA:599,0
DA:600,0
DA:601,0
DA:602,0
DA:603,0
DA:604,0
DA:605,0
DA:606,0
DA:607,0
DA:608,0
DA:609,0
DA:610,0
DA:611,0
DA:612,1
DA:613,1
DA:614,1
DA:615,1
DA:616,1
DA:617,1
DA:618,1
DA:619,1
DA:620,1
DA:621,1
DA:622,1
DA:623,1
DA:624,1
DA:625,1
DA:626,1
DA:627,1
DA:628,1
DA:629,1
DA:630,1
DA:631,0
DA:632,0
DA:633,1
DA:634,0
DA:635,0
DA:636,1
DA:637,0
DA:638,0
DA:639,1
DA:640,0
DA:641,0
DA:642,1
DA:643,0
DA:644,0
DA:645,1
DA:646,0
DA:647,0
DA:648,1
DA:649,0
DA:650,0
DA:651,1
DA:652,1
DA:653,0
DA:654,0
DA:655,1
DA:656,1
DA:657,0
DA:658,0
DA:659,1
DA:660,1
DA:661,0
DA:662,0
DA:663,0
DA:664,0
DA:665,1
DA:666,0
DA:667,0
DA:668,0
DA:669,0
DA:670,0
DA:671,1
DA:672,86
DA:673,86
DA:674,86
DA:675,1
DA:676,0
DA:677,0
DA:678,0
DA:679,0
DA:680,0
DA:681,0
DA:682,1
DA:683,1
DA:684,0
DA:685,0
DA:686,0
DA:687,0
DA:688,0
DA:689,0
DA:690,0
DA:691,0
DA:692,0
DA:693,1
DA:694,1
DA:695,0
DA:696,0
DA:697,0
DA:698,1
DA:699,0
DA:700,0
DA:701,0
DA:702,0
DA:703,0
DA:704,0
DA:705,0
DA:706,0
DA:707,0
DA:708,1
DA:709,0
DA:710,0
DA:711,0
DA:712,0
DA:713,0
DA:714,0
DA:715,0
DA:716,1
DA:717,0
DA:718,0
DA:719,0
DA:720,0
DA:721,0
DA:722,0
DA:723,0
DA:724,0
DA:725,0
DA:726,0
DA:727,0
DA:728,0
DA:729,0
DA:730,0
DA:731,1
DA:732,0
DA:733,0
DA:734,0
DA:735,0
DA:736,0
DA:737,0
DA:738,0
DA:739,0
DA:740,0
DA:741,0
DA:742,0
DA:743,0
DA:744,0
DA:745,0
DA:746,0
DA:747,0
DA:748,0
DA:749,0
DA:750,0
DA:751,0
DA:752,0
DA:753,0
DA:754,0
DA:755,0
DA:756,0
DA:757,0
DA:758,0
DA:759,0
DA:760,0
DA:761,0
DA:762,0
DA:763,0
DA:764,0
DA:765,0
DA:766,0
DA:767,0
DA:768,0
DA:769,0
DA:770,0
DA:771,0
DA:772,0
DA:773,0
DA:774,0
DA:775,0
DA:776,0
DA:777,0
DA:778,0
DA:779,0
DA:780,0
DA:781,0
DA:782,0
DA:783,0
DA:784,0
DA:785,0
DA:786,0
DA:787,0
DA:788,0
DA:789,0
DA:790,0
DA:791,0
DA:792,0
DA:793,0
DA:794,0
DA:795,0
DA:796,0
DA:797,0
DA:798,0
DA:799,0
DA:800,0
DA:801,1
DA:802,1
DA:803,0
DA:804,0
DA:805,0
DA:806,0
DA:807,0
DA:808,0
DA:809,0
DA:810,0
DA:811,0
DA:812,0
DA:813,0
DA:814,0
DA:815,0
DA:816,0
DA:817,0
DA:818,0
DA:819,0
DA:820,0
DA:821,1
DA:822,1
DA:823,0
DA:824,0
DA:825,1
DA:826,0
DA:827,0
DA:828,1
DA:829,1
DA:830,1
DA:831,1
DA:832,1
DA:833,0
DA:834,0
DA:835,0
DA:836,0
DA:837,0
DA:838,1
DA:839,1
DA:840,0
DA:841,0
DA:842,0
DA:843,0
DA:844,0
DA:845,0
DA:846,0
DA:847,0
DA:848,1
DA:849,1
DA:850,0
DA:851,0
DA:852,0
DA:853,0
DA:854,0
DA:855,0
DA:856,0
DA:857,0
DA:858,0
DA:859,0
DA:860,0
DA:861,0
DA:862,0
DA:863,0
DA:864,0
DA:865,0
DA:866,1
DA:867,0
DA:868,0
DA:869,0
DA:870,0
DA:871,0
DA:872,0
DA:873,0
DA:874,0
DA:875,1
DA:876,1
DA:877,0
DA:878,0
DA:879,0
DA:880,0
DA:881,0
DA:882,0
DA:883,0
DA:884,0
DA:885,0
DA:886,0
DA:887,0
DA:888,0
DA:889,0
DA:890,0
DA:891,1
DA:892,1
DA:893,1
DA:894,1
DA:895,1
DA:896,0
DA:897,0
DA:898,0
DA:899,0
DA:900,0
DA:901,0
DA:902,0
DA:903,0
DA:904,0
DA:905,0
DA:906,1
DA:907,1
DA:908,0
DA:909,0
DA:910,0
DA:911,0
DA:912,0
DA:913,0
DA:914,0
DA:915,0
DA:916,0
DA:917,0
DA:918,0
DA:919,0
DA:920,0
DA:921,0
DA:922,0
DA:923,0
DA:924,0
DA:925,0
DA:926,0
DA:927,0
DA:928,0
DA:929,0
DA:930,0
DA:931,0
DA:932,0
DA:933,0
DA:934,0
DA:935,0
DA:936,0
DA:937,0
DA:938,0
DA:939,0
DA:940,0
DA:941,0
DA:942,0
DA:943,0
DA:944,0
DA:945,0
DA:946,0
DA:947,0
DA:948,1
DA:949,1
DA:950,0
DA:951,0
DA:952,0
DA:953,0
DA:954,0
DA:955,0
DA:956,0
DA:957,0
DA:958,0
DA:959,0
DA:960,0
DA:961,0
DA:962,0
DA:963,0
DA:964,0
DA:965,0
DA:966,0
DA:967,0
DA:968,0
LF:968
LH:235
BRDA:21,0,0,0
BRDA:230,1,0,2
BRDA:234,2,0,2
BRDA:313,3,0,2
BRDA:318,4,0,2
BRDA:421,5,0,2
BRDA:425,6,0,2
BRDA:628,7,0,2
BRDA:671,8,0,86
BRF:9
BRH:8
end_of_record
TN:
SF:src/warnHolder.ts
FN:1,debugHolder
FN:5,warnHolder
FNF:2
FNH:2
FNDA:164,debugHolder
FNDA:2101,warnHolder
DA:1,1
DA:2,164
DA:3,164
DA:4,164
DA:5,1
DA:6,2101
DA:7,2101
DA:8,2101
LF:8
LH:8
BRDA:1,0,0,164
BRDA:5,1,0,2101
BRF:2
BRH:2
end_of_record
TN:
SF:src/interpret/builtins.ts
FN:18,toVal
FN:37,unify
FN:45,set_key_of
FN:63,first
FN:82,rest
FN:118,empty
FN:122,list
FN:126,length
FN:177,unify_left
FN:184,unify_right
FN:191,unify_equal
FN:198,unify_not_equal
FN:211,slice
FN:260,add
FN:278,subtract
FN:296,multiply
FN:314,divide
FN:332,modulo
FN:350,negate
FN:365,internal_file
FN:385,internal_import
FNF:21
FNH:20
FNDA:19,toVal
FNDA:7,unify
FNDA:3,set_key_of
FNDA:7,first
FNDA:7,rest
FNDA:1,empty
FNDA:4,list
FNDA:1,length
FNDA:1,unify_left
FNDA:1,unify_right
FNDA:1,unify_equal
FNDA:1,unify_not_equal
FNDA:1,slice
FNDA:1,add
FNDA:1,subtract
FNDA:1,multiply
FNDA:1,divide
FNDA:1,modulo
FNDA:1,negate
FNDA:1,internal_file
FNDA:0,internal_import
DA:1,1
DA:2,1
DA:3,1
DA:4,1
DA:5,1
DA:6,1
DA:7,1
DA:8,1
DA:9,1
DA:10,1
DA:11,1
DA:12,1
DA:13,1
DA:14,1
DA:15,1
DA:16,1
DA:17,1
DA:18,1
DA:19,19
DA:20,0
DA:21,0
DA:22,19
DA:23,19
DA:24,19
DA:25,0
DA:26,0
DA:27,0
DA:28,0
DA:29,0
DA:30,0
DA:31,0
DA:32,0
DA:33,1
DA:34,1
DA:35,1
DA:36,1
DA:37,1
DA:38,7
DA:39,7
DA:40,7
DA:41,7
DA:42,7
DA:43,7
DA:44,1
DA:45,1
DA:46,3
DA:47,3
DA:48,3
DA:49,3
DA:50,3
DA:51,3
DA:52,3
DA:53,3
DA:54,3
DA:55,3
DA:56,3
DA:57,3
DA:58,3
DA:59,3
DA:60,3
DA:61,3
DA:62,1
DA:63,1
DA:64,7
DA:65,7
DA:66,1
DA:67,1
DA:68,1
DA:69,6
DA:70,7
DA:71,0
DA:72,0
DA:73,0
DA:74,0
DA:75,0
DA:76,0
DA:77,0
DA:78,0
DA:79,0
DA:80,0
DA:81,1
DA:82,1
DA:83,7
DA:84,7
DA:85,7
DA:86,7
DA:87,7
DA:88,7
DA:89,7
DA:90,1
DA:91,1
DA:92,1
DA:93,7
DA:94,1
DA:95,1
DA:96,5
DA:97,5
DA:98,5
DA:99,7
DA:100,0
DA:101,0
DA:102,0
DA:103,0
DA:104,0
DA:105,0
DA:106,0
DA:107,0
DA:108,0
DA:109,0
DA:110,0
DA:111,0
DA:112,0
DA:113,0
DA:114,0
DA:115,0
DA:116,0
DA:117,1
DA:118,1
DA:119,1
DA:120,1
DA:121,1
DA:122,1
DA:123,4
DA:124,4
DA:125,1
DA:126,1
DA:127,1
DA:128,1
DA:129,1
DA:130,1
DA:131,1
DA:132,1
DA:133,1
DA:134,1
DA:135,1
DA:136,1
DA:137,0
DA:138,0
DA:139,0
DA:140,0
DA:141,0
DA:142,0
DA:143,0
DA:144,0
DA:145,0
DA:146,0
DA:147,0
DA:148,0
DA:149,0
DA:150,0
DA:151,0
DA:152,0
DA:153,0
DA:154,0
DA:155,0
DA:156,0
DA:157,0
DA:158,0
DA:159,0
DA:160,0
DA:161,0
DA:162,0
DA:163,0
DA:164,0
DA:165,0
DA:166,0
DA:167,0
DA:168,0
DA:169,0
DA:170,0
DA:171,0
DA:172,0
DA:173,0
DA:174,0
DA:175,1
DA:176,1
DA:177,1
DA:178,1
DA:179,0
DA:180,0
DA:181,1
DA:182,1
DA:183,1
DA:184,1
DA:185,1
DA:186,0
DA:187,0
DA:188,1
DA:189,1
DA:190,1
DA:191,1
DA:192,1
DA:193,0
DA:194,0
DA:195,1
DA:196,1
DA:197,1
DA:198,1
DA:199,1
DA:200,0
DA:201,0
DA:202,1
DA:203,1
DA:204,1
DA:205,0
DA:206,0
DA:207,1
DA:208,1
DA:209,1
DA:210,1
DA:211,1
DA:212,1
DA:213,1
DA:214,1
DA:215,1
DA:216,1
DA:217,1
DA:218,1
DA:219,1
DA:220,1
DA:221,1
DA:222,1
DA:223,1
DA:224,0
DA:225,1
DA:226,1
DA:227,1
DA:228,1
DA:229,0
DA:230,0
DA:231,0
DA:232,0
DA:233,0
DA:234,0
DA:235,0
DA:236,0
DA:237,0
DA:238,0
DA:239,0
DA:240,0
DA:241,0
DA:242,0
DA:243,0
DA:244,0
DA:245,0
DA:246,0
DA:247,0
DA:248,0
DA:249,0
DA:250,0
DA:251,0
DA:252,0
DA:253,0
DA:254,0
DA:255,0
DA:256,0
DA:257,1
DA:258,1
DA:259,1
DA:260,1
DA:261,1
DA:262,1
DA:263,1
DA:264,1
DA:265,1
DA:266,1
DA:267,0
DA:268,1
DA:269,0
DA:270,1
DA:271,0
DA:272,1
DA:273,1
DA:274,1
DA:275,1
DA:276,1
DA:277,1
DA:278,1
DA:279,1
DA:280,1
DA:281,1
DA:282,1
DA:283,1
DA:284,1
DA:285,0
DA:286,1
DA:287,0
DA:288,1
DA:289,0
DA:290,1
DA:291,1
DA:292,1
DA:293,1
DA:294,1
DA:295,1
DA:296,1
DA:297,1
DA:298,1
DA:299,1
DA:300,1
DA:301,1
DA:302,1
DA:303,0
DA:304,1
DA:305,0
DA:306,1
DA:307,0
DA:308,1
DA:309,1
DA:310,1
DA:311,1
DA:312,1
DA:313,1
DA:314,1
DA:315,1
DA:316,1
DA:317,1
DA:318,1
DA:319,1
DA:320,1
DA:321,0
DA:322,1
DA:323,0
DA:324,1
DA:325,0
DA:326,1
DA:327,1
DA:328,1
DA:329,1
DA:330,1
DA:331,1
DA:332,1
DA:333,1
DA:334,1
DA:335,1
DA:336,1
DA:337,1
DA:338,1
DA:339,0
DA:340,1
DA:341,0
DA:342,1
DA:343,0
DA:344,1
DA:345,1
DA:346,1
DA:347,1
DA:348,1
DA:349,1
DA:350,1
DA:351,1
DA:352,1
DA:353,1
DA:354,1
DA:355,1
DA:356,0
DA:357,1
DA:358,0
DA:359,1
DA:360,1
DA:361,1
DA:362,1
DA:363,1
DA:364,1
DA:365,1
DA:366,1
DA:367,1
DA:368,1
DA:369,1
DA:370,1
DA:371,0
DA:372,1
DA:373,1
DA:374,1
DA:375,1
DA:376,1
DA:377,1
DA:378,0
DA:379,0
DA:380,0
DA:381,1
DA:382,1
DA:383,1
DA:384,1
DA:385,1
DA:386,0
DA:387,0
DA:388,1
DA:389,1
DA:390,1
DA:391,40
DA:392,40
DA:393,40
DA:394,40
DA:395,40
DA:396,40
DA:397,40
DA:398,40
DA:399,40
DA:400,40
DA:401,40
DA:402,40
LF:402
LH:265
BRDA:390,0,0,40
BRDA:18,1,0,19
BRDA:19,2,0,0
BRDA:24,3,0,0
BRDA:37,4,0,7
BRDA:45,5,0,3
BRDA:51,6,0,0
BRDA:63,7,0,7
BRDA:65,8,0,1
BRDA:69,9,0,6
BRDA:70,10,0,0
BRDA:82,11,0,7
BRDA:89,12,0,1
BRDA:93,13,0,6
BRDA:93,14,0,1
BRDA:96,15,0,5
BRDA:99,16,0,0
BRDA:118,17,0,1
BRDA:122,18,0,4
BRDA:126,19,0,1
BRDA:127,20,0,1
BRDA:136,21,0,0
BRDA:177,22,0,1
BRDA:178,23,0,0
BRDA:184,24,0,1
BRDA:185,25,0,0
BRDA:191,26,0,1
BRDA:192,27,0,0
BRDA:198,28,0,1
BRDA:199,29,0,0
BRDA:203,30,0,1
BRDA:204,31,0,0
BRDA:211,32,0,1
BRDA:212,33,0,1
BRDA:217,34,0,0
BRDA:218,35,0,0
BRDA:219,36,0,0
BRDA:223,37,0,0
BRDA:229,38,0,0
BRDA:260,39,0,1
BRDA:261,40,0,1
BRDA:266,41,0,0
BRDA:268,42,0,0
BRDA:270,43,0,0
BRDA:273,44,0,0
BRDA:278,45,0,1
BRDA:279,46,0,1
BRDA:284,47,0,0
BRDA:286,48,0,0
BRDA:288,49,0,0
BRDA:291,50,0,0
BRDA:296,51,0,1
BRDA:297,52,0,1
BRDA:302,53,0,0
BRDA:304,54,0,0
BRDA:306,55,0,0
BRDA:309,56,0,0
BRDA:314,57,0,1
BRDA:315,58,0,1
BRDA:320,59,0,0
BRDA:322,60,0,0
BRDA:324,61,0,0
BRDA:327,62,0,0
BRDA:332,63,0,1
BRDA:333,64,0,1
BRDA:338,65,0,0
BRDA:340,66,0,0
BRDA:342,67,0,0
BRDA:345,68,0,0
BRDA:350,69,0,1
BRDA:351,70,0,1
BRDA:355,71,0,0
BRDA:357,72,0,0
BRDA:360,73,0,0
BRDA:365,74,0,1
BRDA:366,75,0,1
BRDA:370,76,0,0
BRDA:377,77,0,0
BRF:78
BRH:37
end_of_record
TN:
SF:src/interpret/prc.ts
FN:24,interpretPlus
FN:132,interpretExprListPlus
FN:141,interpretExpr
FN:157,runWorlds
FN:164,runFor
FN:175,interpretFromCode
FNF:6
FNH:5
FNDA:74,interpretPlus
FNDA:36,interpretExprListPlus
FNDA:87,interpretExpr
FNDA:4,runWorlds
FNDA:4,runFor
FNDA:0,interpretFromCode
DA:1,1
DA:2,1
DA:3,1
DA:4,1
DA:5,1
DA:6,1
DA:7,1
DA:8,1
DA:9,1
DA:10,1
DA:11,1
DA:12,1
DA:13,1
DA:14,1
DA:15,1
DA:16,1
DA:17,1
DA:18,1
DA:19,1
DA:20,1
DA:21,1
DA:22,1
DA:23,1
DA:24,74
DA:25,74
DA:26,74
DA:27,74
DA:28,4
DA:29,4
DA:30,70
DA:31,74
DA:32,23
DA:33,74
DA:34,7
DA:35,7
DA:36,7
DA:37,74
DA:38,36
DA:39,36
DA:40,36
DA:41,36
DA:42,36
DA:43,36
DA:44,36
DA:45,36
DA:46,74
DA:47,74
DA:48,4
DA:49,4
DA:50,4
DA:51,4
DA:52,7
DA:53,7
DA:54,7
DA:55,7
DA:56,7
DA:57,14
DA:58,14
DA:59,14
DA:60,14
DA:61,14
DA:62,14
DA:63,7
DA:64,7
DA:65,7
DA:66,6
DA:67,6
DA:68,6
DA:69,6
DA:70,6
DA:71,6
DA:72,6
DA:73,6
DA:74,6
DA:75,6
DA:76,6
DA:77,6
DA:78,6
DA:79,6
DA:80,6
DA:81,6
DA:82,6
DA:83,6
DA:84,6
DA:85,6
DA:86,6
DA:87,6
DA:88,6
DA:89,6
DA:90,6
DA:91,6
DA:92,6
DA:93,12
DA:94,12
DA:95,12
DA:96,12
DA:97,12
DA:98,12
DA:99,0
DA:100,6
DA:101,6
DA:102,6
DA:103,6
DA:104,6
DA:105,6
DA:106,6
DA:107,0
DA:108,0
DA:109,6
DA:110,6
DA:111,6
DA:112,6
DA:113,6
DA:114,6
DA:115,7
DA:116,7
DA:117,7
DA:118,7
DA:119,7
DA:120,7
DA:121,7
DA:122,7
DA:123,7
DA:124,7
DA:125,4
DA:126,4
DA:127,4
DA:128,74
DA:129,0
DA:130,74
DA:131,74
DA:132,36
DA:133,36
DA:134,36
DA:135,36
DA:136,36
DA:137,36
DA:138,36
DA:139,36
DA:140,36
DA:141,87
DA:142,87
DA:143,87
DA:144,87
DA:145,87
DA:146,87
DA:147,87
DA:148,64
DA:149,0
DA:150,0
DA:151,0
DA:152,64
DA:153,87
DA:154,23
DA:155,87
DA:156,87
DA:157,4
DA:158,4
DA:159,4
DA:160,4
DA:161,4
DA:162,4
DA:163,1
DA:164,4
DA:165,4
DA:166,4
DA:167,1
DA:168,1
DA:169,1
DA:170,1
DA:171,1
DA:172,4
DA:173,4
DA:174,1
DA:175,1
DA:176,0
DA:177,0
DA:178,0
DA:179,0
DA:180,0
DA:181,0
DA:182,0
DA:183,0
DA:184,0
DA:185,0
DA:186,0
DA:187,0
DA:188,1
DA:189,1
DA:190,1
DA:191,1
DA:192,1
DA:193,1
DA:194,1
DA:195,1
DA:196,1
DA:197,1
DA:198,1
DA:199,1
DA:200,1
DA:201,1
DA:202,1
DA:203,1
DA:204,1
DA:205,1
DA:206,1
DA:207,1
DA:208,1
DA:209,1
DA:210,1
DA:211,1
DA:212,1
DA:213,1
DA:214,1
DA:215,1
DA:216,1
DA:217,1
DA:218,1
DA:219,1
DA:220,1
DA:221,1
DA:222,1
DA:223,1
DA:224,1
DA:225,1
DA:226,1
DA:227,1
DA:228,1
DA:229,1
DA:230,1
DA:231,1
DA:232,1
DA:233,1
DA:234,1
DA:235,1
DA:236,1
DA:237,1
DA:238,1
DA:239,1
DA:240,1
DA:241,1
DA:242,1
DA:243,1
DA:244,1
LF:244
LH:225
BRDA:24,0,0,74
BRDA:27,1,0,4
BRDA:30,2,0,70
BRDA:31,3,0,23
BRDA:33,4,0,7
BRDA:37,5,0,36
BRDA:47,6,0,4
BRDA:128,7,0,0
BRDA:51,8,0,7
BRDA:52,9,0,7
BRDA:56,10,0,14
BRDA:65,11,0,6
BRDA:106,12,0,0
BRDA:92,13,0,12
BRDA:99,14,0,0
BRDA:104,15,0,12
BRDA:110,16,0,12
BRDA:132,17,0,36
BRDA:137,18,0,87
BRDA:141,19,0,87
BRDA:147,20,0,64
BRDA:148,21,0,0
BRDA:153,22,0,23
BRDA:157,23,0,4
BRDA:161,24,0,4
BRDA:164,25,0,4
BRDA:166,26,0,1
BRF:27
BRH:23
end_of_record
TN:
SF:src/interpret-types/builtinTypes.ts
FNF:0
FNH:0
DA:1,1
DA:2,1
DA:3,1
DA:4,1
DA:5,1
DA:6,1
DA:7,1
DA:8,1
DA:9,1
DA:10,1
DA:11,1
DA:12,1
DA:13,1
DA:14,1
DA:15,1
DA:16,1
DA:17,1
DA:18,1
DA:19,1
DA:20,1
DA:21,1
DA:22,1
DA:23,1
DA:24,1
DA:25,1
DA:26,1
DA:27,1
DA:28,1
DA:29,1
DA:30,1
DA:31,1
DA:32,1
DA:33,1
DA:34,1
DA:35,1
DA:36,1
DA:37,1
DA:38,1
DA:39,1
DA:40,1
DA:41,1
DA:42,1
DA:43,1
DA:44,1
DA:45,1
DA:46,1
DA:47,1
DA:48,1
DA:49,1
DA:50,1
DA:51,1
DA:52,1
DA:53,1
DA:54,1
DA:55,1
DA:56,1
DA:57,1
DA:58,1
DA:59,1
DA:60,1
DA:61,1
DA:62,1
DA:63,1
DA:64,1
DA:65,1
DA:66,1
DA:67,1
DA:68,1
DA:69,1
DA:70,1
DA:71,1
DA:72,1
DA:73,1
DA:74,1
DA:75,1
DA:76,1
DA:77,1
DA:78,1
DA:79,1
DA:80,1
DA:81,1
DA:82,1
DA:83,1
DA:84,1
DA:85,1
DA:86,1
DA:87,1
DA:88,1
DA:89,1
DA:90,1
DA:91,1
DA:92,1
DA:93,1
DA:94,1
DA:95,1
DA:96,1
DA:97,1
DA:98,1
DA:99,1
DA:100,1
DA:101,1
DA:102,1
DA:103,1
DA:104,1
DA:105,1
DA:106,1
DA:107,1
DA:108,1
DA:109,1
DA:110,1
DA:111,1
DA:112,1
DA:113,1
DA:114,1
DA:115,1
DA:116,1
DA:117,1
DA:118,1
DA:119,1
DA:120,1
DA:121,1
DA:122,1
DA:123,1
DA:124,1
DA:125,1
DA:126,1
DA:127,1
DA:128,1
DA:129,1
DA:130,1
DA:131,1
DA:132,1
DA:133,1
DA:134,1
DA:135,1
DA:136,1
DA:137,1
DA:138,1
DA:139,1
DA:140,1
DA:141,1
DA:142,1
DA:143,1
DA:144,1
DA:145,1
DA:146,1
DA:147,1
DA:148,1
DA:149,1
DA:150,1
DA:151,1
DA:152,1
DA:153,1
DA:154,1
DA:155,1
DA:156,1
DA:157,1
DA:158,1
DA:159,1
DA:160,1
DA:161,1
DA:162,1
DA:163,1
DA:164,1
DA:165,1
DA:166,1
DA:167,1
DA:168,1
DA:169,1
DA:170,1
DA:171,1
DA:172,1
DA:173,1
DA:174,1
DA:175,1
DA:176,1
DA:177,1
DA:178,1
DA:179,1
DA:180,1
DA:181,1
DA:182,1
DA:183,1
DA:184,1
DA:185,1
DA:186,1
DA:187,1
DA:188,1
DA:189,1
DA:190,1
DA:191,1
DA:192,1
DA:193,1
DA:194,1
DA:195,1
DA:196,1
DA:197,1
DA:198,1
DA:199,1
DA:200,1
DA:201,1
DA:202,1
DA:203,1
DA:204,1
DA:205,1
DA:206,1
DA:207,1
DA:208,1
DA:209,1
DA:210,1
DA:211,1
DA:212,1
DA:213,1
DA:214,1
DA:215,1
DA:216,1
DA:217,1
DA:218,1
DA:219,1
DA:220,1
DA:221,1
DA:222,1
DA:223,1
DA:224,1
DA:225,1
DA:226,1
DA:227,1
DA:228,1
DA:229,1
DA:230,1
DA:231,1
DA:232,1
DA:233,1
DA:234,1
DA:235,1
DA:236,1
DA:237,1
DA:238,1
DA:239,1
DA:240,1
LF:240
LH:240
BRF:0
BRH:0
end_of_record
TN:
SF:src/interpret-types/replace_type_vars.ts
FN:3,replaceTypeVars
FN:21,generateTypeVars
FNF:2
FNH:1
FNDA:0,replaceTypeVars
FNDA:74,generateTypeVars
DA:1,1
DA:2,1
DA:3,1
DA:4,0
DA:5,0
DA:6,0
DA:7,0
DA:8,0
DA:9,0
DA:10,0
DA:11,0
DA:12,0
DA:13,0
DA:14,0
DA:15,0
DA:16,0
DA:17,0
DA:18,0
DA:19,0
DA:20,1
DA:21,74
DA:22,74
DA:23,74
DA:24,74
DA:25,74
DA:26,74
DA:27,74
DA:28,74
LF:28
LH:12
BRDA:21,0,0,74
BRDA:23,1,0,28
BRDA:24,2,0,26
BRDA:25,3,0,0
BRDA:26,4,0,20
BRDA:26,5,0,28
BRF:6
BRH:5
end_of_record
TN:
SF:src/interpret-types/type-pipe.ts
FN:22,toEarlyMeta
FN:28,toBasicTypes
FN:207,toBasicTypesG
FN:217,toBasicTypesG1
FNF:4
FNH:4
FNDA:11,toEarlyMeta
FNDA:11,toBasicTypes
FNDA:11,toBasicTypesG
FNDA:300,toBasicTypesG1
DA:1,1
DA:2,1
DA:3,1
DA:4,1
DA:5,1
DA:6,1
DA:7,1
DA:8,1
DA:9,1
DA:10,1
DA:11,1
DA:12,1
DA:13,1
DA:14,1
DA:15,1
DA:16,1
DA:17,1
DA:18,1
DA:19,1
DA:20,1
DA:21,1
DA:22,11
DA:23,11
DA:24,11
DA:25,11
DA:26,11
DA:27,1
DA:28,11
DA:29,11
DA:30,11
DA:31,11
DA:32,11
DA:33,11
DA:34,1
DA:35,1
DA:36,1
DA:37,1
DA:38,1
DA:39,1
DA:40,1
DA:41,1
DA:42,1
DA:43,1
DA:44,1
DA:45,1
DA:46,1
DA:47,1
DA:48,1
DA:49,1
DA:50,1
DA:51,1
DA:52,1
DA:53,1
DA:54,1
DA:55,1
DA:56,1
DA:57,1
DA:58,1
DA:59,1
DA:60,1
DA:61,1
DA:62,1
DA:63,1
DA:64,1
DA:65,1
DA:66,1
DA:67,1
DA:68,1
DA:69,1
DA:70,1
DA:71,1
DA:72,1
DA:73,1
DA:74,1
DA:75,1
DA:76,1
DA:77,1
DA:78,1
DA:79,1
DA:80,1
DA:81,1
DA:82,1
DA:83,1
DA:84,1
DA:85,1
DA:86,1
DA:87,1
DA:88,1
DA:89,1
DA:90,1
DA:91,1
DA:92,1
DA:93,1
DA:94,1
DA:95,1
DA:96,1
DA:97,1
DA:98,1
DA:99,1
DA:100,1
DA:101,1
DA:102,1
DA:103,1
DA:104,1
DA:105,1
DA:106,1
DA:107,1
DA:108,1
DA:109,1
DA:110,1
DA:111,1
DA:112,1
DA:113,1
DA:114,1
DA:115,1
DA:116,1
DA:117,1
DA:118,1
DA:119,1
DA:120,1
DA:121,1
DA:122,1
DA:123,1
DA:124,1
DA:125,1
DA:126,1
DA:127,1
DA:128,1
DA:129,1
DA:130,1
DA:131,1
DA:132,1
DA:133,1
DA:134,1
DA:135,1
DA:136,1
DA:137,1
DA:138,1
DA:139,1
DA:140,1
DA:141,1
DA:142,1
DA:143,1
DA:144,1
DA:145,1
DA:146,1
DA:147,1
DA:148,1
DA:149,1
DA:150,1
DA:151,1
DA:152,1
DA:153,1
DA:154,1
DA:155,1
DA:156,1
DA:157,1
DA:158,1
DA:159,1
DA:160,1
DA:161,1
DA:162,1
DA:163,1
DA:164,1
DA:165,1
DA:166,1
DA:167,1
DA:168,1
DA:169,1
DA:170,1
DA:171,1
DA:172,1
DA:173,1
DA:174,1
DA:175,1
DA:176,1
DA:177,1
DA:178,1
DA:179,1
DA:180,1
DA:181,1
DA:182,1
DA:183,1
DA:184,1
DA:185,1
DA:186,1
DA:187,1
DA:188,1
DA:189,1
DA:190,1
DA:191,1
DA:192,1
DA:193,1
DA:194,1
DA:195,1
DA:196,1
DA:197,1
DA:198,1
DA:199,1
DA:200,1
DA:201,1
DA:202,1
DA:203,1
DA:204,1
DA:205,1
DA:206,1
DA:207,11
DA:208,11
DA:209,11
DA:210,11
DA:211,11
DA:212,11
DA:213,1
DA:214,1
DA:215,1
DA:216,1
DA:217,300
DA:218,300
DA:219,300
DA:220,79
DA:221,224
DA:222,224
DA:223,224
DA:224,224
DA:225,79
DA:226,79
DA:227,300
DA:228,15
DA:229,15
DA:230,15
DA:231,15
DA:232,15
DA:233,27
DA:234,27
DA:235,15
DA:236,15
DA:237,15
DA:238,15
DA:239,15
DA:240,15
DA:241,15
DA:242,15
DA:243,15
DA:244,15
DA:245,300
DA:246,183
DA:247,183
DA:248,183
DA:249,452
DA:250,125
DA:251,125
DA:252,327
DA:253,452
DA:254,202
DA:255,202
DA:256,183
DA:257,183
DA:258,183
DA:259,183
DA:260,0
DA:261,0
DA:262,183
DA:263,183
DA:264,183
DA:265,452
DA:266,125
DA:267,125
DA:268,327
DA:269,327
DA:270,183
DA:271,183
DA:272,300
DA:273,23
DA:274,23
DA:275,23
DA:276,46
DA:277,46
DA:278,18
DA:279,18
DA:280,23
DA:281,23
DA:282,23
DA:283,23
DA:284,23
DA:285,23
DA:286,23
DA:287,46
DA:288,23
DA:289,23
DA:290,23
DA:291,23
DA:292,300
DA:293,0
DA:294,0
DA:295,0
DA:296,0
DA:297,0
DA:298,0
DA:299,0
DA:300,0
DA:301,0
DA:302,0
DA:303,0
DA:304,0
DA:305,0
DA:306,0
DA:307,0
DA:308,300
DA:309,0
DA:310,0
DA:311,0
DA:312,300
DA:313,300
LF:313
LH:293
BRDA:22,0,0,11
BRDA:25,1,0,579
BRDA:28,2,0,11
BRDA:207,3,0,11
BRDA:217,4,0,300
BRDA:219,5,0,79
BRDA:227,6,0,15
BRDA:245,7,0,183
BRDA:247,8,0,34
BRDA:259,9,0,0
BRDA:272,10,0,23
BRDA:292,11,0,0
BRDA:308,12,0,0
BRDA:220,13,0,224
BRDA:229,14,0,42
BRDA:230,15,0,42
BRDA:231,16,0,42
BRDA:232,17,0,27
BRDA:248,18,0,452
BRDA:249,19,0,125
BRDA:252,20,0,327
BRDA:253,21,0,125
BRDA:254,22,0,202
BRDA:264,23,0,452
BRDA:265,24,0,125
BRDA:268,25,0,327
BRDA:275,26,0,46
BRDA:277,27,0,28
BRDA:278,28,0,18
BRDA:281,29,0,46
BRDA:282,30,0,26
BRDA:286,31,0,46
BRF:32
BRH:29
end_of_record
TN:
SF:src/lens/into-vars.ts
FN:5,intoVars
FN:40,intoUniqueVars
FN:86,intoVarsGeneric
FN:122,intoUniqueVarsGeneric
FN:168,mapVars
FN:215,mapVarsGeneric
FN:264,mapPredCalls
FN:310,mapPredDefinitionsGeneric
FN:353,mapPredDefinitionsToState
FN:388,mapVarsWithState
FN:454,mapVarsToState
FN:492,mapPredCallsWithState
FN:543,mapPredCallsToState
FN:568,gatherVarInstanceInfo
FN:577,mapToGeneric
FNF:15
FNH:1
FNDA:0,intoVars
FNDA:0,intoUniqueVars
FNDA:0,intoVarsGeneric
FNDA:0,intoUniqueVarsGeneric
FNDA:0,mapVars
FNDA:0,mapVarsGeneric
FNDA:0,mapPredCalls
FNDA:0,mapPredDefinitionsGeneric
FNDA:0,mapPredDefinitionsToState
FNDA:0,mapVarsWithState
FNDA:0,mapVarsToState
FNDA:0,mapPredCallsWithState
FNDA:0,mapPredCallsToState
FNDA:0,gatherVarInstanceInfo
FNDA:94,mapToGeneric
DA:1,1
DA:2,1
DA:3,1
DA:4,1
DA:5,0
DA:6,0
DA:7,0
DA:8,0
DA:9,0
DA:10,0
DA:11,0
DA:12,0
DA:13,0
DA:14,0
DA:15,0
DA:16,0
DA:17,0
DA:18,0
DA:19,0
DA:20,0
DA:21,0
DA:22,0
DA:23,0
DA:24,0
DA:25,0
DA:26,0
DA:27,0
DA:28,0
DA:29,0
DA:30,0
DA:31,0
DA:32,0
DA:33,0
DA:34,0
DA:35,0
DA:36,0
DA:37,0
DA:38,0
DA:39,1
DA:40,0
DA:41,0
DA:42,0
DA:43,0
DA:44,0
DA:45,0
DA:46,0
DA:47,0
DA:48,0
DA:49,0
DA:50,0
DA:51,0
DA:52,0
DA:53,0
DA:54,0
DA:55,0
DA:56,0
DA:57,0
DA:58,0
DA:59,0
DA:60,0
DA:61,0
DA:62,0
DA:63,0
DA:64,0
DA:65,0
DA:66,0
DA:67,0
DA:68,0
DA:69,0
DA:70,0
DA:71,0
DA:72,0
DA:73,0
DA:74,0
DA:75,0
DA:76,0
DA:77,0
DA:78,0
DA:79,0
DA:80,0
DA:81,0
DA:82,0
DA:83,0
DA:84,1
DA:85,1
DA:86,0
DA:87,0
DA:88,0
DA:89,0
DA:90,0
DA:91,0
DA:92,0
DA:93,0
DA:94,0
DA:95,0
DA:96,0
DA:97,0
DA:98,0
DA:99,0
DA:100,0
DA:101,0
DA:102,0
DA:103,0
DA:104,0
DA:105,0
DA:106,0
DA:107,0
DA:108,0
DA:109,0
DA:110,0
DA:111,0
DA:112,0
DA:113,0
DA:114,0
DA:115,0
DA:116,0
DA:117,0
DA:118,0
DA:119,0
DA:120,1
DA:121,1
DA:122,0
DA:123,0
DA:124,0
DA:125,0
DA:126,0
DA:127,0
DA:128,0
DA:129,0
DA:130,0
DA:131,0
DA:132,0
DA:133,0
DA:134,0
DA:135,0
DA:136,0
DA:137,0
DA:138,0
DA:139,0
DA:140,0
DA:141,0
DA:142,0
DA:143,0
DA:144,0
DA:145,0
DA:146,0
DA:147,0
DA:148,0
DA:149,0
DA:150,0
DA:151,0
DA:152,0
DA:153,0
DA:154,0
DA:155,0
DA:156,0
DA:157,0
DA:158,0
DA:159,0
DA:160,0
DA:161,0
DA:162,0
DA:163,0
DA:164,0
DA:165,0
DA:166,1
DA:167,1
DA:168,0
DA:169,0
DA:170,0
DA:171,0
DA:172,0
DA:173,0
DA:174,0
DA:175,0
DA:176,0
DA:177,0
DA:178,0
DA:179,0
DA:180,0
DA:181,0
DA:182,0
DA:183,0
DA:184,0
DA:185,0
DA:186,0
DA:187,0
DA:188,0
DA:189,0
DA:190,0
DA:191,0
DA:192,0
DA:193,0
DA:194,0
DA:195,0
DA:196,0
DA:197,0
DA:198,0
DA:199,0
DA:200,0
DA:201,0
DA:202,0
DA:203,0
DA:204,0
DA:205,0
DA:206,0
DA:207,0
DA:208,0
DA:209,0
DA:210,0
DA:211,0
DA:212,0
DA:213,0
DA:214,1
DA:215,0
DA:216,0
DA:217,0
DA:218,0
DA:219,0
DA:220,0
DA:221,0
DA:222,0
DA:223,0
DA:224,0
DA:225,0
DA:226,0
DA:227,0
DA:228,0
DA:229,0
DA:230,0
DA:231,0
DA:232,0
DA:233,0
DA:234,0
DA:235,0
DA:236,0
DA:237,0
DA:238,0
DA:239,0
DA:240,0
DA:241,0
DA:242,0
DA:243,0
DA:244,0
DA:245,0
DA:246,0
DA:247,0
DA:248,0
DA:249,0
DA:250,0
DA:251,0
DA:252,0
DA:253,0
DA:254,0
DA:255,0
DA:256,0
DA:257,0
DA:258,0
DA:259,0
DA:260,0
DA:261,1
DA:262,1
DA:263,1
DA:264,0
DA:265,0
DA:266,0
DA:267,0
DA:268,0
DA:269,0
DA:270,0
DA:271,0
DA:272,0
DA:273,0
DA:274,0
DA:275,0
DA:276,0
DA:277,0
DA:278,0
DA:279,0
DA:280,0
DA:281,0
DA:282,0
DA:283,0
DA:284,0
DA:285,0
DA:286,0
DA:287,0
DA:288,0
DA:289,0
DA:290,0
DA:291,0
DA:292,0
DA:293,0
DA:294,0
DA:295,0
DA:296,0
DA:297,0
DA:298,0
DA:299,0
DA:300,0
DA:301,0
DA:302,0
DA:303,0
DA:304,0
DA:305,0
DA:306,0
DA:307,0
DA:308,0
DA:309,1
DA:310,0
DA:311,0
DA:312,0
DA:313,0
DA:314,0
DA:315,0
DA:316,0
DA:317,0
DA:318,0
DA:319,0
DA:320,0
DA:321,0
DA:322,0
DA:323,0
DA:324,0
DA:325,0
DA:326,0
DA:327,0
DA:328,0
DA:329,0
DA:330,0
DA:331,0
DA:332,0
DA:333,0
DA:334,0
DA:335,0
DA:336,0
DA:337,0
DA:338,0
DA:339,0
DA:340,0
DA:341,0
DA:342,0
DA:343,0
DA:344,0
DA:345,0
DA:346,0
DA:347,0
DA:348,0
DA:349,0
DA:350,0
DA:351,0
DA:352,1
DA:353,0
DA:354,0
DA:355,0
DA:356,0
DA:357,0
DA:358,0
DA:359,0
DA:360,0
DA:361,0
DA:362,0
DA:363,0
DA:364,0
DA:365,0
DA:366,0
DA:367,0
DA:368,0
DA:369,0
DA:370,0
DA:371,0
DA:372,0
DA:373,0
DA:374,0
DA:375,0
DA:376,0
DA:377,0
DA:378,0
DA:379,0
DA:380,0
DA:381,0
DA:382,0
DA:383,0
DA:384,0
DA:385,0
DA:386,0
DA:387,1
DA:388,0
DA:389,0
DA:390,0
DA:391,0
DA:392,0
DA:393,0
DA:394,0
DA:395,0
DA:396,0
DA:397,0
DA:398,0
DA:399,0
DA:400,0
DA:401,0
DA:402,0
DA:403,0
DA:404,0
DA:405,0
DA:406,0
DA:407,0
DA:408,0
DA:409,0
DA:410,0
DA:411,0
DA:412,0
DA:413,0
DA:414,0
DA:415,0
DA:416,0
DA:417,0
DA:418,0
DA:419,0
DA:420,0
DA:421,0
DA:422,0
DA:423,0
DA:424,0
DA:425,0
DA:426,0
DA:427,0
DA:428,0
DA:429,0
DA:430,0
DA:431,0
DA:432,0
DA:433,0
DA:434,0
DA:435,0
DA:436,0
DA:437,0
DA:438,0
DA:439,0
DA:440,0
DA:441,0
DA:442,0
DA:443,0
DA:444,0
DA:445,0
DA:446,0
DA:447,0
DA:448,0
DA:449,0
DA:450,0
DA:451,0
DA:452,0
DA:453,1
DA:454,0
DA:455,0
DA:456,0
DA:457,0
DA:458,0
DA:459,0
DA:460,0
DA:461,0
DA:462,0
DA:463,0
DA:464,0
DA:465,0
DA:466,0
DA:467,0
DA:468,0
DA:469,0
DA:470,0
DA:471,0
DA:472,0
DA:473,0
DA:474,0
DA:475,0
DA:476,0
DA:477,0
DA:478,0
DA:479,0
DA:480,0
DA:481,0
DA:482,0
DA:483,0
DA:484,0
DA:485,0
DA:486,0
DA:487,0
DA:488,0
DA:489,0
DA:490,0
DA:491,1
DA:492,0
DA:493,0
DA:494,0
DA:495,0
DA:496,0
DA:497,0
DA:498,0
DA:499,0
DA:500,0
DA:501,0
DA:502,0
DA:503,0
DA:504,0
DA:505,0
DA:506,0
DA:507,0
DA:508,0
DA:509,0
DA:510,0
DA:511,0
DA:512,0
DA:513,0
DA:514,0
DA:515,0
DA:516,0
DA:517,0
DA:518,0
DA:519,0
DA:520,0
DA:521,0
DA:522,0
DA:523,0
DA:524,0
DA:525,0
DA:526,0
DA:527,0
DA:528,0
DA:529,0
DA:530,0
DA:531,0
DA:532,0
DA:533,0
DA:534,0
DA:535,0
DA:536,0
DA:537,0
DA:538,0
DA:539,0
DA:540,0
DA:541,0
DA:542,1
DA:543,0
DA:544,0
DA:545,0
DA:546,0
DA:547,0
DA:548,0
DA:549,0
DA:550,0
DA:551,0
DA:552,0
DA:553,0
DA:554,0
DA:555,0
DA:556,0
DA:557,0
DA:558,0
DA:559,0
DA:560,0
DA:561,0
DA:562,0
DA:563,0
DA:564,0
DA:565,0
DA:566,0
DA:567,1
DA:568,0
DA:569,0
DA:570,0
DA:571,0
DA:572,0
DA:573,0
DA:574,0
DA:575,0
DA:576,1
DA:577,94
DA:578,94
DA:579,266
DA:580,266
DA:581,266
DA:582,60
DA:583,60
DA:584,60
DA:585,60
DA:586,266
DA:587,0
DA:588,0
DA:589,0
DA:590,0
DA:591,0
DA:592,0
DA:593,0
DA:594,0
DA:595,266
DA:596,0
DA:597,0
DA:598,0
DA:599,0
DA:600,0
DA:601,0
DA:602,0
DA:603,0
DA:604,266
DA:605,23
DA:606,23
DA:607,23
DA:608,23
DA:609,23
DA:610,23
DA:611,23
DA:612,23
DA:613,23
DA:614,266
DA:615,183
DA:616,183
DA:617,183
DA:618,183
DA:619,183
DA:620,266
DA:621,94
DA:622,94
LF:622
LH:53
BRDA:577,0,0,94
BRDA:578,1,0,266
BRDA:580,2,0,45
BRDA:581,3,0,60
BRDA:586,4,0,0
BRDA:595,5,0,0
BRDA:604,6,0,23
BRDA:614,7,0,183
BRDA:608,8,0,46
BRDA:618,9,0,452
BRDA:618,10,0,327
BRDA:618,11,0,125
BRF:12
BRH:10
end_of_record
TN:
SF:src/redo/ast-desugar.ts
FN:50,toAst
FN:167,logEmptyCompoundLogic
FN:177,filterEmptyCompoundLogic
FN:191,buildCompoundLogic
FN:215,freshLvar
FN:219,expressionOrPredicateDefinitionToAst
FN:250,expressionToAst
FN:383,handleEmptyCompoundLogic
FN:407,codeToAst
FNF:9
FNH:9
FNDA:161,toAst
FNDA:37,logEmptyCompoundLogic
FNDA:308,filterEmptyCompoundLogic
FNDA:63,buildCompoundLogic
FNDA:65,freshLvar
FNDA:58,expressionOrPredicateDefinitionToAst
FNDA:1040,expressionToAst
FNDA:19,handleEmptyCompoundLogic
FNDA:7,codeToAst
DA:1,1
DA:2,1
DA:3,1
DA:4,1
DA:5,1
DA:6,1
DA:7,1
DA:8,1
DA:9,1
DA:10,1
DA:11,1
DA:12,1
DA:13,1
DA:14,1
DA:15,1
DA:16,1
DA:17,1
DA:18,1
DA:19,1
DA:20,1
DA:21,1
DA:22,1
DA:23,1
DA:24,1
DA:25,1
DA:26,1
DA:27,1
DA:28,1
DA:29,1
DA:30,1
DA:31,1
DA:32,1
DA:33,1
DA:34,1
DA:35,1
DA:36,1
DA:37,1
DA:38,1
DA:39,1
DA:40,1
DA:41,1
DA:42,1
DA:43,1
DA:44,1
DA:45,1
DA:46,1
DA:47,1
DA:48,1
DA:49,1
DA:50,161
DA:51,161
DA:52,161
DA:53,161
DA:54,0
DA:55,0
DA:56,0
DA:57,0
DA:58,0
DA:59,0
DA:60,0
DA:61,161
DA:62,161
DA:63,7
DA:64,7
DA:65,161
DA:66,11
DA:67,11
DA:68,11
DA:69,11
DA:70,11
DA:71,11
DA:72,161
DA:73,161
DA:74,26
DA:75,26
DA:76,26
DA:77,26
DA:78,26
DA:79,26
DA:80,161
DA:81,58
DA:82,58
DA:83,58
DA:84,19
DA:85,0
DA:86,0
DA:87,0
DA:88,0
DA:89,19
DA:90,19
DA:91,19
DA:92,19
DA:93,19
DA:94,19
DA:95,19
DA:96,19
DA:97,39
DA:98,39
DA:99,39
DA:100,39
DA:101,39
DA:102,39
DA:103,39
DA:104,39
DA:105,39
DA:106,39
DA:107,39
DA:108,39
DA:109,39
DA:110,39
DA:111,39
DA:112,39
DA:113,39
DA:114,39
DA:115,58
DA:116,0
DA:117,0
DA:118,39
DA:119,39
DA:120,161
DA:121,55
DA:122,55
DA:123,55
DA:124,55
DA:125,55
DA:126,55
DA:127,55
DA:128,55
DA:129,55
DA:130,0
DA:131,0
DA:132,0
DA:133,0
DA:134,55
DA:135,55
DA:136,55
DA:137,55
DA:138,55
DA:139,55
DA:140,55
DA:141,55
DA:142,55
DA:143,161
DA:144,2
DA:145,2
DA:146,2
DA:147,2
DA:148,2
DA:149,2
DA:150,2
DA:151,2
DA:152,2
DA:153,2
DA:154,2
DA:155,2
DA:156,161
DA:157,2
DA:158,2
DA:159,161
DA:160,161
DA:161,0
DA:162,0
DA:163,0
DA:164,161
DA:165,161
DA:166,1
DA:167,37
DA:168,37
DA:169,0
DA:170,0
DA:171,0
DA:172,0
DA:173,0
DA:174,0
DA:175,37
DA:176,1
DA:177,308
DA:178,308
DA:179,308
DA:180,308
DA:181,308
DA:182,308
DA:183,308
DA:184,290
DA:185,308
DA:186,63
DA:187,63
DA:188,245
DA:189,245
DA:190,1
DA:191,63
DA:192,63
DA:193,63
DA:194,63
DA:195,63
DA:196,0
DA:197,63
DA:198,17
DA:199,17
DA:200,46
DA:201,46
DA:202,46
DA:203,46
DA:204,91
DA:205,91
DA:206,46
DA:207,63
DA:208,35
DA:209,35
DA:210,11
DA:211,11
DA:212,1
DA:213,1
DA:214,1
DA:215,65
DA:216,65
DA:217,65
DA:218,1
DA:219,58
DA:220,58
DA:221,58
DA:222,58
DA:223,58
DA:224,19
DA:225,19
DA:226,19
DA:227,19
DA:228,19
DA:229,19
DA:230,19
DA:231,19
DA:232,19
DA:233,19
DA:234,19
DA:235,19
DA:236,19
DA:237,19
DA:238,19
DA:239,19
DA:240,19
DA:241,19
DA:242,19
DA:243,19
DA:244,19
DA:245,58
DA:246,39
DA:247,58
DA:248,58
DA:249,1
DA:250,1040
DA:251,1040
DA:252,1040
DA:253,1040
DA:254,1040
DA:255,1040
DA:256,1040
DA:257,1040
DA:258,1040
DA:259,1040
DA:260,1040
DA:261,1040
DA:262,1040
DA:263,1040
DA:264,1040
DA:265,1040
DA:266,1040
DA:267,1040
DA:268,1040
DA:269,1040
DA:270,1040
DA:271,1040
DA:272,1040
DA:273,1040
DA:274,1040
DA:275,1040
DA:276,1040
DA:277,249
DA:278,1040
DA:279,1040
DA:280,665
DA:281,1040
DA:282,22
DA:283,22
DA:284,22
DA:285,22
DA:286,22
DA:287,22
DA:288,22
DA:289,22
DA:290,22
DA:291,22
DA:292,22
DA:293,22
DA:294,22
DA:295,1040
DA:296,1040
DA:297,6
DA:298,6
DA:299,6
DA:300,6
DA:301,6
DA:302,6
DA:303,6
DA:304,6
DA:305,6
DA:306,6
DA:307,6
DA:308,6
DA:309,6
DA:310,1040
DA:311,2
DA:312,2
DA:313,2
DA:314,2
DA:315,2
DA:316,2
DA:317,2
DA:318,2
DA:319,2
DA:320,2
DA:321,2
DA:322,1040
DA:323,6
DA:324,6
DA:325,6
DA:326,6
DA:327,6
DA:328,6
DA:329,6
DA:330,6
DA:331,6
DA:332,1040
DA:333,10
DA:334,10
DA:335,10
DA:336,10
DA:337,10
DA:338,10
DA:339,10
DA:340,10
DA:341,24
DA:342,24
DA:343,24
DA:344,10
DA:345,10
DA:346,10
DA:347,10
DA:348,10
DA:349,10
DA:350,24
DA:351,24
DA:352,10
DA:353,10
DA:354,10
DA:355,1040
DA:356,64
DA:357,1040
DA:358,16
DA:359,16
DA:360,16
DA:361,16
DA:362,1040
DA:363,0
DA:364,0
DA:365,0
DA:366,0
DA:367,0
DA:368,0
DA:369,0
DA:370,0
DA:371,0
DA:372,0
DA:373,0
DA:374,0
DA:375,0
DA:376,1040
DA:377,0
DA:378,0
DA:379,0
DA:380,1040
DA:381,1040
DA:382,1
DA:383,19
DA:384,19
DA:385,19
DA:386,0
DA:387,0
DA:388,0
DA:389,0
DA:390,0
DA:391,0
DA:392,0
DA:393,0
DA:394,0
DA:395,0
DA:396,0
DA:397,0
DA:398,0
DA:399,19
DA:400,19
DA:401,19
DA:402,19
DA:403,19
DA:404,19
DA:405,19
DA:406,1
DA:407,7
DA:408,7
DA:409,7
DA:410,7
DA:411,7
DA:412,7
DA:413,7
DA:414,7
DA:415,7
DA:416,7
DA:417,7
DA:418,7
DA:419,7
DA:420,7
DA:421,7
DA:422,7
DA:423,7
DA:424,7
DA:425,1
DA:426,1
DA:427,1
DA:428,1
DA:429,1
DA:430,1
DA:431,1
DA:432,1
DA:433,1
DA:434,1
DA:435,1
DA:436,1
DA:437,1
DA:438,1
DA:439,1
DA:440,1
DA:441,1
DA:442,1
DA:443,1
DA:444,1
DA:445,1
DA:446,1
DA:447,1
DA:448,1
DA:449,1
DA:450,1
DA:451,1
DA:452,1
DA:453,1
DA:454,1
DA:455,1
DA:456,1
DA:457,1
DA:458,1
DA:459,1
DA:460,1
DA:461,1
DA:462,1
DA:463,1
DA:464,1
DA:465,1
DA:466,1
DA:467,1
DA:468,1
DA:469,1
DA:470,1
DA:471,1
DA:472,1
DA:473,1
DA:474,1
DA:475,1
DA:476,1
DA:477,1
DA:478,1
DA:479,1
DA:480,1
DA:481,1
DA:482,1
DA:483,1
DA:484,1
DA:485,1
DA:486,1
DA:487,1
DA:488,1
DA:489,1
DA:490,1
DA:491,1
DA:492,1
DA:493,1
DA:494,1
DA:495,1
DA:496,1
DA:497,1
DA:498,1
DA:499,1
DA:500,1
DA:501,1
DA:502,1
DA:503,1
DA:504,1
DA:505,1
DA:506,1
DA:507,1
DA:508,1
DA:509,1
DA:510,1
DA:511,1
DA:512,1
DA:513,1
DA:514,1
DA:515,1
DA:516,1
DA:517,1
DA:518,1
DA:519,1
DA:520,1
DA:521,1
DA:522,1
DA:523,1
DA:524,1
DA:525,1
DA:526,1
DA:527,1
DA:528,1
DA:529,1
DA:530,1
DA:531,1
DA:532,1
DA:533,1
DA:534,1
DA:535,1
DA:536,1
DA:537,1
DA:538,1
DA:539,1
DA:540,1
DA:541,1
DA:542,1
DA:543,1
DA:544,1
DA:545,1
DA:546,1
DA:547,1
DA:548,1
DA:549,1
DA:550,1
DA:551,1
DA:552,1
DA:553,1
DA:554,1
DA:555,1
DA:556,1
DA:557,1
DA:558,1
DA:559,1
DA:560,1
DA:561,1
DA:562,1
DA:563,1
DA:564,1
DA:565,1
DA:566,1
DA:567,1
DA:568,1
DA:569,1
DA:570,1
DA:571,1
DA:572,1
DA:573,1
DA:574,1
DA:575,1
DA:576,1
DA:577,1
DA:578,1
DA:579,1
DA:580,1
DA:581,1
DA:582,1
DA:583,1
DA:584,1
DA:585,1
DA:586,1
DA:587,1
DA:588,1
DA:589,1
DA:590,1
DA:591,1
DA:592,1
DA:593,1
DA:594,1
DA:595,1
DA:596,1
DA:597,1
DA:598,1
DA:599,1
DA:600,1
DA:601,1
DA:602,1
DA:603,1
DA:604,1
DA:605,1
DA:606,1
DA:607,1
DA:608,1
DA:609,1
DA:610,1
DA:611,1
DA:612,1
DA:613,1
DA:614,1
DA:615,1
DA:616,1
DA:617,1
DA:618,1
DA:619,1
DA:620,1
DA:621,1
DA:622,1
DA:623,1
DA:624,1
DA:625,1
DA:626,1
DA:627,1
DA:628,1
DA:629,1
DA:630,1
DA:631,1
DA:632,1
DA:633,1
LF:633
LH:577
BRDA:50,0,0,161
BRDA:53,1,0,0
BRDA:62,2,0,7
BRDA:65,3,0,11
BRDA:73,4,0,26
BRDA:80,5,0,58
BRDA:83,6,0,19
BRDA:84,7,0,0
BRDA:97,8,0,39
BRDA:115,9,0,0
BRDA:118,10,0,39
BRDA:120,11,0,55
BRDA:129,12,0,0
BRDA:143,13,0,2
BRDA:156,14,0,2
BRDA:160,15,0,0
BRDA:124,16,0,185
BRDA:125,17,0,119
BRDA:135,18,0,119
BRDA:139,19,0,119
BRDA:167,20,0,37
BRDA:168,21,0,0
BRDA:177,22,0,308
BRDA:182,23,0,301
BRDA:183,24,0,290
BRDA:185,25,0,63
BRDA:188,26,0,245
BRDA:191,27,0,63
BRDA:195,28,0,0
BRDA:197,29,0,17
BRDA:200,30,0,46
BRDA:207,31,0,35
BRDA:210,32,0,11
BRDA:203,33,0,91
BRDA:215,34,0,65
BRDA:219,35,0,58
BRDA:223,36,0,19
BRDA:245,37,0,39
BRDA:226,38,0,55
BRDA:239,39,0,37
BRDA:240,40,0,37
BRDA:250,41,0,1040
BRDA:276,42,0,249
BRDA:278,43,0,298
BRDA:279,44,0,665
BRDA:281,45,0,22
BRDA:296,46,0,6
BRDA:310,47,0,2
BRDA:322,48,0,6
BRDA:332,49,0,10
BRDA:355,50,0,64
BRDA:357,51,0,16
BRDA:362,52,0,0
BRDA:376,53,0,0
BRDA:325,54,0,28
BRDA:326,55,0,16
BRDA:336,56,0,38
BRDA:340,57,0,24
BRDA:349,58,0,24
BRDA:383,59,0,19
BRDA:385,60,0,0
BRDA:402,61,0,23
BRDA:407,62,0,7
BRF:63
BRH:53
end_of_record
TN:
SF:src/redo/indentStr.ts
FN:2,indentStr
FN:13,dedentStr
FN:31,indent
FNF:3
FNH:1
FNDA:415,indentStr
FNDA:0,dedentStr
FNDA:0,indent
DA:1,1
DA:2,415
DA:3,415
DA:4,415
DA:5,415
DA:6,415
DA:7,415
DA:8,415
DA:9,415
DA:10,415
DA:11,415
DA:12,415
DA:13,0
DA:14,0
DA:15,0
DA:16,0
DA:17,0
DA:18,0
DA:19,0
DA:20,0
DA:21,0
DA:22,0
DA:23,0
DA:24,0
DA:25,0
DA:26,0
DA:27,0
DA:28,0
DA:29,0
DA:30,1
DA:31,1
DA:32,0
DA:33,0
DA:34,0
DA:35,0
DA:36,0
DA:37,0
DA:38,0
DA:39,0
DA:40,0
DA:41,0
DA:42,0
DA:43,0
DA:44,0
DA:45,0
DA:46,0
DA:47,0
DA:48,0
DA:49,0
DA:50,0
DA:51,0
DA:52,0
DA:53,0
DA:54,0
DA:55,0
DA:56,0
DA:57,0
LF:57
LH:14
BRDA:2,0,0,415
BRDA:9,1,0,1535
BRF:2
BRH:2
end_of_record
TN:
SF:src/redo/linearize.ts
FN:33,monadic
FN:37,monadicFold
FN:51,monadicFoldGeneral
FN:73,linearizeVars
FN:181,walkNewName
FN:196,linearizeQuick
FN:268,updateFreeVarsData
FN:324,processArgs
FN:345,printFreeVars
FN:360,countVarUsage
FN:414,linearize
FNF:11
FNH:7
FNDA:0,monadic
FNDA:6,monadicFold
FNDA:0,monadicFoldGeneral
FNDA:14,linearizeVars
FNDA:4,walkNewName
FNDA:16,linearizeQuick
FNDA:10,updateFreeVarsData
FNDA:7,processArgs
FNDA:0,printFreeVars
FNDA:0,countVarUsage
FNDA:1,linearize
DA:1,1
DA:2,1
DA:3,1
DA:4,1
DA:5,1
DA:6,1
DA:7,1
DA:8,1
DA:9,1
DA:10,1
DA:11,1
DA:12,1
DA:13,1
DA:14,1
DA:15,1
DA:16,1
DA:17,1
DA:18,1
DA:19,1
DA:20,1
DA:21,1
DA:22,1
DA:23,1
DA:24,1
DA:25,1
DA:26,1
DA:27,1
DA:28,1
DA:29,1
DA:30,1
DA:31,1
DA:32,1
DA:33,0
DA:34,0
DA:35,0
DA:36,1
DA:37,6
DA:38,6
DA:39,6
DA:40,6
DA:41,6
DA:42,6
DA:43,6
DA:44,12
DA:45,12
DA:46,6
DA:47,6
DA:48,6
DA:49,6
DA:50,1
DA:51,0
DA:52,0
DA:53,0
DA:54,0
DA:55,0
DA:56,0
DA:57,0
DA:58,0
DA:59,0
DA:60,0
DA:61,0
DA:62,0
DA:63,0
DA:64,0
DA:65,0
DA:66,0
DA:67,0
DA:68,0
DA:69,0
DA:70,0
DA:71,0
DA:72,1
DA:73,14
DA:74,14
DA:75,14
DA:76,14
DA:77,14
DA:78,1
DA:79,1
DA:80,13
DA:81,14
DA:82,4
DA:83,4
DA:84,4
DA:85,4
DA:86,4
DA:87,4
DA:88,4
DA:89,4
DA:90,4
DA:91,4
DA:92,4
DA:93,4
DA:94,4
DA:95,4
DA:96,4
DA:97,14
DA:98,1
DA:99,1
DA:100,1
DA:101,1
DA:102,1
DA:103,1
DA:104,1
DA:105,1
DA:106,1
DA:107,1
DA:108,1
DA:109,1
DA:110,1
DA:111,1
DA:112,1
DA:113,1
DA:114,14
DA:115,0
DA:116,0
DA:117,0
DA:118,0
DA:119,0
DA:120,0
DA:121,0
DA:122,0
DA:123,0
DA:124,0
DA:125,0
DA:126,0
DA:127,0
DA:128,0
DA:129,0
DA:130,14
DA:131,0
DA:132,0
DA:133,0
DA:134,0
DA:135,0
DA:136,0
DA:137,0
DA:138,0
DA:139,0
DA:140,0
DA:141,0
DA:142,0
DA:143,0
DA:144,0
DA:145,0
DA:146,14
DA:147,7
DA:148,7
DA:149,7
DA:150,7
DA:151,7
DA:152,7
DA:153,7
DA:154,7
DA:155,7
DA:156,7
DA:157,7
DA:158,7
DA:159,7
DA:160,7
DA:161,7
DA:162,7
DA:163,7
DA:164,14
DA:165,1
DA:166,1
DA:167,1
DA:168,1
DA:169,1
DA:170,1
DA:171,1
DA:172,1
DA:173,1
DA:174,1
DA:175,1
DA:176,1
DA:177,1
DA:178,14
DA:179,14
DA:180,1
DA:181,4
DA:182,4
DA:183,4
DA:184,4
DA:185,4
DA:186,4
DA:187,0
DA:188,0
DA:189,4
DA:190,4
DA:191,4
DA:192,0
DA:193,0
DA:194,0
DA:195,1
DA:196,16
DA:197,16
DA:198,16
DA:199,16
DA:200,16
DA:201,16
DA:202,16
DA:203,6
DA:204,6
DA:205,16
DA:206,6
DA:207,6
DA:208,6
DA:209,6
DA:210,6
DA:211,6
DA:212,6
DA:213,6
DA:214,6
DA:215,6
DA:216,6
DA:217,6
DA:218,6
DA:219,6
DA:220,6
DA:221,6
DA:222,6
DA:223,4
DA:224,4
DA:225,4
DA:226,4
DA:227,4
DA:228,16
DA:229,0
DA:230,0
DA:231,0
DA:232,0
DA:233,4
DA:234,4
DA:235,4
DA:236,4
DA:237,4
DA:238,4
DA:239,4
DA:240,4
DA:241,4
DA:242,4
DA:243,4
DA:244,4
DA:245,4
DA:246,4
DA:247,4
DA:248,4
DA:249,4
DA:250,4
DA:251,4
DA:252,4
DA:253,4
DA:254,4
DA:255,4
DA:256,4
DA:257,4
DA:258,4
DA:259,4
DA:260,4
DA:261,4
DA:262,4
DA:263,4
DA:264,4
DA:265,0
DA:266,0
DA:267,1
DA:268,10
DA:269,10
DA:270,10
DA:271,10
DA:272,10
DA:273,10
DA:274,10
DA:275,10
DA:276,10
DA:277,10
DA:278,10
DA:279,10
DA:280,10
DA:281,10
DA:282,10
DA:283,6
DA:284,6
DA:285,6
DA:286,6
DA:287,6
DA:288,6
DA:289,10
DA:290,4
DA:291,4
DA:292,4
DA:293,4
DA:294,4
DA:295,4
DA:296,4
DA:297,10
DA:298,10
DA:299,10
DA:300,10
DA:301,10
DA:302,10
DA:303,10
DA:304,10
DA:305,10
DA:306,10
DA:307,10
DA:308,10
DA:309,10
DA:310,10
DA:311,10
DA:312,10
DA:313,10
DA:314,10
DA:315,10
DA:316,10
DA:317,10
DA:318,10
DA:319,10
DA:320,10
DA:321,10
DA:322,10
DA:323,1
DA:324,7
DA:325,7
DA:326,7
DA:327,7
DA:328,7
DA:329,7
DA:330,7
DA:331,7
DA:332,16
DA:333,7
DA:334,16
DA:335,9
DA:336,9
DA:337,9
DA:338,9
DA:339,9
DA:340,9
DA:341,16
DA:342,7
DA:343,7
DA:344,1
DA:345,0
DA:346,0
DA:347,0
DA:348,0
DA:349,0
DA:350,0
DA:351,0
DA:352,0
DA:353,0
DA:354,0
DA:355,1
DA:356,1
DA:357,1
DA:358,1
DA:359,1
DA:360,0
DA:361,0
DA:362,0
DA:363,0
DA:364,0
DA:365,0
DA:366,0
DA:367,0
DA:368,0
DA:369,0
DA:370,0
DA:371,0
DA:372,0
DA:373,0
DA:374,0
DA:375,0
DA:376,0
DA:377,0
DA:378,0
DA:379,0
DA:380,0
DA:381,0
DA:382,0
DA:383,0
DA:384,0
DA:385,0
DA:386,0
DA:387,0
DA:388,0
DA:389,0
DA:390,0
DA:391,0
DA:392,0
DA:393,0
DA:394,0
DA:395,0
DA:396,0
DA:397,0
DA:398,0
DA:399,0
DA:400,0
DA:401,0
DA:402,0
DA:403,0
DA:404,0
DA:405,0
DA:406,0
DA:407,0
DA:408,0
DA:409,0
DA:410,0
DA:411,0
DA:412,0
DA:413,1
DA:414,1
DA:415,1
DA:416,1
DA:417,1
DA:418,1
DA:419,1
DA:420,1
DA:421,1
DA:422,1
DA:423,1
DA:424,1
DA:425,1
DA:426,1
DA:427,1
DA:428,1
DA:429,1
DA:430,1
DA:431,1
DA:432,1
DA:433,1
DA:434,1
DA:435,1
DA:436,1
DA:437,1
DA:438,1
DA:439,1
DA:440,1
DA:441,1
DA:442,1
DA:443,1
DA:444,1
DA:445,1
DA:446,1
DA:447,1
LF:447
LH:319
BRDA:37,0,0,6
BRDA:43,1,0,12
BRDA:73,2,0,14
BRDA:77,3,0,1
BRDA:80,4,0,13
BRDA:81,5,0,4
BRDA:97,6,0,1
BRDA:114,7,0,0
BRDA:130,8,0,0
BRDA:146,9,0,7
BRDA:164,10,0,1
BRDA:181,11,0,4
BRDA:186,12,0,0
BRDA:190,13,0,0
BRDA:192,14,0,0
BRDA:196,15,0,16
BRDA:202,16,0,6
BRDA:205,17,0,10
BRDA:205,18,0,6
BRDA:223,19,0,4
BRDA:228,20,0,0
BRDA:233,21,0,4
BRDA:237,22,0,0
BRDA:265,23,0,0
BRDA:268,24,0,10
BRDA:282,25,0,6
BRDA:289,26,0,4
BRDA:293,27,0,0
BRDA:302,28,0,6
BRDA:312,29,0,6
BRDA:324,30,0,7
BRDA:331,31,0,16
BRDA:332,32,0,7
BRDA:334,33,0,9
BRDA:414,34,0,1
BRF:35
BRH:26
end_of_record
TN:
SF:src/redo/pprintast.ts
FN:8,pprintDsAst
FN:42,pprintExprListAst
FN:51,pprintExprAst
FN:66,pprintType
FNF:4
FNH:3
FNDA:245,pprintDsAst
FNDA:173,pprintExprListAst
FNDA:570,pprintExprAst
FNDA:0,pprintType
DA:1,1
DA:2,1
DA:3,1
DA:4,1
DA:5,1
DA:6,1
DA:7,1
DA:8,245
DA:9,245
DA:10,245
DA:11,245
DA:12,26
DA:13,26
DA:14,219
DA:15,245
DA:16,35
DA:17,35
DA:18,35
DA:19,35
DA:20,35
DA:21,245
DA:22,11
DA:23,11
DA:24,11
DA:25,11
DA:26,11
DA:27,245
DA:28,154
DA:29,245
DA:30,19
DA:31,19
DA:32,245
DA:33,0
DA:34,0
DA:35,245
DA:36,0
DA:37,0
DA:38,245
DA:39,0
DA:40,245
DA:41,245
DA:42,173
DA:43,173
DA:44,173
DA:45,173
DA:46,173
DA:47,173
DA:48,173
DA:49,173
DA:50,173
DA:51,570
DA:52,570
DA:53,570
DA:54,570
DA:55,570
DA:56,570
DA:57,570
DA:58,468
DA:59,277
DA:60,277
DA:61,191
DA:62,570
DA:63,102
DA:64,570
DA:65,570
DA:66,0
DA:67,0
DA:68,0
DA:69,0
DA:70,0
DA:71,0
DA:72,0
DA:73,0
DA:74,0
DA:75,0
DA:76,0
DA:77,0
DA:78,0
DA:79,0
DA:80,0
DA:81,0
LF:81
LH:60
BRDA:8,0,0,245
BRDA:11,1,0,26
BRDA:14,2,0,219
BRDA:15,3,0,35
BRDA:21,4,0,11
BRDA:27,5,0,154
BRDA:29,6,0,19
BRDA:32,7,0,0
BRDA:35,8,0,0
BRDA:38,9,0,0
BRDA:19,10,0,157
BRDA:25,11,0,34
BRDA:42,12,0,173
BRDA:48,13,0,416
BRDA:51,14,0,570
BRDA:57,15,0,468
BRDA:58,16,0,277
BRDA:61,17,0,191
BRDA:62,18,0,102
BRF:19
BRH:16
end_of_record
TN:
SF:src/redo/pprintgeneric.ts
FN:28,pprintGeneric
FN:63,pprintExprListAst
FN:72,pprintExprAst
FN:87,pprintType
FN:105,pprintTypeMeta
FN:109,pprintTermT
FNF:6
FNH:6
FNDA:248,pprintGeneric
FNDA:173,pprintExprListAst
FNDA:589,pprintExprAst
FNDA:48902,pprintType
FNDA:487,pprintTypeMeta
FNDA:7,pprintTermT
DA:1,1
DA:2,1
DA:3,1
DA:4,1
DA:5,1
DA:6,1
DA:7,1
DA:8,1
DA:9,1
DA:10,1
DA:11,1
DA:12,1
DA:13,1
DA:14,1
DA:15,1
DA:16,1
DA:17,1
DA:18,1
DA:19,1
DA:20,1
DA:21,1
DA:22,1
DA:23,1
DA:24,1
DA:25,1
DA:26,1
DA:27,1
DA:28,248
DA:29,248
DA:30,248
DA:31,248
DA:32,248
DA:33,26
DA:34,26
DA:35,222
DA:36,248
DA:37,38
DA:38,38
DA:39,38
DA:40,38
DA:41,38
DA:42,248
DA:43,11
DA:44,11
DA:45,11
DA:46,11
DA:47,11
DA:48,248
DA:49,154
DA:50,248
DA:51,19
DA:52,19
DA:53,248
DA:54,0
DA:55,0
DA:56,248
DA:57,0
DA:58,0
DA:59,248
DA:60,0
DA:61,248
DA:62,248
DA:63,173
DA:64,173
DA:65,173
DA:66,173
DA:67,173
DA:68,173
DA:69,173
DA:70,173
DA:71,173
DA:72,589
DA:73,589
DA:74,589
DA:75,589
DA:76,589
DA:77,589
DA:78,589
DA:79,487
DA:80,487
DA:81,487
DA:82,487
DA:83,589
DA:84,102
DA:85,589
DA:86,589
DA:87,48902
DA:88,48902
DA:89,48902
DA:90,2387
DA:91,48902
DA:92,48902
DA:93,48902
DA:94,30815
DA:95,48902
DA:96,48902
DA:97,48902
DA:98,1734
DA:99,48902
DA:100,13966
DA:101,13966
DA:102,13966
DA:103,48902
DA:104,48902
DA:105,487
DA:106,487
DA:107,487
DA:108,1
DA:109,7
DA:110,7
DA:111,7
LF:111
LH:106
BRDA:28,0,0,248
BRDA:32,1,0,26
BRDA:35,2,0,222
BRDA:36,3,0,38
BRDA:42,4,0,11
BRDA:48,5,0,154
BRDA:50,6,0,19
BRDA:53,7,0,0
BRDA:56,8,0,0
BRDA:59,9,0,0
BRDA:33,10,0,36
BRDA:39,11,0,152
BRDA:40,12,0,152
BRDA:45,13,0,34
BRDA:46,14,0,34
BRDA:63,15,0,173
BRDA:69,16,0,416
BRDA:72,17,0,589
BRDA:78,18,0,487
BRDA:83,19,0,102
BRDA:87,20,0,48902
BRDA:89,21,0,2387
BRDA:93,22,0,30815
BRDA:97,23,0,1734
BRDA:99,24,0,13966
BRDA:101,25,0,5256
BRDA:101,26,0,8710
BRDA:105,27,0,487
BRDA:106,28,0,333
BRDA:106,29,0,154
BRDA:109,30,0,7
BRF:31
BRH:28
end_of_record
TN:
SF:src/type-unification/aunt.ts
FN:9,is_predicate
FN:13,is_complex
FN:18,unify
FN:53,unifyUnionBoxed
FN:79,unifyUnion
FN:117,unifyParametric
FN:128,unifyVar
FN:142,occursCheck
FN:162,instantiate
FN:181,generateFreshVarName
FN:185,applySubstitution
FN:240,softUnify
FN:255,unifyTwoMaps
FN:274,collapseUnion
FNF:14
FNH:13
FNDA:3410,is_predicate
FNDA:5050,is_complex
FNDA:10007,unify
FNDA:0,unifyUnionBoxed
FNDA:706,unifyUnion
FNDA:2524,unifyParametric
FNDA:2609,unifyVar
FNDA:9288,occursCheck
FNDA:2584,instantiate
FNDA:3032,generateFreshVarName
FNDA:11233,applySubstitution
FNDA:1593,softUnify
FNDA:27,unifyTwoMaps
FNDA:1266,collapseUnion
DA:1,1
DA:2,1
DA:3,1
DA:4,1
DA:5,1
DA:6,1
DA:7,1
DA:8,1
DA:9,1
DA:10,3410
DA:11,3410
DA:12,1
DA:13,1
DA:14,5050
DA:15,5050
DA:16,1
DA:17,1
DA:18,10007
DA:19,10007
DA:20,10007
DA:21,10007
DA:22,2462
DA:23,10007
DA:24,147
DA:25,147
DA:26,10007
DA:27,320
DA:28,320
DA:29,10007
DA:30,386
DA:31,386
DA:32,10007
DA:33,1582
DA:34,1582
DA:35,1582
DA:36,0
DA:37,0
DA:38,0
DA:39,10007
DA:40,1366
DA:41,10007
DA:42,10007
DA:43,1218
DA:44,1218
DA:45,10007
DA:46,2524
DA:47,2524
DA:48,2524
DA:49,2
DA:50,2
DA:51,2
DA:52,1
DA:53,0
DA:54,0
DA:55,0
DA:56,0
DA:57,0
DA:58,0
DA:59,0
DA:60,0
DA:61,0
DA:62,0
DA:63,0
DA:64,0
DA:65,0
DA:66,0
DA:67,0
DA:68,0
DA:69,0
DA:70,0
DA:71,0
DA:72,0
DA:73,0
DA:74,0
DA:75,0
DA:76,0
DA:77,0
DA:78,1
DA:79,706
DA:80,706
DA:81,706
DA:82,706
DA:83,706
DA:84,706
DA:85,706
DA:86,706
DA:87,706
DA:88,0
DA:89,0
DA:90,706
DA:91,20
DA:92,20
DA:93,686
DA:94,706
DA:95,1762
DA:96,1762
DA:97,1762
DA:98,1762
DA:99,1762
DA:100,1512
DA:101,1512
DA:102,1512
DA:103,1762
DA:104,436
DA:105,436
DA:106,436
DA:107,436
DA:108,436
DA:109,436
DA:110,436
DA:111,436
DA:112,436
DA:113,436
DA:114,436
DA:115,436
DA:116,1
DA:117,2524
DA:118,2524
DA:119,729
DA:120,729
DA:121,1795
DA:122,1795
DA:123,3210
DA:124,1795
DA:125,1795
DA:126,1
DA:127,1
DA:128,2609
DA:129,2609
DA:130,2609
DA:131,2609
DA:132,2609
DA:133,751
DA:134,2609
DA:135,45
DA:136,2609
DA:137,696
DA:138,696
DA:139,1117
DA:140,1117
DA:141,1
DA:142,9288
DA:143,9288
DA:144,5878
DA:145,9288
DA:146,52
DA:147,9288
DA:148,96
DA:149,96
DA:150,3262
DA:151,3262
DA:152,1
DA:153,1
DA:154,1
DA:155,1
DA:156,1
DA:157,1
DA:158,1
DA:159,1
DA:160,1
DA:161,1
DA:162,2584
DA:163,2584
DA:164,2584
DA:165,2584
DA:166,3032
DA:167,3032
DA:168,2584
DA:169,2584
DA:170,2584
DA:171,2584
DA:172,2584
DA:173,2584
DA:174,2584
DA:175,2584
DA:176,0
DA:177,0
DA:178,1
DA:179,1
DA:180,1
DA:181,3032
DA:182,3032
DA:183,3032
DA:184,1
DA:185,11233
DA:186,11233
DA:187,8160
DA:188,11233
DA:189,272
DA:190,272
DA:191,11233
DA:192,2003
DA:193,2003
DA:194,0
DA:195,0
DA:196,0
DA:197,0
DA:198,0
DA:199,0
DA:200,0
DA:201,0
DA:202,0
DA:203,0
DA:204,0
DA:205,0
DA:206,2003
DA:207,2003
DA:208,2003
DA:209,2003
DA:210,2003
DA:211,2003
DA:212,2003
DA:213,2003
DA:214,798
DA:215,798
DA:216,1
DA:217,1
DA:218,1
DA:219,1
DA:220,1
DA:221,1
DA:222,1
DA:223,1
DA:224,1
DA:225,1
DA:226,1
DA:227,1
DA:228,1
DA:229,1
DA:230,1
DA:231,1
DA:232,1
DA:233,1
DA:234,1
DA:235,1
DA:236,1
DA:237,1
DA:238,1
DA:239,1
DA:240,1593
DA:241,1593
DA:242,1443
DA:243,1443
DA:244,1443
DA:245,1443
DA:246,1443
DA:247,1443
DA:248,1593
DA:249,350
DA:250,350
DA:251,350
DA:252,1593
DA:253,1
DA:254,1
DA:255,27
DA:256,27
DA:257,27
DA:258,1593
DA:259,1593
DA:260,1593
DA:261,1593
DA:262,1593
DA:263,1593
DA:264,27
DA:265,27
DA:266,27
DA:267,554
DA:268,554
DA:269,554
DA:270,554
DA:271,27
DA:272,27
DA:273,1
DA:274,1
DA:275,1266
DA:276,1266
DA:277,3210
DA:278,0
DA:279,3210
DA:280,3210
DA:281,3210
DA:282,3210
DA:283,1266
DA:284,2648
DA:285,3270
DA:286,562
DA:287,562
DA:288,562
DA:289,3270
DA:290,2648
DA:291,1266
DA:292,1266
LF:292
LH:247
BRDA:9,0,0,3410
BRDA:10,1,0,2517
BRDA:13,2,0,5050
BRDA:18,3,0,10007
BRDA:19,4,0,0
BRDA:20,5,0,0
BRDA:21,6,0,2462
BRDA:23,7,0,7545
BRDA:23,8,0,147
BRDA:26,9,0,7398
BRDA:26,10,0,320
BRDA:29,11,0,7078
BRDA:29,12,0,386
BRDA:32,13,0,6692
BRDA:32,14,0,1584
BRDA:32,15,0,1582
BRDA:36,16,0,0
BRDA:39,17,0,9979
BRDA:39,18,0,5110
BRDA:39,19,0,5108
BRDA:39,20,0,1366
BRDA:41,21,0,3744
BRDA:42,22,0,1218
BRDA:45,23,0,9971
BRDA:45,24,0,2526
BRDA:45,25,0,2524
BRDA:45,26,0,2524
BRDA:49,27,0,2
BRDA:79,28,0,706
BRDA:87,29,0,0
BRDA:90,30,0,20
BRDA:93,31,0,686
BRDA:94,32,0,1762
BRDA:99,33,0,1512
BRDA:104,34,0,436
BRDA:117,35,0,2524
BRDA:118,36,0,2416
BRDA:118,37,0,729
BRDA:121,38,0,1795
BRDA:122,39,0,3210
BRDA:128,40,0,2609
BRDA:132,41,0,751
BRDA:134,42,0,1858
BRDA:134,43,0,1436
BRDA:134,44,0,45
BRDA:136,45,0,1813
BRDA:136,46,0,696
BRDA:139,47,0,1117
BRDA:142,48,0,9288
BRDA:143,49,0,5878
BRDA:144,50,0,1628
BRDA:144,51,0,18
BRDA:145,52,0,3410
BRDA:145,53,0,52
BRDA:147,54,0,3358
BRDA:147,55,0,96
BRDA:150,56,0,3262
BRDA:146,57,0,106
BRDA:148,58,0,170
BRDA:162,59,0,2584
BRDA:165,60,0,3032
BRDA:176,61,0,0
BRDA:168,62,0,8030
BRDA:181,63,0,3032
BRDA:185,64,0,11233
BRDA:186,65,0,8160
BRDA:187,66,0,122
BRDA:188,67,0,3073
BRDA:188,68,0,272
BRDA:191,69,0,11219
BRDA:191,70,0,2801
BRDA:191,71,0,2003
BRDA:193,72,0,0
BRDA:214,73,0,798
BRDA:190,74,0,544
BRDA:211,75,0,2659
BRDA:240,76,0,1593
BRDA:241,77,0,150
BRDA:242,78,0,1443
BRDA:248,79,0,350
BRDA:255,80,0,27
BRDA:257,81,0,1593
BRDA:266,82,0,554
BRDA:268,83,0,0
BRDA:274,84,0,1266
BRDA:276,85,0,3210
BRDA:277,86,0,0
BRDA:283,87,0,2648
BRDA:284,88,0,3270
BRDA:285,89,0,562
BRF:90
BRH:82
end_of_record
TN:
SF:src/type-unification/compareTypeMaps.ts
FN:5,compareTypes
FN:19,compareTypeMaps
FNF:2
FNH:2
FNDA:7423,compareTypes
FNDA:8,compareTypeMaps
DA:1,1
DA:2,1
DA:3,1
DA:4,1
DA:5,7423
DA:6,7423
DA:7,7423
DA:8,313
DA:9,7423
DA:10,3716
DA:11,7423
DA:12,54
DA:13,7423
DA:14,3340
DA:15,3340
DA:16,3340
DA:17,7423
DA:18,7423
DA:19,8
DA:20,8
DA:21,8
DA:22,8
DA:23,0
DA:24,0
DA:25,8
DA:26,17
DA:27,17
DA:28,7
DA:29,7
DA:30,17
DA:31,0
DA:32,0
DA:33,17
DA:34,8
DA:35,8
LF:35
LH:31
BRDA:5,0,0,7423
BRDA:7,1,0,313
BRDA:8,2,0,155
BRDA:9,3,0,3716
BRDA:11,4,0,54
BRDA:13,5,0,3340
BRDA:15,6,0,2320
BRDA:15,7,0,2076
BRDA:16,8,0,962
BRDA:12,9,0,108
BRDA:15,10,0,2065
BRDA:16,11,0,1970
BRDA:19,12,0,8
BRDA:22,13,0,1
BRDA:22,14,0,0
BRDA:25,15,0,17
BRDA:27,16,0,7
BRDA:30,17,0,10
BRDA:30,18,0,0
BRF:19
BRH:17
end_of_record
TN:
SF:src/type-unification/pprintTypeMap.ts
FN:6,pprintTypeMap
FNF:1
FNH:1
FNDA:2,pprintTypeMap
DA:1,1
DA:2,1
DA:3,1
DA:4,1
DA:5,1
DA:6,2
DA:7,2
DA:8,0
DA:9,0
DA:10,2
DA:11,2
DA:12,2
DA:13,2
LF:13
LH:11
BRDA:6,0,0,2
BRDA:7,1,0,0
BRDA:11,2,0,160
BRF:3
BRH:2
end_of_record
TN:
SF:src/type-unification/reifyType.ts
FN:8,reifyType
FN:38,reify
FNF:2
FNH:2
FNDA:29259,reifyType
FNDA:93,reify
DA:1,1
DA:2,1
DA:3,1
DA:4,1
DA:5,1
DA:6,1
DA:7,1
DA:8,29259
DA:9,29259
DA:10,10097
DA:11,10097
DA:12,10097
DA:13,0
DA:14,0
DA:15,561
DA:16,29259
DA:17,1266
DA:18,0
DA:19,0
DA:20,1266
DA:21,1266
DA:22,1266
DA:23,1266
DA:24,1266
DA:25,412
DA:26,412
DA:27,854
DA:28,854
DA:29,29259
DA:30,8079
DA:31,8079
DA:32,8079
DA:33,8079
DA:34,8079
DA:35,8079
DA:36,8079
DA:37,9817
DA:38,1
DA:39,93
DA:40,93
DA:41,5121
DA:42,5121
DA:43,93
DA:44,93
LF:44
LH:40
BRDA:8,0,0,29259
BRDA:9,1,0,10097
BRDA:11,2,0,9536
BRDA:12,3,0,561
BRDA:12,4,0,0
BRDA:15,5,0,561
BRDA:16,6,0,19162
BRDA:16,7,0,1266
BRDA:17,8,0,0
BRDA:24,9,0,412
BRDA:27,10,0,854
BRDA:29,11,0,17896
BRDA:29,12,0,8079
BRDA:37,13,0,9817
BRDA:23,14,0,3210
BRDA:30,15,0,16038
BRDA:33,16,0,3716
BRDA:33,17,0,6620
BRDA:38,18,0,93
BRDA:40,19,0,5121
BRF:20
BRH:18
end_of_record
TN:
SF:src/utils/make_better_typed.ts
FN:15,conjunction_dat
FN:21,disjunction_dat
FN:27,fresh_dat
FN:35,with_dat
FN:43,predicate_call_dat
FN:51,predicate_definition_dat
FN:61,identifier_dat
FN:69,literal_dat
FN:80,simple_type_dat
FN:87,complex_type_dat
FN:98,type_variable_dat
FN:105,union_type_dat
FN:112,constraint_type_dat
FN:119,predicate_type_dat
FN:129,flattenConjunctions
FN:139,flattenDisjunctions
FN:149,flattenUnions
FN:159,union1
FN:165,conjunction1
FN:171,disjunction1
FNF:20
FNH:15
FNDA:113,conjunction_dat
FNDA:15,disjunction_dat
FNDA:0,fresh_dat
FNDA:0,with_dat
FNDA:183,predicate_call_dat
FNDA:23,predicate_definition_dat
FNDA:1158,identifier_dat
FNDA:125,literal_dat
FNDA:147,simple_type_dat
FNDA:12753,complex_type_dat
FNDA:3529,type_variable_dat
FNDA:1506,union_type_dat
FNDA:0,constraint_type_dat
FNDA:218,predicate_type_dat
FNDA:50,flattenConjunctions
FNDA:0,flattenDisjunctions
FNDA:1424,flattenUnions
FNDA:1204,union1
FNDA:23,conjunction1
FNDA:0,disjunction1
DA:1,1
DA:2,1
DA:3,1
DA:4,1
DA:5,1
DA:6,1
DA:7,1
DA:8,1
DA:9,1
DA:10,1
DA:11,1
DA:12,1
DA:13,1
DA:14,1
DA:15,1
DA:16,113
DA:17,113
DA:18,113
DA:19,113
DA:20,1
DA:21,1
DA:22,15
DA:23,15
DA:24,15
DA:25,15
DA:26,1
DA:27,1
DA:28,0
DA:29,0
DA:30,0
DA:31,0
DA:32,0
DA:33,0
DA:34,1
DA:35,1
DA:36,0
DA:37,0
DA:38,0
DA:39,0
DA:40,0
DA:41,0
DA:42,1
DA:43,1
DA:44,183
DA:45,183
DA:46,183
DA:47,183
DA:48,183
DA:49,183
DA:50,1
DA:51,1
DA:52,23
DA:53,23
DA:54,23
DA:55,23
DA:56,23
DA:57,23
DA:58,23
DA:59,23
DA:60,1
DA:61,1
DA:62,1158
DA:63,1158
DA:64,1158
DA:65,1158
DA:66,1158
DA:67,1158
DA:68,1
DA:69,1
DA:70,125
DA:71,125
DA:72,125
DA:73,125
DA:74,125
DA:75,125
DA:76,1
DA:77,1
DA:78,1
DA:79,1
DA:80,1
DA:81,147
DA:82,147
DA:83,147
DA:84,147
DA:85,1
DA:86,1
DA:87,1
DA:88,12753
DA:89,12753
DA:90,12753
DA:91,12753
DA:92,12753
DA:93,12753
DA:94,12753
DA:95,12753
DA:96,1
DA:97,1
DA:98,1
DA:99,3529
DA:100,3529
DA:101,3529
DA:102,3529
DA:103,1
DA:104,1
DA:105,1
DA:106,1506
DA:107,1506
DA:108,1506
DA:109,1506
DA:110,1
DA:111,1
DA:112,1
DA:113,0
DA:114,0
DA:115,0
DA:116,0
DA:117,1
DA:118,1
DA:119,1
DA:120,218
DA:121,218
DA:122,218
DA:123,218
DA:124,218
DA:125,218
DA:126,218
DA:127,1
DA:128,1
DA:129,50
DA:130,50
DA:131,50
DA:132,50
DA:133,60
DA:134,60
DA:135,50
DA:136,50
DA:137,50
DA:138,1
DA:139,0
DA:140,0
DA:141,0
DA:142,0
DA:143,0
DA:144,0
DA:145,0
DA:146,0
DA:147,0
DA:148,1
DA:149,1424
DA:150,1424
DA:151,1424
DA:152,1424
DA:153,3592
DA:154,3592
DA:155,1424
DA:156,1424
DA:157,1424
DA:158,1
DA:159,1204
DA:160,1204
DA:161,1204
DA:162,1204
DA:163,1204
DA:164,1
DA:165,23
DA:166,23
DA:167,23
DA:168,23
DA:169,23
DA:170,1
DA:171,0
DA:172,0
DA:173,0
DA:174,0
DA:175,0
DA:176,1
DA:177,1
DA:178,1
DA:179,1
DA:180,1
DA:181,1
DA:182,1
DA:183,1
DA:184,1
DA:185,1
DA:186,1
DA:187,1
DA:188,1
DA:189,1
DA:190,1
DA:191,1
DA:192,1
DA:193,1
DA:194,1
DA:195,1
DA:196,1
DA:197,1
DA:198,1
LF:198
LH:168
BRDA:15,0,0,113
BRDA:21,1,0,15
BRDA:43,2,0,183
BRDA:51,3,0,23
BRDA:61,4,0,1158
BRDA:69,5,0,125
BRDA:80,6,0,147
BRDA:87,7,0,12753
BRDA:98,8,0,3529
BRDA:105,9,0,1506
BRDA:119,10,0,218
BRDA:129,11,0,50
BRDA:132,12,0,60
BRDA:134,13,0,27
BRDA:135,14,0,33
BRDA:149,15,0,1424
BRDA:152,16,0,3592
BRDA:154,17,0,220
BRDA:155,18,0,3372
BRDA:159,19,0,1204
BRDA:165,20,0,23
BRF:21
BRH:21
end_of_record
TN:
SF:src/utils/make_desugared_ast.ts
FN:24,make_conjunction
FN:30,make_disjunction
FN:36,make_unification
FN:60,make_predicate
FN:68,make_identifier
FN:136,make_literal_ast
FN:155,make_list_ast
FN:165,make_dictionary_ast
FN:184,make_predicate_fn
FN:194,unify_term
FN:210,flattenConjunctions
FN:220,flattenDisjunctions
FN:230,conjunction1
FN:240,disjunction1
FN:251,operate
FN:272,unary_operate
FNF:16
FNH:11
FNDA:55,make_conjunction
FNDA:11,make_disjunction
FNDA:39,make_unification
FNDA:158,make_predicate
FNDA:411,make_identifier
FNDA:102,make_literal_ast
FNDA:6,make_list_ast
FNDA:10,make_dictionary_ast
FNDA:19,make_predicate_fn
FNDA:0,unify_term
FNDA:0,flattenConjunctions
FNDA:0,flattenDisjunctions
FNDA:0,conjunction1
FNDA:0,disjunction1
FNDA:6,operate
FNDA:2,unary_operate
DA:1,1
DA:2,1
DA:3,1
DA:4,1
DA:5,1
DA:6,1
DA:7,1
DA:8,1
DA:9,1
DA:10,1
DA:11,1
DA:12,1
DA:13,1
DA:14,1
DA:15,1
DA:16,1
DA:17,1
DA:18,1
DA:19,1
DA:20,1
DA:21,1
DA:22,1
DA:23,1
DA:24,1
DA:25,55
DA:26,55
DA:27,55
DA:28,55
DA:29,1
DA:30,1
DA:31,11
DA:32,11
DA:33,11
DA:34,11
DA:35,1
DA:36,1
DA:37,39
DA:38,39
DA:39,39
DA:40,39
DA:41,39
DA:42,39
DA:43,39
DA:44,39
DA:45,39
DA:46,39
DA:47,39
DA:48,39
DA:49,39
DA:50,39
DA:51,39
DA:52,39
DA:53,39
DA:54,39
DA:55,37
DA:56,39
DA:57,39
DA:58,39
DA:59,39
DA:60,1
DA:61,158
DA:62,158
DA:63,158
DA:64,158
DA:65,158
DA:66,158
DA:67,1
DA:68,1
DA:69,411
DA:70,411
DA:71,411
DA:72,411
DA:73,1
DA:74,1
DA:75,1
DA:76,1
DA:77,1
DA:78,1
DA:79,1
DA:80,1
DA:81,1
DA:82,1
DA:83,1
DA:84,1
DA:85,1
DA:86,1
DA:87,1
DA:88,1
DA:89,1
DA:90,1
DA:91,1
DA:92,1
DA:93,1
DA:94,1
DA:95,1
DA:96,1
DA:97,1
DA:98,1
DA:99,1
DA:100,1
DA:101,1
DA:102,1
DA:103,1
DA:104,1
DA:105,1
DA:106,1
DA:107,1
DA:108,1
DA:109,1
DA:110,1
DA:111,1
DA:112,1
DA:113,1
DA:114,1
DA:115,40
DA:116,1
DA:117,1
DA:118,1
DA:119,1
DA:120,1
DA:121,1
DA:122,1
DA:123,1
DA:124,1
DA:125,1
DA:126,1
DA:127,1
DA:128,1
DA:129,1
DA:130,1
DA:131,1
DA:132,1
DA:133,1
DA:134,1
DA:135,1
DA:136,1
DA:137,102
DA:138,102
DA:139,102
DA:140,102
DA:141,86
DA:142,86
DA:143,86
DA:144,86
DA:145,102
DA:146,16
DA:147,16
DA:148,16
DA:149,16
DA:150,16
DA:151,0
DA:152,16
DA:153,16
DA:154,16
DA:155,1
DA:156,6
DA:157,6
DA:158,6
DA:159,6
DA:160,6
DA:161,6
DA:162,6
DA:163,6
DA:164,6
DA:165,1
DA:166,10
DA:167,10
DA:168,10
DA:169,10
DA:170,10
DA:171,10
DA:172,24
DA:173,24
DA:174,24
DA:175,24
DA:176,24
DA:177,24
DA:178,24
DA:179,24
DA:180,10
DA:181,10
DA:182,10
DA:183,10
DA:184,1
DA:185,19
DA:186,19
DA:187,19
DA:188,19
DA:189,19
DA:190,19
DA:191,19
DA:192,19
DA:193,1
DA:194,0
DA:195,0
DA:196,0
DA:197,0
DA:198,0
DA:199,0
DA:200,0
DA:201,0
DA:202,0
DA:203,0
DA:204,0
DA:205,0
DA:206,0
DA:207,0
DA:208,0
DA:209,1
DA:210,0
DA:211,0
DA:212,0
DA:213,0
DA:214,0
DA:215,0
DA:216,0
DA:217,0
DA:218,0
DA:219,1
DA:220,0
DA:221,0
DA:222,0
DA:223,0
DA:224,0
DA:225,0
DA:226,0
DA:227,0
DA:228,0
DA:229,1
DA:230,0
DA:231,0
DA:232,0
DA:233,0
DA:234,0
DA:235,0
DA:236,0
DA:237,0
DA:238,0
DA:239,1
DA:240,0
DA:241,0
DA:242,0
DA:243,0
DA:244,0
DA:245,0
DA:246,0
DA:247,0
DA:248,0
DA:249,0
DA:250,1
DA:251,1
DA:252,6
DA:253,6
DA:254,6
DA:255,6
DA:256,6
DA:257,6
DA:258,6
DA:259,6
DA:260,6
DA:261,6
DA:262,6
DA:263,6
DA:264,6
DA:265,6
DA:266,0
DA:267,0
DA:268,6
DA:269,6
DA:270,6
DA:271,1
DA:272,1
DA:273,2
DA:274,2
DA:275,2
DA:276,2
DA:277,2
DA:278,2
DA:279,2
DA:280,2
DA:281,2
DA:282,2
DA:283,2
DA:284,0
DA:285,0
DA:286,2
DA:287,2
LF:287
LH:230
BRDA:24,0,0,55
BRDA:30,1,0,11
BRDA:36,2,0,39
BRDA:49,3,0,0
BRDA:51,4,0,0
BRDA:53,5,0,2
BRDA:54,6,0,37
BRDA:55,7,0,0
BRDA:60,8,0,158
BRDA:68,9,0,411
BRDA:114,10,0,40
BRDA:115,11,0,95
BRDA:136,12,0,102
BRDA:140,13,0,86
BRDA:145,14,0,16
BRDA:150,15,0,0
BRDA:155,16,0,6
BRDA:159,17,0,16
BRDA:162,18,0,16
BRDA:165,19,0,10
BRDA:171,20,0,24
BRDA:184,21,0,19
BRDA:251,22,0,6
BRDA:265,23,0,0
BRDA:272,24,0,2
BRDA:283,25,0,0
BRF:26
BRH:20
end_of_record
