TN:
SF:src/warnHolder.ts
FN:1,debugHolder
FN:5,warnHolder
FNF:2
FNH:2
FNDA:50,debugHolder
FNDA:2067,warnHolder
DA:1,1
DA:2,50
DA:3,50
DA:4,50
DA:5,1
DA:6,2067
DA:7,2067
DA:8,2067
LF:8
LH:8
BRDA:1,0,0,50
BRDA:5,1,0,2067
BRF:2
BRH:2
end_of_record
TN:
SF:src/interpret/interpretk.ts
FN:14,newVar
FN:26,alphaConvert
FN:45,alphaConvertFresh
FN:64,defToPredicate
FN:132,interpretPlus
FN:166,interpretExprListPlus
FN:175,interpretExpr
FN:193,runFor
FN:203,interpretFromCode
FNF:9
FNH:8
FNDA:82,newVar
FNDA:18,alphaConvert
FNDA:23,alphaConvertFresh
FNDA:6,defToPredicate
FNDA:208,interpretPlus
FNDA:95,interpretExprListPlus
FNDA:205,interpretExpr
FNDA:7,runFor
FNDA:0,interpretFromCode
DA:1,1
DA:2,1
DA:3,1
DA:4,1
DA:5,1
DA:6,1
DA:7,1
DA:8,1
DA:9,1
DA:10,1
DA:11,1
DA:12,1
DA:13,1
DA:14,82
DA:15,82
DA:16,82
DA:17,1
DA:18,1
DA:19,1
DA:20,1
DA:21,1
DA:22,1
DA:23,1
DA:24,1
DA:25,1
DA:26,18
DA:27,18
DA:28,18
DA:29,18
DA:30,18
DA:31,18
DA:32,18
DA:33,18
DA:34,18
DA:35,18
DA:36,18
DA:37,18
DA:38,18
DA:39,18
DA:40,18
DA:41,18
DA:42,18
DA:43,18
DA:44,1
DA:45,23
DA:46,23
DA:47,23
DA:48,23
DA:49,23
DA:50,23
DA:51,23
DA:52,23
DA:53,23
DA:54,23
DA:55,23
DA:56,23
DA:57,23
DA:58,23
DA:59,23
DA:60,23
DA:61,23
DA:62,23
DA:63,1
DA:64,1
DA:65,6
DA:66,6
DA:67,6
DA:68,6
DA:69,18
DA:70,18
DA:71,18
DA:72,18
DA:73,18
DA:74,18
DA:75,18
DA:76,18
DA:77,18
DA:78,18
DA:79,18
DA:80,18
DA:81,18
DA:82,18
DA:83,18
DA:84,18
DA:85,18
DA:86,18
DA:87,18
DA:88,18
DA:89,18
DA:90,18
DA:91,18
DA:92,18
DA:93,18
DA:94,18
DA:95,18
DA:96,18
DA:97,18
DA:98,18
DA:99,18
DA:100,18
DA:101,18
DA:102,18
DA:103,18
DA:104,18
DA:105,18
DA:106,18
DA:107,18
DA:108,18
DA:109,18
DA:110,18
DA:111,18
DA:112,18
DA:113,18
DA:114,18
DA:115,18
DA:116,18
DA:117,18
DA:118,18
DA:119,40
DA:120,40
DA:121,40
DA:122,40
DA:123,18
DA:124,18
DA:125,18
DA:126,18
DA:127,6
DA:128,6
DA:129,6
DA:130,6
DA:131,1
DA:132,208
DA:133,208
DA:134,208
DA:135,208
DA:136,7
DA:137,7
DA:138,201
DA:139,208
DA:140,58
DA:141,208
DA:142,19
DA:143,19
DA:144,19
DA:145,208
DA:146,23
DA:147,23
DA:148,208
DA:149,95
DA:150,95
DA:151,95
DA:152,95
DA:153,95
DA:154,95
DA:155,95
DA:156,95
DA:157,95
DA:158,95
DA:159,208
DA:160,208
DA:161,6
DA:162,208
DA:163,0
DA:164,208
DA:165,0
DA:166,95
DA:167,95
DA:168,95
DA:169,95
DA:170,95
DA:171,95
DA:172,95
DA:173,95
DA:174,95
DA:175,205
DA:176,205
DA:177,205
DA:178,205
DA:179,205
DA:180,205
DA:181,205
DA:182,170
DA:183,205
DA:184,35
DA:185,205
DA:186,205
DA:187,1
DA:188,1
DA:189,1
DA:190,1
DA:191,1
DA:192,1
DA:193,7
DA:194,7
DA:195,7
DA:196,7
DA:197,7
DA:198,7
DA:199,17
DA:200,7
DA:201,7
DA:202,1
DA:203,1
DA:204,0
DA:205,0
DA:206,0
DA:207,0
DA:208,0
DA:209,0
DA:210,0
DA:211,0
DA:212,0
DA:213,0
DA:214,0
DA:215,0
DA:216,0
DA:217,0
LF:217
LH:201
BRDA:14,0,0,82
BRDA:26,1,0,18
BRDA:28,2,0,40
BRDA:32,3,0,40
BRDA:34,4,0,40
BRDA:45,5,0,23
BRDA:47,6,0,42
BRDA:51,7,0,42
BRDA:57,8,0,42
BRDA:64,9,0,6
BRDA:68,10,0,18
BRDA:70,11,0,18
BRDA:118,12,0,40
BRDA:132,13,0,208
BRDA:135,14,0,7
BRDA:138,15,0,201
BRDA:139,16,0,58
BRDA:141,17,0,19
BRDA:145,18,0,23
BRDA:148,19,0,95
BRDA:160,20,0,6
BRDA:162,21,0,0
BRDA:165,22,0,0
BRDA:166,23,0,95
BRDA:171,24,0,205
BRDA:175,25,0,205
BRDA:181,26,0,170
BRDA:183,27,0,35
BRDA:193,28,0,7
BRDA:198,29,0,17
BRF:30
BRH:28
end_of_record
TN:
SF:src/interpret/kanren.ts
FN:35,selfEquiv
FN:41,unite
FN:47,reify
FN:52,<instance_members_initializer>
FN:55,LLVar
FN:59,toString
FN:63,equiv
FN:66,doesOccur
FN:69,nonEquivalentUnite
FN:72,reify
FN:77,cleanOutput
FN:82,<instance_members_initializer>
FN:85,LLiteral
FN:88,toString
FN:92,equiv
FN:95,doesOccur
FN:98,nonEquivalentUnite
FN:102,cleanOutput
FN:107,<instance_members_initializer>
FN:110,LEmpty
FN:114,toString
FN:118,equiv
FN:122,doesOccur
FN:126,nonEquivalentUnite
FN:129,cleanOutput
FN:134,<instance_members_initializer>
FN:137,LPair
FN:141,toString
FN:145,equiv
FN:148,doesOccur
FN:151,nonEquivalentUnite
FN:160,reify
FN:163,cleanOutput
FN:173,<instance_members_initializer>
FN:215,<instance_members_initializer>
FN:239,<instance_members_initializer>
FN:270,<instance_members_initializer>
FN:273,LPredicate
FN:276,equiv
FN:279,doesOccur
FN:282,toString
FN:285,nonEquivalentUnite
FN:289,cleanOutput
FN:305,assv
FN:326,Subst
FN:330,extend
FN:337,extendUnchecked
FN:342,find
FN:356,unify
FN:366,<instance_members_initializer>
FN:367,State
FN:369,toMap
FN:396,toClean
FN:418,toString
FN:436,<instance_members_initializer>
FN:438,MatureStream
FN:441,getStream
FN:444,getState
FN:449,<instance_members_initializer>
FN:462,<instance_members_initializer>
FN:464,EmptyStream
FN:467,getStream
FN:470,getState
FN:481,makelvar
FN:482,makeLiteral
FN:483,makeEmpty
FN:484,makePair
FN:489,makeList
FN:497,eq
FN:510,pull
FN:521,take
FN:530,run
FN:534,call_fresh
FN:540,fresh2
FN:544,fresh3
FN:548,fresh4
FN:552,conj
FN:558,disj
FN:564,append_1
FN:577,append_map
FN:593,all
FN:599,either
FN:608,apply_pred
FN:651,freshNom
FN:659,hash
FN:662,<instance_members_initializer>
FNF:86
FNH:63
FNDA:664,selfEquiv
FNDA:40,unite
FNDA:945,reify
FNDA:388,<instance_members_initializer>
FNDA:388,LLVar
FNDA:0,toString
FNDA:92,equiv
FNDA:34,doesOccur
FNDA:0,nonEquivalentUnite
FNDA:73,reify
FNDA:0,cleanOutput
FNDA:35,<instance_members_initializer>
FNDA:35,LLiteral
FNDA:0,toString
FNDA:5,equiv
FNDA:165,doesOccur
FNDA:2,nonEquivalentUnite
FNDA:22,cleanOutput
FNDA:8,<instance_members_initializer>
FNDA:8,LEmpty
FNDA:0,toString
FNDA:1,equiv
FNDA:55,doesOccur
FNDA:0,nonEquivalentUnite
FNDA:1,cleanOutput
FNDA:702,<instance_members_initializer>
FNDA:702,LPair
FNDA:0,toString
FNDA:30,equiv
FNDA:133,doesOccur
FNDA:38,nonEquivalentUnite
FNDA:374,reify
FNDA:6,cleanOutput
FNDA:0,<instance_members_initializer>
FNDA:0,<instance_members_initializer>
FNDA:0,<instance_members_initializer>
FNDA:27,<instance_members_initializer>
FNDA:27,LPredicate
FNDA:0,equiv
FNDA:152,doesOccur
FNDA:0,toString
FNDA:0,nonEquivalentUnite
FNDA:0,cleanOutput
FNDA:676,assv
FNDA:7,Subst
FNDA:273,extend
FNDA:273,extendUnchecked
FNDA:1527,find
FNDA:345,unify
FNDA:293,<instance_members_initializer>
FNDA:293,State
FNDA:0,toMap
FNDA:17,toClean
FNDA:0,toString
FNDA:259,<instance_members_initializer>
FNDA:259,MatureStream
FNDA:259,getStream
FNDA:259,getState
FNDA:0,<instance_members_initializer>
FNDA:495,<instance_members_initializer>
FNDA:495,EmptyStream
FNDA:6,getStream
FNDA:6,getState
FNDA:371,makelvar
FNDA:35,makeLiteral
FNDA:8,makeEmpty
FNDA:55,makePair
FNDA:8,makeList
FNDA:132,eq
FNDA:6,pull
FNDA:6,take
FNDA:7,run
FNDA:39,call_fresh
FNDA:0,fresh2
FNDA:0,fresh3
FNDA:0,fresh4
FNDA:122,conj
FNDA:21,disj
FNDA:262,append_1
FNDA:468,append_map
FNDA:84,all
FNDA:19,either
FNDA:95,apply_pred
FNDA:0,freshNom
FNDA:0,hash
FNDA:0,<instance_members_initializer>
DA:1,1
DA:2,1
DA:3,1
DA:4,1
DA:5,1
DA:6,1
DA:7,1
DA:8,1
DA:9,1
DA:10,1
DA:11,1
DA:12,1
DA:13,1
DA:14,1
DA:15,1
DA:16,1
DA:17,1
DA:18,1
DA:19,1
DA:20,1
DA:21,1
DA:22,1
DA:23,1
DA:24,1
DA:25,1
DA:26,1
DA:27,1
DA:28,1
DA:29,1
DA:30,1
DA:31,1
DA:32,1
DA:33,1
DA:34,1
DA:35,1
DA:36,664
DA:37,664
DA:38,664
DA:39,1
DA:40,1
DA:41,1
DA:42,40
DA:43,0
DA:44,0
DA:45,40
DA:46,40
DA:47,1
DA:48,945
DA:49,945
DA:50,1
DA:51,1
DA:52,388
DA:53,388
DA:54,388
DA:55,388
DA:56,388
DA:57,388
DA:58,388
DA:59,388
DA:60,0
DA:61,0
DA:62,388
DA:63,388
DA:64,92
DA:65,92
DA:66,388
DA:67,34
DA:68,34
DA:69,388
DA:70,0
DA:71,0
DA:72,388
DA:73,73
DA:74,73
DA:75,73
DA:76,73
DA:77,388
DA:78,0
DA:79,0
DA:80,388
DA:81,1
DA:82,35
DA:83,35
DA:84,35
DA:85,35
DA:86,35
DA:87,35
DA:88,35
DA:89,0
DA:90,0
DA:91,35
DA:92,35
DA:93,5
DA:94,5
DA:95,35
DA:96,165
DA:97,165
DA:98,35
DA:99,2
DA:100,2
DA:101,2
DA:102,35
DA:103,22
DA:104,22
DA:105,35
DA:106,1
DA:107,8
DA:108,8
DA:109,8
DA:110,8
DA:111,8
DA:112,8
DA:113,8
DA:114,8
DA:115,0
DA:116,0
DA:117,8
DA:118,8
DA:119,1
DA:120,1
DA:121,8
DA:122,8
DA:123,55
DA:124,55
DA:125,8
DA:126,8
DA:127,0
DA:128,0
DA:129,8
DA:130,1
DA:131,1
DA:132,8
DA:133,1
DA:134,702
DA:135,702
DA:136,702
DA:137,702
DA:138,702
DA:139,702
DA:140,702
DA:141,702
DA:142,0
DA:143,0
DA:144,702
DA:145,702
DA:146,30
DA:147,30
DA:148,702
DA:149,133
DA:150,133
DA:151,702
DA:152,38
DA:153,30
DA:154,30
DA:155,30
DA:156,38
DA:157,0
DA:158,0
DA:159,38
DA:160,702
DA:161,374
DA:162,374
DA:163,702
DA:164,6
DA:165,6
DA:166,6
DA:167,6
DA:168,0
DA:169,0
DA:170,0
DA:171,702
DA:172,1
DA:173,0
DA:174,0
DA:175,0
DA:176,0
DA:177,0
DA:178,0
DA:179,0
DA:180,0
DA:181,0
DA:182,0
DA:183,0
DA:184,0
DA:185,0
DA:186,0
DA:187,0
DA:188,0
DA:189,0
DA:190,0
DA:191,0
DA:192,0
DA:193,0
DA:194,0
DA:195,0
DA:196,0
DA:197,0
DA:198,0
DA:199,0
DA:200,0
DA:201,0
DA:202,0
DA:203,0
DA:204,0
DA:205,0
DA:206,0
DA:207,0
DA:208,0
DA:209,0
DA:210,0
DA:211,0
DA:212,0
DA:213,0
DA:214,0
DA:215,0
DA:216,0
DA:217,0
DA:218,0
DA:219,0
DA:220,0
DA:221,0
DA:222,0
DA:223,0
DA:224,0
DA:225,0
DA:226,0
DA:227,0
DA:228,0
DA:229,0
DA:230,0
DA:231,0
DA:232,0
DA:233,0
DA:234,0
DA:235,0
DA:236,0
DA:237,0
DA:238,0
DA:239,0
DA:240,0
DA:241,0
DA:242,0
DA:243,0
DA:244,0
DA:245,0
DA:246,0
DA:247,0
DA:248,0
DA:249,0
DA:250,0
DA:251,0
DA:252,0
DA:253,0
DA:254,0
DA:255,0
DA:256,0
DA:257,0
DA:258,0
DA:259,0
DA:260,0
DA:261,0
DA:262,0
DA:263,0
DA:264,0
DA:265,0
DA:266,0
DA:267,1
DA:268,1
DA:269,1
DA:270,27
DA:271,27
DA:272,27
DA:273,27
DA:274,27
DA:275,27
DA:276,27
DA:277,0
DA:278,0
DA:279,27
DA:280,152
DA:281,152
DA:282,27
DA:283,0
DA:284,0
DA:285,27
DA:286,0
DA:287,0
DA:288,0
DA:289,27
DA:290,0
DA:291,0
DA:292,27
DA:293,1
DA:294,1
DA:295,1
DA:296,1
DA:297,1
DA:298,1
DA:299,1
DA:300,1
DA:301,1
DA:302,1
DA:303,1
DA:304,1
DA:305,676
DA:306,676
DA:307,676
DA:308,19013
DA:309,289
DA:310,289
DA:311,19013
DA:312,19013
DA:313,19013
DA:314,387
DA:315,387
DA:316,1
DA:317,1
DA:318,1
DA:319,1
DA:320,1
DA:321,1
DA:322,1
DA:323,1
DA:324,1
DA:325,1
DA:326,1
DA:327,7
DA:328,7
DA:329,1
DA:330,1
DA:331,273
DA:332,273
DA:333,273
DA:334,273
DA:335,273
DA:336,1
DA:337,1
DA:338,273
DA:339,273
DA:340,273
DA:341,1
DA:342,1
DA:343,1527
DA:344,1527
DA:345,1527
DA:346,289
DA:347,289
DA:348,0
DA:349,0
DA:350,289
DA:351,1527
DA:352,1238
DA:353,1238
DA:354,1527
DA:355,1
DA:356,1
DA:357,345
DA:358,345
DA:359,345
DA:360,40
DA:361,40
DA:362,1
DA:363,1
DA:364,1
DA:365,1
DA:366,293
DA:367,293
DA:368,293
DA:369,293
DA:370,0
DA:371,0
DA:372,0
DA:373,0
DA:374,0
DA:375,0
DA:376,0
DA:377,0
DA:378,0
DA:379,0
DA:380,0
DA:381,0
DA:382,0
DA:383,0
DA:384,0
DA:385,0
DA:386,0
DA:387,0
DA:388,0
DA:389,0
DA:390,0
DA:391,0
DA:392,0
DA:393,0
DA:394,0
DA:395,293
DA:396,293
DA:397,17
DA:398,17
DA:399,17
DA:400,17
DA:401,17
DA:402,571
DA:403,571
DA:404,571
DA:405,571
DA:406,197
DA:407,197
DA:408,571
DA:409,17
DA:410,571
DA:411,357
DA:412,357
DA:413,571
DA:414,0
DA:415,17
DA:416,17
DA:417,293
DA:418,293
DA:419,0
DA:420,0
DA:421,0
DA:422,0
DA:423,0
DA:424,0
DA:425,0
DA:426,0
DA:427,0
DA:428,293
DA:429,1
DA:430,1
DA:431,1
DA:432,1
DA:433,1
DA:434,1
DA:435,1
DA:436,259
DA:437,259
DA:438,259
DA:439,259
DA:440,259
DA:441,259
DA:442,259
DA:443,259
DA:444,259
DA:445,259
DA:446,259
DA:447,259
DA:448,1
DA:449,0
DA:450,0
DA:451,0
DA:452,0
DA:453,0
DA:454,0
DA:455,0
DA:456,0
DA:457,0
DA:458,0
DA:459,0
DA:460,0
DA:461,1
DA:462,495
DA:463,495
DA:464,495
DA:465,495
DA:466,495
DA:467,495
DA:468,6
DA:469,6
DA:470,495
DA:471,6
DA:472,6
DA:473,495
DA:474,1
DA:475,1
DA:476,1
DA:477,1
DA:478,1
DA:479,1
DA:480,1
DA:481,1
DA:482,1
DA:483,1
DA:484,1
DA:485,55
DA:486,55
DA:487,55
DA:488,55
DA:489,1
DA:490,8
DA:491,4
DA:492,4
DA:493,4
DA:494,4
DA:495,1
DA:496,1
DA:497,132
DA:498,132
DA:499,257
DA:500,257
DA:501,257
DA:502,257
DA:503,247
DA:504,257
DA:505,10
DA:506,10
DA:507,257
DA:508,132
DA:509,1
DA:510,6
DA:511,6
DA:512,6
DA:513,23
DA:514,23
DA:515,17
DA:516,17
DA:517,23
DA:518,23
DA:519,6
DA:520,1
DA:521,6
DA:522,6
DA:523,6
DA:524,17
DA:525,17
DA:526,17
DA:527,6
DA:528,6
DA:529,1
DA:530,7
DA:531,7
DA:532,7
DA:533,1
DA:534,39
DA:535,39
DA:536,39
DA:537,39
DA:538,39
DA:539,1
DA:540,0
DA:541,0
DA:542,0
DA:543,1
DA:544,0
DA:545,0
DA:546,0
DA:547,1
DA:548,0
DA:549,0
DA:550,0
DA:551,1
DA:552,122
DA:553,122
DA:554,242
DA:555,242
DA:556,122
DA:557,1
DA:558,21
DA:559,21
DA:560,21
DA:561,21
DA:562,21
DA:563,1
DA:564,262
DA:565,262
DA:566,262
DA:567,262
DA:568,0
DA:569,0
DA:570,12
DA:571,262
DA:572,12
DA:573,262
DA:574,12
DA:575,12
DA:576,1
DA:577,468
DA:578,468
DA:579,468
DA:580,0
DA:581,0
DA:582,0
DA:583,0
DA:584,0
DA:585,230
DA:586,468
DA:587,230
DA:588,468
DA:589,230
DA:590,230
DA:591,1
DA:592,1
DA:593,84
DA:594,84
DA:595,84
DA:596,50
DA:597,50
DA:598,1
DA:599,19
DA:600,19
DA:601,19
DA:602,19
DA:603,19
DA:604,19
DA:605,19
DA:606,19
DA:607,1
DA:608,95
DA:609,95
DA:610,95
DA:611,95
DA:612,95
DA:613,95
DA:614,84
DA:615,84
DA:616,84
DA:617,84
DA:618,84
DA:619,83
DA:620,83
DA:621,84
DA:622,0
DA:623,0
DA:624,84
DA:625,84
DA:626,84
DA:627,84
DA:628,84
DA:629,84
DA:630,84
DA:631,84
DA:632,84
DA:633,84
DA:634,95
DA:635,1
DA:636,1
DA:637,1
DA:638,1
DA:639,1
DA:640,1
DA:641,1
DA:642,1
DA:643,1
DA:644,1
DA:645,1
DA:646,1
DA:647,1
DA:648,1
DA:649,1
DA:650,1
DA:651,0
DA:652,0
DA:653,0
DA:654,0
DA:655,0
DA:656,0
DA:657,0
DA:658,1
DA:659,0
DA:660,0
DA:661,1
DA:662,0
DA:663,0
DA:664,0
DA:665,0
DA:666,0
DA:667,0
DA:668,0
DA:669,0
DA:670,0
DA:671,0
DA:672,0
DA:673,0
DA:674,0
DA:675,0
DA:676,0
DA:677,0
DA:678,0
DA:679,0
DA:680,0
DA:681,0
DA:682,0
DA:683,0
DA:684,0
DA:685,0
DA:686,0
DA:687,0
DA:688,0
DA:689,0
DA:690,0
DA:691,0
DA:692,0
DA:693,0
DA:694,0
DA:695,0
DA:696,0
DA:697,0
DA:698,0
DA:699,0
DA:700,0
DA:701,0
DA:702,0
DA:703,1
DA:704,1
DA:705,1
DA:706,1
DA:707,1
DA:708,1
DA:709,1
DA:710,1
DA:711,1
DA:712,1
DA:713,1
DA:714,1
DA:715,1
DA:716,1
DA:717,1
DA:718,1
DA:719,1
DA:720,1
DA:721,1
DA:722,1
DA:723,1
DA:724,1
DA:725,1
DA:726,1
DA:727,1
DA:728,1
DA:729,1
DA:730,1
DA:731,1
DA:732,1
DA:733,1
DA:734,1
DA:735,1
DA:736,1
DA:737,1
DA:738,1
DA:739,1
DA:740,1
DA:741,1
DA:742,1
DA:743,1
DA:744,1
DA:745,1
DA:746,1
DA:747,1
DA:748,1
DA:749,1
DA:750,1
DA:751,1
DA:752,1
DA:753,1
DA:754,1
DA:755,1
DA:756,1
DA:757,1
DA:758,1
DA:759,1
DA:760,1
DA:761,1
DA:762,1
DA:763,1
DA:764,1
DA:765,1
DA:766,1
DA:767,1
DA:768,1
DA:769,1
DA:770,1
DA:771,1
DA:772,1
DA:773,1
DA:774,1
DA:775,1
DA:776,1
DA:777,1
DA:778,1
DA:779,1
DA:780,1
DA:781,1
DA:782,1
DA:783,1
DA:784,1
DA:785,1
DA:786,1
DA:787,1
DA:788,1
DA:789,1
DA:790,1
DA:791,1
DA:792,1
DA:793,1
DA:794,1
DA:795,1
DA:796,1
DA:797,1
DA:798,1
DA:799,1
DA:800,1
DA:801,1
DA:802,1
DA:803,1
DA:804,1
DA:805,1
DA:806,1
DA:807,1
DA:808,1
DA:809,1
DA:810,1
DA:811,1
DA:812,1
DA:813,1
DA:814,1
DA:815,1
DA:816,1
DA:817,1
DA:818,1
DA:819,1
DA:820,1
DA:821,1
DA:822,1
DA:823,1
DA:824,1
DA:825,1
DA:826,1
DA:827,1
DA:828,1
DA:829,1
DA:830,1
DA:831,1
DA:832,1
DA:833,1
DA:834,1
DA:835,1
DA:836,1
DA:837,1
DA:838,1
DA:839,1
DA:840,1
DA:841,1
DA:842,1
DA:843,1
DA:844,1
DA:845,1
DA:846,1
DA:847,1
DA:848,1
DA:849,1
DA:850,1
DA:851,1
DA:852,1
DA:853,1
DA:854,1
DA:855,1
DA:856,1
DA:857,1
DA:858,1
DA:859,1
DA:860,1
DA:861,1
DA:862,1
DA:863,1
DA:864,1
DA:865,1
DA:866,1
DA:867,1
DA:868,1
DA:869,1
DA:870,1
DA:871,1
DA:872,1
DA:873,1
DA:874,1
DA:875,1
DA:876,1
DA:877,1
DA:878,1
DA:879,1
DA:880,1
DA:881,1
DA:882,1
DA:883,1
DA:884,1
DA:885,1
DA:886,1
DA:887,1
DA:888,1
DA:889,1
DA:890,1
DA:891,1
DA:892,1
DA:893,1
DA:894,1
DA:895,1
DA:896,1
DA:897,1
DA:898,1
DA:899,1
DA:900,1
DA:901,1
DA:902,1
DA:903,1
DA:904,1
DA:905,1
DA:906,1
DA:907,1
DA:908,1
DA:909,1
DA:910,1
DA:911,1
DA:912,1
LF:912
LH:671
BRDA:35,0,0,664
BRDA:36,1,0,0
BRDA:37,2,0,128
BRDA:41,3,0,40
BRDA:42,4,0,0
BRDA:47,5,0,945
BRDA:52,6,0,388
BRDA:55,7,0,388
BRDA:63,8,0,92
BRDA:66,9,0,34
BRDA:72,10,0,73
BRDA:74,11,0,0
BRDA:82,12,0,35
BRDA:85,13,0,35
BRDA:92,14,0,5
BRDA:95,15,0,165
BRDA:98,16,0,2
BRDA:99,17,0,0
BRDA:102,18,0,22
BRDA:107,19,0,8
BRDA:110,20,0,8
BRDA:118,21,0,1
BRDA:122,22,0,55
BRDA:129,23,0,1
BRDA:134,24,0,702
BRDA:137,25,0,702
BRDA:145,26,0,30
BRDA:146,27,0,0
BRDA:148,28,0,133
BRDA:151,29,0,38
BRDA:152,30,0,8
BRDA:153,31,0,30
BRDA:156,32,0,0
BRDA:160,33,0,374
BRDA:163,34,0,6
BRDA:168,35,0,0
BRDA:173,36,0,0
BRDA:215,37,0,0
BRDA:239,38,0,0
BRDA:270,39,0,27
BRDA:273,40,0,27
BRDA:279,41,0,152
BRDA:305,42,0,676
BRDA:306,43,0,0
BRDA:307,44,0,19013
BRDA:308,45,0,289
BRDA:311,46,0,289
BRDA:314,47,0,387
BRDA:326,48,0,7
BRDA:330,49,0,273
BRDA:331,50,0,0
BRDA:332,51,0,0
BRDA:333,52,0,0
BRDA:333,53,0,266
BRDA:337,54,0,273
BRDA:342,55,0,1527
BRDA:343,56,0,0
BRDA:344,57,0,676
BRDA:345,58,0,289
BRDA:347,59,0,0
BRDA:351,60,0,1238
BRDA:356,61,0,345
BRDA:357,62,0,4
BRDA:358,63,0,341
BRDA:358,64,0,273
BRDA:359,65,0,68
BRDA:359,66,0,28
BRDA:360,67,0,40
BRDA:366,68,0,293
BRDA:367,69,0,293
BRDA:396,70,0,17
BRDA:397,71,0,17
BRDA:398,72,0,0
BRDA:401,73,0,571
BRDA:405,74,0,197
BRDA:405,75,0,197
BRDA:408,76,0,374
BRDA:408,77,0,17
BRDA:410,78,0,357
BRDA:414,79,0,0
BRDA:408,80,0,374
BRDA:436,81,0,259
BRDA:438,82,0,259
BRDA:441,83,0,259
BRDA:444,84,0,259
BRDA:449,85,0,0
BRDA:462,86,0,495
BRDA:464,87,0,495
BRDA:467,88,0,6
BRDA:470,89,0,6
BRDA:481,90,0,371
BRDA:482,91,0,35
BRDA:483,92,0,8
BRDA:484,93,0,55
BRDA:485,94,0,0
BRDA:486,95,0,0
BRDA:489,96,0,8
BRDA:490,97,0,4
BRDA:492,98,0,16
BRDA:497,99,0,132
BRDA:498,100,0,257
BRDA:500,101,0,0
BRDA:502,102,0,247
BRDA:504,103,0,10
BRDA:510,104,0,6
BRDA:512,105,0,23
BRDA:514,106,0,17
BRDA:521,107,0,6
BRDA:523,108,0,17
BRDA:525,109,0,0
BRDA:525,110,0,0
BRDA:530,111,0,7
BRDA:534,112,0,39
BRDA:535,113,0,39
BRDA:552,114,0,122
BRDA:553,115,0,242
BRDA:558,116,0,21
BRDA:559,117,0,21
BRDA:564,118,0,262
BRDA:565,119,0,23
BRDA:566,120,0,239
BRDA:566,121,0,227
BRDA:567,122,0,12
BRDA:567,123,0,0
BRDA:570,124,0,12
BRDA:571,125,0,0
BRDA:572,126,0,12
BRDA:573,127,0,0
BRDA:574,128,0,12
BRDA:577,129,0,468
BRDA:578,130,0,238
BRDA:579,131,0,230
BRDA:579,132,0,0
BRDA:585,133,0,230
BRDA:586,134,0,0
BRDA:587,135,0,230
BRDA:588,136,0,0
BRDA:589,137,0,230
BRDA:593,138,0,84
BRDA:594,139,0,0
BRDA:595,140,0,34
BRDA:596,141,0,50
BRDA:596,142,0,115
BRDA:599,143,0,19
BRDA:600,144,0,0
BRDA:601,145,0,0
BRDA:602,146,0,21
BRDA:608,147,0,95
BRDA:613,148,0,84
BRDA:615,149,0,0
BRDA:618,150,0,83
BRDA:621,151,0,0
BRDA:617,152,0,181
BRDA:662,153,0,0
BRF:154
BRH:118
end_of_record
TN:
SF:src/interpret/kbuiltins.ts
FN:4,firsto
FN:10,resto
FN:17,defaultPred
FN:21,unify
FN:34,first
FN:37,rest
FN:40,cons
FN:43,set_key_of
FN:46,internal_file
FN:55,list
FN:58,empty
FN:70,toBuiltinInclusionGoal
FNF:12
FNH:9
FNDA:20,firsto
FNDA:19,resto
FNDA:0,defaultPred
FNDA:18,unify
FNDA:20,first
FNDA:19,rest
FNDA:0,cons
FNDA:1,set_key_of
FNDA:0,internal_file
FNDA:4,list
FNDA:4,empty
FNDA:1,toBuiltinInclusionGoal
DA:1,1
DA:2,1
DA:3,1
DA:4,1
DA:5,20
DA:6,20
DA:7,20
DA:8,20
DA:9,20
DA:10,1
DA:11,19
DA:12,19
DA:13,19
DA:14,19
DA:15,19
DA:16,1
DA:17,1
DA:18,0
DA:19,0
DA:20,1
DA:21,1
DA:22,18
DA:23,18
DA:24,18
DA:25,18
DA:26,18
DA:27,18
DA:28,18
DA:29,0
DA:30,0
DA:31,0
DA:32,18
DA:33,1
DA:34,1
DA:35,20
DA:36,1
DA:37,1
DA:38,19
DA:39,1
DA:40,1
DA:41,0
DA:42,1
DA:43,1
DA:44,1
DA:45,1
DA:46,1
DA:47,0
DA:48,1
DA:49,1
DA:50,1
DA:51,1
DA:52,1
DA:53,1
DA:54,1
DA:55,1
DA:56,4
DA:57,1
DA:58,1
DA:59,4
DA:60,1
DA:61,1
DA:62,1
DA:63,1
DA:64,1
DA:65,1
DA:66,1
DA:67,1
DA:68,1
DA:69,1
DA:70,1
DA:71,1
DA:72,1
DA:73,1
DA:74,21
DA:75,1
DA:76,1
DA:77,1
DA:78,1
LF:78
LH:71
BRDA:4,0,0,20
BRDA:7,1,0,20
BRDA:10,2,0,19
BRDA:13,3,0,19
BRDA:21,4,0,18
BRDA:22,5,0,0
BRDA:23,6,0,0
BRDA:28,7,0,0
BRDA:34,8,0,20
BRDA:37,9,0,19
BRDA:43,10,0,1
BRDA:55,11,0,4
BRDA:58,12,0,4
BRDA:70,13,0,1
BRDA:73,14,0,21
BRDA:74,15,0,0
BRF:16
BRH:12
end_of_record
TN:
SF:src/interpret-types/builtinTypes.ts
FNF:0
FNH:0
DA:1,1
DA:2,1
DA:3,1
DA:4,1
DA:5,1
DA:6,1
DA:7,1
DA:8,1
DA:9,1
DA:10,1
DA:11,1
DA:12,1
DA:13,1
DA:14,1
DA:15,1
DA:16,1
DA:17,1
DA:18,1
DA:19,1
DA:20,1
DA:21,1
DA:22,1
DA:23,1
DA:24,1
DA:25,1
DA:26,1
DA:27,1
DA:28,1
DA:29,1
DA:30,1
DA:31,1
DA:32,1
DA:33,1
DA:34,1
DA:35,1
DA:36,1
DA:37,1
DA:38,1
DA:39,1
DA:40,1
DA:41,1
DA:42,1
DA:43,1
DA:44,1
DA:45,1
DA:46,1
DA:47,1
DA:48,1
DA:49,1
DA:50,1
DA:51,1
DA:52,1
DA:53,1
DA:54,1
DA:55,1
DA:56,1
DA:57,1
DA:58,1
DA:59,1
DA:60,1
DA:61,1
DA:62,1
DA:63,1
DA:64,1
DA:65,1
DA:66,1
DA:67,1
DA:68,1
DA:69,1
DA:70,1
DA:71,1
DA:72,1
DA:73,1
DA:74,1
DA:75,1
DA:76,1
DA:77,1
DA:78,1
DA:79,1
DA:80,1
DA:81,1
DA:82,1
DA:83,1
DA:84,1
DA:85,1
DA:86,1
DA:87,1
DA:88,1
DA:89,1
DA:90,1
DA:91,1
DA:92,1
DA:93,1
DA:94,1
DA:95,1
DA:96,1
DA:97,1
DA:98,1
DA:99,1
DA:100,1
DA:101,1
DA:102,1
DA:103,1
DA:104,1
DA:105,1
DA:106,1
DA:107,1
DA:108,1
DA:109,1
DA:110,1
DA:111,1
DA:112,1
DA:113,1
DA:114,1
DA:115,1
DA:116,1
DA:117,1
DA:118,1
DA:119,1
DA:120,1
DA:121,1
DA:122,1
DA:123,1
DA:124,1
DA:125,1
DA:126,1
DA:127,1
DA:128,1
DA:129,1
DA:130,1
DA:131,1
DA:132,1
DA:133,1
DA:134,1
DA:135,1
DA:136,1
DA:137,1
DA:138,1
DA:139,1
DA:140,1
DA:141,1
DA:142,1
DA:143,1
DA:144,1
DA:145,1
DA:146,1
DA:147,1
DA:148,1
DA:149,1
DA:150,1
DA:151,1
DA:152,1
DA:153,1
DA:154,1
DA:155,1
DA:156,1
DA:157,1
DA:158,1
DA:159,1
DA:160,1
DA:161,1
DA:162,1
DA:163,1
DA:164,1
DA:165,1
DA:166,1
DA:167,1
DA:168,1
DA:169,1
DA:170,1
DA:171,1
DA:172,1
DA:173,1
DA:174,1
DA:175,1
DA:176,1
DA:177,1
DA:178,1
DA:179,1
DA:180,1
DA:181,1
DA:182,1
DA:183,1
DA:184,1
DA:185,1
DA:186,1
DA:187,1
DA:188,1
DA:189,1
DA:190,1
DA:191,1
DA:192,1
DA:193,1
DA:194,1
DA:195,1
DA:196,1
DA:197,1
DA:198,1
DA:199,1
DA:200,1
DA:201,1
DA:202,1
DA:203,1
DA:204,1
DA:205,1
DA:206,1
DA:207,1
DA:208,1
DA:209,1
DA:210,1
DA:211,1
DA:212,1
DA:213,1
DA:214,1
DA:215,1
DA:216,1
DA:217,1
DA:218,1
DA:219,1
DA:220,1
DA:221,1
DA:222,1
DA:223,1
DA:224,1
DA:225,1
DA:226,1
DA:227,1
DA:228,1
DA:229,1
DA:230,1
DA:231,1
DA:232,1
DA:233,1
DA:234,1
DA:235,1
DA:236,1
DA:237,1
DA:238,1
DA:239,1
DA:240,1
DA:241,1
DA:242,1
DA:243,1
DA:244,1
DA:245,1
DA:246,1
DA:247,1
DA:248,1
DA:249,1
LF:249
LH:249
BRF:0
BRH:0
end_of_record
TN:
SF:src/interpret-types/replace_type_vars.ts
FN:3,replaceTypeVars
FN:21,generateTypeVars
FNF:2
FNH:1
FNDA:0,replaceTypeVars
FNDA:58,generateTypeVars
DA:1,1
DA:2,1
DA:3,1
DA:4,0
DA:5,0
DA:6,0
DA:7,0
DA:8,0
DA:9,0
DA:10,0
DA:11,0
DA:12,0
DA:13,0
DA:14,0
DA:15,0
DA:16,0
DA:17,0
DA:18,0
DA:19,0
DA:20,1
DA:21,58
DA:22,58
DA:23,58
DA:24,58
DA:25,58
DA:26,58
DA:27,58
DA:28,58
LF:28
LH:12
BRDA:21,0,0,58
BRDA:23,1,0,21
BRDA:24,2,0,22
BRDA:25,3,0,0
BRDA:26,4,0,15
BRDA:26,5,0,19
BRF:6
BRH:5
end_of_record
TN:
SF:src/interpret-types/type-pipe.ts
FN:22,toEarlyMeta
FN:28,toBasicTypes
FN:207,toBasicTypesG
FN:217,toBasicTypesG1
FNF:4
FNH:4
FNDA:15,toEarlyMeta
FNDA:15,toBasicTypes
FNDA:15,toBasicTypesG
FNDA:283,toBasicTypesG1
DA:1,1
DA:2,1
DA:3,1
DA:4,1
DA:5,1
DA:6,1
DA:7,1
DA:8,1
DA:9,1
DA:10,1
DA:11,1
DA:12,1
DA:13,1
DA:14,1
DA:15,1
DA:16,1
DA:17,1
DA:18,1
DA:19,1
DA:20,1
DA:21,1
DA:22,15
DA:23,15
DA:24,15
DA:25,15
DA:26,15
DA:27,1
DA:28,15
DA:29,15
DA:30,15
DA:31,15
DA:32,15
DA:33,15
DA:34,1
DA:35,1
DA:36,1
DA:37,1
DA:38,1
DA:39,1
DA:40,1
DA:41,1
DA:42,1
DA:43,1
DA:44,1
DA:45,1
DA:46,1
DA:47,1
DA:48,1
DA:49,1
DA:50,1
DA:51,1
DA:52,1
DA:53,1
DA:54,1
DA:55,1
DA:56,1
DA:57,1
DA:58,1
DA:59,1
DA:60,1
DA:61,1
DA:62,1
DA:63,1
DA:64,1
DA:65,1
DA:66,1
DA:67,1
DA:68,1
DA:69,1
DA:70,1
DA:71,1
DA:72,1
DA:73,1
DA:74,1
DA:75,1
DA:76,1
DA:77,1
DA:78,1
DA:79,1
DA:80,1
DA:81,1
DA:82,1
DA:83,1
DA:84,1
DA:85,1
DA:86,1
DA:87,1
DA:88,1
DA:89,1
DA:90,1
DA:91,1
DA:92,1
DA:93,1
DA:94,1
DA:95,1
DA:96,1
DA:97,1
DA:98,1
DA:99,1
DA:100,1
DA:101,1
DA:102,1
DA:103,1
DA:104,1
DA:105,1
DA:106,1
DA:107,1
DA:108,1
DA:109,1
DA:110,1
DA:111,1
DA:112,1
DA:113,1
DA:114,1
DA:115,1
DA:116,1
DA:117,1
DA:118,1
DA:119,1
DA:120,1
DA:121,1
DA:122,1
DA:123,1
DA:124,1
DA:125,1
DA:126,1
DA:127,1
DA:128,1
DA:129,1
DA:130,1
DA:131,1
DA:132,1
DA:133,1
DA:134,1
DA:135,1
DA:136,1
DA:137,1
DA:138,1
DA:139,1
DA:140,1
DA:141,1
DA:142,1
DA:143,1
DA:144,1
DA:145,1
DA:146,1
DA:147,1
DA:148,1
DA:149,1
DA:150,1
DA:151,1
DA:152,1
DA:153,1
DA:154,1
DA:155,1
DA:156,1
DA:157,1
DA:158,1
DA:159,1
DA:160,1
DA:161,1
DA:162,1
DA:163,1
DA:164,1
DA:165,1
DA:166,1
DA:167,1
DA:168,1
DA:169,1
DA:170,1
DA:171,1
DA:172,1
DA:173,1
DA:174,1
DA:175,1
DA:176,1
DA:177,1
DA:178,1
DA:179,1
DA:180,1
DA:181,1
DA:182,1
DA:183,1
DA:184,1
DA:185,1
DA:186,1
DA:187,1
DA:188,1
DA:189,1
DA:190,1
DA:191,1
DA:192,1
DA:193,1
DA:194,1
DA:195,1
DA:196,1
DA:197,1
DA:198,1
DA:199,1
DA:200,1
DA:201,1
DA:202,1
DA:203,1
DA:204,1
DA:205,1
DA:206,1
DA:207,15
DA:208,15
DA:209,15
DA:210,15
DA:211,15
DA:212,15
DA:213,1
DA:214,1
DA:215,1
DA:216,1
DA:217,283
DA:218,283
DA:219,283
DA:220,81
DA:221,194
DA:222,194
DA:223,194
DA:224,194
DA:225,81
DA:226,81
DA:227,283
DA:228,17
DA:229,17
DA:230,17
DA:231,17
DA:232,17
DA:233,27
DA:234,27
DA:235,17
DA:236,17
DA:237,17
DA:238,17
DA:239,17
DA:240,17
DA:241,17
DA:242,17
DA:243,17
DA:244,17
DA:245,283
DA:246,155
DA:247,155
DA:248,155
DA:249,367
DA:250,114
DA:251,114
DA:252,253
DA:253,367
DA:254,169
DA:255,169
DA:256,155
DA:257,155
DA:258,155
DA:259,155
DA:260,0
DA:261,0
DA:262,155
DA:263,155
DA:264,155
DA:265,367
DA:266,114
DA:267,114
DA:268,253
DA:269,253
DA:270,155
DA:271,155
DA:272,283
DA:273,19
DA:274,19
DA:275,19
DA:276,39
DA:277,39
DA:278,11
DA:279,11
DA:280,19
DA:281,19
DA:282,19
DA:283,19
DA:284,19
DA:285,19
DA:286,19
DA:287,39
DA:288,19
DA:289,19
DA:290,19
DA:291,19
DA:292,283
DA:293,11
DA:294,11
DA:295,24
DA:296,24
DA:297,11
DA:298,11
DA:299,24
DA:300,24
DA:301,24
DA:302,24
DA:303,0
DA:304,11
DA:305,11
DA:306,11
DA:307,11
DA:308,283
DA:309,0
DA:310,0
DA:311,0
DA:312,283
DA:313,283
LF:313
LH:307
BRDA:22,0,0,15
BRDA:25,1,0,490
BRDA:28,2,0,15
BRDA:207,3,0,15
BRDA:217,4,0,283
BRDA:219,5,0,81
BRDA:227,6,0,17
BRDA:245,7,0,155
BRDA:247,8,0,20
BRDA:259,9,0,0
BRDA:272,10,0,19
BRDA:292,11,0,11
BRDA:294,12,0,24
BRDA:308,13,0,0
BRDA:220,14,0,194
BRDA:229,15,0,44
BRDA:230,16,0,44
BRDA:231,17,0,44
BRDA:232,18,0,27
BRDA:248,19,0,367
BRDA:249,20,0,114
BRDA:252,21,0,253
BRDA:253,22,0,84
BRDA:254,23,0,169
BRDA:264,24,0,367
BRDA:265,25,0,114
BRDA:268,26,0,253
BRDA:275,27,0,39
BRDA:277,28,0,28
BRDA:278,29,0,11
BRDA:281,30,0,39
BRDA:282,31,0,19
BRDA:286,32,0,39
BRDA:298,33,0,24
BRDA:303,34,0,0
BRF:35
BRH:32
end_of_record
TN:
SF:src/lens/into-vars.ts
FN:6,intoVars
FN:41,intoUniqueVars
FN:87,intoVarsGeneric
FN:123,intoUniqueVarsGeneric
FN:169,mapVars
FN:216,mapVarsGeneric
FN:265,mapPredCalls
FN:311,mapPredDefinitionsGeneric
FN:354,mapPredDefinitionsToState
FN:389,mapVarsWithState
FN:455,mapVarsToState
FN:493,mapPredCallsWithState
FN:544,mapPredCallsToState
FN:569,gatherVarInstanceInfo
FN:578,mapToGeneric
FNF:15
FNH:2
FNDA:0,intoVars
FNDA:0,intoUniqueVars
FNDA:0,intoVarsGeneric
FNDA:0,intoUniqueVarsGeneric
FNDA:0,mapVars
FNDA:298,mapVarsGeneric
FNDA:0,mapPredCalls
FNDA:0,mapPredDefinitionsGeneric
FNDA:0,mapPredDefinitionsToState
FNDA:0,mapVarsWithState
FNDA:0,mapVarsToState
FNDA:0,mapPredCallsWithState
FNDA:0,mapPredCallsToState
FNDA:0,gatherVarInstanceInfo
FNDA:98,mapToGeneric
DA:1,1
DA:2,1
DA:3,1
DA:4,1
DA:5,1
DA:6,0
DA:7,0
DA:8,0
DA:9,0
DA:10,0
DA:11,0
DA:12,0
DA:13,0
DA:14,0
DA:15,0
DA:16,0
DA:17,0
DA:18,0
DA:19,0
DA:20,0
DA:21,0
DA:22,0
DA:23,0
DA:24,0
DA:25,0
DA:26,0
DA:27,0
DA:28,0
DA:29,0
DA:30,0
DA:31,0
DA:32,0
DA:33,0
DA:34,0
DA:35,0
DA:36,0
DA:37,0
DA:38,0
DA:39,0
DA:40,1
DA:41,0
DA:42,0
DA:43,0
DA:44,0
DA:45,0
DA:46,0
DA:47,0
DA:48,0
DA:49,0
DA:50,0
DA:51,0
DA:52,0
DA:53,0
DA:54,0
DA:55,0
DA:56,0
DA:57,0
DA:58,0
DA:59,0
DA:60,0
DA:61,0
DA:62,0
DA:63,0
DA:64,0
DA:65,0
DA:66,0
DA:67,0
DA:68,0
DA:69,0
DA:70,0
DA:71,0
DA:72,0
DA:73,0
DA:74,0
DA:75,0
DA:76,0
DA:77,0
DA:78,0
DA:79,0
DA:80,0
DA:81,0
DA:82,0
DA:83,0
DA:84,0
DA:85,1
DA:86,1
DA:87,0
DA:88,0
DA:89,0
DA:90,0
DA:91,0
DA:92,0
DA:93,0
DA:94,0
DA:95,0
DA:96,0
DA:97,0
DA:98,0
DA:99,0
DA:100,0
DA:101,0
DA:102,0
DA:103,0
DA:104,0
DA:105,0
DA:106,0
DA:107,0
DA:108,0
DA:109,0
DA:110,0
DA:111,0
DA:112,0
DA:113,0
DA:114,0
DA:115,0
DA:116,0
DA:117,0
DA:118,0
DA:119,0
DA:120,0
DA:121,1
DA:122,1
DA:123,0
DA:124,0
DA:125,0
DA:126,0
DA:127,0
DA:128,0
DA:129,0
DA:130,0
DA:131,0
DA:132,0
DA:133,0
DA:134,0
DA:135,0
DA:136,0
DA:137,0
DA:138,0
DA:139,0
DA:140,0
DA:141,0
DA:142,0
DA:143,0
DA:144,0
DA:145,0
DA:146,0
DA:147,0
DA:148,0
DA:149,0
DA:150,0
DA:151,0
DA:152,0
DA:153,0
DA:154,0
DA:155,0
DA:156,0
DA:157,0
DA:158,0
DA:159,0
DA:160,0
DA:161,0
DA:162,0
DA:163,0
DA:164,0
DA:165,0
DA:166,0
DA:167,1
DA:168,1
DA:169,0
DA:170,0
DA:171,0
DA:172,0
DA:173,0
DA:174,0
DA:175,0
DA:176,0
DA:177,0
DA:178,0
DA:179,0
DA:180,0
DA:181,0
DA:182,0
DA:183,0
DA:184,0
DA:185,0
DA:186,0
DA:187,0
DA:188,0
DA:189,0
DA:190,0
DA:191,0
DA:192,0
DA:193,0
DA:194,0
DA:195,0
DA:196,0
DA:197,0
DA:198,0
DA:199,0
DA:200,0
DA:201,0
DA:202,0
DA:203,0
DA:204,0
DA:205,0
DA:206,0
DA:207,0
DA:208,0
DA:209,0
DA:210,0
DA:211,0
DA:212,0
DA:213,0
DA:214,0
DA:215,1
DA:216,298
DA:217,298
DA:218,544
DA:219,544
DA:220,544
DA:221,164
DA:222,164
DA:223,164
DA:224,164
DA:225,544
DA:226,40
DA:227,40
DA:228,40
DA:229,40
DA:230,40
DA:231,40
DA:232,40
DA:233,40
DA:234,544
DA:235,0
DA:236,0
DA:237,0
DA:238,0
DA:239,0
DA:240,0
DA:241,0
DA:242,0
DA:243,544
DA:244,12
DA:245,12
DA:246,12
DA:247,12
DA:248,12
DA:249,12
DA:250,12
DA:251,12
DA:252,12
DA:253,544
DA:254,328
DA:255,328
DA:256,328
DA:257,328
DA:258,328
DA:259,544
DA:260,298
DA:261,298
DA:262,1
DA:263,1
DA:264,1
DA:265,0
DA:266,0
DA:267,0
DA:268,0
DA:269,0
DA:270,0
DA:271,0
DA:272,0
DA:273,0
DA:274,0
DA:275,0
DA:276,0
DA:277,0
DA:278,0
DA:279,0
DA:280,0
DA:281,0
DA:282,0
DA:283,0
DA:284,0
DA:285,0
DA:286,0
DA:287,0
DA:288,0
DA:289,0
DA:290,0
DA:291,0
DA:292,0
DA:293,0
DA:294,0
DA:295,0
DA:296,0
DA:297,0
DA:298,0
DA:299,0
DA:300,0
DA:301,0
DA:302,0
DA:303,0
DA:304,0
DA:305,0
DA:306,0
DA:307,0
DA:308,0
DA:309,0
DA:310,1
DA:311,0
DA:312,0
DA:313,0
DA:314,0
DA:315,0
DA:316,0
DA:317,0
DA:318,0
DA:319,0
DA:320,0
DA:321,0
DA:322,0
DA:323,0
DA:324,0
DA:325,0
DA:326,0
DA:327,0
DA:328,0
DA:329,0
DA:330,0
DA:331,0
DA:332,0
DA:333,0
DA:334,0
DA:335,0
DA:336,0
DA:337,0
DA:338,0
DA:339,0
DA:340,0
DA:341,0
DA:342,0
DA:343,0
DA:344,0
DA:345,0
DA:346,0
DA:347,0
DA:348,0
DA:349,0
DA:350,0
DA:351,0
DA:352,0
DA:353,1
DA:354,0
DA:355,0
DA:356,0
DA:357,0
DA:358,0
DA:359,0
DA:360,0
DA:361,0
DA:362,0
DA:363,0
DA:364,0
DA:365,0
DA:366,0
DA:367,0
DA:368,0
DA:369,0
DA:370,0
DA:371,0
DA:372,0
DA:373,0
DA:374,0
DA:375,0
DA:376,0
DA:377,0
DA:378,0
DA:379,0
DA:380,0
DA:381,0
DA:382,0
DA:383,0
DA:384,0
DA:385,0
DA:386,0
DA:387,0
DA:388,1
DA:389,0
DA:390,0
DA:391,0
DA:392,0
DA:393,0
DA:394,0
DA:395,0
DA:396,0
DA:397,0
DA:398,0
DA:399,0
DA:400,0
DA:401,0
DA:402,0
DA:403,0
DA:404,0
DA:405,0
DA:406,0
DA:407,0
DA:408,0
DA:409,0
DA:410,0
DA:411,0
DA:412,0
DA:413,0
DA:414,0
DA:415,0
DA:416,0
DA:417,0
DA:418,0
DA:419,0
DA:420,0
DA:421,0
DA:422,0
DA:423,0
DA:424,0
DA:425,0
DA:426,0
DA:427,0
DA:428,0
DA:429,0
DA:430,0
DA:431,0
DA:432,0
DA:433,0
DA:434,0
DA:435,0
DA:436,0
DA:437,0
DA:438,0
DA:439,0
DA:440,0
DA:441,0
DA:442,0
DA:443,0
DA:444,0
DA:445,0
DA:446,0
DA:447,0
DA:448,0
DA:449,0
DA:450,0
DA:451,0
DA:452,0
DA:453,0
DA:454,1
DA:455,0
DA:456,0
DA:457,0
DA:458,0
DA:459,0
DA:460,0
DA:461,0
DA:462,0
DA:463,0
DA:464,0
DA:465,0
DA:466,0
DA:467,0
DA:468,0
DA:469,0
DA:470,0
DA:471,0
DA:472,0
DA:473,0
DA:474,0
DA:475,0
DA:476,0
DA:477,0
DA:478,0
DA:479,0
DA:480,0
DA:481,0
DA:482,0
DA:483,0
DA:484,0
DA:485,0
DA:486,0
DA:487,0
DA:488,0
DA:489,0
DA:490,0
DA:491,0
DA:492,1
DA:493,0
DA:494,0
DA:495,0
DA:496,0
DA:497,0
DA:498,0
DA:499,0
DA:500,0
DA:501,0
DA:502,0
DA:503,0
DA:504,0
DA:505,0
DA:506,0
DA:507,0
DA:508,0
DA:509,0
DA:510,0
DA:511,0
DA:512,0
DA:513,0
DA:514,0
DA:515,0
DA:516,0
DA:517,0
DA:518,0
DA:519,0
DA:520,0
DA:521,0
DA:522,0
DA:523,0
DA:524,0
DA:525,0
DA:526,0
DA:527,0
DA:528,0
DA:529,0
DA:530,0
DA:531,0
DA:532,0
DA:533,0
DA:534,0
DA:535,0
DA:536,0
DA:537,0
DA:538,0
DA:539,0
DA:540,0
DA:541,0
DA:542,0
DA:543,1
DA:544,0
DA:545,0
DA:546,0
DA:547,0
DA:548,0
DA:549,0
DA:550,0
DA:551,0
DA:552,0
DA:553,0
DA:554,0
DA:555,0
DA:556,0
DA:557,0
DA:558,0
DA:559,0
DA:560,0
DA:561,0
DA:562,0
DA:563,0
DA:564,0
DA:565,0
DA:566,0
DA:567,0
DA:568,1
DA:569,0
DA:570,0
DA:571,0
DA:572,0
DA:573,0
DA:574,0
DA:575,0
DA:576,0
DA:577,1
DA:578,98
DA:579,98
DA:580,238
DA:581,238
DA:582,238
DA:583,53
DA:584,53
DA:585,53
DA:586,53
DA:587,238
DA:588,11
DA:589,11
DA:590,11
DA:591,11
DA:592,11
DA:593,11
DA:594,11
DA:595,11
DA:596,238
DA:597,0
DA:598,0
DA:599,0
DA:600,0
DA:601,0
DA:602,0
DA:603,0
DA:604,0
DA:605,238
DA:606,19
DA:607,19
DA:608,19
DA:609,19
DA:610,19
DA:611,19
DA:612,19
DA:613,19
DA:614,19
DA:615,238
DA:616,155
DA:617,155
DA:618,155
DA:619,155
DA:620,155
DA:621,238
DA:622,98
DA:623,98
LF:623
LH:100
BRDA:216,0,0,298
BRDA:217,1,0,544
BRDA:219,2,0,116
BRDA:220,3,0,164
BRDA:225,4,0,40
BRDA:234,5,0,0
BRDA:243,6,0,12
BRDA:253,7,0,328
BRDA:228,8,0,60
BRDA:247,9,0,26
BRDA:257,10,0,694
BRDA:257,11,0,602
BRDA:257,12,0,92
BRDA:578,13,0,98
BRDA:579,14,0,238
BRDA:581,15,0,36
BRDA:582,16,0,53
BRDA:587,17,0,11
BRDA:596,18,0,0
BRDA:605,19,0,19
BRDA:615,20,0,155
BRDA:590,21,0,24
BRDA:609,22,0,39
BRDA:619,23,0,367
BRDA:619,24,0,253
BRDA:619,25,0,114
BRF:26
BRH:24
end_of_record
TN:
SF:src/redo/ast-desugar.ts
FN:52,toAst
FN:184,logEmptyCompoundLogic
FN:194,filterEmptyCompoundLogic
FN:208,buildCompoundLogic
FN:232,freshLvar
FN:236,expressionOrPredicateDefinitionToAst
FN:267,expressionToAst
FN:400,handleEmptyCompoundLogic
FN:424,codeToAst
FNF:9
FNH:9
FNDA:129,toAst
FNDA:30,logEmptyCompoundLogic
FNDA:240,filterEmptyCompoundLogic
FNDA:51,buildCompoundLogic
FNDA:38,freshLvar
FNDA:50,expressionOrPredicateDefinitionToAst
FNDA:745,expressionToAst
FNDA:13,handleEmptyCompoundLogic
FNDA:8,codeToAst
DA:1,1
DA:2,1
DA:3,1
DA:4,1
DA:5,1
DA:6,1
DA:7,1
DA:8,1
DA:9,1
DA:10,1
DA:11,1
DA:12,1
DA:13,1
DA:14,1
DA:15,1
DA:16,1
DA:17,1
DA:18,1
DA:19,1
DA:20,1
DA:21,1
DA:22,1
DA:23,1
DA:24,1
DA:25,1
DA:26,1
DA:27,1
DA:28,1
DA:29,1
DA:30,1
DA:31,1
DA:32,1
DA:33,1
DA:34,1
DA:35,1
DA:36,1
DA:37,1
DA:38,1
DA:39,1
DA:40,1
DA:41,1
DA:42,1
DA:43,1
DA:44,1
DA:45,1
DA:46,1
DA:47,1
DA:48,1
DA:49,1
DA:50,1
DA:51,1
DA:52,129
DA:53,129
DA:54,129
DA:55,129
DA:56,0
DA:57,0
DA:58,0
DA:59,0
DA:60,0
DA:61,0
DA:62,0
DA:63,129
DA:64,129
DA:65,8
DA:66,8
DA:67,129
DA:68,10
DA:69,10
DA:70,10
DA:71,10
DA:72,10
DA:73,10
DA:74,129
DA:75,129
DA:76,20
DA:77,20
DA:78,20
DA:79,20
DA:80,20
DA:81,20
DA:82,129
DA:83,50
DA:84,50
DA:85,50
DA:86,13
DA:87,0
DA:88,0
DA:89,0
DA:90,0
DA:91,13
DA:92,13
DA:93,13
DA:94,13
DA:95,13
DA:96,13
DA:97,13
DA:98,13
DA:99,37
DA:100,37
DA:101,37
DA:102,37
DA:103,37
DA:104,37
DA:105,37
DA:106,37
DA:107,37
DA:108,37
DA:109,37
DA:110,37
DA:111,37
DA:112,37
DA:113,37
DA:114,37
DA:115,37
DA:116,37
DA:117,50
DA:118,0
DA:119,0
DA:120,37
DA:121,37
DA:122,129
DA:123,38
DA:124,38
DA:125,38
DA:126,38
DA:127,38
DA:128,38
DA:129,38
DA:130,38
DA:131,38
DA:132,0
DA:133,0
DA:134,0
DA:135,0
DA:136,38
DA:137,38
DA:138,38
DA:139,38
DA:140,38
DA:141,38
DA:142,38
DA:143,38
DA:144,38
DA:145,129
DA:146,1
DA:147,1
DA:148,1
DA:149,1
DA:150,1
DA:151,1
DA:152,1
DA:153,1
DA:154,1
DA:155,1
DA:156,1
DA:157,1
DA:158,129
DA:159,1
DA:160,1
DA:161,1
DA:162,1
DA:163,1
DA:164,1
DA:165,1
DA:166,1
DA:167,1
DA:168,1
DA:169,1
DA:170,1
DA:171,1
DA:172,1
DA:173,129
DA:174,1
DA:175,1
DA:176,129
DA:177,129
DA:178,0
DA:179,0
DA:180,0
DA:181,129
DA:182,129
DA:183,1
DA:184,30
DA:185,30
DA:186,0
DA:187,0
DA:188,0
DA:189,0
DA:190,0
DA:191,0
DA:192,30
DA:193,1
DA:194,240
DA:195,240
DA:196,240
DA:197,240
DA:198,240
DA:199,240
DA:200,240
DA:201,222
DA:202,240
DA:203,52
DA:204,52
DA:205,188
DA:206,188
DA:207,1
DA:208,51
DA:209,51
DA:210,51
DA:211,51
DA:212,51
DA:213,0
DA:214,51
DA:215,14
DA:216,14
DA:217,37
DA:218,37
DA:219,37
DA:220,37
DA:221,68
DA:222,68
DA:223,37
DA:224,51
DA:225,27
DA:226,27
DA:227,10
DA:228,10
DA:229,1
DA:230,1
DA:231,1
DA:232,38
DA:233,38
DA:234,38
DA:235,1
DA:236,50
DA:237,50
DA:238,50
DA:239,50
DA:240,50
DA:241,13
DA:242,13
DA:243,13
DA:244,13
DA:245,13
DA:246,13
DA:247,13
DA:248,13
DA:249,13
DA:250,13
DA:251,13
DA:252,13
DA:253,13
DA:254,13
DA:255,13
DA:256,13
DA:257,13
DA:258,13
DA:259,13
DA:260,13
DA:261,13
DA:262,50
DA:263,37
DA:264,50
DA:265,50
DA:266,1
DA:267,745
DA:268,745
DA:269,745
DA:270,745
DA:271,745
DA:272,745
DA:273,745
DA:274,745
DA:275,745
DA:276,745
DA:277,745
DA:278,745
DA:279,745
DA:280,745
DA:281,745
DA:282,745
DA:283,745
DA:284,745
DA:285,745
DA:286,745
DA:287,745
DA:288,745
DA:289,745
DA:290,745
DA:291,745
DA:292,745
DA:293,745
DA:294,177
DA:295,745
DA:296,745
DA:297,479
DA:298,745
DA:299,11
DA:300,11
DA:301,11
DA:302,11
DA:303,11
DA:304,11
DA:305,11
DA:306,11
DA:307,11
DA:308,11
DA:309,11
DA:310,11
DA:311,11
DA:312,745
DA:313,745
DA:314,3
DA:315,3
DA:316,3
DA:317,3
DA:318,3
DA:319,3
DA:320,3
DA:321,3
DA:322,3
DA:323,3
DA:324,3
DA:325,3
DA:326,3
DA:327,745
DA:328,1
DA:329,1
DA:330,1
DA:331,1
DA:332,1
DA:333,1
DA:334,1
DA:335,1
DA:336,1
DA:337,1
DA:338,1
DA:339,745
DA:340,5
DA:341,5
DA:342,5
DA:343,5
DA:344,5
DA:345,5
DA:346,5
DA:347,5
DA:348,5
DA:349,745
DA:350,5
DA:351,5
DA:352,5
DA:353,5
DA:354,5
DA:355,5
DA:356,5
DA:357,5
DA:358,12
DA:359,12
DA:360,12
DA:361,5
DA:362,5
DA:363,5
DA:364,5
DA:365,5
DA:366,5
DA:367,12
DA:368,12
DA:369,5
DA:370,5
DA:371,5
DA:372,745
DA:373,47
DA:374,745
DA:375,17
DA:376,17
DA:377,17
DA:378,17
DA:379,745
DA:380,0
DA:381,0
DA:382,0
DA:383,0
DA:384,0
DA:385,0
DA:386,0
DA:387,0
DA:388,0
DA:389,0
DA:390,0
DA:391,0
DA:392,0
DA:393,745
DA:394,0
DA:395,0
DA:396,0
DA:397,745
DA:398,745
DA:399,1
DA:400,13
DA:401,13
DA:402,13
DA:403,0
DA:404,0
DA:405,0
DA:406,0
DA:407,0
DA:408,0
DA:409,0
DA:410,0
DA:411,0
DA:412,0
DA:413,0
DA:414,0
DA:415,0
DA:416,13
DA:417,13
DA:418,13
DA:419,13
DA:420,13
DA:421,13
DA:422,13
DA:423,1
DA:424,8
DA:425,8
DA:426,8
DA:427,8
DA:428,8
DA:429,8
DA:430,8
DA:431,8
DA:432,8
DA:433,8
DA:434,8
DA:435,8
DA:436,8
DA:437,8
DA:438,8
DA:439,8
DA:440,8
DA:441,8
DA:442,1
DA:443,1
DA:444,1
DA:445,1
DA:446,1
DA:447,1
DA:448,1
DA:449,1
DA:450,1
DA:451,1
DA:452,1
DA:453,1
DA:454,1
DA:455,1
DA:456,1
DA:457,1
DA:458,1
DA:459,1
DA:460,1
DA:461,1
DA:462,1
DA:463,1
DA:464,1
DA:465,1
DA:466,1
DA:467,1
DA:468,1
DA:469,1
DA:470,1
DA:471,1
DA:472,1
DA:473,1
DA:474,1
DA:475,1
DA:476,1
DA:477,1
DA:478,1
DA:479,1
DA:480,1
DA:481,1
DA:482,1
DA:483,1
DA:484,1
DA:485,1
DA:486,1
DA:487,1
DA:488,1
DA:489,1
DA:490,1
DA:491,1
DA:492,1
DA:493,1
DA:494,1
DA:495,1
DA:496,1
DA:497,1
DA:498,1
DA:499,1
DA:500,1
DA:501,1
DA:502,1
DA:503,1
DA:504,1
DA:505,1
DA:506,1
DA:507,1
DA:508,1
DA:509,1
DA:510,1
DA:511,1
DA:512,1
DA:513,1
DA:514,1
DA:515,1
DA:516,1
DA:517,1
DA:518,1
DA:519,1
DA:520,1
DA:521,1
DA:522,1
DA:523,1
DA:524,1
DA:525,1
DA:526,1
DA:527,1
DA:528,1
DA:529,1
DA:530,1
DA:531,1
DA:532,1
DA:533,1
DA:534,1
DA:535,1
DA:536,1
DA:537,1
DA:538,1
DA:539,1
DA:540,1
DA:541,1
DA:542,1
DA:543,1
DA:544,1
DA:545,1
DA:546,1
DA:547,1
DA:548,1
DA:549,1
DA:550,1
DA:551,1
DA:552,1
DA:553,1
DA:554,1
DA:555,1
DA:556,1
DA:557,1
DA:558,1
DA:559,1
DA:560,1
DA:561,1
DA:562,1
DA:563,1
DA:564,1
DA:565,1
DA:566,1
DA:567,1
DA:568,1
DA:569,1
DA:570,1
DA:571,1
DA:572,1
DA:573,1
DA:574,1
DA:575,1
DA:576,1
DA:577,1
DA:578,1
DA:579,1
DA:580,1
DA:581,1
DA:582,1
DA:583,1
DA:584,1
DA:585,1
DA:586,1
DA:587,1
DA:588,1
DA:589,1
DA:590,1
DA:591,1
DA:592,1
DA:593,1
DA:594,1
DA:595,1
DA:596,1
DA:597,1
DA:598,1
DA:599,1
DA:600,1
DA:601,1
DA:602,1
DA:603,1
DA:604,1
DA:605,1
DA:606,1
DA:607,1
DA:608,1
DA:609,1
DA:610,1
DA:611,1
DA:612,1
DA:613,1
DA:614,1
DA:615,1
DA:616,1
DA:617,1
DA:618,1
DA:619,1
DA:620,1
DA:621,1
DA:622,1
DA:623,1
DA:624,1
DA:625,1
DA:626,1
DA:627,1
DA:628,1
DA:629,1
DA:630,1
DA:631,1
DA:632,1
DA:633,1
DA:634,1
DA:635,1
DA:636,1
DA:637,1
DA:638,1
DA:639,1
DA:640,1
DA:641,1
DA:642,1
DA:643,1
DA:644,1
DA:645,1
DA:646,1
DA:647,1
DA:648,1
DA:649,1
DA:650,1
LF:650
LH:594
BRDA:52,0,0,129
BRDA:55,1,0,0
BRDA:64,2,0,8
BRDA:67,3,0,10
BRDA:75,4,0,20
BRDA:82,5,0,50
BRDA:85,6,0,13
BRDA:86,7,0,0
BRDA:99,8,0,37
BRDA:117,9,0,0
BRDA:120,10,0,37
BRDA:122,11,0,38
BRDA:131,12,0,0
BRDA:145,13,0,1
BRDA:158,14,0,1
BRDA:173,15,0,1
BRDA:177,16,0,0
BRDA:126,17,0,125
BRDA:127,18,0,81
BRDA:137,19,0,81
BRDA:141,20,0,81
BRDA:160,21,0,4
BRDA:164,22,0,4
BRDA:166,23,0,1
BRDA:168,24,0,2
BRDA:184,25,0,30
BRDA:185,26,0,0
BRDA:194,27,0,240
BRDA:199,28,0,232
BRDA:200,29,0,222
BRDA:202,30,0,52
BRDA:205,31,0,188
BRDA:208,32,0,51
BRDA:212,33,0,0
BRDA:214,34,0,14
BRDA:217,35,0,37
BRDA:224,36,0,27
BRDA:227,37,0,10
BRDA:220,38,0,68
BRDA:232,39,0,38
BRDA:236,40,0,50
BRDA:240,41,0,13
BRDA:262,42,0,37
BRDA:243,43,0,39
BRDA:256,44,0,26
BRDA:257,45,0,26
BRDA:267,46,0,745
BRDA:293,47,0,177
BRDA:295,48,0,217
BRDA:296,49,0,479
BRDA:298,50,0,11
BRDA:313,51,0,3
BRDA:327,52,0,1
BRDA:339,53,0,5
BRDA:349,54,0,5
BRDA:372,55,0,47
BRDA:374,56,0,17
BRDA:379,57,0,0
BRDA:393,58,0,0
BRDA:342,59,0,28
BRDA:343,60,0,16
BRDA:353,61,0,19
BRDA:357,62,0,12
BRDA:366,63,0,12
BRDA:400,64,0,13
BRDA:402,65,0,0
BRDA:419,66,0,15
BRDA:424,67,0,8
BRF:68
BRH:58
end_of_record
TN:
SF:src/redo/extractclosure.ts
FN:27,findCommonClosureVars
FN:143,ensureLengthsMatch
FN:154,freshenTermVars
FN:261,freshenTerms
FNF:4
FNH:4
FNDA:62,findCommonClosureVars
FNDA:62,ensureLengthsMatch
FNDA:86,freshenTermVars
FNDA:7,freshenTerms
DA:1,1
DA:2,1
DA:3,1
DA:4,1
DA:5,1
DA:6,1
DA:7,1
DA:8,1
DA:9,1
DA:10,1
DA:11,1
DA:12,1
DA:13,1
DA:14,1
DA:15,1
DA:16,1
DA:17,1
DA:18,1
DA:19,1
DA:20,1
DA:21,1
DA:22,1
DA:23,1
DA:24,1
DA:25,1
DA:26,1
DA:27,62
DA:28,62
DA:29,62
DA:30,62
DA:31,62
DA:32,62
DA:33,62
DA:34,62
DA:35,62
DA:36,62
DA:37,62
DA:38,62
DA:39,140
DA:40,140
DA:41,140
DA:42,22
DA:43,22
DA:44,22
DA:45,22
DA:46,22
DA:47,22
DA:48,22
DA:49,22
DA:50,22
DA:51,22
DA:52,140
DA:53,7
DA:54,7
DA:55,7
DA:56,7
DA:57,7
DA:58,7
DA:59,7
DA:60,7
DA:61,7
DA:62,140
DA:63,2
DA:64,2
DA:65,2
DA:66,2
DA:67,2
DA:68,2
DA:69,2
DA:70,2
DA:71,2
DA:72,140
DA:73,0
DA:74,0
DA:75,0
DA:76,0
DA:77,0
DA:78,0
DA:79,0
DA:80,0
DA:81,0
DA:82,140
DA:83,103
DA:84,103
DA:85,103
DA:86,103
DA:87,103
DA:88,103
DA:89,103
DA:90,103
DA:91,103
DA:92,140
DA:93,6
DA:94,6
DA:95,6
DA:96,6
DA:97,6
DA:98,140
DA:99,140
DA:100,140
DA:101,140
DA:102,140
DA:103,62
DA:104,78
DA:105,78
DA:106,78
DA:107,78
DA:108,62
DA:109,62
DA:110,78
DA:111,78
DA:112,78
DA:113,78
DA:114,78
DA:115,62
DA:116,62
DA:117,62
DA:118,62
DA:119,62
DA:120,140
DA:121,140
DA:122,140
DA:123,140
DA:124,140
DA:125,140
DA:126,140
DA:127,62
DA:128,62
DA:129,62
DA:130,62
DA:131,62
DA:132,62
DA:133,62
DA:134,62
DA:135,62
DA:136,62
DA:137,62
DA:138,62
DA:139,62
DA:140,62
DA:141,62
DA:142,1
DA:143,62
DA:144,62
DA:145,62
DA:146,62
DA:147,62
DA:148,0
DA:149,0
DA:150,0
DA:151,0
DA:152,62
DA:153,1
DA:154,86
DA:155,86
DA:156,86
DA:157,86
DA:158,86
DA:159,86
DA:160,86
DA:161,31
DA:162,31
DA:163,31
DA:164,31
DA:165,31
DA:166,31
DA:167,31
DA:168,31
DA:169,31
DA:170,72
DA:171,72
DA:172,72
DA:173,31
DA:174,31
DA:175,31
DA:176,23
DA:177,23
DA:178,23
DA:179,23
DA:180,23
DA:181,23
DA:182,23
DA:183,8
DA:184,8
DA:185,8
DA:186,8
DA:187,8
DA:188,8
DA:189,8
DA:190,8
DA:191,8
DA:192,8
DA:193,8
DA:194,31
DA:195,31
DA:196,31
DA:197,31
DA:198,86
DA:199,1
DA:200,1
DA:201,1
DA:202,1
DA:203,1
DA:204,1
DA:205,1
DA:206,1
DA:207,1
DA:208,1
DA:209,1
DA:210,1
DA:211,1
DA:212,1
DA:213,1
DA:214,1
DA:215,1
DA:216,86
DA:217,0
DA:218,86
DA:219,48
DA:220,48
DA:221,48
DA:222,48
DA:223,48
DA:224,48
DA:225,48
DA:226,48
DA:227,48
DA:228,48
DA:229,47
DA:230,47
DA:231,1
DA:232,1
DA:233,1
DA:234,1
DA:235,1
DA:236,1
DA:237,1
DA:238,1
DA:239,1
DA:240,1
DA:241,86
DA:242,6
DA:243,6
DA:244,6
DA:245,6
DA:246,6
DA:247,6
DA:248,6
DA:249,6
DA:250,6
DA:251,6
DA:252,6
DA:253,6
DA:254,6
DA:255,6
DA:256,6
DA:257,6
DA:258,86
DA:259,86
DA:260,1
DA:261,7
DA:262,7
DA:263,7
DA:264,7
DA:265,7
DA:266,7
DA:267,7
DA:268,7
DA:269,7
DA:270,0
DA:271,0
DA:272,0
LF:272
LH:255
BRDA:27,0,0,62
BRDA:38,1,0,140
BRDA:41,2,0,22
BRDA:52,3,0,7
BRDA:62,4,0,2
BRDA:72,5,0,0
BRDA:82,6,0,103
BRDA:92,7,0,6
BRDA:103,8,0,78
BRDA:109,9,0,78
BRDA:119,10,0,140
BRDA:85,11,0,221
BRDA:86,12,0,151
BRDA:143,13,0,62
BRDA:147,14,0,0
BRDA:154,15,0,86
BRDA:159,16,0,24
BRDA:160,17,0,31
BRDA:175,18,0,23
BRDA:179,19,0,16
BRDA:180,20,0,7
BRDA:183,21,0,8
BRDA:194,22,0,0
BRDA:198,23,0,1
BRDA:216,24,0,0
BRDA:218,25,0,48
BRDA:228,26,0,47
BRDA:231,27,0,1
BRDA:241,28,0,6
BRDA:169,29,0,72
BRDA:184,30,0,21
BRDA:202,31,0,1
BRDA:220,32,0,111
BRDA:221,33,0,72
BRDA:232,34,0,1
BRDA:244,35,0,13
BRDA:261,36,0,7
BRDA:270,37,0,0
BRF:38
BRH:33
end_of_record
TN:
SF:src/redo/freshenvar.ts
FN:12,renameVar
FN:72,renameQuick
FN:92,renameVarGeneric
FN:157,renameQuickGeneric
FN:177,renameIdGeneric
FN:192,renameVarBatch
FN:205,renameVarBatch2
FNF:7
FNH:1
FNDA:0,renameVar
FNDA:0,renameQuick
FNDA:0,renameVarGeneric
FNDA:0,renameQuickGeneric
FNDA:0,renameIdGeneric
FNDA:0,renameVarBatch
FNDA:41,renameVarBatch2
DA:1,1
DA:2,1
DA:3,1
DA:4,1
DA:5,1
DA:6,1
DA:7,1
DA:8,1
DA:9,1
DA:10,1
DA:11,1
DA:12,0
DA:13,0
DA:14,0
DA:15,0
DA:16,0
DA:17,0
DA:18,0
DA:19,0
DA:20,0
DA:21,0
DA:22,0
DA:23,0
DA:24,0
DA:25,0
DA:26,0
DA:27,0
DA:28,0
DA:29,0
DA:30,0
DA:31,0
DA:32,0
DA:33,0
DA:34,0
DA:35,0
DA:36,0
DA:37,0
DA:38,0
DA:39,0
DA:40,0
DA:41,0
DA:42,0
DA:43,0
DA:44,0
DA:45,0
DA:46,0
DA:47,0
DA:48,0
DA:49,0
DA:50,0
DA:51,0
DA:52,0
DA:53,0
DA:54,0
DA:55,0
DA:56,0
DA:57,0
DA:58,0
DA:59,0
DA:60,0
DA:61,0
DA:62,0
DA:63,0
DA:64,0
DA:65,0
DA:66,0
DA:67,0
DA:68,0
DA:69,0
DA:70,0
DA:71,1
DA:72,0
DA:73,0
DA:74,0
DA:75,0
DA:76,0
DA:77,0
DA:78,0
DA:79,0
DA:80,0
DA:81,0
DA:82,0
DA:83,0
DA:84,0
DA:85,0
DA:86,0
DA:87,0
DA:88,0
DA:89,0
DA:90,1
DA:91,1
DA:92,0
DA:93,0
DA:94,0
DA:95,0
DA:96,0
DA:97,0
DA:98,0
DA:99,0
DA:100,0
DA:101,0
DA:102,0
DA:103,0
DA:104,0
DA:105,0
DA:106,0
DA:107,0
DA:108,0
DA:109,0
DA:110,0
DA:111,0
DA:112,0
DA:113,0
DA:114,0
DA:115,0
DA:116,0
DA:117,0
DA:118,0
DA:119,0
DA:120,0
DA:121,0
DA:122,0
DA:123,0
DA:124,0
DA:125,0
DA:126,0
DA:127,0
DA:128,0
DA:129,0
DA:130,0
DA:131,0
DA:132,0
DA:133,0
DA:134,0
DA:135,0
DA:136,0
DA:137,0
DA:138,0
DA:139,0
DA:140,0
DA:141,0
DA:142,0
DA:143,0
DA:144,0
DA:145,0
DA:146,0
DA:147,0
DA:148,0
DA:149,0
DA:150,0
DA:151,0
DA:152,0
DA:153,0
DA:154,0
DA:155,0
DA:156,1
DA:157,0
DA:158,0
DA:159,0
DA:160,0
DA:161,0
DA:162,0
DA:163,0
DA:164,0
DA:165,0
DA:166,0
DA:167,0
DA:168,0
DA:169,0
DA:170,0
DA:171,0
DA:172,0
DA:173,0
DA:174,0
DA:175,0
DA:176,1
DA:177,0
DA:178,0
DA:179,0
DA:180,0
DA:181,0
DA:182,0
DA:183,0
DA:184,0
DA:185,0
DA:186,0
DA:187,0
DA:188,0
DA:189,0
DA:190,0
DA:191,1
DA:192,0
DA:193,0
DA:194,0
DA:195,0
DA:196,0
DA:197,0
DA:198,0
DA:199,0
DA:200,0
DA:201,0
DA:202,0
DA:203,0
DA:204,1
DA:205,41
DA:206,41
DA:207,41
DA:208,41
DA:209,41
DA:210,41
DA:211,41
DA:212,41
DA:213,41
DA:214,41
DA:215,514
DA:216,514
DA:217,41
DA:218,41
DA:219,41
DA:220,41
DA:221,41
DA:222,514
DA:223,0
DA:224,514
DA:225,514
DA:226,514
DA:227,514
DA:228,41
DA:229,41
DA:230,41
DA:231,41
DA:232,41
DA:233,0
DA:234,0
DA:235,41
DA:236,41
LF:236
LH:47
BRDA:205,0,0,41
BRDA:209,1,0,0
BRDA:210,2,0,0
BRDA:232,3,0,0
BRDA:214,4,0,514
BRDA:215,5,0,338
BRDA:221,6,0,514
BRDA:222,7,0,0
BRDA:231,8,0,484
BRF:9
BRH:5
end_of_record
TN:
SF:src/redo/indentStr.ts
FN:2,indentStr
FN:13,dedentStr
FN:31,indent
FNF:3
FNH:1
FNDA:1234,indentStr
FNDA:0,dedentStr
FNDA:0,indent
DA:1,1
DA:2,1234
DA:3,1234
DA:4,1234
DA:5,1234
DA:6,1234
DA:7,1234
DA:8,1234
DA:9,1234
DA:10,1234
DA:11,1234
DA:12,1234
DA:13,0
DA:14,0
DA:15,0
DA:16,0
DA:17,0
DA:18,0
DA:19,0
DA:20,0
DA:21,0
DA:22,0
DA:23,0
DA:24,0
DA:25,0
DA:26,0
DA:27,0
DA:28,0
DA:29,0
DA:30,1
DA:31,1
DA:32,0
DA:33,0
DA:34,0
DA:35,0
DA:36,0
DA:37,0
DA:38,0
DA:39,0
DA:40,0
DA:41,0
DA:42,0
DA:43,0
DA:44,0
DA:45,0
DA:46,0
DA:47,0
DA:48,0
DA:49,0
DA:50,0
DA:51,0
DA:52,0
DA:53,0
DA:54,0
DA:55,0
DA:56,0
DA:57,0
LF:57
LH:14
BRDA:2,0,0,1234
BRDA:9,1,0,3555
BRF:2
BRH:2
end_of_record
TN:
SF:src/redo/pprintast.ts
FN:8,pprintDsAst
FN:42,pprintExprListAst
FN:51,pprintExprAst
FN:66,pprintType
FNF:4
FNH:3
FNDA:180,pprintDsAst
FNDA:120,pprintExprListAst
FNDA:389,pprintExprAst
FNDA:0,pprintType
DA:1,1
DA:2,1
DA:3,1
DA:4,1
DA:5,1
DA:6,1
DA:7,1
DA:8,180
DA:9,180
DA:10,180
DA:11,180
DA:12,21
DA:13,21
DA:14,159
DA:15,180
DA:16,28
DA:17,28
DA:18,28
DA:19,28
DA:20,28
DA:21,180
DA:22,10
DA:23,10
DA:24,10
DA:25,10
DA:26,10
DA:27,180
DA:28,107
DA:29,180
DA:30,13
DA:31,13
DA:32,180
DA:33,1
DA:34,1
DA:35,180
DA:36,0
DA:37,0
DA:38,180
DA:39,0
DA:40,180
DA:41,180
DA:42,120
DA:43,120
DA:44,120
DA:45,120
DA:46,120
DA:47,120
DA:48,120
DA:49,120
DA:50,120
DA:51,389
DA:52,389
DA:53,389
DA:54,389
DA:55,389
DA:56,389
DA:57,389
DA:58,314
DA:59,181
DA:60,181
DA:61,133
DA:62,389
DA:63,75
DA:64,389
DA:65,389
DA:66,0
DA:67,0
DA:68,0
DA:69,0
DA:70,0
DA:71,0
DA:72,0
DA:73,0
DA:74,0
DA:75,0
DA:76,0
DA:77,0
DA:78,0
DA:79,0
DA:80,0
DA:81,0
LF:81
LH:62
BRDA:8,0,0,180
BRDA:11,1,0,21
BRDA:14,2,0,159
BRDA:15,3,0,28
BRDA:21,4,0,10
BRDA:27,5,0,107
BRDA:29,6,0,13
BRDA:32,7,0,1
BRDA:35,8,0,0
BRDA:38,9,0,0
BRDA:19,10,0,108
BRDA:25,11,0,28
BRDA:33,12,0,1
BRDA:42,13,0,120
BRDA:48,14,0,282
BRDA:51,15,0,389
BRDA:57,16,0,314
BRDA:58,17,0,181
BRDA:61,18,0,133
BRDA:62,19,0,75
BRF:20
BRH:18
end_of_record
TN:
SF:src/redo/pprintgeneric.ts
FN:28,pprintGeneric
FN:63,pprintExprListAst
FN:72,pprintExprAst
FN:87,pprintType
FN:105,pprintTypeMeta
FN:109,pprintTermT
FNF:6
FNH:6
FNDA:1354,pprintGeneric
FNDA:740,pprintExprListAst
FNDA:2330,pprintExprAst
FNDA:50347,pprintType
FNDA:1623,pprintTypeMeta
FNDA:108,pprintTermT
DA:1,1
DA:2,1
DA:3,1
DA:4,1
DA:5,1
DA:6,1
DA:7,1
DA:8,1
DA:9,1
DA:10,1
DA:11,1
DA:12,1
DA:13,1
DA:14,1
DA:15,1
DA:16,1
DA:17,1
DA:18,1
DA:19,1
DA:20,1
DA:21,1
DA:22,1
DA:23,1
DA:24,1
DA:25,1
DA:26,1
DA:27,1
DA:28,1354
DA:29,1354
DA:30,1354
DA:31,1354
DA:32,1354
DA:33,116
DA:34,116
DA:35,1238
DA:36,1354
DA:37,275
DA:38,275
DA:39,275
DA:40,275
DA:41,275
DA:42,1354
DA:43,100
DA:44,100
DA:45,100
DA:46,100
DA:47,100
DA:48,1354
DA:49,673
DA:50,1354
DA:51,67
DA:52,67
DA:53,1354
DA:54,123
DA:55,123
DA:56,1354
DA:57,0
DA:58,0
DA:59,1354
DA:60,0
DA:61,1354
DA:62,1354
DA:63,740
DA:64,740
DA:65,740
DA:66,740
DA:67,740
DA:68,740
DA:69,740
DA:70,740
DA:71,740
DA:72,2330
DA:73,2330
DA:74,2330
DA:75,2330
DA:76,2330
DA:77,2330
DA:78,2330
DA:79,2107
DA:80,2107
DA:81,2107
DA:82,2107
DA:83,2330
DA:84,223
DA:85,2330
DA:86,2330
DA:87,50347
DA:88,50347
DA:89,50347
DA:90,1684
DA:91,50347
DA:92,50347
DA:93,50347
DA:94,32455
DA:95,50347
DA:96,50347
DA:97,50347
DA:98,1758
DA:99,50347
DA:100,14450
DA:101,14450
DA:102,14450
DA:103,50347
DA:104,50347
DA:105,1623
DA:106,1623
DA:107,1623
DA:108,1
DA:109,108
DA:110,108
DA:111,108
LF:111
LH:108
BRDA:28,0,0,1354
BRDA:32,1,0,116
BRDA:35,2,0,1238
BRDA:36,3,0,275
BRDA:42,4,0,100
BRDA:48,5,0,673
BRDA:50,6,0,67
BRDA:53,7,0,123
BRDA:56,8,0,0
BRDA:59,9,0,0
BRDA:33,10,0,121
BRDA:39,11,0,679
BRDA:40,12,0,679
BRDA:45,13,0,215
BRDA:46,14,0,215
BRDA:54,15,0,199
BRDA:63,16,0,740
BRDA:69,17,0,1590
BRDA:72,18,0,2330
BRDA:78,19,0,2107
BRDA:83,20,0,223
BRDA:87,21,0,50347
BRDA:89,22,0,1684
BRDA:93,23,0,32455
BRDA:97,24,0,1758
BRDA:99,25,0,14450
BRDA:101,26,0,5256
BRDA:101,27,0,9194
BRDA:105,28,0,1623
BRDA:106,29,0,1114
BRDA:106,30,0,509
BRDA:109,31,0,108
BRF:32
BRH:30
end_of_record
TN:
SF:src/type-unification/aunt.ts
FN:9,is_predicate
FN:13,is_complex
FN:18,unify
FN:53,unifyUnionBoxed
FN:79,unifyUnion
FN:117,unifyParametric
FN:128,unifyVar
FN:142,occursCheck
FN:162,instantiate
FN:181,generateFreshVarName
FN:185,applySubstitution
FN:240,softUnify
FN:255,unifyTwoMaps
FN:274,collapseUnion
FNF:14
FNH:13
FNDA:3164,is_predicate
FNDA:4761,is_complex
FNDA:9177,unify
FNDA:0,unifyUnionBoxed
FNDA:647,unifyUnion
FNDA:2380,unifyParametric
FNDA:2599,unifyVar
FNDA:9222,occursCheck
FNDA:2591,instantiate
FNDA:3088,generateFreshVarName
FNDA:11261,applySubstitution
FNDA:1148,softUnify
FNDA:27,unifyTwoMaps
FNDA:1361,collapseUnion
DA:1,1
DA:2,1
DA:3,1
DA:4,1
DA:5,1
DA:6,1
DA:7,1
DA:8,1
DA:9,1
DA:10,3164
DA:11,3164
DA:12,1
DA:13,1
DA:14,4761
DA:15,4761
DA:16,1
DA:17,1
DA:18,9177
DA:19,9177
DA:20,9177
DA:21,9177
DA:22,2479
DA:23,9177
DA:24,120
DA:25,120
DA:26,9177
DA:27,292
DA:28,292
DA:29,9177
DA:30,355
DA:31,355
DA:32,9177
DA:33,959
DA:34,959
DA:35,959
DA:36,0
DA:37,0
DA:38,0
DA:39,9177
DA:40,1363
DA:41,9177
DA:42,9177
DA:43,1228
DA:44,1228
DA:45,9177
DA:46,2380
DA:47,2380
DA:48,2380
DA:49,1
DA:50,1
DA:51,1
DA:52,1
DA:53,0
DA:54,0
DA:55,0
DA:56,0
DA:57,0
DA:58,0
DA:59,0
DA:60,0
DA:61,0
DA:62,0
DA:63,0
DA:64,0
DA:65,0
DA:66,0
DA:67,0
DA:68,0
DA:69,0
DA:70,0
DA:71,0
DA:72,0
DA:73,0
DA:74,0
DA:75,0
DA:76,0
DA:77,0
DA:78,1
DA:79,647
DA:80,647
DA:81,647
DA:82,647
DA:83,647
DA:84,647
DA:85,647
DA:86,647
DA:87,647
DA:88,0
DA:89,0
DA:90,647
DA:91,20
DA:92,20
DA:93,627
DA:94,647
DA:95,1715
DA:96,1715
DA:97,1715
DA:98,1715
DA:99,1715
DA:100,1522
DA:101,1522
DA:102,1522
DA:103,1715
DA:104,434
DA:105,434
DA:106,434
DA:107,434
DA:108,434
DA:109,434
DA:110,434
DA:111,434
DA:112,434
DA:113,434
DA:114,434
DA:115,434
DA:116,1
DA:117,2380
DA:118,2380
DA:119,725
DA:120,725
DA:121,1655
DA:122,1655
DA:123,2893
DA:124,1655
DA:125,1655
DA:126,1
DA:127,1
DA:128,2599
DA:129,2599
DA:130,2599
DA:131,2599
DA:132,2599
DA:133,735
DA:134,2599
DA:135,28
DA:136,2599
DA:137,727
DA:138,727
DA:139,1109
DA:140,1109
DA:141,1
DA:142,9222
DA:143,9222
DA:144,6058
DA:145,9222
DA:146,31
DA:147,9222
DA:148,156
DA:149,156
DA:150,2977
DA:151,2977
DA:152,1
DA:153,1
DA:154,1
DA:155,1
DA:156,1
DA:157,1
DA:158,1
DA:159,1
DA:160,1
DA:161,1
DA:162,2591
DA:163,2591
DA:164,2591
DA:165,2591
DA:166,3088
DA:167,3088
DA:168,2591
DA:169,2591
DA:170,2591
DA:171,2591
DA:172,2591
DA:173,2591
DA:174,2591
DA:175,2591
DA:176,0
DA:177,0
DA:178,1
DA:179,1
DA:180,1
DA:181,3088
DA:182,3088
DA:183,3088
DA:184,1
DA:185,11261
DA:186,11261
DA:187,8428
DA:188,11261
DA:189,271
DA:190,271
DA:191,11261
DA:192,2055
DA:193,2055
DA:194,0
DA:195,0
DA:196,0
DA:197,0
DA:198,0
DA:199,0
DA:200,0
DA:201,0
DA:202,0
DA:203,0
DA:204,0
DA:205,0
DA:206,2055
DA:207,2055
DA:208,2055
DA:209,2055
DA:210,2055
DA:211,2055
DA:212,2055
DA:213,2055
DA:214,507
DA:215,507
DA:216,1
DA:217,1
DA:218,1
DA:219,1
DA:220,1
DA:221,1
DA:222,1
DA:223,1
DA:224,1
DA:225,1
DA:226,1
DA:227,1
DA:228,1
DA:229,1
DA:230,1
DA:231,1
DA:232,1
DA:233,1
DA:234,1
DA:235,1
DA:236,1
DA:237,1
DA:238,1
DA:239,1
DA:240,1148
DA:241,1148
DA:242,1040
DA:243,1040
DA:244,1040
DA:245,1040
DA:246,1040
DA:247,1040
DA:248,1148
DA:249,365
DA:250,365
DA:251,365
DA:252,1148
DA:253,1
DA:254,1
DA:255,27
DA:256,27
DA:257,27
DA:258,1148
DA:259,1148
DA:260,1148
DA:261,1148
DA:262,1148
DA:263,1148
DA:264,27
DA:265,27
DA:266,27
DA:267,304
DA:268,304
DA:269,304
DA:270,304
DA:271,27
DA:272,27
DA:273,1
DA:274,1
DA:275,1361
DA:276,1361
DA:277,3227
DA:278,0
DA:279,3227
DA:280,3227
DA:281,3227
DA:282,3227
DA:283,1361
DA:284,2690
DA:285,3132
DA:286,537
DA:287,537
DA:288,537
DA:289,3132
DA:290,2690
DA:291,1361
DA:292,1361
LF:292
LH:247
BRDA:9,0,0,3164
BRDA:10,1,0,2405
BRDA:13,2,0,4761
BRDA:18,3,0,9177
BRDA:19,4,0,0
BRDA:20,5,0,0
BRDA:21,6,0,2479
BRDA:23,7,0,6698
BRDA:23,8,0,120
BRDA:26,9,0,6578
BRDA:26,10,0,292
BRDA:29,11,0,6286
BRDA:29,12,0,355
BRDA:32,13,0,5931
BRDA:32,14,0,960
BRDA:32,15,0,959
BRDA:36,16,0,0
BRDA:39,17,0,4972
BRDA:39,18,0,4971
BRDA:39,19,0,1363
BRDA:41,20,0,3609
BRDA:42,21,0,1228
BRDA:45,22,0,2381
BRDA:45,23,0,2380
BRDA:45,24,0,2380
BRDA:49,25,0,1
BRDA:79,26,0,647
BRDA:87,27,0,0
BRDA:90,28,0,20
BRDA:93,29,0,627
BRDA:94,30,0,1715
BRDA:99,31,0,1522
BRDA:104,32,0,434
BRDA:117,33,0,2380
BRDA:118,34,0,2272
BRDA:118,35,0,725
BRDA:121,36,0,1655
BRDA:122,37,0,2893
BRDA:128,38,0,2599
BRDA:132,39,0,735
BRDA:134,40,0,1864
BRDA:134,41,0,1478
BRDA:134,42,0,28
BRDA:136,43,0,1836
BRDA:136,44,0,727
BRDA:139,45,0,1109
BRDA:142,46,0,9222
BRDA:143,47,0,6058
BRDA:144,48,0,1794
BRDA:144,49,0,10
BRDA:145,50,0,3164
BRDA:145,51,0,31
BRDA:147,52,0,3133
BRDA:147,53,0,156
BRDA:150,54,0,2977
BRDA:146,55,0,64
BRDA:148,56,0,274
BRDA:162,57,0,2591
BRDA:165,58,0,3088
BRDA:176,59,0,0
BRDA:168,60,0,8065
BRDA:181,61,0,3088
BRDA:185,62,0,11261
BRDA:186,63,0,8428
BRDA:187,64,0,196
BRDA:188,65,0,2833
BRDA:188,66,0,271
BRDA:191,67,0,2562
BRDA:191,68,0,2055
BRDA:193,69,0,0
BRDA:214,70,0,507
BRDA:190,71,0,542
BRDA:211,72,0,2654
BRDA:240,73,0,1148
BRDA:241,74,0,108
BRDA:242,75,0,1040
BRDA:248,76,0,365
BRDA:255,77,0,27
BRDA:257,78,0,1148
BRDA:266,79,0,304
BRDA:268,80,0,0
BRDA:274,81,0,1361
BRDA:276,82,0,3227
BRDA:277,83,0,0
BRDA:283,84,0,2690
BRDA:284,85,0,3132
BRDA:285,86,0,537
BRF:87
BRH:79
end_of_record
TN:
SF:src/type-unification/compareTypeMaps.ts
FN:5,compareTypes
FN:19,compareTypeMaps
FNF:2
FNH:1
FNDA:7242,compareTypes
FNDA:0,compareTypeMaps
DA:1,1
DA:2,1
DA:3,1
DA:4,1
DA:5,7242
DA:6,7242
DA:7,7242
DA:8,165
DA:9,7242
DA:10,3799
DA:11,7242
DA:12,50
DA:13,7242
DA:14,3228
DA:15,3228
DA:16,3228
DA:17,7242
DA:18,7242
DA:19,0
DA:20,0
DA:21,0
DA:22,0
DA:23,0
DA:24,0
DA:25,0
DA:26,0
DA:27,0
DA:28,0
DA:29,0
DA:30,0
DA:31,0
DA:32,0
DA:33,0
DA:34,0
DA:35,0
LF:35
LH:18
BRDA:5,0,0,7242
BRDA:7,1,0,165
BRDA:8,2,0,86
BRDA:9,3,0,3799
BRDA:11,4,0,50
BRDA:13,5,0,3228
BRDA:15,6,0,2280
BRDA:15,7,0,2012
BRDA:16,8,0,944
BRDA:12,9,0,100
BRDA:15,10,0,2100
BRDA:16,11,0,1910
BRF:12
BRH:12
end_of_record
TN:
SF:src/type-unification/pprintTypeMap.ts
FN:6,pprintTypeMap
FNF:1
FNH:1
FNDA:1,pprintTypeMap
DA:1,1
DA:2,1
DA:3,1
DA:4,1
DA:5,1
DA:6,1
DA:7,1
DA:8,0
DA:9,0
DA:10,1
DA:11,1
DA:12,1
DA:13,1
LF:13
LH:11
BRDA:6,0,0,1
BRDA:7,1,0,0
BRDA:11,2,0,81
BRF:3
BRH:2
end_of_record
TN:
SF:src/type-unification/reifyType.ts
FN:8,reifyType
FN:38,reify
FNF:2
FNH:2
FNDA:24438,reifyType
FNDA:73,reify
DA:1,1
DA:2,1
DA:3,1
DA:4,1
DA:5,1
DA:6,1
DA:7,1
DA:8,24438
DA:9,24438
DA:10,9980
DA:11,9980
DA:12,9980
DA:13,0
DA:14,0
DA:15,418
DA:16,24438
DA:17,1361
DA:18,0
DA:19,0
DA:20,1361
DA:21,1361
DA:22,1361
DA:23,1361
DA:24,1361
DA:25,542
DA:26,542
DA:27,819
DA:28,819
DA:29,24438
DA:30,7220
DA:31,7220
DA:32,7220
DA:33,7220
DA:34,7220
DA:35,7220
DA:36,7220
DA:37,5877
DA:38,1
DA:39,73
DA:40,73
DA:41,3468
DA:42,3468
DA:43,73
DA:44,73
LF:44
LH:40
BRDA:8,0,0,24438
BRDA:9,1,0,9980
BRDA:11,2,0,9562
BRDA:12,3,0,418
BRDA:12,4,0,0
BRDA:15,5,0,418
BRDA:16,6,0,14458
BRDA:16,7,0,1361
BRDA:17,8,0,0
BRDA:24,9,0,542
BRDA:27,10,0,819
BRDA:29,11,0,13097
BRDA:29,12,0,7220
BRDA:37,13,0,5877
BRDA:23,14,0,3227
BRDA:30,15,0,14298
BRDA:33,16,0,3735
BRDA:33,17,0,6620
BRDA:38,18,0,73
BRDA:40,19,0,3468
BRF:20
BRH:18
end_of_record
TN:
SF:src/utils/make_better_typed.ts
FN:15,conjunction_dat
FN:21,disjunction_dat
FN:27,fresh_dat
FN:35,with_dat
FN:43,predicate_call_dat
FN:51,predicate_definition_dat
FN:61,identifier_dat
FN:69,literal_dat
FN:80,simple_type_dat
FN:87,complex_type_dat
FN:98,type_variable_dat
FN:105,union_type_dat
FN:112,constraint_type_dat
FN:119,predicate_type_dat
FN:129,flattenConjunctions
FN:139,flattenDisjunctions
FN:149,flattenUnions
FN:159,union1
FN:165,conjunction1
FN:171,disjunction1
FNF:20
FNH:16
FNDA:167,conjunction_dat
FNDA:17,disjunction_dat
FNDA:11,fresh_dat
FNDA:0,with_dat
FNDA:155,predicate_call_dat
FNDA:19,predicate_definition_dat
FNDA:1576,identifier_dat
FNDA:114,literal_dat
FNDA:124,simple_type_dat
FNDA:11899,complex_type_dat
FNDA:3396,type_variable_dat
FNDA:1470,union_type_dat
FNDA:0,constraint_type_dat
FNDA:180,predicate_type_dat
FNDA:144,flattenConjunctions
FNDA:0,flattenDisjunctions
FNDA:1402,flattenUnions
FNDA:1184,union1
FNDA:71,conjunction1
FNDA:0,disjunction1
DA:1,1
DA:2,1
DA:3,1
DA:4,1
DA:5,1
DA:6,1
DA:7,1
DA:8,1
DA:9,1
DA:10,1
DA:11,1
DA:12,1
DA:13,1
DA:14,1
DA:15,1
DA:16,167
DA:17,167
DA:18,167
DA:19,167
DA:20,1
DA:21,1
DA:22,17
DA:23,17
DA:24,17
DA:25,17
DA:26,1
DA:27,1
DA:28,11
DA:29,11
DA:30,11
DA:31,11
DA:32,11
DA:33,11
DA:34,1
DA:35,1
DA:36,0
DA:37,0
DA:38,0
DA:39,0
DA:40,0
DA:41,0
DA:42,1
DA:43,1
DA:44,155
DA:45,155
DA:46,155
DA:47,155
DA:48,155
DA:49,155
DA:50,1
DA:51,1
DA:52,19
DA:53,19
DA:54,19
DA:55,19
DA:56,19
DA:57,19
DA:58,19
DA:59,19
DA:60,1
DA:61,1
DA:62,1576
DA:63,1576
DA:64,1576
DA:65,1576
DA:66,1576
DA:67,1576
DA:68,1
DA:69,1
DA:70,114
DA:71,114
DA:72,114
DA:73,114
DA:74,114
DA:75,114
DA:76,1
DA:77,1
DA:78,1
DA:79,1
DA:80,1
DA:81,124
DA:82,124
DA:83,124
DA:84,124
DA:85,1
DA:86,1
DA:87,1
DA:88,11899
DA:89,11899
DA:90,11899
DA:91,11899
DA:92,11899
DA:93,11899
DA:94,11899
DA:95,11899
DA:96,1
DA:97,1
DA:98,1
DA:99,3396
DA:100,3396
DA:101,3396
DA:102,3396
DA:103,1
DA:104,1
DA:105,1
DA:106,1470
DA:107,1470
DA:108,1470
DA:109,1470
DA:110,1
DA:111,1
DA:112,1
DA:113,0
DA:114,0
DA:115,0
DA:116,0
DA:117,1
DA:118,1
DA:119,1
DA:120,180
DA:121,180
DA:122,180
DA:123,180
DA:124,180
DA:125,180
DA:126,180
DA:127,1
DA:128,1
DA:129,144
DA:130,144
DA:131,144
DA:132,144
DA:133,220
DA:134,220
DA:135,144
DA:136,144
DA:137,144
DA:138,1
DA:139,0
DA:140,0
DA:141,0
DA:142,0
DA:143,0
DA:144,0
DA:145,0
DA:146,0
DA:147,0
DA:148,1
DA:149,1402
DA:150,1402
DA:151,1402
DA:152,1402
DA:153,3530
DA:154,3530
DA:155,1402
DA:156,1402
DA:157,1402
DA:158,1
DA:159,1184
DA:160,1184
DA:161,1184
DA:162,1184
DA:163,1184
DA:164,1
DA:165,71
DA:166,71
DA:167,71
DA:168,71
DA:169,71
DA:170,1
DA:171,0
DA:172,0
DA:173,0
DA:174,0
DA:175,0
DA:176,1
DA:177,1
DA:178,1
DA:179,1
DA:180,1
DA:181,1
DA:182,1
DA:183,1
DA:184,1
DA:185,1
DA:186,1
DA:187,1
DA:188,1
DA:189,1
DA:190,1
DA:191,1
DA:192,1
DA:193,1
DA:194,1
DA:195,1
DA:196,1
DA:197,1
DA:198,1
LF:198
LH:174
BRDA:15,0,0,167
BRDA:21,1,0,17
BRDA:27,2,0,11
BRDA:43,3,0,155
BRDA:51,4,0,19
BRDA:61,5,0,1576
BRDA:69,6,0,114
BRDA:80,7,0,124
BRDA:87,8,0,11899
BRDA:98,9,0,3396
BRDA:105,10,0,1470
BRDA:119,11,0,180
BRDA:129,12,0,144
BRDA:132,13,0,220
BRDA:134,14,0,73
BRDA:135,15,0,147
BRDA:149,16,0,1402
BRDA:152,17,0,3530
BRDA:154,18,0,218
BRDA:155,19,0,3312
BRDA:159,20,0,1184
BRDA:165,21,0,71
BRF:22
BRH:22
end_of_record
TN:
SF:src/utils/make_desugared_ast.ts
FN:25,make_conjunction
FN:31,make_disjunction
FN:37,make_unification
FN:61,make_predicate
FN:69,make_fresh
FN:77,make_identifier
FN:146,make_literal_ast
FN:165,make_list_ast
FN:175,make_dictionary_ast
FN:194,make_predicate_fn
FN:204,unify_term
FN:220,flattenConjunctions
FN:230,flattenDisjunctions
FN:240,conjunction1
FN:250,disjunction1
FN:261,operate
FN:282,unary_operate
FNF:17
FNH:16
FNDA:80,make_conjunction
FNDA:17,make_disjunction
FNDA:37,make_unification
FNDA:107,make_predicate
FNDA:1,make_fresh
FNDA:289,make_identifier
FNDA:75,make_literal_ast
FNDA:5,make_list_ast
FNDA:5,make_dictionary_ast
FNDA:13,make_predicate_fn
FNDA:0,unify_term
FNDA:53,flattenConjunctions
FNDA:7,flattenDisjunctions
FNDA:40,conjunction1
FNDA:7,disjunction1
FNDA:3,operate
FNDA:1,unary_operate
DA:1,1
DA:2,1
DA:3,1
DA:4,1
DA:5,1
DA:6,1
DA:7,1
DA:8,1
DA:9,1
DA:10,1
DA:11,1
DA:12,1
DA:13,1
DA:14,1
DA:15,1
DA:16,1
DA:17,1
DA:18,1
DA:19,1
DA:20,1
DA:21,1
DA:22,1
DA:23,1
DA:24,1
DA:25,1
DA:26,80
DA:27,80
DA:28,80
DA:29,80
DA:30,1
DA:31,1
DA:32,17
DA:33,17
DA:34,17
DA:35,17
DA:36,1
DA:37,1
DA:38,37
DA:39,37
DA:40,37
DA:41,37
DA:42,37
DA:43,37
DA:44,37
DA:45,37
DA:46,37
DA:47,37
DA:48,37
DA:49,37
DA:50,37
DA:51,37
DA:52,37
DA:53,37
DA:54,37
DA:55,37
DA:56,36
DA:57,37
DA:58,37
DA:59,37
DA:60,37
DA:61,1
DA:62,107
DA:63,107
DA:64,107
DA:65,107
DA:66,107
DA:67,107
DA:68,1
DA:69,1
DA:70,1
DA:71,1
DA:72,1
DA:73,1
DA:74,1
DA:75,1
DA:76,1
DA:77,1
DA:78,289
DA:79,289
DA:80,289
DA:81,289
DA:82,1
DA:83,1
DA:84,1
DA:85,1
DA:86,1
DA:87,1
DA:88,1
DA:89,1
DA:90,1
DA:91,1
DA:92,1
DA:93,1
DA:94,1
DA:95,1
DA:96,1
DA:97,1
DA:98,1
DA:99,1
DA:100,1
DA:101,1
DA:102,1
DA:103,1
DA:104,1
DA:105,1
DA:106,1
DA:107,1
DA:108,1
DA:109,1
DA:110,1
DA:111,1
DA:112,1
DA:113,1
DA:114,1
DA:115,1
DA:116,1
DA:117,1
DA:118,1
DA:119,1
DA:120,1
DA:121,1
DA:122,1
DA:123,1
DA:124,1
DA:125,21
DA:126,1
DA:127,1
DA:128,1
DA:129,1
DA:130,1
DA:131,1
DA:132,1
DA:133,1
DA:134,1
DA:135,1
DA:136,1
DA:137,1
DA:138,1
DA:139,1
DA:140,1
DA:141,1
DA:142,1
DA:143,1
DA:144,1
DA:145,1
DA:146,1
DA:147,75
DA:148,75
DA:149,75
DA:150,75
DA:151,58
DA:152,58
DA:153,58
DA:154,58
DA:155,75
DA:156,17
DA:157,17
DA:158,17
DA:159,17
DA:160,17
DA:161,0
DA:162,17
DA:163,17
DA:164,17
DA:165,1
DA:166,5
DA:167,5
DA:168,5
DA:169,5
DA:170,5
DA:171,5
DA:172,5
DA:173,5
DA:174,5
DA:175,1
DA:176,5
DA:177,5
DA:178,5
DA:179,5
DA:180,5
DA:181,5
DA:182,12
DA:183,12
DA:184,12
DA:185,12
DA:186,12
DA:187,12
DA:188,12
DA:189,12
DA:190,5
DA:191,5
DA:192,5
DA:193,5
DA:194,1
DA:195,13
DA:196,13
DA:197,13
DA:198,13
DA:199,13
DA:200,13
DA:201,13
DA:202,13
DA:203,1
DA:204,0
DA:205,0
DA:206,0
DA:207,0
DA:208,0
DA:209,0
DA:210,0
DA:211,0
DA:212,0
DA:213,0
DA:214,0
DA:215,0
DA:216,0
DA:217,0
DA:218,0
DA:219,1
DA:220,53
DA:221,53
DA:222,53
DA:223,53
DA:224,105
DA:225,105
DA:226,53
DA:227,53
DA:228,53
DA:229,1
DA:230,7
DA:231,7
DA:232,7
DA:233,7
DA:234,16
DA:235,16
DA:236,7
DA:237,7
DA:238,7
DA:239,1
DA:240,40
DA:241,40
DA:242,40
DA:243,40
DA:244,40
DA:245,40
DA:246,40
DA:247,40
DA:248,40
DA:249,1
DA:250,7
DA:251,7
DA:252,7
DA:253,7
DA:254,7
DA:255,7
DA:256,7
DA:257,7
DA:258,7
DA:259,7
DA:260,1
DA:261,1
DA:262,3
DA:263,3
DA:264,3
DA:265,3
DA:266,3
DA:267,3
DA:268,3
DA:269,3
DA:270,3
DA:271,3
DA:272,3
DA:273,3
DA:274,3
DA:275,3
DA:276,0
DA:277,0
DA:278,3
DA:279,3
DA:280,3
DA:281,1
DA:282,1
DA:283,1
DA:284,1
DA:285,1
DA:286,1
DA:287,1
DA:288,1
DA:289,1
DA:290,1
DA:291,1
DA:292,1
DA:293,1
DA:294,0
DA:295,0
DA:296,1
DA:297,1
LF:297
LH:277
BRDA:25,0,0,80
BRDA:31,1,0,17
BRDA:37,2,0,37
BRDA:50,3,0,0
BRDA:52,4,0,0
BRDA:54,5,0,1
BRDA:55,6,0,36
BRDA:56,7,0,0
BRDA:61,8,0,107
BRDA:69,9,0,1
BRDA:77,10,0,289
BRDA:124,11,0,21
BRDA:125,12,0,65
BRDA:146,13,0,75
BRDA:150,14,0,58
BRDA:155,15,0,17
BRDA:160,16,0,0
BRDA:165,17,0,5
BRDA:169,18,0,16
BRDA:172,19,0,16
BRDA:175,20,0,5
BRDA:181,21,0,12
BRDA:194,22,0,13
BRDA:220,23,0,53
BRDA:223,24,0,105
BRDA:225,25,0,13
BRDA:226,26,0,92
BRDA:230,27,0,7
BRDA:233,28,0,16
BRDA:235,29,0,0
BRDA:240,30,0,40
BRDA:250,31,0,7
BRDA:261,32,0,3
BRDA:275,33,0,0
BRDA:282,34,0,1
BRDA:293,35,0,0
BRF:36
BRH:29
end_of_record
